2022-01-31 13:43:10,820 - DEBUG - MainProcess - root - configuration loaded
2022-01-31 13:43:11,413 - INFO - MainProcess - connection.connect_db - CONNECTION SUCCESSFULLY source
2022-01-31 13:43:11,429 - INFO - MainProcess - connection.connect_db - CONNECTION SUCCESSFULLY destination
2022-01-31 13:43:11,429 - INFO - MainProcess - query_execution.segment1 - segment1 table data validation START
2022-01-31 13:43:12,521 - INFO - MainProcess - query_execution.segment1 - list index out of range
2022-01-31 13:43:12,521 - INFO - MainProcess - query_execution.segment1 - list index out of range
2022-01-31 13:43:12,521 - INFO - MainProcess - query_execution.segment1 - list index out of range
2022-01-31 13:43:12,521 - INFO - MainProcess - query_execution.segment1 - list index out of range
2022-01-31 13:43:12,521 - INFO - MainProcess - query_execution.segment1 - list index out of range
2022-01-31 13:43:12,521 - INFO - MainProcess - query_execution.segment1 - list index out of range
2022-01-31 13:43:12,521 - INFO - MainProcess - query_execution.segment1 - list index out of range
2022-01-31 13:43:12,521 - INFO - MainProcess - query_execution.segment1 - list index out of range
2022-01-31 13:43:12,521 - INFO - MainProcess - query_execution.segment1 - list index out of range
2022-01-31 13:43:12,521 - INFO - MainProcess - query_execution.segment1 - list index out of range
2022-01-31 13:43:12,521 - INFO - MainProcess - query_execution.segment1 - list index out of range
2022-01-31 13:43:12,521 - INFO - MainProcess - query_execution.segment1 - list index out of range
2022-01-31 13:43:12,521 - INFO - MainProcess - query_execution.segment1 - list index out of range
2022-01-31 13:43:12,521 - INFO - MainProcess - query_execution.segment1 - list index out of range
2022-01-31 13:43:12,521 - INFO - MainProcess - query_execution.segment1 - list index out of range
2022-01-31 13:43:12,521 - INFO - MainProcess - query_execution.segment1 - list index out of range
2022-01-31 13:43:12,521 - INFO - MainProcess - query_execution.segment1 - list index out of range
2022-01-31 13:43:12,536 - INFO - MainProcess - query_execution.segment1 - list index out of range
2022-01-31 13:43:12,536 - INFO - MainProcess - query_execution.segment1 - list index out of range
2022-01-31 13:43:12,536 - INFO - MainProcess - query_execution.segment1 - list index out of range
2022-01-31 13:43:12,536 - INFO - MainProcess - query_execution.segment1 - list index out of range
2022-01-31 13:43:12,536 - INFO - MainProcess - query_execution.segment1 - list index out of range
2022-01-31 13:43:12,536 - INFO - MainProcess - query_execution.segment1 - list index out of range
2022-01-31 13:43:12,536 - INFO - MainProcess - query_execution.segment1 - list index out of range
2022-01-31 13:43:12,536 - INFO - MainProcess - query_execution.segment1 - list index out of range
2022-01-31 13:43:12,536 - INFO - MainProcess - query_execution.segment1 - list index out of range
2022-01-31 13:43:12,536 - INFO - MainProcess - query_execution.segment1 - list index out of range
2022-01-31 13:43:12,536 - INFO - MainProcess - query_execution.segment1 - list index out of range
2022-01-31 13:43:12,536 - INFO - MainProcess - query_execution.segment1 - list index out of range
2022-01-31 13:43:12,536 - INFO - MainProcess - query_execution.segment1 - list index out of range
2022-01-31 13:43:12,536 - INFO - MainProcess - query_execution.segment1 - list index out of range
2022-01-31 13:43:12,536 - INFO - MainProcess - query_execution.segment1 - list index out of range
2022-01-31 13:43:12,536 - INFO - MainProcess - query_execution.segment1 - list index out of range
2022-01-31 13:43:12,536 - INFO - MainProcess - query_execution.segment1 - list index out of range
2022-01-31 13:43:12,536 - INFO - MainProcess - query_execution.segment1 - list index out of range
2022-01-31 13:43:12,536 - INFO - MainProcess - query_execution.segment1 - list index out of range
2022-01-31 13:43:12,536 - INFO - MainProcess - query_execution.segment1 - list index out of range
2022-01-31 13:43:12,536 - INFO - MainProcess - query_execution.segment1 - list index out of range
2022-01-31 13:43:12,536 - INFO - MainProcess - query_execution.segment1 - list index out of range
2022-01-31 13:43:12,536 - INFO - MainProcess - query_execution.segment1 - list index out of range
2022-01-31 13:43:12,536 - INFO - MainProcess - query_execution.segment1 - list index out of range
2022-01-31 13:43:12,536 - INFO - MainProcess - query_execution.segment1 - list index out of range
2022-01-31 13:43:12,536 - INFO - MainProcess - query_execution.segment1 - list index out of range
2022-01-31 13:43:12,536 - INFO - MainProcess - query_execution.segment1 - list index out of range
2022-01-31 13:43:12,536 - INFO - MainProcess - query_execution.segment1 - list index out of range
2022-01-31 13:43:12,536 - INFO - MainProcess - query_execution.segment1 - list index out of range
2022-01-31 13:43:12,536 - INFO - MainProcess - query_execution.segment1 - list index out of range
2022-01-31 13:43:12,536 - INFO - MainProcess - query_execution.segment1 - list index out of range
2022-01-31 13:43:12,536 - INFO - MainProcess - query_execution.segment1 - list index out of range
2022-01-31 13:43:12,536 - INFO - MainProcess - query_execution.segment1 - list index out of range
2022-01-31 13:43:12,536 - INFO - MainProcess - query_execution.segment1 - list index out of range
2022-01-31 13:43:12,536 - INFO - MainProcess - query_execution.segment1 - list index out of range
2022-01-31 13:43:12,536 - INFO - MainProcess - query_execution.segment1 - list index out of range
2022-01-31 13:43:12,536 - INFO - MainProcess - query_execution.segment1 - list index out of range
2022-01-31 13:43:12,536 - INFO - MainProcess - query_execution.segment1 - list index out of range
2022-01-31 13:43:12,536 - INFO - MainProcess - query_execution.segment1 - list index out of range
2022-01-31 13:43:12,536 - INFO - MainProcess - query_execution.segment1 - list index out of range
2022-01-31 13:43:12,536 - INFO - MainProcess - query_execution.segment1 - list index out of range
2022-01-31 13:43:12,536 - INFO - MainProcess - query_execution.segment1 - list index out of range
2022-01-31 13:43:12,552 - INFO - MainProcess - query_execution.segment1 - list index out of range
2022-01-31 13:43:12,552 - INFO - MainProcess - query_execution.segment1 - list index out of range
2022-01-31 13:43:12,552 - INFO - MainProcess - query_execution.segment1 - list index out of range
2022-01-31 13:43:12,552 - INFO - MainProcess - query_execution.segment1 - list index out of range
2022-01-31 13:43:12,552 - INFO - MainProcess - query_execution.segment1 - list index out of range
2022-01-31 13:43:12,552 - INFO - MainProcess - query_execution.segment1 - list index out of range
2022-01-31 13:43:12,552 - INFO - MainProcess - query_execution.segment1 - list index out of range
2022-01-31 13:43:12,552 - INFO - MainProcess - query_execution.segment1 - list index out of range
2022-01-31 13:43:12,552 - INFO - MainProcess - query_execution.segment1 - list index out of range
2022-01-31 13:43:12,552 - INFO - MainProcess - query_execution.segment1 - list index out of range
2022-01-31 13:43:12,552 - INFO - MainProcess - query_execution.segment1 - list index out of range
2022-01-31 13:43:12,552 - INFO - MainProcess - query_execution.segment1 - list index out of range
2022-01-31 13:43:12,552 - INFO - MainProcess - query_execution.segment1 - list index out of range
2022-01-31 13:43:12,552 - INFO - MainProcess - query_execution.segment1 - list index out of range
2022-01-31 13:43:12,552 - INFO - MainProcess - query_execution.segment1 - list index out of range
2022-01-31 13:43:12,552 - INFO - MainProcess - query_execution.segment1 - list index out of range
2022-01-31 13:43:12,552 - INFO - MainProcess - query_execution.segment1 - list index out of range
2022-01-31 13:43:12,552 - INFO - MainProcess - query_execution.segment1 - list index out of range
2022-01-31 13:43:12,552 - INFO - MainProcess - query_execution.segment1 - list index out of range
2022-01-31 13:43:12,552 - INFO - MainProcess - query_execution.segment1 - list index out of range
2022-01-31 13:43:12,552 - INFO - MainProcess - query_execution.segment1 - list index out of range
2022-01-31 13:43:12,552 - INFO - MainProcess - query_execution.segment1 - list index out of range
2022-01-31 13:43:12,552 - INFO - MainProcess - query_execution.segment1 - list index out of range
2022-01-31 13:43:12,552 - INFO - MainProcess - query_execution.segment1 - list index out of range
2022-01-31 13:43:12,552 - INFO - MainProcess - query_execution.segment1 - list index out of range
2022-01-31 13:43:12,552 - INFO - MainProcess - query_execution.segment1 - list index out of range
2022-01-31 13:43:12,552 - INFO - MainProcess - query_execution.segment1 - list index out of range
2022-01-31 13:43:12,552 - INFO - MainProcess - query_execution.segment1 - list index out of range
2022-01-31 13:43:12,552 - INFO - MainProcess - query_execution.segment1 - list index out of range
2022-01-31 13:43:12,552 - INFO - MainProcess - query_execution.segment1 - list index out of range
2022-01-31 13:43:12,552 - INFO - MainProcess - query_execution.segment1 - list index out of range
2022-01-31 13:43:12,552 - INFO - MainProcess - query_execution.segment1 - list index out of range
2022-01-31 13:43:12,552 - INFO - MainProcess - query_execution.segment1 - list index out of range
2022-01-31 13:43:12,552 - INFO - MainProcess - query_execution.segment1 - list index out of range
2022-01-31 13:43:12,552 - INFO - MainProcess - query_execution.segment1 - list index out of range
2022-01-31 13:43:12,552 - INFO - MainProcess - query_execution.segment1 - list index out of range
2022-01-31 13:43:12,552 - INFO - MainProcess - query_execution.segment1 - list index out of range
2022-01-31 13:43:12,552 - INFO - MainProcess - query_execution.segment1 - list index out of range
2022-01-31 13:43:12,552 - INFO - MainProcess - query_execution.segment1 - list index out of range
2022-01-31 13:43:12,552 - INFO - MainProcess - query_execution.segment1 - list index out of range
2022-01-31 13:43:12,552 - INFO - MainProcess - query_execution.segment1 - list index out of range
2022-01-31 13:43:12,552 - INFO - MainProcess - query_execution.segment1 - list index out of range
2022-01-31 13:43:12,568 - INFO - MainProcess - query_execution.segment1 - list index out of range
2022-01-31 13:43:12,568 - INFO - MainProcess - query_execution.segment1 - list index out of range
2022-01-31 13:43:12,568 - INFO - MainProcess - query_execution.segment1 - list index out of range
2022-01-31 13:43:12,568 - INFO - MainProcess - query_execution.segment1 - list index out of range
2022-01-31 13:43:12,568 - INFO - MainProcess - query_execution.segment1 - list index out of range
2022-01-31 13:43:12,568 - INFO - MainProcess - query_execution.segment1 - list index out of range
2022-01-31 13:43:12,568 - INFO - MainProcess - query_execution.segment1 - list index out of range
2022-01-31 13:43:12,568 - INFO - MainProcess - query_execution.segment1 - list index out of range
2022-01-31 13:43:12,568 - INFO - MainProcess - query_execution.segment1 - list index out of range
2022-01-31 13:43:12,568 - INFO - MainProcess - query_execution.segment1 - list index out of range
2022-01-31 13:43:12,568 - INFO - MainProcess - query_execution.segment1 - list index out of range
2022-01-31 13:43:12,568 - INFO - MainProcess - query_execution.segment1 - list index out of range
2022-01-31 13:43:12,568 - INFO - MainProcess - query_execution.segment1 - list index out of range
2022-01-31 13:43:12,568 - INFO - MainProcess - query_execution.segment1 - list index out of range
2022-01-31 13:43:12,568 - INFO - MainProcess - query_execution.segment1 - list index out of range
2022-01-31 13:43:12,568 - INFO - MainProcess - query_execution.segment1 - list index out of range
2022-01-31 13:43:12,568 - INFO - MainProcess - query_execution.segment1 - list index out of range
2022-01-31 13:43:12,568 - INFO - MainProcess - query_execution.segment1 - list index out of range
2022-01-31 13:43:12,568 - INFO - MainProcess - query_execution.segment1 - list index out of range
2022-01-31 13:43:12,568 - INFO - MainProcess - query_execution.segment1 - list index out of range
2022-01-31 13:43:12,568 - INFO - MainProcess - query_execution.segment1 - list index out of range
2022-01-31 13:43:12,568 - INFO - MainProcess - query_execution.segment1 - list index out of range
2022-01-31 13:43:12,568 - INFO - MainProcess - query_execution.segment1 - list index out of range
2022-01-31 13:43:12,568 - INFO - MainProcess - query_execution.segment1 - list index out of range
2022-01-31 13:43:12,568 - INFO - MainProcess - query_execution.segment1 - list index out of range
2022-01-31 13:43:12,568 - INFO - MainProcess - query_execution.segment1 - list index out of range
2022-01-31 13:43:12,568 - INFO - MainProcess - query_execution.segment1 - list index out of range
2022-01-31 13:43:12,568 - INFO - MainProcess - query_execution.segment1 - list index out of range
2022-01-31 13:43:12,568 - INFO - MainProcess - query_execution.segment1 - list index out of range
2022-01-31 13:43:12,568 - INFO - MainProcess - query_execution.segment1 - list index out of range
2022-01-31 13:43:12,568 - INFO - MainProcess - query_execution.segment1 - list index out of range
2022-01-31 13:43:12,568 - INFO - MainProcess - query_execution.segment1 - list index out of range
2022-01-31 13:43:12,568 - INFO - MainProcess - query_execution.segment1 - list index out of range
2022-01-31 13:43:12,568 - INFO - MainProcess - query_execution.segment1 - list index out of range
2022-01-31 13:43:12,568 - INFO - MainProcess - query_execution.segment1 - list index out of range
2022-01-31 13:43:12,568 - INFO - MainProcess - query_execution.segment1 - list index out of range
2022-01-31 13:43:12,568 - INFO - MainProcess - query_execution.segment1 - list index out of range
2022-01-31 13:43:12,568 - INFO - MainProcess - query_execution.segment1 - list index out of range
2022-01-31 13:43:12,568 - INFO - MainProcess - query_execution.segment1 - list index out of range
2022-01-31 13:43:12,568 - INFO - MainProcess - query_execution.segment1 - list index out of range
2022-01-31 13:43:12,568 - INFO - MainProcess - query_execution.segment1 - list index out of range
2022-01-31 13:43:12,568 - INFO - MainProcess - query_execution.segment1 - list index out of range
2022-01-31 13:43:12,583 - INFO - MainProcess - query_execution.segment1 - list index out of range
2022-01-31 13:43:12,583 - INFO - MainProcess - query_execution.segment1 - list index out of range
2022-01-31 13:43:12,583 - INFO - MainProcess - query_execution.segment1 - list index out of range
2022-01-31 13:43:12,583 - INFO - MainProcess - query_execution.segment1 - list index out of range
2022-01-31 13:43:12,583 - INFO - MainProcess - query_execution.segment1 - list index out of range
2022-01-31 13:43:12,583 - INFO - MainProcess - query_execution.segment1 - list index out of range
2022-01-31 13:43:12,583 - INFO - MainProcess - query_execution.segment1 - list index out of range
2022-01-31 13:43:12,583 - INFO - MainProcess - query_execution.segment1 - list index out of range
2022-01-31 13:43:12,583 - INFO - MainProcess - query_execution.segment1 - list index out of range
2022-01-31 13:43:12,583 - INFO - MainProcess - query_execution.segment1 - list index out of range
2022-01-31 13:43:12,583 - INFO - MainProcess - query_execution.segment1 - list index out of range
2022-01-31 13:43:12,583 - INFO - MainProcess - query_execution.segment1 - list index out of range
2022-01-31 13:43:12,583 - INFO - MainProcess - query_execution.segment1 - list index out of range
2022-01-31 13:43:12,583 - INFO - MainProcess - query_execution.segment1 - list index out of range
2022-01-31 13:43:12,583 - INFO - MainProcess - query_execution.segment1 - list index out of range
2022-01-31 13:43:12,583 - INFO - MainProcess - query_execution.segment1 - list index out of range
2022-01-31 13:43:12,583 - INFO - MainProcess - query_execution.segment1 - list index out of range
2022-01-31 13:43:12,583 - INFO - MainProcess - query_execution.segment1 - list index out of range
2022-01-31 13:43:12,583 - INFO - MainProcess - query_execution.segment1 - list index out of range
2022-01-31 13:43:12,583 - INFO - MainProcess - query_execution.segment1 - list index out of range
2022-01-31 13:43:12,583 - INFO - MainProcess - query_execution.segment1 - list index out of range
2022-01-31 13:43:12,583 - INFO - MainProcess - query_execution.segment1 - list index out of range
2022-01-31 13:43:12,583 - INFO - MainProcess - query_execution.segment1 - list index out of range
2022-01-31 13:43:12,583 - INFO - MainProcess - query_execution.segment1 - list index out of range
2022-01-31 13:43:12,583 - INFO - MainProcess - query_execution.segment1 - list index out of range
2022-01-31 13:43:12,583 - INFO - MainProcess - query_execution.segment1 - list index out of range
2022-01-31 13:43:12,583 - INFO - MainProcess - query_execution.segment1 - list index out of range
2022-01-31 13:43:12,583 - INFO - MainProcess - query_execution.segment1 - list index out of range
2022-01-31 13:43:12,583 - INFO - MainProcess - query_execution.segment1 - list index out of range
2022-01-31 13:43:12,583 - INFO - MainProcess - query_execution.segment1 - list index out of range
2022-01-31 13:43:12,583 - INFO - MainProcess - query_execution.segment1 - list index out of range
2022-01-31 13:43:12,583 - INFO - MainProcess - query_execution.segment1 - list index out of range
2022-01-31 13:43:12,583 - INFO - MainProcess - query_execution.segment1 - list index out of range
2022-01-31 13:43:12,583 - INFO - MainProcess - query_execution.segment1 - list index out of range
2022-01-31 13:43:12,583 - INFO - MainProcess - query_execution.segment1 - list index out of range
2022-01-31 13:43:12,583 - INFO - MainProcess - query_execution.segment1 - list index out of range
2022-01-31 13:43:12,583 - INFO - MainProcess - query_execution.segment1 - list index out of range
2022-01-31 13:43:12,583 - INFO - MainProcess - query_execution.segment1 - list index out of range
2022-01-31 13:43:12,583 - INFO - MainProcess - query_execution.segment1 - list index out of range
2022-01-31 13:43:12,583 - INFO - MainProcess - query_execution.segment1 - list index out of range
2022-01-31 13:43:12,583 - INFO - MainProcess - query_execution.segment1 - list index out of range
2022-01-31 13:43:12,583 - INFO - MainProcess - query_execution.segment1 - list index out of range
2022-01-31 13:43:12,599 - INFO - MainProcess - query_execution.segment1 - list index out of range
2022-01-31 13:43:12,599 - INFO - MainProcess - query_execution.segment1 - list index out of range
2022-01-31 13:43:12,599 - INFO - MainProcess - query_execution.segment1 - list index out of range
2022-01-31 13:43:12,599 - INFO - MainProcess - query_execution.segment1 - list index out of range
2022-01-31 13:43:12,599 - INFO - MainProcess - query_execution.segment1 - list index out of range
2022-01-31 13:43:12,599 - INFO - MainProcess - query_execution.segment1 - list index out of range
2022-01-31 13:43:12,599 - INFO - MainProcess - query_execution.segment1 - list index out of range
2022-01-31 13:43:12,599 - INFO - MainProcess - query_execution.segment1 - list index out of range
2022-01-31 13:43:12,599 - INFO - MainProcess - query_execution.segment1 - list index out of range
2022-01-31 13:43:12,599 - INFO - MainProcess - query_execution.segment1 - list index out of range
2022-01-31 13:43:12,599 - INFO - MainProcess - query_execution.segment1 - list index out of range
2022-01-31 13:43:12,599 - INFO - MainProcess - query_execution.segment1 - list index out of range
2022-01-31 13:43:12,599 - INFO - MainProcess - query_execution.segment1 - list index out of range
2022-01-31 13:43:12,599 - INFO - MainProcess - query_execution.segment1 - list index out of range
2022-01-31 13:43:12,599 - INFO - MainProcess - query_execution.segment1 - list index out of range
2022-01-31 13:43:12,599 - INFO - MainProcess - query_execution.segment1 - list index out of range
2022-01-31 13:43:12,599 - INFO - MainProcess - query_execution.segment1 - list index out of range
2022-01-31 13:43:12,599 - INFO - MainProcess - query_execution.segment1 - list index out of range
2022-01-31 13:43:12,599 - INFO - MainProcess - query_execution.segment1 - list index out of range
2022-01-31 13:43:12,599 - INFO - MainProcess - query_execution.segment1 - list index out of range
2022-01-31 13:43:12,599 - INFO - MainProcess - query_execution.segment1 - list index out of range
2022-01-31 13:43:12,599 - INFO - MainProcess - query_execution.segment1 - list index out of range
2022-01-31 13:43:12,599 - INFO - MainProcess - query_execution.segment1 - list index out of range
2022-01-31 13:43:12,599 - INFO - MainProcess - query_execution.segment1 - list index out of range
2022-01-31 13:43:12,599 - INFO - MainProcess - query_execution.segment1 - list index out of range
2022-01-31 13:43:12,599 - INFO - MainProcess - query_execution.segment1 - list index out of range
2022-01-31 13:43:12,599 - INFO - MainProcess - query_execution.segment1 - list index out of range
2022-01-31 13:43:12,599 - INFO - MainProcess - query_execution.segment1 - list index out of range
2022-01-31 13:43:12,599 - INFO - MainProcess - query_execution.segment1 - list index out of range
2022-01-31 13:43:12,599 - INFO - MainProcess - query_execution.segment1 - list index out of range
2022-01-31 13:43:12,599 - INFO - MainProcess - query_execution.segment1 - list index out of range
2022-01-31 13:43:12,599 - INFO - MainProcess - query_execution.segment1 - list index out of range
2022-01-31 13:43:12,599 - INFO - MainProcess - query_execution.segment1 - list index out of range
2022-01-31 13:43:12,599 - INFO - MainProcess - query_execution.segment1 - list index out of range
2022-01-31 13:43:12,599 - INFO - MainProcess - query_execution.segment1 - list index out of range
2022-01-31 13:43:12,599 - INFO - MainProcess - query_execution.segment1 - list index out of range
2022-01-31 13:43:12,599 - INFO - MainProcess - query_execution.segment1 - list index out of range
2022-01-31 13:43:12,599 - INFO - MainProcess - query_execution.segment1 - list index out of range
2022-01-31 13:43:12,599 - INFO - MainProcess - query_execution.segment1 - list index out of range
2022-01-31 13:43:12,599 - INFO - MainProcess - query_execution.segment1 - list index out of range
2022-01-31 13:43:12,599 - INFO - MainProcess - query_execution.segment1 - list index out of range
2022-01-31 13:43:12,599 - INFO - MainProcess - query_execution.segment1 - list index out of range
2022-01-31 13:43:12,614 - INFO - MainProcess - query_execution.segment1 - list index out of range
2022-01-31 13:43:12,614 - INFO - MainProcess - query_execution.segment1 - list index out of range
2022-01-31 13:43:12,614 - INFO - MainProcess - query_execution.segment1 - list index out of range
2022-01-31 13:43:12,614 - INFO - MainProcess - query_execution.segment1 - list index out of range
2022-01-31 13:43:12,614 - INFO - MainProcess - query_execution.segment1 - list index out of range
2022-01-31 13:43:12,614 - INFO - MainProcess - query_execution.segment1 - list index out of range
2022-01-31 13:43:12,614 - INFO - MainProcess - query_execution.segment1 - list index out of range
2022-01-31 13:43:12,614 - INFO - MainProcess - query_execution.segment1 - list index out of range
2022-01-31 13:43:12,614 - INFO - MainProcess - query_execution.segment1 - list index out of range
2022-01-31 13:43:12,614 - INFO - MainProcess - query_execution.segment1 - list index out of range
2022-01-31 13:43:12,614 - INFO - MainProcess - query_execution.segment1 - list index out of range
2022-01-31 13:43:12,614 - INFO - MainProcess - query_execution.segment1 - list index out of range
2022-01-31 13:43:12,614 - INFO - MainProcess - query_execution.segment1 - list index out of range
2022-01-31 13:43:12,614 - INFO - MainProcess - query_execution.segment1 - list index out of range
2022-01-31 13:43:12,614 - INFO - MainProcess - query_execution.segment1 - list index out of range
2022-01-31 13:43:12,614 - INFO - MainProcess - query_execution.segment1 - list index out of range
2022-01-31 13:43:12,614 - INFO - MainProcess - query_execution.segment1 - list index out of range
2022-01-31 13:43:12,614 - INFO - MainProcess - query_execution.segment1 - list index out of range
2022-01-31 13:43:12,614 - INFO - MainProcess - query_execution.segment1 - list index out of range
2022-01-31 13:43:12,614 - INFO - MainProcess - query_execution.segment1 - list index out of range
2022-01-31 13:43:12,614 - INFO - MainProcess - query_execution.segment1 - list index out of range
2022-01-31 13:43:12,614 - INFO - MainProcess - query_execution.segment1 - list index out of range
2022-01-31 13:43:12,614 - INFO - MainProcess - query_execution.segment1 - list index out of range
2022-01-31 13:43:12,614 - INFO - MainProcess - query_execution.segment1 - list index out of range
2022-01-31 13:43:12,614 - INFO - MainProcess - query_execution.segment1 - list index out of range
2022-01-31 13:43:12,614 - INFO - MainProcess - query_execution.segment1 - list index out of range
2022-01-31 13:43:12,614 - INFO - MainProcess - query_execution.segment1 - list index out of range
2022-01-31 13:43:12,614 - INFO - MainProcess - query_execution.segment1 - list index out of range
2022-01-31 13:43:12,614 - INFO - MainProcess - query_execution.segment1 - list index out of range
2022-01-31 13:43:12,614 - INFO - MainProcess - query_execution.segment1 - list index out of range
2022-01-31 13:43:12,614 - INFO - MainProcess - query_execution.segment1 - list index out of range
2022-01-31 13:43:12,614 - INFO - MainProcess - query_execution.segment1 - list index out of range
2022-01-31 13:43:12,614 - INFO - MainProcess - query_execution.segment1 - list index out of range
2022-01-31 13:43:12,614 - INFO - MainProcess - query_execution.segment1 - list index out of range
2022-01-31 13:43:12,614 - INFO - MainProcess - query_execution.segment1 - list index out of range
2022-01-31 13:43:12,614 - INFO - MainProcess - query_execution.segment1 - list index out of range
2022-01-31 13:43:12,614 - INFO - MainProcess - query_execution.segment1 - list index out of range
2022-01-31 13:43:12,614 - INFO - MainProcess - query_execution.segment1 - list index out of range
2022-01-31 13:43:12,614 - INFO - MainProcess - query_execution.segment1 - list index out of range
2022-01-31 13:43:12,614 - INFO - MainProcess - query_execution.segment1 - list index out of range
2022-01-31 13:43:12,614 - INFO - MainProcess - query_execution.segment1 - list index out of range
2022-01-31 13:43:12,614 - INFO - MainProcess - query_execution.segment1 - list index out of range
2022-01-31 13:43:12,630 - INFO - MainProcess - query_execution.segment1 - list index out of range
2022-01-31 13:43:12,630 - INFO - MainProcess - query_execution.segment1 - list index out of range
2022-01-31 13:43:12,630 - INFO - MainProcess - query_execution.segment1 - list index out of range
2022-01-31 13:43:12,630 - INFO - MainProcess - query_execution.segment1 - list index out of range
2022-01-31 13:43:12,630 - INFO - MainProcess - query_execution.segment1 - list index out of range
2022-01-31 13:43:12,630 - INFO - MainProcess - query_execution.segment1 - list index out of range
2022-01-31 13:43:12,630 - INFO - MainProcess - query_execution.segment1 - list index out of range
2022-01-31 13:43:12,630 - INFO - MainProcess - query_execution.segment1 - list index out of range
2022-01-31 13:43:12,630 - INFO - MainProcess - query_execution.segment1 - list index out of range
2022-01-31 13:43:12,630 - INFO - MainProcess - query_execution.segment1 - list index out of range
2022-01-31 13:43:12,630 - INFO - MainProcess - query_execution.segment1 - list index out of range
2022-01-31 13:43:12,630 - INFO - MainProcess - query_execution.segment1 - list index out of range
2022-01-31 13:43:12,630 - INFO - MainProcess - query_execution.segment1 - list index out of range
2022-01-31 13:43:12,630 - INFO - MainProcess - query_execution.segment1 - list index out of range
2022-01-31 13:43:12,630 - INFO - MainProcess - query_execution.segment1 - list index out of range
2022-01-31 13:43:12,630 - INFO - MainProcess - query_execution.segment1 - list index out of range
2022-01-31 13:43:12,630 - INFO - MainProcess - query_execution.segment1 - list index out of range
2022-01-31 13:43:12,630 - INFO - MainProcess - query_execution.segment1 - list index out of range
2022-01-31 13:43:12,630 - INFO - MainProcess - query_execution.segment1 - list index out of range
2022-01-31 13:43:12,630 - INFO - MainProcess - query_execution.segment1 - list index out of range
2022-01-31 13:43:12,630 - INFO - MainProcess - query_execution.segment1 - list index out of range
2022-01-31 13:43:12,630 - INFO - MainProcess - query_execution.segment1 - list index out of range
2022-01-31 13:43:12,630 - INFO - MainProcess - query_execution.segment1 - list index out of range
2022-01-31 13:43:12,630 - INFO - MainProcess - query_execution.segment1 - list index out of range
2022-01-31 13:43:12,630 - INFO - MainProcess - query_execution.segment1 - list index out of range
2022-01-31 13:43:12,630 - INFO - MainProcess - query_execution.segment1 - list index out of range
2022-01-31 13:43:12,630 - INFO - MainProcess - query_execution.segment1 - list index out of range
2022-01-31 13:43:12,630 - INFO - MainProcess - query_execution.segment1 - list index out of range
2022-01-31 13:43:12,630 - INFO - MainProcess - query_execution.segment1 - list index out of range
2022-01-31 13:43:12,630 - INFO - MainProcess - query_execution.segment1 - list index out of range
2022-01-31 13:43:12,630 - INFO - MainProcess - query_execution.segment1 - list index out of range
2022-01-31 13:43:12,630 - INFO - MainProcess - query_execution.segment1 - list index out of range
2022-01-31 13:43:12,630 - INFO - MainProcess - query_execution.segment1 - list index out of range
2022-01-31 13:43:12,630 - INFO - MainProcess - query_execution.segment1 - list index out of range
2022-01-31 13:43:12,630 - INFO - MainProcess - query_execution.segment1 - list index out of range
2022-01-31 13:43:12,630 - INFO - MainProcess - query_execution.segment1 - list index out of range
2022-01-31 13:43:12,630 - INFO - MainProcess - query_execution.segment1 - list index out of range
2022-01-31 13:43:12,630 - INFO - MainProcess - query_execution.segment1 - list index out of range
2022-01-31 13:43:12,630 - INFO - MainProcess - query_execution.segment1 - list index out of range
2022-01-31 13:43:12,630 - INFO - MainProcess - query_execution.segment1 - list index out of range
2022-01-31 13:43:12,630 - INFO - MainProcess - query_execution.segment1 - list index out of range
2022-01-31 13:43:12,630 - INFO - MainProcess - query_execution.segment1 - list index out of range
2022-01-31 13:43:12,646 - INFO - MainProcess - query_execution.segment1 - list index out of range
2022-01-31 13:43:12,646 - INFO - MainProcess - query_execution.segment1 - list index out of range
2022-01-31 13:43:12,646 - INFO - MainProcess - query_execution.segment1 - list index out of range
2022-01-31 13:43:12,646 - INFO - MainProcess - query_execution.segment1 - list index out of range
2022-01-31 13:43:12,646 - INFO - MainProcess - query_execution.segment1 - list index out of range
2022-01-31 13:43:12,646 - INFO - MainProcess - query_execution.segment1 - list index out of range
2022-01-31 13:43:12,646 - INFO - MainProcess - query_execution.segment1 - list index out of range
2022-01-31 13:43:12,646 - INFO - MainProcess - query_execution.segment1 - list index out of range
2022-01-31 13:43:12,646 - INFO - MainProcess - query_execution.segment1 - list index out of range
2022-01-31 13:43:12,646 - INFO - MainProcess - query_execution.segment1 - list index out of range
2022-01-31 13:43:12,646 - INFO - MainProcess - query_execution.segment1 - list index out of range
2022-01-31 13:43:12,646 - INFO - MainProcess - query_execution.segment1 - list index out of range
2022-01-31 13:43:12,646 - INFO - MainProcess - query_execution.segment1 - list index out of range
2022-01-31 13:43:12,646 - INFO - MainProcess - query_execution.segment1 - list index out of range
2022-01-31 13:43:12,646 - INFO - MainProcess - query_execution.segment1 - list index out of range
2022-01-31 13:43:12,646 - INFO - MainProcess - query_execution.segment1 - list index out of range
2022-01-31 13:43:12,646 - INFO - MainProcess - query_execution.segment1 - list index out of range
2022-01-31 13:43:12,646 - INFO - MainProcess - query_execution.segment1 - list index out of range
2022-01-31 13:43:12,646 - INFO - MainProcess - query_execution.segment1 - list index out of range
2022-01-31 13:43:12,646 - INFO - MainProcess - query_execution.segment1 - list index out of range
2022-01-31 13:43:12,646 - INFO - MainProcess - query_execution.segment1 - list index out of range
2022-01-31 13:43:12,646 - INFO - MainProcess - query_execution.segment1 - list index out of range
2022-01-31 13:43:12,646 - INFO - MainProcess - query_execution.segment1 - list index out of range
2022-01-31 13:43:12,646 - INFO - MainProcess - query_execution.segment1 - list index out of range
2022-01-31 13:43:12,646 - INFO - MainProcess - query_execution.segment1 - list index out of range
2022-01-31 13:43:12,646 - INFO - MainProcess - query_execution.segment1 - list index out of range
2022-01-31 13:43:12,646 - INFO - MainProcess - query_execution.segment1 - list index out of range
2022-01-31 13:43:12,646 - INFO - MainProcess - query_execution.segment1 - list index out of range
2022-01-31 13:43:12,646 - INFO - MainProcess - query_execution.segment1 - list index out of range
2022-01-31 13:43:12,646 - INFO - MainProcess - query_execution.segment1 - list index out of range
2022-01-31 13:43:12,646 - INFO - MainProcess - query_execution.segment1 - list index out of range
2022-01-31 13:43:12,646 - INFO - MainProcess - query_execution.segment1 - list index out of range
2022-01-31 13:43:12,646 - INFO - MainProcess - query_execution.segment1 - list index out of range
2022-01-31 13:43:12,646 - INFO - MainProcess - query_execution.segment1 - list index out of range
2022-01-31 13:43:12,646 - INFO - MainProcess - query_execution.segment1 - list index out of range
2022-01-31 13:43:12,646 - INFO - MainProcess - query_execution.segment1 - list index out of range
2022-01-31 13:43:12,646 - INFO - MainProcess - query_execution.segment1 - list index out of range
2022-01-31 13:43:12,646 - INFO - MainProcess - query_execution.segment1 - list index out of range
2022-01-31 13:43:12,646 - INFO - MainProcess - query_execution.segment1 - list index out of range
2022-01-31 13:43:12,646 - INFO - MainProcess - query_execution.segment1 - list index out of range
2022-01-31 13:43:12,646 - INFO - MainProcess - query_execution.segment1 - list index out of range
2022-01-31 13:43:12,646 - INFO - MainProcess - query_execution.segment1 - list index out of range
2022-01-31 13:43:12,661 - INFO - MainProcess - query_execution.segment1 - list index out of range
2022-01-31 13:43:12,661 - INFO - MainProcess - query_execution.segment1 - list index out of range
2022-01-31 13:43:12,661 - INFO - MainProcess - query_execution.segment1 - list index out of range
2022-01-31 13:43:12,661 - INFO - MainProcess - query_execution.segment1 - list index out of range
2022-01-31 13:43:12,661 - INFO - MainProcess - query_execution.segment1 - list index out of range
2022-01-31 13:43:12,661 - INFO - MainProcess - query_execution.segment1 - list index out of range
2022-01-31 13:43:12,661 - INFO - MainProcess - query_execution.segment1 - list index out of range
2022-01-31 13:43:12,661 - INFO - MainProcess - query_execution.segment1 - list index out of range
2022-01-31 13:43:12,661 - INFO - MainProcess - query_execution.segment1 - list index out of range
2022-01-31 13:43:12,661 - INFO - MainProcess - query_execution.segment1 - list index out of range
2022-01-31 13:43:12,661 - INFO - MainProcess - query_execution.segment1 - list index out of range
2022-01-31 13:43:12,661 - INFO - MainProcess - query_execution.segment1 - list index out of range
2022-01-31 13:43:12,661 - INFO - MainProcess - query_execution.segment1 - list index out of range
2022-01-31 13:43:12,661 - INFO - MainProcess - query_execution.segment1 - list index out of range
2022-01-31 13:43:12,661 - INFO - MainProcess - query_execution.segment1 - list index out of range
2022-01-31 13:43:12,661 - INFO - MainProcess - query_execution.segment1 - list index out of range
2022-01-31 13:43:12,661 - INFO - MainProcess - query_execution.segment1 - list index out of range
2022-01-31 13:43:12,661 - INFO - MainProcess - query_execution.segment1 - list index out of range
2022-01-31 13:43:12,661 - INFO - MainProcess - query_execution.segment1 - list index out of range
2022-01-31 13:43:12,661 - INFO - MainProcess - query_execution.segment1 - list index out of range
2022-01-31 13:43:12,661 - INFO - MainProcess - query_execution.segment1 - list index out of range
2022-01-31 13:43:12,661 - INFO - MainProcess - query_execution.segment1 - list index out of range
2022-01-31 13:43:12,661 - INFO - MainProcess - query_execution.segment1 - list index out of range
2022-01-31 13:43:12,661 - INFO - MainProcess - query_execution.segment1 - list index out of range
2022-01-31 13:43:12,661 - INFO - MainProcess - query_execution.segment1 - list index out of range
2022-01-31 13:43:12,661 - INFO - MainProcess - query_execution.segment1 - list index out of range
2022-01-31 13:43:12,661 - INFO - MainProcess - query_execution.segment1 - list index out of range
2022-01-31 13:43:12,661 - INFO - MainProcess - query_execution.segment1 - list index out of range
2022-01-31 13:43:12,661 - INFO - MainProcess - query_execution.segment1 - list index out of range
2022-01-31 13:43:12,661 - INFO - MainProcess - query_execution.segment1 - list index out of range
2022-01-31 13:43:12,661 - INFO - MainProcess - query_execution.segment1 - list index out of range
2022-01-31 13:43:12,661 - INFO - MainProcess - query_execution.segment1 - list index out of range
2022-01-31 13:43:12,661 - INFO - MainProcess - query_execution.segment1 - list index out of range
2022-01-31 13:43:12,661 - INFO - MainProcess - query_execution.segment1 - list index out of range
2022-01-31 13:43:12,661 - INFO - MainProcess - query_execution.segment1 - list index out of range
2022-01-31 13:43:12,661 - INFO - MainProcess - query_execution.segment1 - list index out of range
2022-01-31 13:43:12,661 - INFO - MainProcess - query_execution.segment1 - list index out of range
2022-01-31 13:43:12,661 - INFO - MainProcess - query_execution.segment1 - list index out of range
2022-01-31 13:43:12,661 - INFO - MainProcess - query_execution.segment1 - list index out of range
2022-01-31 13:43:12,661 - INFO - MainProcess - query_execution.segment1 - list index out of range
2022-01-31 13:43:12,661 - INFO - MainProcess - query_execution.segment1 - list index out of range
2022-01-31 13:43:12,661 - INFO - MainProcess - query_execution.segment1 - list index out of range
2022-01-31 13:43:12,677 - INFO - MainProcess - query_execution.segment1 - list index out of range
2022-01-31 13:43:12,677 - INFO - MainProcess - query_execution.segment1 - list index out of range
2022-01-31 13:43:12,677 - INFO - MainProcess - query_execution.segment1 - list index out of range
2022-01-31 13:43:12,677 - INFO - MainProcess - query_execution.segment1 - list index out of range
2022-01-31 13:43:12,677 - INFO - MainProcess - query_execution.segment1 - list index out of range
2022-01-31 13:43:12,677 - INFO - MainProcess - query_execution.segment1 - list index out of range
2022-01-31 13:43:12,677 - INFO - MainProcess - query_execution.segment1 - list index out of range
2022-01-31 13:43:12,677 - INFO - MainProcess - query_execution.segment1 - list index out of range
2022-01-31 13:43:12,677 - INFO - MainProcess - query_execution.segment1 - list index out of range
2022-01-31 13:43:12,677 - INFO - MainProcess - query_execution.segment1 - list index out of range
2022-01-31 13:43:12,677 - INFO - MainProcess - query_execution.segment1 - list index out of range
2022-01-31 13:43:12,677 - INFO - MainProcess - query_execution.segment1 - list index out of range
2022-01-31 13:43:12,677 - INFO - MainProcess - query_execution.segment1 - list index out of range
2022-01-31 13:43:12,677 - INFO - MainProcess - query_execution.segment1 - list index out of range
2022-01-31 13:43:12,677 - INFO - MainProcess - query_execution.segment1 - list index out of range
2022-01-31 13:43:12,677 - INFO - MainProcess - query_execution.segment1 - list index out of range
2022-01-31 13:43:12,677 - INFO - MainProcess - query_execution.segment1 - list index out of range
2022-01-31 13:43:12,677 - INFO - MainProcess - query_execution.segment1 - list index out of range
2022-01-31 13:43:12,677 - INFO - MainProcess - query_execution.segment1 - list index out of range
2022-01-31 13:43:12,677 - INFO - MainProcess - query_execution.segment1 - list index out of range
2022-01-31 13:43:12,677 - INFO - MainProcess - query_execution.segment1 - list index out of range
2022-01-31 13:43:12,677 - INFO - MainProcess - query_execution.segment1 - list index out of range
2022-01-31 13:43:12,677 - INFO - MainProcess - query_execution.segment1 - list index out of range
2022-01-31 13:43:12,677 - INFO - MainProcess - query_execution.segment1 - list index out of range
2022-01-31 13:43:12,677 - INFO - MainProcess - query_execution.segment1 - list index out of range
2022-01-31 13:43:12,677 - INFO - MainProcess - query_execution.segment1 - list index out of range
2022-01-31 13:43:12,677 - INFO - MainProcess - query_execution.segment1 - list index out of range
2022-01-31 13:43:12,677 - INFO - MainProcess - query_execution.segment1 - list index out of range
2022-01-31 13:43:12,677 - INFO - MainProcess - query_execution.segment1 - list index out of range
2022-01-31 13:43:12,677 - INFO - MainProcess - query_execution.segment1 - list index out of range
2022-01-31 13:43:12,677 - INFO - MainProcess - query_execution.segment1 - list index out of range
2022-01-31 13:43:12,677 - INFO - MainProcess - query_execution.segment1 - list index out of range
2022-01-31 13:43:12,677 - INFO - MainProcess - query_execution.segment1 - list index out of range
2022-01-31 13:43:12,677 - INFO - MainProcess - query_execution.segment1 - list index out of range
2022-01-31 13:43:12,677 - INFO - MainProcess - query_execution.segment1 - list index out of range
2022-01-31 13:43:12,677 - INFO - MainProcess - query_execution.segment1 - list index out of range
2022-01-31 13:43:12,677 - INFO - MainProcess - query_execution.segment1 - list index out of range
2022-01-31 13:43:12,677 - INFO - MainProcess - query_execution.segment1 - list index out of range
2022-01-31 13:43:12,677 - INFO - MainProcess - query_execution.segment1 - list index out of range
2022-01-31 13:43:12,677 - INFO - MainProcess - query_execution.segment1 - list index out of range
2022-01-31 13:43:12,677 - INFO - MainProcess - query_execution.segment1 - list index out of range
2022-01-31 13:43:12,677 - INFO - MainProcess - query_execution.segment1 - list index out of range
2022-01-31 13:43:12,692 - INFO - MainProcess - query_execution.segment1 - list index out of range
2022-01-31 13:43:12,692 - INFO - MainProcess - query_execution.segment1 - list index out of range
2022-01-31 13:43:12,692 - INFO - MainProcess - query_execution.segment1 - list index out of range
2022-01-31 13:43:12,692 - INFO - MainProcess - query_execution.segment1 - list index out of range
2022-01-31 13:43:12,692 - INFO - MainProcess - query_execution.segment1 - list index out of range
2022-01-31 13:43:12,692 - INFO - MainProcess - query_execution.segment1 - list index out of range
2022-01-31 13:43:12,692 - INFO - MainProcess - query_execution.segment1 - list index out of range
2022-01-31 13:43:12,708 - INFO - MainProcess - query_execution.segment1 - list index out of range
2022-01-31 13:43:12,708 - INFO - MainProcess - query_execution.segment1 - list index out of range
2022-01-31 13:43:12,708 - INFO - MainProcess - query_execution.segment1 - list index out of range
2022-01-31 13:43:12,708 - INFO - MainProcess - query_execution.segment1 - list index out of range
2022-01-31 13:43:12,708 - INFO - MainProcess - query_execution.segment1 - list index out of range
2022-01-31 13:43:12,708 - INFO - MainProcess - query_execution.segment1 - list index out of range
2022-01-31 13:43:12,708 - INFO - MainProcess - query_execution.segment1 - list index out of range
2022-01-31 13:43:12,708 - INFO - MainProcess - query_execution.segment1 - list index out of range
2022-01-31 13:43:12,708 - INFO - MainProcess - query_execution.segment1 - list index out of range
2022-01-31 13:43:12,708 - INFO - MainProcess - query_execution.segment1 - list index out of range
2022-01-31 13:43:12,708 - INFO - MainProcess - query_execution.segment1 - list index out of range
2022-01-31 13:43:12,708 - INFO - MainProcess - query_execution.segment1 - list index out of range
2022-01-31 13:43:12,708 - INFO - MainProcess - query_execution.segment1 - list index out of range
2022-01-31 13:43:12,708 - INFO - MainProcess - query_execution.segment1 - list index out of range
2022-01-31 13:43:12,708 - INFO - MainProcess - query_execution.segment1 - list index out of range
2022-01-31 13:43:12,708 - INFO - MainProcess - query_execution.segment1 - list index out of range
2022-01-31 13:43:12,708 - INFO - MainProcess - query_execution.segment1 - list index out of range
2022-01-31 13:43:12,708 - INFO - MainProcess - query_execution.segment1 - list index out of range
2022-01-31 13:43:12,708 - INFO - MainProcess - query_execution.segment1 - list index out of range
2022-01-31 13:43:12,708 - INFO - MainProcess - query_execution.segment1 - list index out of range
2022-01-31 13:43:12,708 - INFO - MainProcess - query_execution.segment1 - list index out of range
2022-01-31 13:43:12,708 - INFO - MainProcess - query_execution.segment1 - list index out of range
2022-01-31 13:43:12,708 - INFO - MainProcess - query_execution.segment1 - list index out of range
2022-01-31 13:43:12,708 - INFO - MainProcess - query_execution.segment1 - list index out of range
2022-01-31 13:43:12,708 - INFO - MainProcess - query_execution.segment1 - list index out of range
2022-01-31 13:43:12,708 - INFO - MainProcess - query_execution.segment1 - list index out of range
2022-01-31 13:43:12,724 - INFO - MainProcess - query_execution.segment1 - list index out of range
2022-01-31 13:43:12,724 - INFO - MainProcess - query_execution.segment1 - list index out of range
2022-01-31 13:43:12,724 - INFO - MainProcess - query_execution.segment1 - list index out of range
2022-01-31 13:43:12,724 - INFO - MainProcess - query_execution.segment1 - list index out of range
2022-01-31 13:43:12,724 - INFO - MainProcess - query_execution.segment1 - list index out of range
2022-01-31 13:43:12,724 - INFO - MainProcess - query_execution.segment1 - list index out of range
2022-01-31 13:43:12,724 - INFO - MainProcess - query_execution.segment1 - list index out of range
2022-01-31 13:43:12,724 - INFO - MainProcess - query_execution.segment1 - list index out of range
2022-01-31 13:43:12,724 - INFO - MainProcess - query_execution.segment1 - list index out of range
2022-01-31 13:43:12,724 - INFO - MainProcess - query_execution.segment1 - list index out of range
2022-01-31 13:43:12,724 - INFO - MainProcess - query_execution.segment1 - list index out of range
2022-01-31 13:43:12,724 - INFO - MainProcess - query_execution.segment1 - list index out of range
2022-01-31 13:43:12,724 - INFO - MainProcess - query_execution.segment1 - list index out of range
2022-01-31 13:43:12,724 - INFO - MainProcess - query_execution.segment1 - list index out of range
2022-01-31 13:43:12,724 - INFO - MainProcess - query_execution.segment1 - list index out of range
2022-01-31 13:43:12,724 - INFO - MainProcess - query_execution.segment1 - list index out of range
2022-01-31 13:43:12,724 - INFO - MainProcess - query_execution.segment1 - list index out of range
2022-01-31 13:43:12,724 - INFO - MainProcess - query_execution.segment1 - list index out of range
2022-01-31 13:43:12,724 - INFO - MainProcess - query_execution.segment1 - list index out of range
2022-01-31 13:43:12,724 - INFO - MainProcess - query_execution.segment1 - list index out of range
2022-01-31 13:43:12,724 - INFO - MainProcess - query_execution.segment1 - list index out of range
2022-01-31 13:43:12,724 - INFO - MainProcess - query_execution.segment1 - list index out of range
2022-01-31 13:43:12,724 - INFO - MainProcess - query_execution.segment1 - list index out of range
2022-01-31 13:43:12,724 - INFO - MainProcess - query_execution.segment1 - list index out of range
2022-01-31 13:43:12,724 - INFO - MainProcess - query_execution.segment1 - list index out of range
2022-01-31 13:43:12,724 - INFO - MainProcess - query_execution.segment1 - list index out of range
2022-01-31 13:43:12,724 - INFO - MainProcess - query_execution.segment1 - list index out of range
2022-01-31 13:43:12,724 - INFO - MainProcess - query_execution.segment1 - list index out of range
2022-01-31 13:43:12,724 - INFO - MainProcess - query_execution.segment1 - list index out of range
2022-01-31 13:43:12,724 - INFO - MainProcess - query_execution.segment1 - list index out of range
2022-01-31 13:43:12,724 - INFO - MainProcess - query_execution.segment1 - list index out of range
2022-01-31 13:43:12,724 - INFO - MainProcess - query_execution.segment1 - list index out of range
2022-01-31 13:43:12,724 - INFO - MainProcess - query_execution.segment1 - list index out of range
2022-01-31 13:43:12,724 - INFO - MainProcess - query_execution.segment1 - list index out of range
2022-01-31 13:43:12,724 - INFO - MainProcess - query_execution.segment1 - list index out of range
2022-01-31 13:43:12,724 - INFO - MainProcess - query_execution.segment1 - list index out of range
2022-01-31 13:43:12,724 - INFO - MainProcess - query_execution.segment1 - list index out of range
2022-01-31 13:43:12,724 - INFO - MainProcess - query_execution.segment1 - list index out of range
2022-01-31 13:43:12,724 - INFO - MainProcess - query_execution.segment1 - list index out of range
2022-01-31 13:43:12,724 - INFO - MainProcess - query_execution.segment1 - list index out of range
2022-01-31 13:43:12,724 - INFO - MainProcess - query_execution.segment1 - list index out of range
2022-01-31 13:43:12,724 - INFO - MainProcess - query_execution.segment1 - list index out of range
2022-01-31 13:43:12,739 - INFO - MainProcess - query_execution.segment1 - list index out of range
2022-01-31 13:43:12,739 - INFO - MainProcess - query_execution.segment1 - list index out of range
2022-01-31 13:43:12,739 - INFO - MainProcess - query_execution.segment1 - list index out of range
2022-01-31 13:43:12,739 - INFO - MainProcess - query_execution.segment1 - list index out of range
2022-01-31 13:43:12,739 - INFO - MainProcess - query_execution.segment1 - list index out of range
2022-01-31 13:43:12,739 - INFO - MainProcess - query_execution.segment1 - list index out of range
2022-01-31 13:43:12,739 - INFO - MainProcess - query_execution.segment1 - list index out of range
2022-01-31 13:43:12,739 - INFO - MainProcess - query_execution.segment1 - list index out of range
2022-01-31 13:43:12,739 - INFO - MainProcess - query_execution.segment1 - list index out of range
2022-01-31 13:43:12,739 - INFO - MainProcess - query_execution.segment1 - list index out of range
2022-01-31 13:43:12,739 - INFO - MainProcess - query_execution.segment1 - list index out of range
2022-01-31 13:43:12,739 - INFO - MainProcess - query_execution.segment1 - list index out of range
2022-01-31 13:43:12,739 - INFO - MainProcess - query_execution.segment1 - list index out of range
2022-01-31 13:43:12,739 - INFO - MainProcess - query_execution.segment1 - list index out of range
2022-01-31 13:43:12,739 - INFO - MainProcess - query_execution.segment1 - list index out of range
2022-01-31 13:43:12,739 - INFO - MainProcess - query_execution.segment1 - list index out of range
2022-01-31 13:43:12,739 - INFO - MainProcess - query_execution.segment1 - list index out of range
2022-01-31 13:43:12,739 - INFO - MainProcess - query_execution.segment1 - list index out of range
2022-01-31 13:43:12,739 - INFO - MainProcess - query_execution.segment1 - list index out of range
2022-01-31 13:43:12,739 - INFO - MainProcess - query_execution.segment1 - list index out of range
2022-01-31 13:43:12,739 - INFO - MainProcess - query_execution.segment1 - list index out of range
2022-01-31 13:43:12,739 - INFO - MainProcess - query_execution.segment1 - list index out of range
2022-01-31 13:43:12,739 - INFO - MainProcess - query_execution.segment1 - list index out of range
2022-01-31 13:43:12,739 - INFO - MainProcess - query_execution.segment1 - list index out of range
2022-01-31 13:43:12,739 - INFO - MainProcess - query_execution.segment1 - list index out of range
2022-01-31 13:43:12,739 - INFO - MainProcess - query_execution.segment1 - list index out of range
2022-01-31 13:43:12,739 - INFO - MainProcess - query_execution.segment1 - list index out of range
2022-01-31 13:43:12,739 - INFO - MainProcess - query_execution.segment1 - list index out of range
2022-01-31 13:43:12,739 - INFO - MainProcess - query_execution.segment1 - list index out of range
2022-01-31 13:43:12,739 - INFO - MainProcess - query_execution.segment1 - list index out of range
2022-01-31 13:43:12,739 - INFO - MainProcess - query_execution.segment1 - list index out of range
2022-01-31 13:43:12,739 - INFO - MainProcess - query_execution.segment1 - list index out of range
2022-01-31 13:43:12,739 - INFO - MainProcess - query_execution.segment1 - list index out of range
2022-01-31 13:43:12,739 - INFO - MainProcess - query_execution.segment1 - list index out of range
2022-01-31 13:43:12,739 - INFO - MainProcess - query_execution.segment1 - list index out of range
2022-01-31 13:43:12,739 - INFO - MainProcess - query_execution.segment1 - list index out of range
2022-01-31 13:43:12,739 - INFO - MainProcess - query_execution.segment1 - list index out of range
2022-01-31 13:43:12,739 - INFO - MainProcess - query_execution.segment1 - list index out of range
2022-01-31 13:43:12,739 - INFO - MainProcess - query_execution.segment1 - list index out of range
2022-01-31 13:43:12,739 - INFO - MainProcess - query_execution.segment1 - list index out of range
2022-01-31 13:43:12,739 - INFO - MainProcess - query_execution.segment1 - list index out of range
2022-01-31 13:43:12,739 - INFO - MainProcess - query_execution.segment1 - list index out of range
2022-01-31 13:43:12,755 - INFO - MainProcess - query_execution.segment1 - list index out of range
2022-01-31 13:43:12,755 - INFO - MainProcess - query_execution.segment1 - list index out of range
2022-01-31 13:43:12,755 - INFO - MainProcess - query_execution.segment1 - list index out of range
2022-01-31 13:43:12,755 - INFO - MainProcess - query_execution.segment1 - list index out of range
2022-01-31 13:43:12,755 - INFO - MainProcess - query_execution.segment1 - list index out of range
2022-01-31 13:43:12,755 - INFO - MainProcess - query_execution.segment1 - list index out of range
2022-01-31 13:43:12,755 - INFO - MainProcess - query_execution.segment1 - list index out of range
2022-01-31 13:43:12,755 - INFO - MainProcess - query_execution.segment1 - list index out of range
2022-01-31 13:43:12,755 - INFO - MainProcess - query_execution.segment1 - list index out of range
2022-01-31 13:43:12,755 - INFO - MainProcess - query_execution.segment1 - list index out of range
2022-01-31 13:43:12,755 - INFO - MainProcess - query_execution.segment1 - list index out of range
2022-01-31 13:43:12,755 - INFO - MainProcess - query_execution.segment1 - list index out of range
2022-01-31 13:43:12,755 - INFO - MainProcess - query_execution.segment1 - list index out of range
2022-01-31 13:43:12,755 - INFO - MainProcess - query_execution.segment1 - list index out of range
2022-01-31 13:43:12,755 - INFO - MainProcess - query_execution.segment1 - list index out of range
2022-01-31 13:43:12,755 - INFO - MainProcess - query_execution.segment1 - list index out of range
2022-01-31 13:43:12,755 - INFO - MainProcess - query_execution.segment1 - list index out of range
2022-01-31 13:43:12,755 - INFO - MainProcess - query_execution.segment1 - list index out of range
2022-01-31 13:43:12,755 - INFO - MainProcess - query_execution.segment1 - list index out of range
2022-01-31 13:43:12,755 - INFO - MainProcess - query_execution.segment1 - list index out of range
2022-01-31 13:43:12,755 - INFO - MainProcess - query_execution.segment1 - list index out of range
2022-01-31 13:43:12,755 - INFO - MainProcess - query_execution.segment1 - list index out of range
2022-01-31 13:43:12,755 - INFO - MainProcess - query_execution.segment1 - list index out of range
2022-01-31 13:43:12,755 - INFO - MainProcess - query_execution.segment1 - list index out of range
2022-01-31 13:43:12,755 - INFO - MainProcess - query_execution.segment1 - list index out of range
2022-01-31 13:43:12,755 - INFO - MainProcess - query_execution.segment1 - list index out of range
2022-01-31 13:43:12,755 - INFO - MainProcess - query_execution.segment1 - list index out of range
2022-01-31 13:43:12,755 - INFO - MainProcess - query_execution.segment1 - list index out of range
2022-01-31 13:43:12,755 - INFO - MainProcess - query_execution.segment1 - list index out of range
2022-01-31 13:43:12,755 - INFO - MainProcess - query_execution.segment1 - list index out of range
2022-01-31 13:43:12,755 - INFO - MainProcess - query_execution.segment1 - list index out of range
2022-01-31 13:43:12,755 - INFO - MainProcess - query_execution.segment1 - list index out of range
2022-01-31 13:43:12,755 - INFO - MainProcess - query_execution.segment1 - list index out of range
2022-01-31 13:43:12,755 - INFO - MainProcess - query_execution.segment1 - list index out of range
2022-01-31 13:43:12,755 - INFO - MainProcess - query_execution.segment1 - list index out of range
2022-01-31 13:43:12,755 - INFO - MainProcess - query_execution.segment1 - list index out of range
2022-01-31 13:43:12,755 - INFO - MainProcess - query_execution.segment1 - list index out of range
2022-01-31 13:43:12,755 - INFO - MainProcess - query_execution.segment1 - list index out of range
2022-01-31 13:43:12,755 - INFO - MainProcess - query_execution.segment1 - list index out of range
2022-01-31 13:43:12,755 - INFO - MainProcess - query_execution.segment1 - list index out of range
2022-01-31 13:43:12,755 - INFO - MainProcess - query_execution.segment1 - list index out of range
2022-01-31 13:43:12,755 - INFO - MainProcess - query_execution.segment1 - list index out of range
2022-01-31 13:43:12,770 - INFO - MainProcess - query_execution.segment1 - list index out of range
2022-01-31 13:43:12,770 - INFO - MainProcess - query_execution.segment1 - list index out of range
2022-01-31 13:43:12,770 - INFO - MainProcess - query_execution.segment1 - list index out of range
2022-01-31 13:43:12,770 - INFO - MainProcess - query_execution.segment1 - list index out of range
2022-01-31 13:43:12,770 - INFO - MainProcess - query_execution.segment1 - list index out of range
2022-01-31 13:43:12,770 - INFO - MainProcess - query_execution.segment1 - list index out of range
2022-01-31 13:43:12,770 - INFO - MainProcess - query_execution.segment1 - list index out of range
2022-01-31 13:43:12,770 - INFO - MainProcess - query_execution.segment1 - list index out of range
2022-01-31 13:43:12,770 - INFO - MainProcess - query_execution.segment1 - list index out of range
2022-01-31 13:43:12,770 - INFO - MainProcess - query_execution.segment1 - list index out of range
2022-01-31 13:43:12,770 - INFO - MainProcess - query_execution.segment1 - list index out of range
2022-01-31 13:43:12,770 - INFO - MainProcess - query_execution.segment1 - list index out of range
2022-01-31 13:43:12,770 - INFO - MainProcess - query_execution.segment1 - list index out of range
2022-01-31 13:43:12,770 - INFO - MainProcess - query_execution.segment1 - list index out of range
2022-01-31 13:43:12,770 - INFO - MainProcess - query_execution.segment1 - list index out of range
2022-01-31 13:43:12,770 - INFO - MainProcess - query_execution.segment1 - list index out of range
2022-01-31 13:43:12,770 - INFO - MainProcess - query_execution.segment1 - list index out of range
2022-01-31 13:43:12,770 - INFO - MainProcess - query_execution.segment1 - list index out of range
2022-01-31 13:43:12,770 - INFO - MainProcess - query_execution.segment1 - list index out of range
2022-01-31 13:43:12,770 - INFO - MainProcess - query_execution.segment1 - list index out of range
2022-01-31 13:43:12,770 - INFO - MainProcess - query_execution.segment1 - list index out of range
2022-01-31 13:43:12,770 - INFO - MainProcess - query_execution.segment1 - list index out of range
2022-01-31 13:43:12,770 - INFO - MainProcess - query_execution.segment1 - list index out of range
2022-01-31 13:43:12,770 - INFO - MainProcess - query_execution.segment1 - list index out of range
2022-01-31 13:43:12,770 - INFO - MainProcess - query_execution.segment1 - list index out of range
2022-01-31 13:43:12,770 - INFO - MainProcess - query_execution.segment1 - list index out of range
2022-01-31 13:43:12,770 - INFO - MainProcess - query_execution.segment1 - list index out of range
2022-01-31 13:43:12,770 - INFO - MainProcess - query_execution.segment1 - list index out of range
2022-01-31 13:43:12,770 - INFO - MainProcess - query_execution.segment1 - list index out of range
2022-01-31 13:43:12,770 - INFO - MainProcess - query_execution.segment1 - list index out of range
2022-01-31 13:43:12,770 - INFO - MainProcess - query_execution.segment1 - list index out of range
2022-01-31 13:43:12,770 - INFO - MainProcess - query_execution.segment1 - list index out of range
2022-01-31 13:43:12,770 - INFO - MainProcess - query_execution.segment1 - list index out of range
2022-01-31 13:43:12,770 - INFO - MainProcess - query_execution.segment1 - list index out of range
2022-01-31 13:43:12,770 - INFO - MainProcess - query_execution.segment1 - list index out of range
2022-01-31 13:43:12,770 - INFO - MainProcess - query_execution.segment1 - list index out of range
2022-01-31 13:43:12,770 - INFO - MainProcess - query_execution.segment1 - list index out of range
2022-01-31 13:43:12,770 - INFO - MainProcess - query_execution.segment1 - list index out of range
2022-01-31 13:43:12,770 - INFO - MainProcess - query_execution.segment1 - list index out of range
2022-01-31 13:43:12,770 - INFO - MainProcess - query_execution.segment1 - list index out of range
2022-01-31 13:43:12,770 - INFO - MainProcess - query_execution.segment1 - list index out of range
2022-01-31 13:43:12,770 - INFO - MainProcess - query_execution.segment1 - list index out of range
2022-01-31 13:43:12,786 - INFO - MainProcess - query_execution.segment1 - list index out of range
2022-01-31 13:43:12,786 - INFO - MainProcess - query_execution.segment1 - list index out of range
2022-01-31 13:43:12,786 - INFO - MainProcess - query_execution.segment1 - list index out of range
2022-01-31 13:43:12,786 - INFO - MainProcess - query_execution.segment1 - list index out of range
2022-01-31 13:43:12,786 - INFO - MainProcess - query_execution.segment1 - list index out of range
2022-01-31 13:43:12,786 - INFO - MainProcess - query_execution.segment1 - list index out of range
2022-01-31 13:43:12,786 - INFO - MainProcess - query_execution.segment1 - list index out of range
2022-01-31 13:43:12,786 - INFO - MainProcess - query_execution.segment1 - list index out of range
2022-01-31 13:43:12,786 - INFO - MainProcess - query_execution.segment1 - list index out of range
2022-01-31 13:43:12,786 - INFO - MainProcess - query_execution.segment1 - list index out of range
2022-01-31 13:43:12,786 - INFO - MainProcess - query_execution.segment1 - list index out of range
2022-01-31 13:43:12,786 - INFO - MainProcess - query_execution.segment1 - list index out of range
2022-01-31 13:43:12,786 - INFO - MainProcess - query_execution.segment1 - list index out of range
2022-01-31 13:43:12,786 - INFO - MainProcess - query_execution.segment1 - list index out of range
2022-01-31 13:43:12,786 - INFO - MainProcess - query_execution.segment1 - list index out of range
2022-01-31 13:43:12,786 - INFO - MainProcess - query_execution.segment1 - list index out of range
2022-01-31 13:43:12,786 - INFO - MainProcess - query_execution.segment1 - list index out of range
2022-01-31 13:43:12,786 - INFO - MainProcess - query_execution.segment1 - list index out of range
2022-01-31 13:43:12,786 - INFO - MainProcess - query_execution.segment1 - list index out of range
2022-01-31 13:43:12,786 - INFO - MainProcess - query_execution.segment1 - list index out of range
2022-01-31 13:43:12,786 - INFO - MainProcess - query_execution.segment1 - list index out of range
2022-01-31 13:43:12,786 - INFO - MainProcess - query_execution.segment1 - list index out of range
2022-01-31 13:43:12,786 - INFO - MainProcess - query_execution.segment1 - list index out of range
2022-01-31 13:43:12,786 - INFO - MainProcess - query_execution.segment1 - list index out of range
2022-01-31 13:43:12,786 - INFO - MainProcess - query_execution.segment1 - list index out of range
2022-01-31 13:43:12,786 - INFO - MainProcess - query_execution.segment1 - list index out of range
2022-01-31 13:43:12,786 - INFO - MainProcess - query_execution.segment1 - list index out of range
2022-01-31 13:43:12,786 - INFO - MainProcess - query_execution.segment1 - list index out of range
2022-01-31 13:43:12,786 - INFO - MainProcess - query_execution.segment1 - list index out of range
2022-01-31 13:43:12,786 - INFO - MainProcess - query_execution.segment1 - list index out of range
2022-01-31 13:43:12,786 - INFO - MainProcess - query_execution.segment1 - list index out of range
2022-01-31 13:43:12,786 - INFO - MainProcess - query_execution.segment1 - list index out of range
2022-01-31 13:43:12,786 - INFO - MainProcess - query_execution.segment1 - list index out of range
2022-01-31 13:43:12,786 - INFO - MainProcess - query_execution.segment1 - list index out of range
2022-01-31 13:43:12,786 - INFO - MainProcess - query_execution.segment1 - list index out of range
2022-01-31 13:43:12,786 - INFO - MainProcess - query_execution.segment1 - list index out of range
2022-01-31 13:43:12,786 - INFO - MainProcess - query_execution.segment1 - list index out of range
2022-01-31 13:43:12,786 - INFO - MainProcess - query_execution.segment1 - list index out of range
2022-01-31 13:43:12,786 - INFO - MainProcess - query_execution.segment1 - list index out of range
2022-01-31 13:43:12,786 - INFO - MainProcess - query_execution.segment1 - list index out of range
2022-01-31 13:43:12,786 - INFO - MainProcess - query_execution.segment1 - list index out of range
2022-01-31 13:43:12,786 - INFO - MainProcess - query_execution.segment1 - list index out of range
2022-01-31 13:43:12,802 - INFO - MainProcess - query_execution.segment1 - list index out of range
2022-01-31 13:43:12,802 - INFO - MainProcess - query_execution.segment1 - list index out of range
2022-01-31 13:43:12,802 - INFO - MainProcess - query_execution.segment1 - list index out of range
2022-01-31 13:43:12,802 - INFO - MainProcess - query_execution.segment1 - list index out of range
2022-01-31 13:43:12,802 - INFO - MainProcess - query_execution.segment1 - list index out of range
2022-01-31 13:43:12,802 - INFO - MainProcess - query_execution.segment1 - list index out of range
2022-01-31 13:43:12,802 - INFO - MainProcess - query_execution.segment1 - list index out of range
2022-01-31 13:43:12,802 - INFO - MainProcess - query_execution.segment1 - list index out of range
2022-01-31 13:43:12,802 - INFO - MainProcess - query_execution.segment1 - list index out of range
2022-01-31 13:43:12,802 - INFO - MainProcess - query_execution.segment1 - list index out of range
2022-01-31 13:43:12,802 - INFO - MainProcess - query_execution.segment1 - list index out of range
2022-01-31 13:43:12,802 - INFO - MainProcess - query_execution.segment1 - list index out of range
2022-01-31 13:43:12,802 - INFO - MainProcess - query_execution.segment1 - list index out of range
2022-01-31 13:43:12,802 - INFO - MainProcess - query_execution.segment1 - list index out of range
2022-01-31 13:43:12,802 - INFO - MainProcess - query_execution.segment1 - list index out of range
2022-01-31 13:43:12,802 - INFO - MainProcess - query_execution.segment1 - list index out of range
2022-01-31 13:43:12,802 - INFO - MainProcess - query_execution.segment1 - list index out of range
2022-01-31 13:43:12,802 - INFO - MainProcess - query_execution.segment1 - list index out of range
2022-01-31 13:43:12,802 - INFO - MainProcess - query_execution.segment1 - list index out of range
2022-01-31 13:43:12,802 - INFO - MainProcess - query_execution.segment1 - list index out of range
2022-01-31 13:43:12,802 - INFO - MainProcess - query_execution.segment1 - list index out of range
2022-01-31 13:43:12,802 - INFO - MainProcess - query_execution.segment1 - list index out of range
2022-01-31 13:43:12,802 - INFO - MainProcess - query_execution.segment1 - list index out of range
2022-01-31 13:43:12,802 - INFO - MainProcess - query_execution.segment1 - list index out of range
2022-01-31 13:43:12,802 - INFO - MainProcess - query_execution.segment1 - list index out of range
2022-01-31 13:43:12,802 - INFO - MainProcess - query_execution.segment1 - list index out of range
2022-01-31 13:43:12,802 - INFO - MainProcess - query_execution.segment1 - list index out of range
2022-01-31 13:43:12,802 - INFO - MainProcess - query_execution.segment1 - list index out of range
2022-01-31 13:43:12,802 - INFO - MainProcess - query_execution.segment1 - list index out of range
2022-01-31 13:43:12,802 - INFO - MainProcess - query_execution.segment1 - list index out of range
2022-01-31 13:43:12,802 - INFO - MainProcess - query_execution.segment1 - list index out of range
2022-01-31 13:43:12,802 - INFO - MainProcess - query_execution.segment1 - list index out of range
2022-01-31 13:43:12,802 - INFO - MainProcess - query_execution.segment1 - list index out of range
2022-01-31 13:43:12,802 - INFO - MainProcess - query_execution.segment1 - list index out of range
2022-01-31 13:43:12,802 - INFO - MainProcess - query_execution.segment1 - list index out of range
2022-01-31 13:43:12,802 - INFO - MainProcess - query_execution.segment1 - list index out of range
2022-01-31 13:43:12,802 - INFO - MainProcess - query_execution.segment1 - list index out of range
2022-01-31 13:43:12,802 - INFO - MainProcess - query_execution.segment1 - list index out of range
2022-01-31 13:43:12,802 - INFO - MainProcess - query_execution.segment1 - list index out of range
2022-01-31 13:43:12,802 - INFO - MainProcess - query_execution.segment1 - list index out of range
2022-01-31 13:43:12,802 - INFO - MainProcess - query_execution.segment1 - list index out of range
2022-01-31 13:43:12,802 - INFO - MainProcess - query_execution.segment1 - list index out of range
2022-01-31 13:43:12,817 - INFO - MainProcess - query_execution.segment1 - list index out of range
2022-01-31 13:43:12,817 - INFO - MainProcess - query_execution.segment1 - list index out of range
2022-01-31 13:43:12,817 - INFO - MainProcess - query_execution.segment1 - list index out of range
2022-01-31 13:43:12,817 - INFO - MainProcess - query_execution.segment1 - list index out of range
2022-01-31 13:43:12,817 - INFO - MainProcess - query_execution.segment1 - list index out of range
2022-01-31 13:43:12,817 - INFO - MainProcess - query_execution.segment1 - list index out of range
2022-01-31 13:43:12,817 - INFO - MainProcess - query_execution.segment1 - list index out of range
2022-01-31 13:43:12,817 - INFO - MainProcess - query_execution.segment1 - list index out of range
2022-01-31 13:43:12,817 - INFO - MainProcess - query_execution.segment1 - list index out of range
2022-01-31 13:43:12,817 - INFO - MainProcess - query_execution.segment1 - list index out of range
2022-01-31 13:43:12,817 - INFO - MainProcess - query_execution.segment1 - list index out of range
2022-01-31 13:43:12,817 - INFO - MainProcess - query_execution.segment1 - list index out of range
2022-01-31 13:43:12,817 - INFO - MainProcess - query_execution.segment1 - list index out of range
2022-01-31 13:43:12,817 - INFO - MainProcess - query_execution.segment1 - list index out of range
2022-01-31 13:43:12,817 - INFO - MainProcess - query_execution.segment1 - list index out of range
2022-01-31 13:43:12,817 - INFO - MainProcess - query_execution.segment1 - list index out of range
2022-01-31 13:43:12,817 - INFO - MainProcess - query_execution.segment1 - list index out of range
2022-01-31 13:43:12,817 - INFO - MainProcess - query_execution.segment1 - list index out of range
2022-01-31 13:43:12,817 - INFO - MainProcess - query_execution.segment1 - list index out of range
2022-01-31 13:43:12,817 - INFO - MainProcess - query_execution.segment1 - list index out of range
2022-01-31 13:43:12,817 - INFO - MainProcess - query_execution.segment1 - list index out of range
2022-01-31 13:43:12,817 - INFO - MainProcess - query_execution.segment1 - list index out of range
2022-01-31 13:43:12,817 - INFO - MainProcess - query_execution.segment1 - list index out of range
2022-01-31 13:43:12,817 - INFO - MainProcess - query_execution.segment1 - list index out of range
2022-01-31 13:43:12,817 - INFO - MainProcess - query_execution.segment1 - list index out of range
2022-01-31 13:43:12,817 - INFO - MainProcess - query_execution.segment1 - list index out of range
2022-01-31 13:43:12,817 - INFO - MainProcess - query_execution.segment1 - list index out of range
2022-01-31 13:43:12,817 - INFO - MainProcess - query_execution.segment1 - list index out of range
2022-01-31 13:43:12,817 - INFO - MainProcess - query_execution.segment1 - list index out of range
2022-01-31 13:43:12,817 - INFO - MainProcess - query_execution.segment1 - list index out of range
2022-01-31 13:43:12,817 - INFO - MainProcess - query_execution.segment1 - list index out of range
2022-01-31 13:43:12,817 - INFO - MainProcess - query_execution.segment1 - list index out of range
2022-01-31 13:43:12,817 - INFO - MainProcess - query_execution.segment1 - list index out of range
2022-01-31 13:43:12,817 - INFO - MainProcess - query_execution.segment1 - list index out of range
2022-01-31 13:43:12,817 - INFO - MainProcess - query_execution.segment1 - list index out of range
2022-01-31 13:43:12,817 - INFO - MainProcess - query_execution.segment1 - list index out of range
2022-01-31 13:43:12,817 - INFO - MainProcess - query_execution.segment1 - list index out of range
2022-01-31 13:43:12,817 - INFO - MainProcess - query_execution.segment1 - list index out of range
2022-01-31 13:43:12,817 - INFO - MainProcess - query_execution.segment1 - list index out of range
2022-01-31 13:43:12,817 - INFO - MainProcess - query_execution.segment1 - list index out of range
2022-01-31 13:43:12,817 - INFO - MainProcess - query_execution.segment1 - list index out of range
2022-01-31 13:43:12,817 - INFO - MainProcess - query_execution.segment1 - list index out of range
2022-01-31 13:43:12,833 - INFO - MainProcess - query_execution.segment1 - list index out of range
2022-01-31 13:43:12,833 - INFO - MainProcess - query_execution.segment1 - list index out of range
2022-01-31 13:43:12,833 - INFO - MainProcess - query_execution.segment1 - list index out of range
2022-01-31 13:43:12,833 - INFO - MainProcess - query_execution.segment1 - list index out of range
2022-01-31 13:43:12,833 - INFO - MainProcess - query_execution.segment1 - list index out of range
2022-01-31 13:43:12,833 - INFO - MainProcess - query_execution.segment1 - list index out of range
2022-01-31 13:43:12,833 - INFO - MainProcess - query_execution.segment1 - list index out of range
2022-01-31 13:43:12,833 - INFO - MainProcess - query_execution.segment1 - list index out of range
2022-01-31 13:43:12,833 - INFO - MainProcess - query_execution.segment1 - list index out of range
2022-01-31 13:43:12,833 - INFO - MainProcess - query_execution.segment1 - list index out of range
2022-01-31 13:43:12,833 - INFO - MainProcess - query_execution.segment1 - list index out of range
2022-01-31 13:43:12,833 - INFO - MainProcess - query_execution.segment1 - list index out of range
2022-01-31 13:43:12,833 - INFO - MainProcess - query_execution.segment1 - list index out of range
2022-01-31 13:43:12,833 - INFO - MainProcess - query_execution.segment1 - list index out of range
2022-01-31 13:43:12,833 - INFO - MainProcess - query_execution.segment1 - list index out of range
2022-01-31 13:43:12,833 - INFO - MainProcess - query_execution.segment1 - list index out of range
2022-01-31 13:43:12,833 - INFO - MainProcess - query_execution.segment1 - list index out of range
2022-01-31 13:43:12,833 - INFO - MainProcess - query_execution.segment1 - list index out of range
2022-01-31 13:43:12,833 - INFO - MainProcess - query_execution.segment1 - list index out of range
2022-01-31 13:43:12,833 - INFO - MainProcess - query_execution.segment1 - list index out of range
2022-01-31 13:43:12,833 - INFO - MainProcess - query_execution.segment1 - list index out of range
2022-01-31 13:43:12,833 - INFO - MainProcess - query_execution.segment1 - list index out of range
2022-01-31 13:43:12,833 - INFO - MainProcess - query_execution.segment1 - list index out of range
2022-01-31 13:43:12,833 - INFO - MainProcess - query_execution.segment1 - list index out of range
2022-01-31 13:43:12,833 - INFO - MainProcess - query_execution.segment1 - list index out of range
2022-01-31 13:43:12,833 - INFO - MainProcess - query_execution.segment1 - list index out of range
2022-01-31 13:43:12,833 - INFO - MainProcess - query_execution.segment1 - list index out of range
2022-01-31 13:43:12,833 - INFO - MainProcess - query_execution.segment1 - list index out of range
2022-01-31 13:43:12,833 - INFO - MainProcess - query_execution.segment1 - list index out of range
2022-01-31 13:43:12,833 - INFO - MainProcess - query_execution.segment1 - list index out of range
2022-01-31 13:43:12,833 - INFO - MainProcess - query_execution.segment1 - list index out of range
2022-01-31 13:43:12,833 - INFO - MainProcess - query_execution.segment1 - list index out of range
2022-01-31 13:43:12,833 - INFO - MainProcess - query_execution.segment1 - list index out of range
2022-01-31 13:43:12,833 - INFO - MainProcess - query_execution.segment1 - list index out of range
2022-01-31 13:43:12,833 - INFO - MainProcess - query_execution.segment1 - list index out of range
2022-01-31 13:43:12,833 - INFO - MainProcess - query_execution.segment1 - list index out of range
2022-01-31 13:43:12,833 - INFO - MainProcess - query_execution.segment1 - list index out of range
2022-01-31 13:43:12,833 - INFO - MainProcess - query_execution.segment1 - list index out of range
2022-01-31 13:43:12,833 - INFO - MainProcess - query_execution.segment1 - list index out of range
2022-01-31 13:43:12,833 - INFO - MainProcess - query_execution.segment1 - list index out of range
2022-01-31 13:43:12,833 - INFO - MainProcess - query_execution.segment1 - list index out of range
2022-01-31 13:43:12,833 - INFO - MainProcess - query_execution.segment1 - list index out of range
2022-01-31 13:43:12,848 - INFO - MainProcess - query_execution.segment1 - list index out of range
2022-01-31 13:43:12,848 - INFO - MainProcess - query_execution.segment1 - list index out of range
2022-01-31 13:43:12,848 - INFO - MainProcess - query_execution.segment1 - list index out of range
2022-01-31 13:43:12,848 - INFO - MainProcess - query_execution.segment1 - list index out of range
2022-01-31 13:43:12,848 - INFO - MainProcess - query_execution.segment1 - list index out of range
2022-01-31 13:43:12,848 - INFO - MainProcess - query_execution.segment1 - list index out of range
2022-01-31 13:43:12,848 - INFO - MainProcess - query_execution.segment1 - list index out of range
2022-01-31 13:43:12,848 - INFO - MainProcess - query_execution.segment1 - list index out of range
2022-01-31 13:43:12,848 - INFO - MainProcess - query_execution.segment1 - list index out of range
2022-01-31 13:43:12,848 - INFO - MainProcess - query_execution.segment1 - list index out of range
2022-01-31 13:43:12,848 - INFO - MainProcess - query_execution.segment1 - list index out of range
2022-01-31 13:43:12,848 - INFO - MainProcess - query_execution.segment1 - list index out of range
2022-01-31 13:43:12,848 - INFO - MainProcess - query_execution.segment1 - list index out of range
2022-01-31 13:43:12,848 - INFO - MainProcess - query_execution.segment1 - list index out of range
2022-01-31 13:43:12,848 - INFO - MainProcess - query_execution.segment1 - list index out of range
2022-01-31 13:43:12,848 - INFO - MainProcess - query_execution.segment1 - list index out of range
2022-01-31 13:43:12,848 - INFO - MainProcess - query_execution.segment1 - list index out of range
2022-01-31 13:43:12,848 - INFO - MainProcess - query_execution.segment1 - list index out of range
2022-01-31 13:43:12,848 - INFO - MainProcess - query_execution.segment1 - list index out of range
2022-01-31 13:43:12,848 - INFO - MainProcess - query_execution.segment1 - list index out of range
2022-01-31 13:43:12,848 - INFO - MainProcess - query_execution.segment1 - list index out of range
2022-01-31 13:43:12,848 - INFO - MainProcess - query_execution.segment1 - list index out of range
2022-01-31 13:43:12,848 - INFO - MainProcess - query_execution.segment1 - list index out of range
2022-01-31 13:43:12,848 - INFO - MainProcess - query_execution.segment1 - list index out of range
2022-01-31 13:43:12,848 - INFO - MainProcess - query_execution.segment1 - list index out of range
2022-01-31 13:43:12,848 - INFO - MainProcess - query_execution.segment1 - list index out of range
2022-01-31 13:43:12,848 - INFO - MainProcess - query_execution.segment1 - list index out of range
2022-01-31 13:43:12,848 - INFO - MainProcess - query_execution.segment1 - list index out of range
2022-01-31 13:43:12,848 - INFO - MainProcess - query_execution.segment1 - list index out of range
2022-01-31 13:43:12,848 - INFO - MainProcess - query_execution.segment1 - list index out of range
2022-01-31 13:43:12,848 - INFO - MainProcess - query_execution.segment1 - list index out of range
2022-01-31 13:43:12,848 - INFO - MainProcess - query_execution.segment1 - list index out of range
2022-01-31 13:43:12,848 - INFO - MainProcess - query_execution.segment1 - list index out of range
2022-01-31 13:43:12,848 - INFO - MainProcess - query_execution.segment1 - list index out of range
2022-01-31 13:43:12,848 - INFO - MainProcess - query_execution.segment1 - list index out of range
2022-01-31 13:43:12,848 - INFO - MainProcess - query_execution.segment1 - list index out of range
2022-01-31 13:43:12,848 - INFO - MainProcess - query_execution.segment1 - list index out of range
2022-01-31 13:43:12,848 - INFO - MainProcess - query_execution.segment1 - list index out of range
2022-01-31 13:43:12,848 - INFO - MainProcess - query_execution.segment1 - list index out of range
2022-01-31 13:43:12,848 - INFO - MainProcess - query_execution.segment1 - list index out of range
2022-01-31 13:43:12,848 - INFO - MainProcess - query_execution.segment1 - list index out of range
2022-01-31 13:43:12,848 - INFO - MainProcess - query_execution.segment1 - list index out of range
2022-01-31 13:43:12,864 - INFO - MainProcess - query_execution.segment1 - list index out of range
2022-01-31 13:43:12,864 - INFO - MainProcess - query_execution.segment1 - list index out of range
2022-01-31 13:43:12,864 - INFO - MainProcess - query_execution.segment1 - list index out of range
2022-01-31 13:43:12,864 - INFO - MainProcess - query_execution.segment1 - list index out of range
2022-01-31 13:43:12,864 - INFO - MainProcess - query_execution.segment1 - list index out of range
2022-01-31 13:43:12,864 - INFO - MainProcess - query_execution.segment1 - list index out of range
2022-01-31 13:43:12,864 - INFO - MainProcess - query_execution.segment1 - list index out of range
2022-01-31 13:43:12,864 - INFO - MainProcess - query_execution.segment1 - list index out of range
2022-01-31 13:43:12,864 - INFO - MainProcess - query_execution.segment1 - list index out of range
2022-01-31 13:43:12,864 - INFO - MainProcess - query_execution.segment1 - list index out of range
2022-01-31 13:43:12,864 - INFO - MainProcess - query_execution.segment1 - list index out of range
2022-01-31 13:43:12,864 - INFO - MainProcess - query_execution.segment1 - list index out of range
2022-01-31 13:43:12,864 - INFO - MainProcess - query_execution.segment1 - list index out of range
2022-01-31 13:43:12,864 - INFO - MainProcess - query_execution.segment1 - list index out of range
2022-01-31 13:43:12,864 - INFO - MainProcess - query_execution.segment1 - list index out of range
2022-01-31 13:43:12,864 - INFO - MainProcess - query_execution.segment1 - list index out of range
2022-01-31 13:43:12,864 - INFO - MainProcess - query_execution.segment1 - list index out of range
2022-01-31 13:43:12,864 - INFO - MainProcess - query_execution.segment1 - list index out of range
2022-01-31 13:43:12,864 - INFO - MainProcess - query_execution.segment1 - list index out of range
2022-01-31 13:43:12,864 - INFO - MainProcess - query_execution.segment1 - list index out of range
2022-01-31 13:43:12,864 - INFO - MainProcess - query_execution.segment1 - list index out of range
2022-01-31 13:43:12,864 - INFO - MainProcess - query_execution.segment1 - list index out of range
2022-01-31 13:43:12,864 - INFO - MainProcess - query_execution.segment1 - list index out of range
2022-01-31 13:43:12,864 - INFO - MainProcess - query_execution.segment1 - list index out of range
2022-01-31 13:43:12,864 - INFO - MainProcess - query_execution.segment1 - list index out of range
2022-01-31 13:43:12,864 - INFO - MainProcess - query_execution.segment1 - list index out of range
2022-01-31 13:43:12,864 - INFO - MainProcess - query_execution.segment1 - list index out of range
2022-01-31 13:43:12,864 - INFO - MainProcess - query_execution.segment1 - list index out of range
2022-01-31 13:43:12,864 - INFO - MainProcess - query_execution.segment1 - list index out of range
2022-01-31 13:43:12,864 - INFO - MainProcess - query_execution.segment1 - list index out of range
2022-01-31 13:43:12,864 - INFO - MainProcess - query_execution.segment1 - list index out of range
2022-01-31 13:43:12,864 - INFO - MainProcess - query_execution.segment1 - list index out of range
2022-01-31 13:43:12,864 - INFO - MainProcess - query_execution.segment1 - list index out of range
2022-01-31 13:43:12,864 - INFO - MainProcess - query_execution.segment1 - list index out of range
2022-01-31 13:43:12,864 - INFO - MainProcess - query_execution.segment1 - list index out of range
2022-01-31 13:43:12,864 - INFO - MainProcess - query_execution.segment1 - list index out of range
2022-01-31 13:43:12,864 - INFO - MainProcess - query_execution.segment1 - list index out of range
2022-01-31 13:43:12,864 - INFO - MainProcess - query_execution.segment1 - list index out of range
2022-01-31 13:43:12,864 - INFO - MainProcess - query_execution.segment1 - list index out of range
2022-01-31 13:43:12,864 - INFO - MainProcess - query_execution.segment1 - list index out of range
2022-01-31 13:43:14,705 - INFO - MainProcess - query_execution.segment1 - [{'segment1': {'src_total_count': 222, 'dst_total_count': 222, 'diff_count': 0}}]
2022-01-31 13:43:14,705 - INFO - MainProcess - query_execution.segment1 - segment1 table data validation END
2022-01-31 13:43:14,720 - INFO - MainProcess - __main__ - Final report => [{'segment1': {'src_total_count': 222, 'dst_total_count': 222, 'diff_count': 0}}]
