2022-01-31 13:39:35,572 - DEBUG - MainProcess - root - configuration loaded
2022-01-31 13:39:35,634 - INFO - MainProcess - connection.connect_db - CONNECTION SUCCESSFULLY source
2022-01-31 13:39:35,634 - INFO - MainProcess - connection.connect_db - CONNECTION SUCCESSFULLY destination
2022-01-31 13:39:35,634 - INFO - MainProcess - query_execution.segment1 - segment1 table data validation START
2022-01-31 13:39:36,570 - INFO - MainProcess - query_execution.segment1 - list index out of range
2022-01-31 13:39:36,570 - INFO - MainProcess - query_execution.segment1 - list index out of range
2022-01-31 13:39:36,570 - INFO - MainProcess - query_execution.segment1 - list index out of range
2022-01-31 13:39:36,570 - INFO - MainProcess - query_execution.segment1 - list index out of range
2022-01-31 13:39:36,570 - INFO - MainProcess - query_execution.segment1 - list index out of range
2022-01-31 13:39:36,570 - INFO - MainProcess - query_execution.segment1 - list index out of range
2022-01-31 13:39:36,570 - INFO - MainProcess - query_execution.segment1 - list index out of range
2022-01-31 13:39:36,570 - INFO - MainProcess - query_execution.segment1 - list index out of range
2022-01-31 13:39:36,570 - INFO - MainProcess - query_execution.segment1 - list index out of range
2022-01-31 13:39:36,570 - INFO - MainProcess - query_execution.segment1 - list index out of range
2022-01-31 13:39:36,570 - INFO - MainProcess - query_execution.segment1 - list index out of range
2022-01-31 13:39:36,570 - INFO - MainProcess - query_execution.segment1 - list index out of range
2022-01-31 13:39:36,570 - INFO - MainProcess - query_execution.segment1 - list index out of range
2022-01-31 13:39:36,570 - INFO - MainProcess - query_execution.segment1 - list index out of range
2022-01-31 13:39:36,570 - INFO - MainProcess - query_execution.segment1 - list index out of range
2022-01-31 13:39:36,586 - INFO - MainProcess - query_execution.segment1 - list index out of range
2022-01-31 13:39:36,586 - INFO - MainProcess - query_execution.segment1 - list index out of range
2022-01-31 13:39:36,586 - INFO - MainProcess - query_execution.segment1 - list index out of range
2022-01-31 13:39:36,586 - INFO - MainProcess - query_execution.segment1 - list index out of range
2022-01-31 13:39:36,586 - INFO - MainProcess - query_execution.segment1 - list index out of range
2022-01-31 13:39:36,586 - INFO - MainProcess - query_execution.segment1 - list index out of range
2022-01-31 13:39:36,586 - INFO - MainProcess - query_execution.segment1 - list index out of range
2022-01-31 13:39:36,586 - INFO - MainProcess - query_execution.segment1 - list index out of range
2022-01-31 13:39:36,586 - INFO - MainProcess - query_execution.segment1 - list index out of range
2022-01-31 13:39:36,586 - INFO - MainProcess - query_execution.segment1 - list index out of range
2022-01-31 13:39:36,586 - INFO - MainProcess - query_execution.segment1 - list index out of range
2022-01-31 13:39:36,586 - INFO - MainProcess - query_execution.segment1 - list index out of range
2022-01-31 13:39:36,586 - INFO - MainProcess - query_execution.segment1 - list index out of range
2022-01-31 13:39:36,586 - INFO - MainProcess - query_execution.segment1 - list index out of range
2022-01-31 13:39:36,586 - INFO - MainProcess - query_execution.segment1 - list index out of range
2022-01-31 13:39:36,586 - INFO - MainProcess - query_execution.segment1 - list index out of range
2022-01-31 13:39:36,586 - INFO - MainProcess - query_execution.segment1 - list index out of range
2022-01-31 13:39:36,586 - INFO - MainProcess - query_execution.segment1 - list index out of range
2022-01-31 13:39:36,586 - INFO - MainProcess - query_execution.segment1 - list index out of range
2022-01-31 13:39:36,586 - INFO - MainProcess - query_execution.segment1 - list index out of range
2022-01-31 13:39:36,586 - INFO - MainProcess - query_execution.segment1 - list index out of range
2022-01-31 13:39:36,586 - INFO - MainProcess - query_execution.segment1 - list index out of range
2022-01-31 13:39:36,586 - INFO - MainProcess - query_execution.segment1 - list index out of range
2022-01-31 13:39:36,586 - INFO - MainProcess - query_execution.segment1 - list index out of range
2022-01-31 13:39:36,586 - INFO - MainProcess - query_execution.segment1 - list index out of range
2022-01-31 13:39:36,586 - INFO - MainProcess - query_execution.segment1 - list index out of range
2022-01-31 13:39:36,586 - INFO - MainProcess - query_execution.segment1 - list index out of range
2022-01-31 13:39:36,586 - INFO - MainProcess - query_execution.segment1 - list index out of range
2022-01-31 13:39:36,586 - INFO - MainProcess - query_execution.segment1 - list index out of range
2022-01-31 13:39:36,586 - INFO - MainProcess - query_execution.segment1 - list index out of range
2022-01-31 13:39:36,586 - INFO - MainProcess - query_execution.segment1 - list index out of range
2022-01-31 13:39:36,586 - INFO - MainProcess - query_execution.segment1 - list index out of range
2022-01-31 13:39:36,586 - INFO - MainProcess - query_execution.segment1 - list index out of range
2022-01-31 13:39:36,586 - INFO - MainProcess - query_execution.segment1 - list index out of range
2022-01-31 13:39:36,586 - INFO - MainProcess - query_execution.segment1 - list index out of range
2022-01-31 13:39:36,586 - INFO - MainProcess - query_execution.segment1 - list index out of range
2022-01-31 13:39:36,586 - INFO - MainProcess - query_execution.segment1 - list index out of range
2022-01-31 13:39:36,586 - INFO - MainProcess - query_execution.segment1 - list index out of range
2022-01-31 13:39:36,586 - INFO - MainProcess - query_execution.segment1 - list index out of range
2022-01-31 13:39:36,586 - INFO - MainProcess - query_execution.segment1 - list index out of range
2022-01-31 13:39:36,586 - INFO - MainProcess - query_execution.segment1 - list index out of range
2022-01-31 13:39:36,586 - INFO - MainProcess - query_execution.segment1 - list index out of range
2022-01-31 13:39:36,602 - INFO - MainProcess - query_execution.segment1 - list index out of range
2022-01-31 13:39:36,602 - INFO - MainProcess - query_execution.segment1 - list index out of range
2022-01-31 13:39:36,602 - INFO - MainProcess - query_execution.segment1 - list index out of range
2022-01-31 13:39:36,602 - INFO - MainProcess - query_execution.segment1 - list index out of range
2022-01-31 13:39:36,602 - INFO - MainProcess - query_execution.segment1 - list index out of range
2022-01-31 13:39:36,602 - INFO - MainProcess - query_execution.segment1 - list index out of range
2022-01-31 13:39:36,602 - INFO - MainProcess - query_execution.segment1 - list index out of range
2022-01-31 13:39:36,602 - INFO - MainProcess - query_execution.segment1 - list index out of range
2022-01-31 13:39:36,602 - INFO - MainProcess - query_execution.segment1 - list index out of range
2022-01-31 13:39:36,602 - INFO - MainProcess - query_execution.segment1 - list index out of range
2022-01-31 13:39:36,602 - INFO - MainProcess - query_execution.segment1 - list index out of range
2022-01-31 13:39:36,602 - INFO - MainProcess - query_execution.segment1 - list index out of range
2022-01-31 13:39:36,602 - INFO - MainProcess - query_execution.segment1 - list index out of range
2022-01-31 13:39:36,602 - INFO - MainProcess - query_execution.segment1 - list index out of range
2022-01-31 13:39:36,602 - INFO - MainProcess - query_execution.segment1 - list index out of range
2022-01-31 13:39:36,602 - INFO - MainProcess - query_execution.segment1 - list index out of range
2022-01-31 13:39:36,602 - INFO - MainProcess - query_execution.segment1 - list index out of range
2022-01-31 13:39:36,602 - INFO - MainProcess - query_execution.segment1 - list index out of range
2022-01-31 13:39:36,602 - INFO - MainProcess - query_execution.segment1 - list index out of range
2022-01-31 13:39:36,602 - INFO - MainProcess - query_execution.segment1 - list index out of range
2022-01-31 13:39:36,602 - INFO - MainProcess - query_execution.segment1 - list index out of range
2022-01-31 13:39:36,602 - INFO - MainProcess - query_execution.segment1 - list index out of range
2022-01-31 13:39:36,602 - INFO - MainProcess - query_execution.segment1 - list index out of range
2022-01-31 13:39:36,602 - INFO - MainProcess - query_execution.segment1 - list index out of range
2022-01-31 13:39:36,602 - INFO - MainProcess - query_execution.segment1 - list index out of range
2022-01-31 13:39:36,602 - INFO - MainProcess - query_execution.segment1 - list index out of range
2022-01-31 13:39:36,602 - INFO - MainProcess - query_execution.segment1 - list index out of range
2022-01-31 13:39:36,602 - INFO - MainProcess - query_execution.segment1 - list index out of range
2022-01-31 13:39:36,602 - INFO - MainProcess - query_execution.segment1 - list index out of range
2022-01-31 13:39:36,602 - INFO - MainProcess - query_execution.segment1 - list index out of range
2022-01-31 13:39:36,602 - INFO - MainProcess - query_execution.segment1 - list index out of range
2022-01-31 13:39:36,602 - INFO - MainProcess - query_execution.segment1 - list index out of range
2022-01-31 13:39:36,602 - INFO - MainProcess - query_execution.segment1 - list index out of range
2022-01-31 13:39:36,602 - INFO - MainProcess - query_execution.segment1 - list index out of range
2022-01-31 13:39:36,617 - INFO - MainProcess - query_execution.segment1 - list index out of range
2022-01-31 13:39:36,617 - INFO - MainProcess - query_execution.segment1 - list index out of range
2022-01-31 13:39:36,617 - INFO - MainProcess - query_execution.segment1 - list index out of range
2022-01-31 13:39:36,617 - INFO - MainProcess - query_execution.segment1 - list index out of range
2022-01-31 13:39:36,617 - INFO - MainProcess - query_execution.segment1 - list index out of range
2022-01-31 13:39:36,617 - INFO - MainProcess - query_execution.segment1 - list index out of range
2022-01-31 13:39:36,617 - INFO - MainProcess - query_execution.segment1 - list index out of range
2022-01-31 13:39:36,617 - INFO - MainProcess - query_execution.segment1 - list index out of range
2022-01-31 13:39:36,617 - INFO - MainProcess - query_execution.segment1 - list index out of range
2022-01-31 13:39:36,617 - INFO - MainProcess - query_execution.segment1 - list index out of range
2022-01-31 13:39:36,617 - INFO - MainProcess - query_execution.segment1 - list index out of range
2022-01-31 13:39:36,617 - INFO - MainProcess - query_execution.segment1 - list index out of range
2022-01-31 13:39:36,617 - INFO - MainProcess - query_execution.segment1 - list index out of range
2022-01-31 13:39:36,617 - INFO - MainProcess - query_execution.segment1 - list index out of range
2022-01-31 13:39:36,617 - INFO - MainProcess - query_execution.segment1 - list index out of range
2022-01-31 13:39:36,617 - INFO - MainProcess - query_execution.segment1 - list index out of range
2022-01-31 13:39:36,617 - INFO - MainProcess - query_execution.segment1 - list index out of range
2022-01-31 13:39:36,617 - INFO - MainProcess - query_execution.segment1 - list index out of range
2022-01-31 13:39:36,617 - INFO - MainProcess - query_execution.segment1 - list index out of range
2022-01-31 13:39:36,617 - INFO - MainProcess - query_execution.segment1 - list index out of range
2022-01-31 13:39:36,617 - INFO - MainProcess - query_execution.segment1 - list index out of range
2022-01-31 13:39:36,617 - INFO - MainProcess - query_execution.segment1 - list index out of range
2022-01-31 13:39:36,617 - INFO - MainProcess - query_execution.segment1 - list index out of range
2022-01-31 13:39:36,617 - INFO - MainProcess - query_execution.segment1 - list index out of range
2022-01-31 13:39:36,617 - INFO - MainProcess - query_execution.segment1 - list index out of range
2022-01-31 13:39:36,617 - INFO - MainProcess - query_execution.segment1 - list index out of range
2022-01-31 13:39:36,617 - INFO - MainProcess - query_execution.segment1 - list index out of range
2022-01-31 13:39:36,617 - INFO - MainProcess - query_execution.segment1 - list index out of range
2022-01-31 13:39:36,617 - INFO - MainProcess - query_execution.segment1 - list index out of range
2022-01-31 13:39:36,617 - INFO - MainProcess - query_execution.segment1 - list index out of range
2022-01-31 13:39:36,617 - INFO - MainProcess - query_execution.segment1 - list index out of range
2022-01-31 13:39:36,617 - INFO - MainProcess - query_execution.segment1 - list index out of range
2022-01-31 13:39:36,617 - INFO - MainProcess - query_execution.segment1 - list index out of range
2022-01-31 13:39:36,617 - INFO - MainProcess - query_execution.segment1 - list index out of range
2022-01-31 13:39:36,617 - INFO - MainProcess - query_execution.segment1 - list index out of range
2022-01-31 13:39:36,633 - INFO - MainProcess - query_execution.segment1 - list index out of range
2022-01-31 13:39:36,633 - INFO - MainProcess - query_execution.segment1 - list index out of range
2022-01-31 13:39:36,633 - INFO - MainProcess - query_execution.segment1 - list index out of range
2022-01-31 13:39:36,633 - INFO - MainProcess - query_execution.segment1 - list index out of range
2022-01-31 13:39:36,633 - INFO - MainProcess - query_execution.segment1 - list index out of range
2022-01-31 13:39:36,633 - INFO - MainProcess - query_execution.segment1 - list index out of range
2022-01-31 13:39:36,633 - INFO - MainProcess - query_execution.segment1 - list index out of range
2022-01-31 13:39:36,633 - INFO - MainProcess - query_execution.segment1 - list index out of range
2022-01-31 13:39:36,633 - INFO - MainProcess - query_execution.segment1 - list index out of range
2022-01-31 13:39:36,633 - INFO - MainProcess - query_execution.segment1 - list index out of range
2022-01-31 13:39:36,633 - INFO - MainProcess - query_execution.segment1 - list index out of range
2022-01-31 13:39:36,633 - INFO - MainProcess - query_execution.segment1 - list index out of range
2022-01-31 13:39:36,633 - INFO - MainProcess - query_execution.segment1 - list index out of range
2022-01-31 13:39:36,633 - INFO - MainProcess - query_execution.segment1 - list index out of range
2022-01-31 13:39:36,633 - INFO - MainProcess - query_execution.segment1 - list index out of range
2022-01-31 13:39:36,633 - INFO - MainProcess - query_execution.segment1 - list index out of range
2022-01-31 13:39:36,633 - INFO - MainProcess - query_execution.segment1 - list index out of range
2022-01-31 13:39:36,633 - INFO - MainProcess - query_execution.segment1 - list index out of range
2022-01-31 13:39:36,633 - INFO - MainProcess - query_execution.segment1 - list index out of range
2022-01-31 13:39:36,633 - INFO - MainProcess - query_execution.segment1 - list index out of range
2022-01-31 13:39:36,633 - INFO - MainProcess - query_execution.segment1 - list index out of range
2022-01-31 13:39:36,633 - INFO - MainProcess - query_execution.segment1 - list index out of range
2022-01-31 13:39:36,633 - INFO - MainProcess - query_execution.segment1 - list index out of range
2022-01-31 13:39:36,633 - INFO - MainProcess - query_execution.segment1 - list index out of range
2022-01-31 13:39:36,633 - INFO - MainProcess - query_execution.segment1 - list index out of range
2022-01-31 13:39:36,633 - INFO - MainProcess - query_execution.segment1 - list index out of range
2022-01-31 13:39:36,633 - INFO - MainProcess - query_execution.segment1 - list index out of range
2022-01-31 13:39:36,633 - INFO - MainProcess - query_execution.segment1 - list index out of range
2022-01-31 13:39:36,633 - INFO - MainProcess - query_execution.segment1 - list index out of range
2022-01-31 13:39:36,633 - INFO - MainProcess - query_execution.segment1 - list index out of range
2022-01-31 13:39:36,633 - INFO - MainProcess - query_execution.segment1 - list index out of range
2022-01-31 13:39:36,633 - INFO - MainProcess - query_execution.segment1 - list index out of range
2022-01-31 13:39:36,633 - INFO - MainProcess - query_execution.segment1 - list index out of range
2022-01-31 13:39:36,633 - INFO - MainProcess - query_execution.segment1 - list index out of range
2022-01-31 13:39:36,633 - INFO - MainProcess - query_execution.segment1 - list index out of range
2022-01-31 13:39:36,633 - INFO - MainProcess - query_execution.segment1 - list index out of range
2022-01-31 13:39:36,633 - INFO - MainProcess - query_execution.segment1 - list index out of range
2022-01-31 13:39:36,633 - INFO - MainProcess - query_execution.segment1 - list index out of range
2022-01-31 13:39:36,633 - INFO - MainProcess - query_execution.segment1 - list index out of range
2022-01-31 13:39:36,633 - INFO - MainProcess - query_execution.segment1 - list index out of range
2022-01-31 13:39:36,633 - INFO - MainProcess - query_execution.segment1 - list index out of range
2022-01-31 13:39:36,633 - INFO - MainProcess - query_execution.segment1 - list index out of range
2022-01-31 13:39:36,633 - INFO - MainProcess - query_execution.segment1 - list index out of range
2022-01-31 13:39:36,648 - INFO - MainProcess - query_execution.segment1 - list index out of range
2022-01-31 13:39:36,648 - INFO - MainProcess - query_execution.segment1 - list index out of range
2022-01-31 13:39:36,648 - INFO - MainProcess - query_execution.segment1 - list index out of range
2022-01-31 13:39:36,648 - INFO - MainProcess - query_execution.segment1 - list index out of range
2022-01-31 13:39:36,648 - INFO - MainProcess - query_execution.segment1 - list index out of range
2022-01-31 13:39:36,648 - INFO - MainProcess - query_execution.segment1 - list index out of range
2022-01-31 13:39:36,648 - INFO - MainProcess - query_execution.segment1 - list index out of range
2022-01-31 13:39:36,648 - INFO - MainProcess - query_execution.segment1 - list index out of range
2022-01-31 13:39:36,648 - INFO - MainProcess - query_execution.segment1 - list index out of range
2022-01-31 13:39:36,648 - INFO - MainProcess - query_execution.segment1 - list index out of range
2022-01-31 13:39:36,648 - INFO - MainProcess - query_execution.segment1 - list index out of range
2022-01-31 13:39:36,648 - INFO - MainProcess - query_execution.segment1 - list index out of range
2022-01-31 13:39:36,648 - INFO - MainProcess - query_execution.segment1 - list index out of range
2022-01-31 13:39:36,648 - INFO - MainProcess - query_execution.segment1 - list index out of range
2022-01-31 13:39:36,648 - INFO - MainProcess - query_execution.segment1 - list index out of range
2022-01-31 13:39:36,648 - INFO - MainProcess - query_execution.segment1 - list index out of range
2022-01-31 13:39:36,648 - INFO - MainProcess - query_execution.segment1 - list index out of range
2022-01-31 13:39:36,648 - INFO - MainProcess - query_execution.segment1 - list index out of range
2022-01-31 13:39:36,648 - INFO - MainProcess - query_execution.segment1 - list index out of range
2022-01-31 13:39:36,648 - INFO - MainProcess - query_execution.segment1 - list index out of range
2022-01-31 13:39:36,648 - INFO - MainProcess - query_execution.segment1 - list index out of range
2022-01-31 13:39:36,648 - INFO - MainProcess - query_execution.segment1 - list index out of range
2022-01-31 13:39:36,648 - INFO - MainProcess - query_execution.segment1 - list index out of range
2022-01-31 13:39:36,648 - INFO - MainProcess - query_execution.segment1 - list index out of range
2022-01-31 13:39:36,648 - INFO - MainProcess - query_execution.segment1 - list index out of range
2022-01-31 13:39:36,648 - INFO - MainProcess - query_execution.segment1 - list index out of range
2022-01-31 13:39:36,648 - INFO - MainProcess - query_execution.segment1 - list index out of range
2022-01-31 13:39:36,648 - INFO - MainProcess - query_execution.segment1 - list index out of range
2022-01-31 13:39:36,648 - INFO - MainProcess - query_execution.segment1 - list index out of range
2022-01-31 13:39:36,648 - INFO - MainProcess - query_execution.segment1 - list index out of range
2022-01-31 13:39:36,648 - INFO - MainProcess - query_execution.segment1 - list index out of range
2022-01-31 13:39:36,648 - INFO - MainProcess - query_execution.segment1 - list index out of range
2022-01-31 13:39:36,648 - INFO - MainProcess - query_execution.segment1 - list index out of range
2022-01-31 13:39:36,664 - INFO - MainProcess - query_execution.segment1 - list index out of range
2022-01-31 13:39:36,664 - INFO - MainProcess - query_execution.segment1 - list index out of range
2022-01-31 13:39:36,664 - INFO - MainProcess - query_execution.segment1 - list index out of range
2022-01-31 13:39:36,664 - INFO - MainProcess - query_execution.segment1 - list index out of range
2022-01-31 13:39:36,664 - INFO - MainProcess - query_execution.segment1 - list index out of range
2022-01-31 13:39:36,664 - INFO - MainProcess - query_execution.segment1 - list index out of range
2022-01-31 13:39:36,664 - INFO - MainProcess - query_execution.segment1 - list index out of range
2022-01-31 13:39:36,664 - INFO - MainProcess - query_execution.segment1 - list index out of range
2022-01-31 13:39:36,664 - INFO - MainProcess - query_execution.segment1 - list index out of range
2022-01-31 13:39:36,664 - INFO - MainProcess - query_execution.segment1 - list index out of range
2022-01-31 13:39:36,664 - INFO - MainProcess - query_execution.segment1 - list index out of range
2022-01-31 13:39:36,664 - INFO - MainProcess - query_execution.segment1 - list index out of range
2022-01-31 13:39:36,664 - INFO - MainProcess - query_execution.segment1 - list index out of range
2022-01-31 13:39:36,664 - INFO - MainProcess - query_execution.segment1 - list index out of range
2022-01-31 13:39:36,664 - INFO - MainProcess - query_execution.segment1 - list index out of range
2022-01-31 13:39:36,664 - INFO - MainProcess - query_execution.segment1 - list index out of range
2022-01-31 13:39:36,664 - INFO - MainProcess - query_execution.segment1 - list index out of range
2022-01-31 13:39:36,664 - INFO - MainProcess - query_execution.segment1 - list index out of range
2022-01-31 13:39:36,664 - INFO - MainProcess - query_execution.segment1 - list index out of range
2022-01-31 13:39:36,664 - INFO - MainProcess - query_execution.segment1 - list index out of range
2022-01-31 13:39:36,664 - INFO - MainProcess - query_execution.segment1 - list index out of range
2022-01-31 13:39:36,664 - INFO - MainProcess - query_execution.segment1 - list index out of range
2022-01-31 13:39:36,664 - INFO - MainProcess - query_execution.segment1 - list index out of range
2022-01-31 13:39:36,664 - INFO - MainProcess - query_execution.segment1 - list index out of range
2022-01-31 13:39:36,664 - INFO - MainProcess - query_execution.segment1 - list index out of range
2022-01-31 13:39:36,664 - INFO - MainProcess - query_execution.segment1 - list index out of range
2022-01-31 13:39:36,664 - INFO - MainProcess - query_execution.segment1 - list index out of range
2022-01-31 13:39:36,664 - INFO - MainProcess - query_execution.segment1 - list index out of range
2022-01-31 13:39:36,664 - INFO - MainProcess - query_execution.segment1 - list index out of range
2022-01-31 13:39:36,664 - INFO - MainProcess - query_execution.segment1 - list index out of range
2022-01-31 13:39:36,664 - INFO - MainProcess - query_execution.segment1 - list index out of range
2022-01-31 13:39:36,664 - INFO - MainProcess - query_execution.segment1 - list index out of range
2022-01-31 13:39:36,664 - INFO - MainProcess - query_execution.segment1 - list index out of range
2022-01-31 13:39:36,664 - INFO - MainProcess - query_execution.segment1 - list index out of range
2022-01-31 13:39:36,664 - INFO - MainProcess - query_execution.segment1 - list index out of range
2022-01-31 13:39:36,664 - INFO - MainProcess - query_execution.segment1 - list index out of range
2022-01-31 13:39:36,664 - INFO - MainProcess - query_execution.segment1 - list index out of range
2022-01-31 13:39:36,664 - INFO - MainProcess - query_execution.segment1 - list index out of range
2022-01-31 13:39:36,664 - INFO - MainProcess - query_execution.segment1 - list index out of range
2022-01-31 13:39:36,664 - INFO - MainProcess - query_execution.segment1 - list index out of range
2022-01-31 13:39:36,664 - INFO - MainProcess - query_execution.segment1 - list index out of range
2022-01-31 13:39:36,664 - INFO - MainProcess - query_execution.segment1 - list index out of range
2022-01-31 13:39:36,664 - INFO - MainProcess - query_execution.segment1 - list index out of range
2022-01-31 13:39:36,680 - INFO - MainProcess - query_execution.segment1 - list index out of range
2022-01-31 13:39:36,680 - INFO - MainProcess - query_execution.segment1 - list index out of range
2022-01-31 13:39:36,680 - INFO - MainProcess - query_execution.segment1 - list index out of range
2022-01-31 13:39:36,680 - INFO - MainProcess - query_execution.segment1 - list index out of range
2022-01-31 13:39:36,680 - INFO - MainProcess - query_execution.segment1 - list index out of range
2022-01-31 13:39:36,680 - INFO - MainProcess - query_execution.segment1 - list index out of range
2022-01-31 13:39:36,680 - INFO - MainProcess - query_execution.segment1 - list index out of range
2022-01-31 13:39:36,680 - INFO - MainProcess - query_execution.segment1 - list index out of range
2022-01-31 13:39:36,680 - INFO - MainProcess - query_execution.segment1 - list index out of range
2022-01-31 13:39:36,680 - INFO - MainProcess - query_execution.segment1 - list index out of range
2022-01-31 13:39:36,680 - INFO - MainProcess - query_execution.segment1 - list index out of range
2022-01-31 13:39:36,680 - INFO - MainProcess - query_execution.segment1 - list index out of range
2022-01-31 13:39:36,680 - INFO - MainProcess - query_execution.segment1 - list index out of range
2022-01-31 13:39:36,680 - INFO - MainProcess - query_execution.segment1 - list index out of range
2022-01-31 13:39:36,680 - INFO - MainProcess - query_execution.segment1 - list index out of range
2022-01-31 13:39:36,680 - INFO - MainProcess - query_execution.segment1 - list index out of range
2022-01-31 13:39:36,680 - INFO - MainProcess - query_execution.segment1 - list index out of range
2022-01-31 13:39:36,680 - INFO - MainProcess - query_execution.segment1 - list index out of range
2022-01-31 13:39:36,680 - INFO - MainProcess - query_execution.segment1 - list index out of range
2022-01-31 13:39:36,680 - INFO - MainProcess - query_execution.segment1 - list index out of range
2022-01-31 13:39:36,680 - INFO - MainProcess - query_execution.segment1 - list index out of range
2022-01-31 13:39:36,680 - INFO - MainProcess - query_execution.segment1 - list index out of range
2022-01-31 13:39:36,680 - INFO - MainProcess - query_execution.segment1 - list index out of range
2022-01-31 13:39:36,680 - INFO - MainProcess - query_execution.segment1 - list index out of range
2022-01-31 13:39:36,680 - INFO - MainProcess - query_execution.segment1 - list index out of range
2022-01-31 13:39:36,680 - INFO - MainProcess - query_execution.segment1 - list index out of range
2022-01-31 13:39:36,680 - INFO - MainProcess - query_execution.segment1 - list index out of range
2022-01-31 13:39:36,680 - INFO - MainProcess - query_execution.segment1 - list index out of range
2022-01-31 13:39:36,680 - INFO - MainProcess - query_execution.segment1 - list index out of range
2022-01-31 13:39:36,680 - INFO - MainProcess - query_execution.segment1 - list index out of range
2022-01-31 13:39:36,680 - INFO - MainProcess - query_execution.segment1 - list index out of range
2022-01-31 13:39:36,680 - INFO - MainProcess - query_execution.segment1 - list index out of range
2022-01-31 13:39:36,680 - INFO - MainProcess - query_execution.segment1 - list index out of range
2022-01-31 13:39:36,680 - INFO - MainProcess - query_execution.segment1 - list index out of range
2022-01-31 13:39:36,680 - INFO - MainProcess - query_execution.segment1 - list index out of range
2022-01-31 13:39:36,680 - INFO - MainProcess - query_execution.segment1 - list index out of range
2022-01-31 13:39:36,680 - INFO - MainProcess - query_execution.segment1 - list index out of range
2022-01-31 13:39:36,680 - INFO - MainProcess - query_execution.segment1 - list index out of range
2022-01-31 13:39:36,680 - INFO - MainProcess - query_execution.segment1 - list index out of range
2022-01-31 13:39:36,695 - INFO - MainProcess - query_execution.segment1 - list index out of range
2022-01-31 13:39:36,695 - INFO - MainProcess - query_execution.segment1 - list index out of range
2022-01-31 13:39:36,695 - INFO - MainProcess - query_execution.segment1 - list index out of range
2022-01-31 13:39:36,695 - INFO - MainProcess - query_execution.segment1 - list index out of range
2022-01-31 13:39:36,695 - INFO - MainProcess - query_execution.segment1 - list index out of range
2022-01-31 13:39:36,695 - INFO - MainProcess - query_execution.segment1 - list index out of range
2022-01-31 13:39:36,695 - INFO - MainProcess - query_execution.segment1 - list index out of range
2022-01-31 13:39:36,695 - INFO - MainProcess - query_execution.segment1 - list index out of range
2022-01-31 13:39:36,695 - INFO - MainProcess - query_execution.segment1 - list index out of range
2022-01-31 13:39:36,695 - INFO - MainProcess - query_execution.segment1 - list index out of range
2022-01-31 13:39:36,695 - INFO - MainProcess - query_execution.segment1 - list index out of range
2022-01-31 13:39:36,695 - INFO - MainProcess - query_execution.segment1 - list index out of range
2022-01-31 13:39:36,695 - INFO - MainProcess - query_execution.segment1 - list index out of range
2022-01-31 13:39:36,695 - INFO - MainProcess - query_execution.segment1 - list index out of range
2022-01-31 13:39:36,695 - INFO - MainProcess - query_execution.segment1 - list index out of range
2022-01-31 13:39:36,695 - INFO - MainProcess - query_execution.segment1 - list index out of range
2022-01-31 13:39:36,695 - INFO - MainProcess - query_execution.segment1 - list index out of range
2022-01-31 13:39:36,695 - INFO - MainProcess - query_execution.segment1 - list index out of range
2022-01-31 13:39:36,695 - INFO - MainProcess - query_execution.segment1 - list index out of range
2022-01-31 13:39:36,695 - INFO - MainProcess - query_execution.segment1 - list index out of range
2022-01-31 13:39:36,695 - INFO - MainProcess - query_execution.segment1 - list index out of range
2022-01-31 13:39:36,695 - INFO - MainProcess - query_execution.segment1 - list index out of range
2022-01-31 13:39:36,695 - INFO - MainProcess - query_execution.segment1 - list index out of range
2022-01-31 13:39:36,695 - INFO - MainProcess - query_execution.segment1 - list index out of range
2022-01-31 13:39:36,695 - INFO - MainProcess - query_execution.segment1 - list index out of range
2022-01-31 13:39:36,695 - INFO - MainProcess - query_execution.segment1 - list index out of range
2022-01-31 13:39:36,695 - INFO - MainProcess - query_execution.segment1 - list index out of range
2022-01-31 13:39:36,695 - INFO - MainProcess - query_execution.segment1 - list index out of range
2022-01-31 13:39:36,695 - INFO - MainProcess - query_execution.segment1 - list index out of range
2022-01-31 13:39:36,695 - INFO - MainProcess - query_execution.segment1 - list index out of range
2022-01-31 13:39:36,695 - INFO - MainProcess - query_execution.segment1 - list index out of range
2022-01-31 13:39:36,695 - INFO - MainProcess - query_execution.segment1 - list index out of range
2022-01-31 13:39:36,695 - INFO - MainProcess - query_execution.segment1 - list index out of range
2022-01-31 13:39:36,695 - INFO - MainProcess - query_execution.segment1 - list index out of range
2022-01-31 13:39:36,695 - INFO - MainProcess - query_execution.segment1 - list index out of range
2022-01-31 13:39:36,695 - INFO - MainProcess - query_execution.segment1 - list index out of range
2022-01-31 13:39:36,695 - INFO - MainProcess - query_execution.segment1 - list index out of range
2022-01-31 13:39:36,695 - INFO - MainProcess - query_execution.segment1 - list index out of range
2022-01-31 13:39:36,695 - INFO - MainProcess - query_execution.segment1 - list index out of range
2022-01-31 13:39:36,695 - INFO - MainProcess - query_execution.segment1 - list index out of range
2022-01-31 13:39:36,695 - INFO - MainProcess - query_execution.segment1 - list index out of range
2022-01-31 13:39:36,711 - INFO - MainProcess - query_execution.segment1 - list index out of range
2022-01-31 13:39:36,711 - INFO - MainProcess - query_execution.segment1 - list index out of range
2022-01-31 13:39:36,711 - INFO - MainProcess - query_execution.segment1 - list index out of range
2022-01-31 13:39:36,711 - INFO - MainProcess - query_execution.segment1 - list index out of range
2022-01-31 13:39:36,711 - INFO - MainProcess - query_execution.segment1 - list index out of range
2022-01-31 13:39:36,711 - INFO - MainProcess - query_execution.segment1 - list index out of range
2022-01-31 13:39:36,711 - INFO - MainProcess - query_execution.segment1 - list index out of range
2022-01-31 13:39:36,711 - INFO - MainProcess - query_execution.segment1 - list index out of range
2022-01-31 13:39:36,711 - INFO - MainProcess - query_execution.segment1 - list index out of range
2022-01-31 13:39:36,711 - INFO - MainProcess - query_execution.segment1 - list index out of range
2022-01-31 13:39:36,711 - INFO - MainProcess - query_execution.segment1 - list index out of range
2022-01-31 13:39:36,711 - INFO - MainProcess - query_execution.segment1 - list index out of range
2022-01-31 13:39:36,711 - INFO - MainProcess - query_execution.segment1 - list index out of range
2022-01-31 13:39:36,711 - INFO - MainProcess - query_execution.segment1 - list index out of range
2022-01-31 13:39:36,711 - INFO - MainProcess - query_execution.segment1 - list index out of range
2022-01-31 13:39:36,711 - INFO - MainProcess - query_execution.segment1 - list index out of range
2022-01-31 13:39:36,711 - INFO - MainProcess - query_execution.segment1 - list index out of range
2022-01-31 13:39:36,711 - INFO - MainProcess - query_execution.segment1 - list index out of range
2022-01-31 13:39:36,711 - INFO - MainProcess - query_execution.segment1 - list index out of range
2022-01-31 13:39:36,711 - INFO - MainProcess - query_execution.segment1 - list index out of range
2022-01-31 13:39:36,711 - INFO - MainProcess - query_execution.segment1 - list index out of range
2022-01-31 13:39:36,711 - INFO - MainProcess - query_execution.segment1 - list index out of range
2022-01-31 13:39:36,711 - INFO - MainProcess - query_execution.segment1 - list index out of range
2022-01-31 13:39:36,711 - INFO - MainProcess - query_execution.segment1 - list index out of range
2022-01-31 13:39:36,711 - INFO - MainProcess - query_execution.segment1 - list index out of range
2022-01-31 13:39:36,711 - INFO - MainProcess - query_execution.segment1 - list index out of range
2022-01-31 13:39:36,711 - INFO - MainProcess - query_execution.segment1 - list index out of range
2022-01-31 13:39:36,711 - INFO - MainProcess - query_execution.segment1 - list index out of range
2022-01-31 13:39:36,711 - INFO - MainProcess - query_execution.segment1 - list index out of range
2022-01-31 13:39:36,711 - INFO - MainProcess - query_execution.segment1 - list index out of range
2022-01-31 13:39:36,711 - INFO - MainProcess - query_execution.segment1 - list index out of range
2022-01-31 13:39:36,711 - INFO - MainProcess - query_execution.segment1 - list index out of range
2022-01-31 13:39:36,711 - INFO - MainProcess - query_execution.segment1 - list index out of range
2022-01-31 13:39:36,711 - INFO - MainProcess - query_execution.segment1 - list index out of range
2022-01-31 13:39:36,711 - INFO - MainProcess - query_execution.segment1 - list index out of range
2022-01-31 13:39:36,711 - INFO - MainProcess - query_execution.segment1 - list index out of range
2022-01-31 13:39:36,711 - INFO - MainProcess - query_execution.segment1 - list index out of range
2022-01-31 13:39:36,711 - INFO - MainProcess - query_execution.segment1 - list index out of range
2022-01-31 13:39:36,711 - INFO - MainProcess - query_execution.segment1 - list index out of range
2022-01-31 13:39:36,711 - INFO - MainProcess - query_execution.segment1 - list index out of range
2022-01-31 13:39:36,711 - INFO - MainProcess - query_execution.segment1 - list index out of range
2022-01-31 13:39:36,711 - INFO - MainProcess - query_execution.segment1 - list index out of range
2022-01-31 13:39:36,711 - INFO - MainProcess - query_execution.segment1 - list index out of range
2022-01-31 13:39:36,726 - INFO - MainProcess - query_execution.segment1 - list index out of range
2022-01-31 13:39:36,726 - INFO - MainProcess - query_execution.segment1 - list index out of range
2022-01-31 13:39:36,726 - INFO - MainProcess - query_execution.segment1 - list index out of range
2022-01-31 13:39:36,726 - INFO - MainProcess - query_execution.segment1 - list index out of range
2022-01-31 13:39:36,726 - INFO - MainProcess - query_execution.segment1 - list index out of range
2022-01-31 13:39:36,726 - INFO - MainProcess - query_execution.segment1 - list index out of range
2022-01-31 13:39:36,726 - INFO - MainProcess - query_execution.segment1 - list index out of range
2022-01-31 13:39:36,726 - INFO - MainProcess - query_execution.segment1 - list index out of range
2022-01-31 13:39:36,726 - INFO - MainProcess - query_execution.segment1 - list index out of range
2022-01-31 13:39:36,726 - INFO - MainProcess - query_execution.segment1 - list index out of range
2022-01-31 13:39:36,726 - INFO - MainProcess - query_execution.segment1 - list index out of range
2022-01-31 13:39:36,726 - INFO - MainProcess - query_execution.segment1 - list index out of range
2022-01-31 13:39:36,726 - INFO - MainProcess - query_execution.segment1 - list index out of range
2022-01-31 13:39:36,726 - INFO - MainProcess - query_execution.segment1 - list index out of range
2022-01-31 13:39:36,726 - INFO - MainProcess - query_execution.segment1 - list index out of range
2022-01-31 13:39:36,726 - INFO - MainProcess - query_execution.segment1 - list index out of range
2022-01-31 13:39:36,726 - INFO - MainProcess - query_execution.segment1 - list index out of range
2022-01-31 13:39:36,726 - INFO - MainProcess - query_execution.segment1 - list index out of range
2022-01-31 13:39:36,726 - INFO - MainProcess - query_execution.segment1 - list index out of range
2022-01-31 13:39:36,726 - INFO - MainProcess - query_execution.segment1 - list index out of range
2022-01-31 13:39:36,726 - INFO - MainProcess - query_execution.segment1 - list index out of range
2022-01-31 13:39:36,726 - INFO - MainProcess - query_execution.segment1 - list index out of range
2022-01-31 13:39:36,726 - INFO - MainProcess - query_execution.segment1 - list index out of range
2022-01-31 13:39:36,726 - INFO - MainProcess - query_execution.segment1 - list index out of range
2022-01-31 13:39:36,726 - INFO - MainProcess - query_execution.segment1 - list index out of range
2022-01-31 13:39:36,726 - INFO - MainProcess - query_execution.segment1 - list index out of range
2022-01-31 13:39:36,726 - INFO - MainProcess - query_execution.segment1 - list index out of range
2022-01-31 13:39:36,726 - INFO - MainProcess - query_execution.segment1 - list index out of range
2022-01-31 13:39:36,726 - INFO - MainProcess - query_execution.segment1 - list index out of range
2022-01-31 13:39:36,726 - INFO - MainProcess - query_execution.segment1 - list index out of range
2022-01-31 13:39:36,726 - INFO - MainProcess - query_execution.segment1 - list index out of range
2022-01-31 13:39:36,726 - INFO - MainProcess - query_execution.segment1 - list index out of range
2022-01-31 13:39:36,726 - INFO - MainProcess - query_execution.segment1 - list index out of range
2022-01-31 13:39:36,726 - INFO - MainProcess - query_execution.segment1 - list index out of range
2022-01-31 13:39:36,726 - INFO - MainProcess - query_execution.segment1 - list index out of range
2022-01-31 13:39:36,726 - INFO - MainProcess - query_execution.segment1 - list index out of range
2022-01-31 13:39:36,726 - INFO - MainProcess - query_execution.segment1 - list index out of range
2022-01-31 13:39:36,726 - INFO - MainProcess - query_execution.segment1 - list index out of range
2022-01-31 13:39:36,726 - INFO - MainProcess - query_execution.segment1 - list index out of range
2022-01-31 13:39:36,726 - INFO - MainProcess - query_execution.segment1 - list index out of range
2022-01-31 13:39:36,726 - INFO - MainProcess - query_execution.segment1 - list index out of range
2022-01-31 13:39:36,726 - INFO - MainProcess - query_execution.segment1 - list index out of range
2022-01-31 13:39:36,742 - INFO - MainProcess - query_execution.segment1 - list index out of range
2022-01-31 13:39:36,742 - INFO - MainProcess - query_execution.segment1 - list index out of range
2022-01-31 13:39:36,742 - INFO - MainProcess - query_execution.segment1 - list index out of range
2022-01-31 13:39:36,742 - INFO - MainProcess - query_execution.segment1 - list index out of range
2022-01-31 13:39:36,742 - INFO - MainProcess - query_execution.segment1 - list index out of range
2022-01-31 13:39:36,742 - INFO - MainProcess - query_execution.segment1 - list index out of range
2022-01-31 13:39:36,742 - INFO - MainProcess - query_execution.segment1 - list index out of range
2022-01-31 13:39:36,742 - INFO - MainProcess - query_execution.segment1 - list index out of range
2022-01-31 13:39:36,742 - INFO - MainProcess - query_execution.segment1 - list index out of range
2022-01-31 13:39:36,742 - INFO - MainProcess - query_execution.segment1 - list index out of range
2022-01-31 13:39:36,742 - INFO - MainProcess - query_execution.segment1 - list index out of range
2022-01-31 13:39:36,742 - INFO - MainProcess - query_execution.segment1 - list index out of range
2022-01-31 13:39:36,742 - INFO - MainProcess - query_execution.segment1 - list index out of range
2022-01-31 13:39:36,742 - INFO - MainProcess - query_execution.segment1 - list index out of range
2022-01-31 13:39:36,742 - INFO - MainProcess - query_execution.segment1 - list index out of range
2022-01-31 13:39:36,742 - INFO - MainProcess - query_execution.segment1 - list index out of range
2022-01-31 13:39:36,742 - INFO - MainProcess - query_execution.segment1 - list index out of range
2022-01-31 13:39:36,742 - INFO - MainProcess - query_execution.segment1 - list index out of range
2022-01-31 13:39:36,742 - INFO - MainProcess - query_execution.segment1 - list index out of range
2022-01-31 13:39:36,742 - INFO - MainProcess - query_execution.segment1 - list index out of range
2022-01-31 13:39:36,742 - INFO - MainProcess - query_execution.segment1 - list index out of range
2022-01-31 13:39:36,742 - INFO - MainProcess - query_execution.segment1 - list index out of range
2022-01-31 13:39:36,742 - INFO - MainProcess - query_execution.segment1 - list index out of range
2022-01-31 13:39:36,742 - INFO - MainProcess - query_execution.segment1 - list index out of range
2022-01-31 13:39:36,742 - INFO - MainProcess - query_execution.segment1 - list index out of range
2022-01-31 13:39:36,742 - INFO - MainProcess - query_execution.segment1 - list index out of range
2022-01-31 13:39:36,742 - INFO - MainProcess - query_execution.segment1 - list index out of range
2022-01-31 13:39:36,742 - INFO - MainProcess - query_execution.segment1 - list index out of range
2022-01-31 13:39:36,742 - INFO - MainProcess - query_execution.segment1 - list index out of range
2022-01-31 13:39:36,742 - INFO - MainProcess - query_execution.segment1 - list index out of range
2022-01-31 13:39:36,742 - INFO - MainProcess - query_execution.segment1 - list index out of range
2022-01-31 13:39:36,742 - INFO - MainProcess - query_execution.segment1 - list index out of range
2022-01-31 13:39:36,742 - INFO - MainProcess - query_execution.segment1 - list index out of range
2022-01-31 13:39:36,742 - INFO - MainProcess - query_execution.segment1 - list index out of range
2022-01-31 13:39:36,773 - INFO - MainProcess - query_execution.segment1 - list index out of range
2022-01-31 13:39:36,773 - INFO - MainProcess - query_execution.segment1 - list index out of range
2022-01-31 13:39:36,773 - INFO - MainProcess - query_execution.segment1 - list index out of range
2022-01-31 13:39:36,773 - INFO - MainProcess - query_execution.segment1 - list index out of range
2022-01-31 13:39:36,773 - INFO - MainProcess - query_execution.segment1 - list index out of range
2022-01-31 13:39:36,773 - INFO - MainProcess - query_execution.segment1 - list index out of range
2022-01-31 13:39:36,773 - INFO - MainProcess - query_execution.segment1 - list index out of range
2022-01-31 13:39:36,773 - INFO - MainProcess - query_execution.segment1 - list index out of range
2022-01-31 13:39:36,773 - INFO - MainProcess - query_execution.segment1 - list index out of range
2022-01-31 13:39:36,773 - INFO - MainProcess - query_execution.segment1 - list index out of range
2022-01-31 13:39:36,773 - INFO - MainProcess - query_execution.segment1 - list index out of range
2022-01-31 13:39:36,773 - INFO - MainProcess - query_execution.segment1 - list index out of range
2022-01-31 13:39:36,773 - INFO - MainProcess - query_execution.segment1 - list index out of range
2022-01-31 13:39:36,773 - INFO - MainProcess - query_execution.segment1 - list index out of range
2022-01-31 13:39:36,773 - INFO - MainProcess - query_execution.segment1 - list index out of range
2022-01-31 13:39:36,773 - INFO - MainProcess - query_execution.segment1 - list index out of range
2022-01-31 13:39:36,773 - INFO - MainProcess - query_execution.segment1 - list index out of range
2022-01-31 13:39:36,773 - INFO - MainProcess - query_execution.segment1 - list index out of range
2022-01-31 13:39:36,773 - INFO - MainProcess - query_execution.segment1 - list index out of range
2022-01-31 13:39:36,773 - INFO - MainProcess - query_execution.segment1 - list index out of range
2022-01-31 13:39:36,773 - INFO - MainProcess - query_execution.segment1 - list index out of range
2022-01-31 13:39:36,773 - INFO - MainProcess - query_execution.segment1 - list index out of range
2022-01-31 13:39:36,773 - INFO - MainProcess - query_execution.segment1 - list index out of range
2022-01-31 13:39:36,773 - INFO - MainProcess - query_execution.segment1 - list index out of range
2022-01-31 13:39:36,773 - INFO - MainProcess - query_execution.segment1 - list index out of range
2022-01-31 13:39:36,773 - INFO - MainProcess - query_execution.segment1 - list index out of range
2022-01-31 13:39:36,773 - INFO - MainProcess - query_execution.segment1 - list index out of range
2022-01-31 13:39:36,773 - INFO - MainProcess - query_execution.segment1 - list index out of range
2022-01-31 13:39:36,773 - INFO - MainProcess - query_execution.segment1 - list index out of range
2022-01-31 13:39:36,773 - INFO - MainProcess - query_execution.segment1 - list index out of range
2022-01-31 13:39:36,773 - INFO - MainProcess - query_execution.segment1 - list index out of range
2022-01-31 13:39:36,773 - INFO - MainProcess - query_execution.segment1 - list index out of range
2022-01-31 13:39:36,773 - INFO - MainProcess - query_execution.segment1 - list index out of range
2022-01-31 13:39:36,773 - INFO - MainProcess - query_execution.segment1 - list index out of range
2022-01-31 13:39:36,773 - INFO - MainProcess - query_execution.segment1 - list index out of range
2022-01-31 13:39:36,773 - INFO - MainProcess - query_execution.segment1 - list index out of range
2022-01-31 13:39:36,773 - INFO - MainProcess - query_execution.segment1 - list index out of range
2022-01-31 13:39:36,773 - INFO - MainProcess - query_execution.segment1 - list index out of range
2022-01-31 13:39:36,773 - INFO - MainProcess - query_execution.segment1 - list index out of range
2022-01-31 13:39:36,773 - INFO - MainProcess - query_execution.segment1 - list index out of range
2022-01-31 13:39:36,773 - INFO - MainProcess - query_execution.segment1 - list index out of range
2022-01-31 13:39:36,773 - INFO - MainProcess - query_execution.segment1 - list index out of range
2022-01-31 13:39:36,789 - INFO - MainProcess - query_execution.segment1 - list index out of range
2022-01-31 13:39:36,789 - INFO - MainProcess - query_execution.segment1 - list index out of range
2022-01-31 13:39:36,789 - INFO - MainProcess - query_execution.segment1 - list index out of range
2022-01-31 13:39:36,789 - INFO - MainProcess - query_execution.segment1 - list index out of range
2022-01-31 13:39:36,789 - INFO - MainProcess - query_execution.segment1 - list index out of range
2022-01-31 13:39:36,789 - INFO - MainProcess - query_execution.segment1 - list index out of range
2022-01-31 13:39:36,789 - INFO - MainProcess - query_execution.segment1 - list index out of range
2022-01-31 13:39:36,789 - INFO - MainProcess - query_execution.segment1 - list index out of range
2022-01-31 13:39:36,789 - INFO - MainProcess - query_execution.segment1 - list index out of range
2022-01-31 13:39:36,789 - INFO - MainProcess - query_execution.segment1 - list index out of range
2022-01-31 13:39:36,789 - INFO - MainProcess - query_execution.segment1 - list index out of range
2022-01-31 13:39:36,789 - INFO - MainProcess - query_execution.segment1 - list index out of range
2022-01-31 13:39:36,789 - INFO - MainProcess - query_execution.segment1 - list index out of range
2022-01-31 13:39:36,789 - INFO - MainProcess - query_execution.segment1 - list index out of range
2022-01-31 13:39:36,789 - INFO - MainProcess - query_execution.segment1 - list index out of range
2022-01-31 13:39:36,789 - INFO - MainProcess - query_execution.segment1 - list index out of range
2022-01-31 13:39:36,789 - INFO - MainProcess - query_execution.segment1 - list index out of range
2022-01-31 13:39:36,789 - INFO - MainProcess - query_execution.segment1 - list index out of range
2022-01-31 13:39:36,789 - INFO - MainProcess - query_execution.segment1 - list index out of range
2022-01-31 13:39:36,789 - INFO - MainProcess - query_execution.segment1 - list index out of range
2022-01-31 13:39:36,789 - INFO - MainProcess - query_execution.segment1 - list index out of range
2022-01-31 13:39:36,789 - INFO - MainProcess - query_execution.segment1 - list index out of range
2022-01-31 13:39:36,789 - INFO - MainProcess - query_execution.segment1 - list index out of range
2022-01-31 13:39:36,789 - INFO - MainProcess - query_execution.segment1 - list index out of range
2022-01-31 13:39:36,789 - INFO - MainProcess - query_execution.segment1 - list index out of range
2022-01-31 13:39:36,789 - INFO - MainProcess - query_execution.segment1 - list index out of range
2022-01-31 13:39:36,789 - INFO - MainProcess - query_execution.segment1 - list index out of range
2022-01-31 13:39:36,789 - INFO - MainProcess - query_execution.segment1 - list index out of range
2022-01-31 13:39:36,789 - INFO - MainProcess - query_execution.segment1 - list index out of range
2022-01-31 13:39:36,789 - INFO - MainProcess - query_execution.segment1 - list index out of range
2022-01-31 13:39:36,789 - INFO - MainProcess - query_execution.segment1 - list index out of range
2022-01-31 13:39:36,789 - INFO - MainProcess - query_execution.segment1 - list index out of range
2022-01-31 13:39:36,789 - INFO - MainProcess - query_execution.segment1 - list index out of range
2022-01-31 13:39:36,789 - INFO - MainProcess - query_execution.segment1 - list index out of range
2022-01-31 13:39:36,789 - INFO - MainProcess - query_execution.segment1 - list index out of range
2022-01-31 13:39:36,789 - INFO - MainProcess - query_execution.segment1 - list index out of range
2022-01-31 13:39:36,789 - INFO - MainProcess - query_execution.segment1 - list index out of range
2022-01-31 13:39:36,789 - INFO - MainProcess - query_execution.segment1 - list index out of range
2022-01-31 13:39:36,789 - INFO - MainProcess - query_execution.segment1 - list index out of range
2022-01-31 13:39:36,804 - INFO - MainProcess - query_execution.segment1 - list index out of range
2022-01-31 13:39:36,804 - INFO - MainProcess - query_execution.segment1 - list index out of range
2022-01-31 13:39:36,804 - INFO - MainProcess - query_execution.segment1 - list index out of range
2022-01-31 13:39:36,804 - INFO - MainProcess - query_execution.segment1 - list index out of range
2022-01-31 13:39:36,804 - INFO - MainProcess - query_execution.segment1 - list index out of range
2022-01-31 13:39:36,804 - INFO - MainProcess - query_execution.segment1 - list index out of range
2022-01-31 13:39:36,804 - INFO - MainProcess - query_execution.segment1 - list index out of range
2022-01-31 13:39:36,804 - INFO - MainProcess - query_execution.segment1 - list index out of range
2022-01-31 13:39:36,804 - INFO - MainProcess - query_execution.segment1 - list index out of range
2022-01-31 13:39:36,804 - INFO - MainProcess - query_execution.segment1 - list index out of range
2022-01-31 13:39:36,804 - INFO - MainProcess - query_execution.segment1 - list index out of range
2022-01-31 13:39:36,804 - INFO - MainProcess - query_execution.segment1 - list index out of range
2022-01-31 13:39:36,804 - INFO - MainProcess - query_execution.segment1 - list index out of range
2022-01-31 13:39:36,804 - INFO - MainProcess - query_execution.segment1 - list index out of range
2022-01-31 13:39:36,804 - INFO - MainProcess - query_execution.segment1 - list index out of range
2022-01-31 13:39:36,804 - INFO - MainProcess - query_execution.segment1 - list index out of range
2022-01-31 13:39:36,804 - INFO - MainProcess - query_execution.segment1 - list index out of range
2022-01-31 13:39:36,804 - INFO - MainProcess - query_execution.segment1 - list index out of range
2022-01-31 13:39:36,804 - INFO - MainProcess - query_execution.segment1 - list index out of range
2022-01-31 13:39:36,804 - INFO - MainProcess - query_execution.segment1 - list index out of range
2022-01-31 13:39:36,804 - INFO - MainProcess - query_execution.segment1 - list index out of range
2022-01-31 13:39:36,804 - INFO - MainProcess - query_execution.segment1 - list index out of range
2022-01-31 13:39:36,804 - INFO - MainProcess - query_execution.segment1 - list index out of range
2022-01-31 13:39:36,804 - INFO - MainProcess - query_execution.segment1 - list index out of range
2022-01-31 13:39:36,804 - INFO - MainProcess - query_execution.segment1 - list index out of range
2022-01-31 13:39:36,804 - INFO - MainProcess - query_execution.segment1 - list index out of range
2022-01-31 13:39:36,804 - INFO - MainProcess - query_execution.segment1 - list index out of range
2022-01-31 13:39:36,804 - INFO - MainProcess - query_execution.segment1 - list index out of range
2022-01-31 13:39:36,804 - INFO - MainProcess - query_execution.segment1 - list index out of range
2022-01-31 13:39:36,804 - INFO - MainProcess - query_execution.segment1 - list index out of range
2022-01-31 13:39:36,804 - INFO - MainProcess - query_execution.segment1 - list index out of range
2022-01-31 13:39:36,804 - INFO - MainProcess - query_execution.segment1 - list index out of range
2022-01-31 13:39:36,804 - INFO - MainProcess - query_execution.segment1 - list index out of range
2022-01-31 13:39:36,804 - INFO - MainProcess - query_execution.segment1 - list index out of range
2022-01-31 13:39:36,804 - INFO - MainProcess - query_execution.segment1 - list index out of range
2022-01-31 13:39:36,804 - INFO - MainProcess - query_execution.segment1 - list index out of range
2022-01-31 13:39:36,804 - INFO - MainProcess - query_execution.segment1 - list index out of range
2022-01-31 13:39:36,804 - INFO - MainProcess - query_execution.segment1 - list index out of range
2022-01-31 13:39:36,804 - INFO - MainProcess - query_execution.segment1 - list index out of range
2022-01-31 13:39:36,804 - INFO - MainProcess - query_execution.segment1 - list index out of range
2022-01-31 13:39:36,804 - INFO - MainProcess - query_execution.segment1 - list index out of range
2022-01-31 13:39:36,804 - INFO - MainProcess - query_execution.segment1 - list index out of range
2022-01-31 13:39:36,820 - INFO - MainProcess - query_execution.segment1 - list index out of range
2022-01-31 13:39:36,820 - INFO - MainProcess - query_execution.segment1 - list index out of range
2022-01-31 13:39:36,820 - INFO - MainProcess - query_execution.segment1 - list index out of range
2022-01-31 13:39:36,820 - INFO - MainProcess - query_execution.segment1 - list index out of range
2022-01-31 13:39:36,820 - INFO - MainProcess - query_execution.segment1 - list index out of range
2022-01-31 13:39:36,820 - INFO - MainProcess - query_execution.segment1 - list index out of range
2022-01-31 13:39:36,820 - INFO - MainProcess - query_execution.segment1 - list index out of range
2022-01-31 13:39:36,820 - INFO - MainProcess - query_execution.segment1 - list index out of range
2022-01-31 13:39:36,820 - INFO - MainProcess - query_execution.segment1 - list index out of range
2022-01-31 13:39:36,820 - INFO - MainProcess - query_execution.segment1 - list index out of range
2022-01-31 13:39:36,820 - INFO - MainProcess - query_execution.segment1 - list index out of range
2022-01-31 13:39:36,820 - INFO - MainProcess - query_execution.segment1 - list index out of range
2022-01-31 13:39:36,820 - INFO - MainProcess - query_execution.segment1 - list index out of range
2022-01-31 13:39:36,820 - INFO - MainProcess - query_execution.segment1 - list index out of range
2022-01-31 13:39:36,820 - INFO - MainProcess - query_execution.segment1 - list index out of range
2022-01-31 13:39:36,820 - INFO - MainProcess - query_execution.segment1 - list index out of range
2022-01-31 13:39:36,820 - INFO - MainProcess - query_execution.segment1 - list index out of range
2022-01-31 13:39:36,820 - INFO - MainProcess - query_execution.segment1 - list index out of range
2022-01-31 13:39:36,820 - INFO - MainProcess - query_execution.segment1 - list index out of range
2022-01-31 13:39:36,820 - INFO - MainProcess - query_execution.segment1 - list index out of range
2022-01-31 13:39:36,820 - INFO - MainProcess - query_execution.segment1 - list index out of range
2022-01-31 13:39:36,820 - INFO - MainProcess - query_execution.segment1 - list index out of range
2022-01-31 13:39:36,820 - INFO - MainProcess - query_execution.segment1 - list index out of range
2022-01-31 13:39:36,820 - INFO - MainProcess - query_execution.segment1 - list index out of range
2022-01-31 13:39:36,820 - INFO - MainProcess - query_execution.segment1 - list index out of range
2022-01-31 13:39:36,820 - INFO - MainProcess - query_execution.segment1 - list index out of range
2022-01-31 13:39:36,820 - INFO - MainProcess - query_execution.segment1 - list index out of range
2022-01-31 13:39:36,820 - INFO - MainProcess - query_execution.segment1 - list index out of range
2022-01-31 13:39:36,820 - INFO - MainProcess - query_execution.segment1 - list index out of range
2022-01-31 13:39:36,820 - INFO - MainProcess - query_execution.segment1 - list index out of range
2022-01-31 13:39:36,820 - INFO - MainProcess - query_execution.segment1 - list index out of range
2022-01-31 13:39:36,820 - INFO - MainProcess - query_execution.segment1 - list index out of range
2022-01-31 13:39:36,820 - INFO - MainProcess - query_execution.segment1 - list index out of range
2022-01-31 13:39:36,820 - INFO - MainProcess - query_execution.segment1 - list index out of range
2022-01-31 13:39:36,820 - INFO - MainProcess - query_execution.segment1 - list index out of range
2022-01-31 13:39:36,820 - INFO - MainProcess - query_execution.segment1 - list index out of range
2022-01-31 13:39:36,820 - INFO - MainProcess - query_execution.segment1 - list index out of range
2022-01-31 13:39:36,820 - INFO - MainProcess - query_execution.segment1 - list index out of range
2022-01-31 13:39:36,820 - INFO - MainProcess - query_execution.segment1 - list index out of range
2022-01-31 13:39:36,820 - INFO - MainProcess - query_execution.segment1 - list index out of range
2022-01-31 13:39:36,820 - INFO - MainProcess - query_execution.segment1 - list index out of range
2022-01-31 13:39:36,820 - INFO - MainProcess - query_execution.segment1 - list index out of range
2022-01-31 13:39:36,820 - INFO - MainProcess - query_execution.segment1 - list index out of range
2022-01-31 13:39:36,836 - INFO - MainProcess - query_execution.segment1 - list index out of range
2022-01-31 13:39:36,836 - INFO - MainProcess - query_execution.segment1 - list index out of range
2022-01-31 13:39:36,836 - INFO - MainProcess - query_execution.segment1 - list index out of range
2022-01-31 13:39:36,836 - INFO - MainProcess - query_execution.segment1 - list index out of range
2022-01-31 13:39:36,836 - INFO - MainProcess - query_execution.segment1 - list index out of range
2022-01-31 13:39:36,836 - INFO - MainProcess - query_execution.segment1 - list index out of range
2022-01-31 13:39:36,836 - INFO - MainProcess - query_execution.segment1 - list index out of range
2022-01-31 13:39:36,836 - INFO - MainProcess - query_execution.segment1 - list index out of range
2022-01-31 13:39:36,836 - INFO - MainProcess - query_execution.segment1 - list index out of range
2022-01-31 13:39:36,836 - INFO - MainProcess - query_execution.segment1 - list index out of range
2022-01-31 13:39:36,836 - INFO - MainProcess - query_execution.segment1 - list index out of range
2022-01-31 13:39:36,836 - INFO - MainProcess - query_execution.segment1 - list index out of range
2022-01-31 13:39:36,836 - INFO - MainProcess - query_execution.segment1 - list index out of range
2022-01-31 13:39:36,836 - INFO - MainProcess - query_execution.segment1 - list index out of range
2022-01-31 13:39:36,836 - INFO - MainProcess - query_execution.segment1 - list index out of range
2022-01-31 13:39:36,836 - INFO - MainProcess - query_execution.segment1 - list index out of range
2022-01-31 13:39:36,836 - INFO - MainProcess - query_execution.segment1 - list index out of range
2022-01-31 13:39:36,836 - INFO - MainProcess - query_execution.segment1 - list index out of range
2022-01-31 13:39:36,836 - INFO - MainProcess - query_execution.segment1 - list index out of range
2022-01-31 13:39:36,836 - INFO - MainProcess - query_execution.segment1 - list index out of range
2022-01-31 13:39:36,836 - INFO - MainProcess - query_execution.segment1 - list index out of range
2022-01-31 13:39:36,836 - INFO - MainProcess - query_execution.segment1 - list index out of range
2022-01-31 13:39:36,836 - INFO - MainProcess - query_execution.segment1 - list index out of range
2022-01-31 13:39:36,836 - INFO - MainProcess - query_execution.segment1 - list index out of range
2022-01-31 13:39:36,836 - INFO - MainProcess - query_execution.segment1 - list index out of range
2022-01-31 13:39:36,836 - INFO - MainProcess - query_execution.segment1 - list index out of range
2022-01-31 13:39:36,836 - INFO - MainProcess - query_execution.segment1 - list index out of range
2022-01-31 13:39:36,836 - INFO - MainProcess - query_execution.segment1 - list index out of range
2022-01-31 13:39:36,836 - INFO - MainProcess - query_execution.segment1 - list index out of range
2022-01-31 13:39:36,836 - INFO - MainProcess - query_execution.segment1 - list index out of range
2022-01-31 13:39:36,836 - INFO - MainProcess - query_execution.segment1 - list index out of range
2022-01-31 13:39:36,836 - INFO - MainProcess - query_execution.segment1 - list index out of range
2022-01-31 13:39:36,836 - INFO - MainProcess - query_execution.segment1 - list index out of range
2022-01-31 13:39:36,836 - INFO - MainProcess - query_execution.segment1 - list index out of range
2022-01-31 13:39:36,836 - INFO - MainProcess - query_execution.segment1 - list index out of range
2022-01-31 13:39:36,836 - INFO - MainProcess - query_execution.segment1 - list index out of range
2022-01-31 13:39:36,836 - INFO - MainProcess - query_execution.segment1 - list index out of range
2022-01-31 13:39:36,836 - INFO - MainProcess - query_execution.segment1 - list index out of range
2022-01-31 13:39:36,836 - INFO - MainProcess - query_execution.segment1 - list index out of range
2022-01-31 13:39:36,836 - INFO - MainProcess - query_execution.segment1 - list index out of range
2022-01-31 13:39:36,836 - INFO - MainProcess - query_execution.segment1 - list index out of range
2022-01-31 13:39:36,836 - INFO - MainProcess - query_execution.segment1 - list index out of range
2022-01-31 13:39:36,851 - INFO - MainProcess - query_execution.segment1 - list index out of range
2022-01-31 13:39:36,851 - INFO - MainProcess - query_execution.segment1 - list index out of range
2022-01-31 13:39:36,851 - INFO - MainProcess - query_execution.segment1 - list index out of range
2022-01-31 13:39:36,851 - INFO - MainProcess - query_execution.segment1 - list index out of range
2022-01-31 13:39:36,851 - INFO - MainProcess - query_execution.segment1 - list index out of range
2022-01-31 13:39:36,851 - INFO - MainProcess - query_execution.segment1 - list index out of range
2022-01-31 13:39:36,851 - INFO - MainProcess - query_execution.segment1 - list index out of range
2022-01-31 13:39:36,851 - INFO - MainProcess - query_execution.segment1 - list index out of range
2022-01-31 13:39:36,851 - INFO - MainProcess - query_execution.segment1 - list index out of range
2022-01-31 13:39:36,851 - INFO - MainProcess - query_execution.segment1 - list index out of range
2022-01-31 13:39:36,851 - INFO - MainProcess - query_execution.segment1 - list index out of range
2022-01-31 13:39:36,851 - INFO - MainProcess - query_execution.segment1 - list index out of range
2022-01-31 13:39:36,851 - INFO - MainProcess - query_execution.segment1 - list index out of range
2022-01-31 13:39:36,851 - INFO - MainProcess - query_execution.segment1 - list index out of range
2022-01-31 13:39:36,851 - INFO - MainProcess - query_execution.segment1 - list index out of range
2022-01-31 13:39:36,851 - INFO - MainProcess - query_execution.segment1 - list index out of range
2022-01-31 13:39:36,851 - INFO - MainProcess - query_execution.segment1 - list index out of range
2022-01-31 13:39:36,851 - INFO - MainProcess - query_execution.segment1 - list index out of range
2022-01-31 13:39:36,851 - INFO - MainProcess - query_execution.segment1 - list index out of range
2022-01-31 13:39:36,851 - INFO - MainProcess - query_execution.segment1 - list index out of range
2022-01-31 13:39:36,851 - INFO - MainProcess - query_execution.segment1 - list index out of range
2022-01-31 13:39:36,851 - INFO - MainProcess - query_execution.segment1 - list index out of range
2022-01-31 13:39:36,851 - INFO - MainProcess - query_execution.segment1 - list index out of range
2022-01-31 13:39:36,851 - INFO - MainProcess - query_execution.segment1 - list index out of range
2022-01-31 13:39:36,851 - INFO - MainProcess - query_execution.segment1 - list index out of range
2022-01-31 13:39:36,851 - INFO - MainProcess - query_execution.segment1 - list index out of range
2022-01-31 13:39:36,851 - INFO - MainProcess - query_execution.segment1 - list index out of range
2022-01-31 13:39:36,851 - INFO - MainProcess - query_execution.segment1 - list index out of range
2022-01-31 13:39:36,851 - INFO - MainProcess - query_execution.segment1 - list index out of range
2022-01-31 13:39:36,851 - INFO - MainProcess - query_execution.segment1 - list index out of range
2022-01-31 13:39:36,851 - INFO - MainProcess - query_execution.segment1 - list index out of range
2022-01-31 13:39:36,851 - INFO - MainProcess - query_execution.segment1 - list index out of range
2022-01-31 13:39:36,851 - INFO - MainProcess - query_execution.segment1 - list index out of range
2022-01-31 13:39:36,851 - INFO - MainProcess - query_execution.segment1 - list index out of range
2022-01-31 13:39:36,851 - INFO - MainProcess - query_execution.segment1 - list index out of range
2022-01-31 13:39:36,851 - INFO - MainProcess - query_execution.segment1 - list index out of range
2022-01-31 13:39:36,851 - INFO - MainProcess - query_execution.segment1 - list index out of range
2022-01-31 13:39:36,851 - INFO - MainProcess - query_execution.segment1 - list index out of range
2022-01-31 13:39:36,851 - INFO - MainProcess - query_execution.segment1 - list index out of range
2022-01-31 13:39:36,867 - INFO - MainProcess - query_execution.segment1 - list index out of range
2022-01-31 13:39:36,867 - INFO - MainProcess - query_execution.segment1 - list index out of range
2022-01-31 13:39:36,867 - INFO - MainProcess - query_execution.segment1 - list index out of range
2022-01-31 13:39:36,867 - INFO - MainProcess - query_execution.segment1 - list index out of range
2022-01-31 13:39:36,867 - INFO - MainProcess - query_execution.segment1 - list index out of range
2022-01-31 13:39:36,867 - INFO - MainProcess - query_execution.segment1 - list index out of range
2022-01-31 13:39:36,867 - INFO - MainProcess - query_execution.segment1 - list index out of range
2022-01-31 13:39:36,867 - INFO - MainProcess - query_execution.segment1 - list index out of range
2022-01-31 13:39:36,867 - INFO - MainProcess - query_execution.segment1 - list index out of range
2022-01-31 13:39:36,867 - INFO - MainProcess - query_execution.segment1 - list index out of range
2022-01-31 13:39:36,867 - INFO - MainProcess - query_execution.segment1 - list index out of range
2022-01-31 13:39:36,867 - INFO - MainProcess - query_execution.segment1 - list index out of range
2022-01-31 13:39:36,867 - INFO - MainProcess - query_execution.segment1 - list index out of range
2022-01-31 13:39:36,867 - INFO - MainProcess - query_execution.segment1 - list index out of range
2022-01-31 13:39:36,867 - INFO - MainProcess - query_execution.segment1 - list index out of range
2022-01-31 13:39:36,867 - INFO - MainProcess - query_execution.segment1 - list index out of range
2022-01-31 13:39:36,867 - INFO - MainProcess - query_execution.segment1 - list index out of range
2022-01-31 13:39:36,867 - INFO - MainProcess - query_execution.segment1 - list index out of range
2022-01-31 13:39:36,867 - INFO - MainProcess - query_execution.segment1 - list index out of range
2022-01-31 13:39:36,867 - INFO - MainProcess - query_execution.segment1 - list index out of range
2022-01-31 13:39:36,867 - INFO - MainProcess - query_execution.segment1 - list index out of range
2022-01-31 13:39:36,867 - INFO - MainProcess - query_execution.segment1 - list index out of range
2022-01-31 13:39:36,867 - INFO - MainProcess - query_execution.segment1 - list index out of range
2022-01-31 13:39:36,867 - INFO - MainProcess - query_execution.segment1 - list index out of range
2022-01-31 13:39:36,867 - INFO - MainProcess - query_execution.segment1 - list index out of range
2022-01-31 13:39:36,867 - INFO - MainProcess - query_execution.segment1 - list index out of range
2022-01-31 13:39:36,867 - INFO - MainProcess - query_execution.segment1 - list index out of range
2022-01-31 13:39:36,867 - INFO - MainProcess - query_execution.segment1 - list index out of range
2022-01-31 13:39:36,867 - INFO - MainProcess - query_execution.segment1 - list index out of range
2022-01-31 13:39:36,867 - INFO - MainProcess - query_execution.segment1 - list index out of range
2022-01-31 13:39:36,867 - INFO - MainProcess - query_execution.segment1 - list index out of range
2022-01-31 13:39:36,867 - INFO - MainProcess - query_execution.segment1 - list index out of range
2022-01-31 13:39:36,867 - INFO - MainProcess - query_execution.segment1 - list index out of range
2022-01-31 13:39:36,867 - INFO - MainProcess - query_execution.segment1 - list index out of range
2022-01-31 13:39:36,867 - INFO - MainProcess - query_execution.segment1 - list index out of range
2022-01-31 13:39:36,867 - INFO - MainProcess - query_execution.segment1 - list index out of range
2022-01-31 13:39:36,867 - INFO - MainProcess - query_execution.segment1 - list index out of range
2022-01-31 13:39:36,867 - INFO - MainProcess - query_execution.segment1 - list index out of range
2022-01-31 13:39:36,867 - INFO - MainProcess - query_execution.segment1 - list index out of range
2022-01-31 13:39:36,867 - INFO - MainProcess - query_execution.segment1 - list index out of range
2022-01-31 13:39:36,867 - INFO - MainProcess - query_execution.segment1 - list index out of range
2022-01-31 13:39:36,867 - INFO - MainProcess - query_execution.segment1 - list index out of range
2022-01-31 13:39:36,882 - INFO - MainProcess - query_execution.segment1 - list index out of range
2022-01-31 13:39:36,882 - INFO - MainProcess - query_execution.segment1 - list index out of range
2022-01-31 13:39:36,882 - INFO - MainProcess - query_execution.segment1 - list index out of range
2022-01-31 13:39:36,882 - INFO - MainProcess - query_execution.segment1 - list index out of range
2022-01-31 13:39:36,882 - INFO - MainProcess - query_execution.segment1 - list index out of range
2022-01-31 13:39:36,882 - INFO - MainProcess - query_execution.segment1 - list index out of range
2022-01-31 13:39:36,882 - INFO - MainProcess - query_execution.segment1 - list index out of range
2022-01-31 13:39:36,882 - INFO - MainProcess - query_execution.segment1 - list index out of range
2022-01-31 13:39:36,882 - INFO - MainProcess - query_execution.segment1 - list index out of range
2022-01-31 13:39:36,882 - INFO - MainProcess - query_execution.segment1 - list index out of range
2022-01-31 13:39:36,882 - INFO - MainProcess - query_execution.segment1 - list index out of range
2022-01-31 13:39:36,882 - INFO - MainProcess - query_execution.segment1 - list index out of range
2022-01-31 13:39:36,882 - INFO - MainProcess - query_execution.segment1 - list index out of range
2022-01-31 13:39:36,882 - INFO - MainProcess - query_execution.segment1 - list index out of range
2022-01-31 13:39:36,882 - INFO - MainProcess - query_execution.segment1 - list index out of range
2022-01-31 13:39:36,882 - INFO - MainProcess - query_execution.segment1 - list index out of range
2022-01-31 13:39:36,882 - INFO - MainProcess - query_execution.segment1 - list index out of range
2022-01-31 13:39:36,882 - INFO - MainProcess - query_execution.segment1 - list index out of range
2022-01-31 13:39:36,882 - INFO - MainProcess - query_execution.segment1 - list index out of range
2022-01-31 13:39:36,882 - INFO - MainProcess - query_execution.segment1 - list index out of range
2022-01-31 13:39:36,882 - INFO - MainProcess - query_execution.segment1 - list index out of range
2022-01-31 13:39:36,882 - INFO - MainProcess - query_execution.segment1 - list index out of range
2022-01-31 13:39:36,882 - INFO - MainProcess - query_execution.segment1 - list index out of range
2022-01-31 13:39:36,882 - INFO - MainProcess - query_execution.segment1 - list index out of range
2022-01-31 13:39:36,882 - INFO - MainProcess - query_execution.segment1 - list index out of range
2022-01-31 13:39:36,882 - INFO - MainProcess - query_execution.segment1 - list index out of range
2022-01-31 13:39:36,882 - INFO - MainProcess - query_execution.segment1 - list index out of range
2022-01-31 13:39:36,882 - INFO - MainProcess - query_execution.segment1 - list index out of range
2022-01-31 13:39:36,882 - INFO - MainProcess - query_execution.segment1 - list index out of range
2022-01-31 13:39:36,882 - INFO - MainProcess - query_execution.segment1 - list index out of range
2022-01-31 13:39:36,882 - INFO - MainProcess - query_execution.segment1 - list index out of range
2022-01-31 13:39:36,882 - INFO - MainProcess - query_execution.segment1 - list index out of range
2022-01-31 13:39:36,882 - INFO - MainProcess - query_execution.segment1 - list index out of range
2022-01-31 13:39:36,882 - INFO - MainProcess - query_execution.segment1 - list index out of range
2022-01-31 13:39:36,882 - INFO - MainProcess - query_execution.segment1 - list index out of range
2022-01-31 13:39:36,882 - INFO - MainProcess - query_execution.segment1 - list index out of range
2022-01-31 13:39:36,882 - INFO - MainProcess - query_execution.segment1 - list index out of range
2022-01-31 13:39:36,882 - INFO - MainProcess - query_execution.segment1 - list index out of range
2022-01-31 13:39:36,882 - INFO - MainProcess - query_execution.segment1 - list index out of range
2022-01-31 13:39:36,882 - INFO - MainProcess - query_execution.segment1 - list index out of range
2022-01-31 13:39:36,882 - INFO - MainProcess - query_execution.segment1 - list index out of range
2022-01-31 13:39:36,882 - INFO - MainProcess - query_execution.segment1 - list index out of range
2022-01-31 13:39:36,898 - INFO - MainProcess - query_execution.segment1 - list index out of range
2022-01-31 13:39:36,898 - INFO - MainProcess - query_execution.segment1 - list index out of range
2022-01-31 13:39:36,898 - INFO - MainProcess - query_execution.segment1 - list index out of range
2022-01-31 13:39:36,898 - INFO - MainProcess - query_execution.segment1 - list index out of range
2022-01-31 13:39:36,898 - INFO - MainProcess - query_execution.segment1 - list index out of range
2022-01-31 13:39:36,898 - INFO - MainProcess - query_execution.segment1 - list index out of range
2022-01-31 13:39:36,898 - INFO - MainProcess - query_execution.segment1 - list index out of range
2022-01-31 13:39:36,898 - INFO - MainProcess - query_execution.segment1 - list index out of range
2022-01-31 13:39:36,898 - INFO - MainProcess - query_execution.segment1 - list index out of range
2022-01-31 13:39:36,898 - INFO - MainProcess - query_execution.segment1 - list index out of range
2022-01-31 13:39:36,898 - INFO - MainProcess - query_execution.segment1 - list index out of range
2022-01-31 13:39:36,898 - INFO - MainProcess - query_execution.segment1 - list index out of range
2022-01-31 13:39:36,898 - INFO - MainProcess - query_execution.segment1 - list index out of range
2022-01-31 13:39:36,898 - INFO - MainProcess - query_execution.segment1 - list index out of range
2022-01-31 13:39:36,898 - INFO - MainProcess - query_execution.segment1 - list index out of range
2022-01-31 13:39:36,898 - INFO - MainProcess - query_execution.segment1 - list index out of range
2022-01-31 13:39:36,898 - INFO - MainProcess - query_execution.segment1 - list index out of range
2022-01-31 13:39:36,898 - INFO - MainProcess - query_execution.segment1 - list index out of range
2022-01-31 13:39:36,898 - INFO - MainProcess - query_execution.segment1 - list index out of range
2022-01-31 13:39:36,898 - INFO - MainProcess - query_execution.segment1 - list index out of range
2022-01-31 13:39:36,898 - INFO - MainProcess - query_execution.segment1 - list index out of range
2022-01-31 13:39:36,898 - INFO - MainProcess - query_execution.segment1 - list index out of range
2022-01-31 13:39:36,898 - INFO - MainProcess - query_execution.segment1 - list index out of range
2022-01-31 13:39:36,898 - INFO - MainProcess - query_execution.segment1 - list index out of range
2022-01-31 13:39:36,898 - INFO - MainProcess - query_execution.segment1 - list index out of range
2022-01-31 13:39:36,898 - INFO - MainProcess - query_execution.segment1 - list index out of range
2022-01-31 13:39:36,898 - INFO - MainProcess - query_execution.segment1 - list index out of range
2022-01-31 13:39:36,898 - INFO - MainProcess - query_execution.segment1 - list index out of range
2022-01-31 13:39:36,898 - INFO - MainProcess - query_execution.segment1 - list index out of range
2022-01-31 13:39:36,898 - INFO - MainProcess - query_execution.segment1 - list index out of range
2022-01-31 13:39:36,898 - INFO - MainProcess - query_execution.segment1 - list index out of range
2022-01-31 13:39:36,898 - INFO - MainProcess - query_execution.segment1 - list index out of range
2022-01-31 13:39:36,898 - INFO - MainProcess - query_execution.segment1 - list index out of range
2022-01-31 13:39:36,898 - INFO - MainProcess - query_execution.segment1 - list index out of range
2022-01-31 13:39:36,898 - INFO - MainProcess - query_execution.segment1 - list index out of range
2022-01-31 13:39:36,898 - INFO - MainProcess - query_execution.segment1 - list index out of range
2022-01-31 13:39:36,898 - INFO - MainProcess - query_execution.segment1 - list index out of range
2022-01-31 13:39:36,898 - INFO - MainProcess - query_execution.segment1 - list index out of range
2022-01-31 13:39:36,898 - INFO - MainProcess - query_execution.segment1 - list index out of range
2022-01-31 13:39:36,898 - INFO - MainProcess - query_execution.segment1 - list index out of range
2022-01-31 13:39:36,898 - INFO - MainProcess - query_execution.segment1 - list index out of range
2022-01-31 13:39:36,898 - INFO - MainProcess - query_execution.segment1 - list index out of range
2022-01-31 13:39:36,914 - INFO - MainProcess - query_execution.segment1 - list index out of range
2022-01-31 13:39:36,914 - INFO - MainProcess - query_execution.segment1 - list index out of range
2022-01-31 13:39:36,914 - INFO - MainProcess - query_execution.segment1 - list index out of range
2022-01-31 13:39:36,914 - INFO - MainProcess - query_execution.segment1 - list index out of range
2022-01-31 13:39:36,914 - INFO - MainProcess - query_execution.segment1 - list index out of range
2022-01-31 13:39:36,914 - INFO - MainProcess - query_execution.segment1 - list index out of range
2022-01-31 13:39:36,914 - INFO - MainProcess - query_execution.segment1 - list index out of range
2022-01-31 13:39:36,914 - INFO - MainProcess - query_execution.segment1 - list index out of range
2022-01-31 13:39:36,914 - INFO - MainProcess - query_execution.segment1 - list index out of range
2022-01-31 13:39:36,914 - INFO - MainProcess - query_execution.segment1 - list index out of range
2022-01-31 13:39:36,914 - INFO - MainProcess - query_execution.segment1 - list index out of range
2022-01-31 13:39:36,914 - INFO - MainProcess - query_execution.segment1 - list index out of range
2022-01-31 13:39:36,914 - INFO - MainProcess - query_execution.segment1 - list index out of range
2022-01-31 13:39:36,914 - INFO - MainProcess - query_execution.segment1 - list index out of range
2022-01-31 13:39:36,914 - INFO - MainProcess - query_execution.segment1 - list index out of range
2022-01-31 13:39:36,914 - INFO - MainProcess - query_execution.segment1 - list index out of range
2022-01-31 13:39:36,914 - INFO - MainProcess - query_execution.segment1 - list index out of range
2022-01-31 13:39:36,914 - INFO - MainProcess - query_execution.segment1 - list index out of range
2022-01-31 13:39:36,914 - INFO - MainProcess - query_execution.segment1 - list index out of range
2022-01-31 13:39:36,914 - INFO - MainProcess - query_execution.segment1 - list index out of range
2022-01-31 13:39:36,914 - INFO - MainProcess - query_execution.segment1 - list index out of range
2022-01-31 13:39:36,914 - INFO - MainProcess - query_execution.segment1 - list index out of range
2022-01-31 13:39:36,914 - INFO - MainProcess - query_execution.segment1 - list index out of range
2022-01-31 13:39:36,914 - INFO - MainProcess - query_execution.segment1 - list index out of range
2022-01-31 13:39:36,914 - INFO - MainProcess - query_execution.segment1 - list index out of range
2022-01-31 13:39:36,914 - INFO - MainProcess - query_execution.segment1 - list index out of range
2022-01-31 13:39:36,914 - INFO - MainProcess - query_execution.segment1 - list index out of range
2022-01-31 13:39:36,914 - INFO - MainProcess - query_execution.segment1 - list index out of range
2022-01-31 13:39:36,914 - INFO - MainProcess - query_execution.segment1 - list index out of range
2022-01-31 13:39:36,914 - INFO - MainProcess - query_execution.segment1 - list index out of range
2022-01-31 13:39:36,914 - INFO - MainProcess - query_execution.segment1 - list index out of range
2022-01-31 13:39:36,914 - INFO - MainProcess - query_execution.segment1 - list index out of range
2022-01-31 13:39:36,914 - INFO - MainProcess - query_execution.segment1 - list index out of range
2022-01-31 13:39:36,914 - INFO - MainProcess - query_execution.segment1 - list index out of range
2022-01-31 13:39:36,914 - INFO - MainProcess - query_execution.segment1 - list index out of range
2022-01-31 13:39:36,914 - INFO - MainProcess - query_execution.segment1 - list index out of range
2022-01-31 13:39:36,914 - INFO - MainProcess - query_execution.segment1 - list index out of range
2022-01-31 13:39:36,914 - INFO - MainProcess - query_execution.segment1 - list index out of range
2022-01-31 13:39:36,914 - INFO - MainProcess - query_execution.segment1 - list index out of range
2022-01-31 13:39:36,914 - INFO - MainProcess - query_execution.segment1 - list index out of range
2022-01-31 13:39:36,914 - INFO - MainProcess - query_execution.segment1 - list index out of range
2022-01-31 13:39:36,914 - INFO - MainProcess - query_execution.segment1 - list index out of range
2022-01-31 13:39:36,929 - INFO - MainProcess - query_execution.segment1 - list index out of range
2022-01-31 13:39:36,929 - INFO - MainProcess - query_execution.segment1 - list index out of range
2022-01-31 13:39:36,929 - INFO - MainProcess - query_execution.segment1 - list index out of range
2022-01-31 13:39:36,929 - INFO - MainProcess - query_execution.segment1 - list index out of range
2022-01-31 13:39:36,929 - INFO - MainProcess - query_execution.segment1 - list index out of range
2022-01-31 13:39:36,929 - INFO - MainProcess - query_execution.segment1 - list index out of range
2022-01-31 13:39:36,929 - INFO - MainProcess - query_execution.segment1 - list index out of range
2022-01-31 13:39:36,929 - INFO - MainProcess - query_execution.segment1 - list index out of range
2022-01-31 13:39:36,929 - INFO - MainProcess - query_execution.segment1 - list index out of range
2022-01-31 13:39:36,929 - INFO - MainProcess - query_execution.segment1 - list index out of range
2022-01-31 13:39:36,929 - INFO - MainProcess - query_execution.segment1 - list index out of range
2022-01-31 13:39:36,929 - INFO - MainProcess - query_execution.segment1 - list index out of range
2022-01-31 13:39:36,929 - INFO - MainProcess - query_execution.segment1 - list index out of range
2022-01-31 13:39:36,929 - INFO - MainProcess - query_execution.segment1 - list index out of range
2022-01-31 13:39:36,929 - INFO - MainProcess - query_execution.segment1 - list index out of range
2022-01-31 13:39:36,929 - INFO - MainProcess - query_execution.segment1 - list index out of range
2022-01-31 13:39:36,929 - INFO - MainProcess - query_execution.segment1 - list index out of range
2022-01-31 13:39:36,929 - INFO - MainProcess - query_execution.segment1 - list index out of range
2022-01-31 13:39:36,929 - INFO - MainProcess - query_execution.segment1 - list index out of range
2022-01-31 13:39:36,929 - INFO - MainProcess - query_execution.segment1 - list index out of range
2022-01-31 13:39:36,929 - INFO - MainProcess - query_execution.segment1 - list index out of range
2022-01-31 13:39:36,929 - INFO - MainProcess - query_execution.segment1 - list index out of range
2022-01-31 13:39:36,929 - INFO - MainProcess - query_execution.segment1 - list index out of range
2022-01-31 13:39:36,929 - INFO - MainProcess - query_execution.segment1 - list index out of range
2022-01-31 13:39:36,929 - INFO - MainProcess - query_execution.segment1 - list index out of range
2022-01-31 13:39:36,929 - INFO - MainProcess - query_execution.segment1 - list index out of range
2022-01-31 13:39:36,929 - INFO - MainProcess - query_execution.segment1 - list index out of range
2022-01-31 13:39:36,929 - INFO - MainProcess - query_execution.segment1 - list index out of range
2022-01-31 13:39:36,929 - INFO - MainProcess - query_execution.segment1 - list index out of range
2022-01-31 13:39:38,942 - INFO - MainProcess - query_execution.segment1 - [{'segment1': {'src_total_count': 222, 'dst_total_count': 222, 'diff_count': 0}}]
2022-01-31 13:39:38,942 - INFO - MainProcess - query_execution.segment1 - segment1 table data validation END
2022-01-31 13:39:38,942 - INFO - MainProcess - __main__ - Final report => [{'segment1': {'src_total_count': 222, 'dst_total_count': 222, 'diff_count': 0}}]
