2022-02-02 01:56:00,986 - DEBUG - MainProcess - root - configuration loaded
2022-02-02 01:56:01,064 - INFO - MainProcess - connection.connect_db - CONNECTION SUCCESSFULLY source
2022-02-02 01:56:01,079 - INFO - MainProcess - connection.connect_db - CONNECTION SUCCESSFULLY destination
2022-02-02 01:56:01,079 - INFO - MainProcess - query_execution.segment1 - segment1 table data validation START
2022-02-02 01:56:01,298 - INFO - MainProcess - query_execution.segment1 - 1
2022-02-02 01:56:04,591 - INFO - MainProcess - query_execution.segment1 - 2
2022-02-02 01:56:07,370 - INFO - MainProcess - query_execution.segment1 - 3
2022-02-02 01:56:08,931 - INFO - MainProcess - query_execution.segment1 - 4
2022-02-02 01:56:23,411 - INFO - MainProcess - query_execution.segment1 - 5
2022-02-02 01:56:26,937 - INFO - MainProcess - query_execution.segment1 - 6
2022-02-02 01:56:42,709 - INFO - MainProcess - query_execution.segment1 - 7
2022-02-02 01:56:45,283 - INFO - MainProcess - query_execution.segment1 - 8
2022-02-02 01:56:47,888 - INFO - MainProcess - query_execution.segment1 - 9
2022-02-02 01:56:49,261 - INFO - MainProcess - query_execution.segment1 - 10
2022-02-02 01:56:50,572 - INFO - MainProcess - query_execution.segment1 - 11
2022-02-02 01:56:52,974 - INFO - MainProcess - query_execution.segment1 - 12
2022-02-02 01:56:54,503 - INFO - MainProcess - query_execution.segment1 - 13
2022-02-02 01:56:56,968 - INFO - MainProcess - query_execution.segment1 - 14
2022-02-02 01:57:12,834 - INFO - MainProcess - query_execution.segment1 - 15
2022-02-02 01:57:14,677 - INFO - MainProcess - query_execution.segment1 - 16
2022-02-02 01:57:15,847 - INFO - MainProcess - query_execution.segment1 - 17
2022-02-02 01:57:18,390 - INFO - MainProcess - query_execution.segment1 - 18
2022-02-02 01:57:19,825 - INFO - MainProcess - query_execution.segment1 - 19
2022-02-02 01:57:22,087 - INFO - MainProcess - query_execution.segment1 - 20
2022-02-02 01:57:24,147 - INFO - MainProcess - query_execution.segment1 - 21
2022-02-02 01:57:26,768 - INFO - MainProcess - query_execution.segment1 - 22
2022-02-02 01:57:29,014 - INFO - MainProcess - query_execution.segment1 - 23
2022-02-02 01:57:31,557 - INFO - MainProcess - query_execution.segment1 - 24
2022-02-02 01:57:34,920 - INFO - MainProcess - query_execution.segment1 - 25
2022-02-02 01:57:37,891 - INFO - MainProcess - query_execution.segment1 - 26
2022-02-02 01:57:41,909 - INFO - MainProcess - query_execution.segment1 - 27
2022-02-02 01:57:42,954 - INFO - MainProcess - query_execution.segment1 - 28
2022-02-02 01:57:44,743 - INFO - MainProcess - query_execution.segment1 - 29
2022-02-02 01:57:47,477 - INFO - MainProcess - query_execution.segment1 - 30
2022-02-02 01:57:50,355 - INFO - MainProcess - query_execution.segment1 - 31
2022-02-02 01:57:53,712 - INFO - MainProcess - query_execution.segment1 - 32
2022-02-02 01:57:56,445 - INFO - MainProcess - query_execution.segment1 - 33
2022-02-02 01:57:58,349 - INFO - MainProcess - query_execution.segment1 - 34
2022-02-02 01:58:00,111 - INFO - MainProcess - query_execution.segment1 - 35
2022-02-02 01:58:02,904 - INFO - MainProcess - query_execution.segment1 - 36
2022-02-02 01:58:04,557 - INFO - MainProcess - query_execution.segment1 - 37
2022-02-02 01:58:06,227 - INFO - MainProcess - query_execution.segment1 - 38
2022-02-02 01:58:07,927 - INFO - MainProcess - query_execution.segment1 - 39
2022-02-02 01:58:09,784 - INFO - MainProcess - query_execution.segment1 - 40
2022-02-02 01:58:11,531 - INFO - MainProcess - query_execution.segment1 - 41
2022-02-02 01:58:14,105 - INFO - MainProcess - query_execution.segment1 - 42
2022-02-02 01:58:17,303 - INFO - MainProcess - query_execution.segment1 - 43
2022-02-02 01:58:19,097 - INFO - MainProcess - query_execution.segment1 - 44
2022-02-02 01:58:22,218 - INFO - MainProcess - query_execution.segment1 - 45
2022-02-02 01:58:23,700 - INFO - MainProcess - query_execution.segment1 - 46
2022-02-02 01:58:25,607 - INFO - MainProcess - query_execution.segment1 - 47
2022-02-02 01:58:27,401 - INFO - MainProcess - query_execution.segment1 - 48
2022-02-02 01:58:30,211 - INFO - MainProcess - query_execution.segment1 - 49
2022-02-02 01:58:32,552 - INFO - MainProcess - query_execution.segment1 - 50
2022-02-02 01:58:34,127 - INFO - MainProcess - query_execution.segment1 - 51
2022-02-02 01:58:35,578 - INFO - MainProcess - query_execution.segment1 - 52
2022-02-02 01:58:39,182 - INFO - MainProcess - query_execution.segment1 - 53
2022-02-02 01:58:41,413 - INFO - MainProcess - query_execution.segment1 - 54
2022-02-02 01:58:44,470 - INFO - MainProcess - query_execution.segment1 - 55
2022-02-02 01:58:45,843 - INFO - MainProcess - query_execution.segment1 - 56
2022-02-02 01:58:48,277 - INFO - MainProcess - query_execution.segment1 - 57
2022-02-02 01:58:50,024 - INFO - MainProcess - query_execution.segment1 - 58
2022-02-02 01:58:52,193 - INFO - MainProcess - query_execution.segment1 - 59
2022-02-02 01:58:53,487 - INFO - MainProcess - query_execution.segment1 - 60
2022-02-02 01:58:55,933 - INFO - MainProcess - query_execution.segment1 - 61
2022-02-02 01:58:57,587 - INFO - MainProcess - query_execution.segment1 - 62
2022-02-02 01:58:59,368 - INFO - MainProcess - query_execution.segment1 - 63
2022-02-02 01:59:00,550 - INFO - MainProcess - query_execution.segment1 - 64
2022-02-02 01:59:02,146 - INFO - MainProcess - query_execution.segment1 - 65
2022-02-02 01:59:03,784 - INFO - MainProcess - query_execution.segment1 - 66
2022-02-02 01:59:05,854 - INFO - MainProcess - query_execution.segment1 - 67
2022-02-02 01:59:07,508 - INFO - MainProcess - query_execution.segment1 - 68
2022-02-02 01:59:10,611 - INFO - MainProcess - query_execution.segment1 - 69
2022-02-02 01:59:12,194 - INFO - MainProcess - query_execution.segment1 - 70
2022-02-02 01:59:14,661 - INFO - MainProcess - query_execution.segment1 - 71
2022-02-02 01:59:16,984 - INFO - MainProcess - query_execution.segment1 - 72
2022-02-02 01:59:19,686 - INFO - MainProcess - query_execution.segment1 - 73
2022-02-02 01:59:21,229 - INFO - MainProcess - query_execution.segment1 - 74
2022-02-02 01:59:22,852 - INFO - MainProcess - query_execution.segment1 - 75
2022-02-02 01:59:24,708 - INFO - MainProcess - query_execution.segment1 - 76
2022-02-02 01:59:27,114 - INFO - MainProcess - query_execution.segment1 - 77
2022-02-02 01:59:29,815 - INFO - MainProcess - query_execution.segment1 - 78
2022-02-02 01:59:31,362 - INFO - MainProcess - query_execution.segment1 - 79
2022-02-02 01:59:34,170 - INFO - MainProcess - query_execution.segment1 - 80
2022-02-02 01:59:36,761 - INFO - MainProcess - query_execution.segment1 - 81
2022-02-02 01:59:39,118 - INFO - MainProcess - query_execution.segment1 - 82
2022-02-02 01:59:41,193 - INFO - MainProcess - query_execution.segment1 - 83
2022-02-02 01:59:43,185 - INFO - MainProcess - query_execution.segment1 - 84
2022-02-02 01:59:44,791 - INFO - MainProcess - query_execution.segment1 - 85
2022-02-02 01:59:46,995 - INFO - MainProcess - query_execution.segment1 - 86
2022-02-02 01:59:49,743 - INFO - MainProcess - query_execution.segment1 - 87
2022-02-02 01:59:51,734 - INFO - MainProcess - query_execution.segment1 - 88
2022-02-02 01:59:53,188 - INFO - MainProcess - query_execution.segment1 - 89
2022-02-02 01:59:56,027 - INFO - MainProcess - query_execution.segment1 - 90
2022-02-02 01:59:57,431 - INFO - MainProcess - query_execution.segment1 - 91
2022-02-02 01:59:59,198 - INFO - MainProcess - query_execution.segment1 - 92
2022-02-02 02:00:01,835 - INFO - MainProcess - query_execution.segment1 - 93
2022-02-02 02:00:03,254 - INFO - MainProcess - query_execution.segment1 - 94
2022-02-02 02:00:05,953 - INFO - MainProcess - query_execution.segment1 - 95
2022-02-02 02:00:09,188 - INFO - MainProcess - query_execution.segment1 - 96
2022-02-02 02:00:12,245 - INFO - MainProcess - query_execution.segment1 - 97
2022-02-02 02:00:19,588 - INFO - MainProcess - query_execution.segment1 - 98
2022-02-02 02:00:21,846 - INFO - MainProcess - query_execution.segment1 - 99
2022-02-02 02:00:24,388 - INFO - MainProcess - query_execution.segment1 - 100
2022-02-02 02:00:27,421 - INFO - MainProcess - query_execution.segment1 - 101
2022-02-02 02:00:30,167 - INFO - MainProcess - query_execution.segment1 - 102
2022-02-02 02:00:32,413 - INFO - MainProcess - query_execution.segment1 - 103
2022-02-02 02:00:34,831 - INFO - MainProcess - query_execution.segment1 - 104
2022-02-02 02:00:36,766 - INFO - MainProcess - query_execution.segment1 - 105
2022-02-02 02:00:39,028 - INFO - MainProcess - query_execution.segment1 - 106
2022-02-02 02:00:43,711 - INFO - MainProcess - query_execution.segment1 - 107
2022-02-02 02:00:46,378 - INFO - MainProcess - query_execution.segment1 - 108
2022-02-02 02:00:48,032 - INFO - MainProcess - query_execution.segment1 - 109
2022-02-02 02:00:50,825 - INFO - MainProcess - query_execution.segment1 - 110
2022-02-02 02:00:52,992 - INFO - MainProcess - query_execution.segment1 - 111
2022-02-02 02:00:55,147 - INFO - MainProcess - query_execution.segment1 - 112
2022-02-02 02:00:57,237 - INFO - MainProcess - query_execution.segment1 - 113
2022-02-02 02:00:58,704 - INFO - MainProcess - query_execution.segment1 - 114
2022-02-02 02:00:59,889 - INFO - MainProcess - query_execution.segment1 - 115
2022-02-02 02:01:02,042 - INFO - MainProcess - query_execution.segment1 - 116
2022-02-02 02:01:04,055 - INFO - MainProcess - query_execution.segment1 - 117
2022-02-02 02:01:05,838 - INFO - MainProcess - query_execution.segment1 - 118
2022-02-02 02:01:07,273 - INFO - MainProcess - query_execution.segment1 - 119
2022-02-02 02:01:08,006 - INFO - MainProcess - query_execution.segment1 - 120
2022-02-02 02:01:08,662 - INFO - MainProcess - query_execution.segment1 - 121
2022-02-02 02:01:12,933 - INFO - MainProcess - query_execution.segment1 - 122
2022-02-02 02:01:15,819 - INFO - MainProcess - query_execution.segment1 - 123
2022-02-02 02:01:19,984 - INFO - MainProcess - query_execution.segment1 - 124
2022-02-02 02:01:23,464 - INFO - MainProcess - query_execution.segment1 - 125
2022-02-02 02:01:26,912 - INFO - MainProcess - query_execution.segment1 - 126
2022-02-02 02:01:28,300 - INFO - MainProcess - query_execution.segment1 - 127
2022-02-02 02:01:30,390 - INFO - MainProcess - query_execution.segment1 - 128
2022-02-02 02:01:32,668 - INFO - MainProcess - query_execution.segment1 - 129
2022-02-02 02:01:34,166 - INFO - MainProcess - query_execution.segment1 - 130
2022-02-02 02:01:36,085 - INFO - MainProcess - query_execution.segment1 - 131
2022-02-02 02:01:39,142 - INFO - MainProcess - query_execution.segment1 - 132
2022-02-02 02:01:41,109 - INFO - MainProcess - query_execution.segment1 - 133
2022-02-02 02:01:43,605 - INFO - MainProcess - query_execution.segment1 - 134
2022-02-02 02:01:45,305 - INFO - MainProcess - query_execution.segment1 - 135
2022-02-02 02:01:47,411 - INFO - MainProcess - query_execution.segment1 - 136
2022-02-02 02:01:48,753 - INFO - MainProcess - query_execution.segment1 - 137
2022-02-02 02:01:51,469 - INFO - MainProcess - query_execution.segment1 - 138
2022-02-02 02:01:53,465 - INFO - MainProcess - query_execution.segment1 - 139
2022-02-02 02:01:55,578 - INFO - MainProcess - query_execution.segment1 - 140
2022-02-02 02:01:57,092 - INFO - MainProcess - query_execution.segment1 - 141
2022-02-02 02:01:59,386 - INFO - MainProcess - query_execution.segment1 - 142
2022-02-02 02:02:01,697 - INFO - MainProcess - query_execution.segment1 - 143
2022-02-02 02:02:04,631 - INFO - MainProcess - query_execution.segment1 - 144
2022-02-02 02:02:06,191 - INFO - MainProcess - query_execution.segment1 - 145
2022-02-02 02:02:07,486 - INFO - MainProcess - query_execution.segment1 - 146
2022-02-02 02:02:09,797 - INFO - MainProcess - query_execution.segment1 - 147
2022-02-02 02:02:12,558 - INFO - MainProcess - query_execution.segment1 - 148
2022-02-02 02:02:14,929 - INFO - MainProcess - query_execution.segment1 - 149
2022-02-02 02:02:16,645 - INFO - MainProcess - query_execution.segment1 - 150
2022-02-02 02:02:18,880 - INFO - MainProcess - query_execution.segment1 - 151
2022-02-02 02:02:21,356 - INFO - MainProcess - query_execution.segment1 - 152
2022-02-02 02:02:22,468 - INFO - MainProcess - query_execution.segment1 - 153
2022-02-02 02:02:24,212 - INFO - MainProcess - query_execution.segment1 - 154
2022-02-02 02:02:26,724 - INFO - MainProcess - query_execution.segment1 - 155
2022-02-02 02:02:29,142 - INFO - MainProcess - query_execution.segment1 - 156
2022-02-02 02:02:30,967 - INFO - MainProcess - query_execution.segment1 - 157
2022-02-02 02:02:32,060 - INFO - MainProcess - query_execution.segment1 - 158
2022-02-02 02:02:34,151 - INFO - MainProcess - query_execution.segment1 - 159
2022-02-02 02:02:35,711 - INFO - MainProcess - query_execution.segment1 - 160
2022-02-02 02:02:37,208 - INFO - MainProcess - query_execution.segment1 - 161
2022-02-02 02:02:39,673 - INFO - MainProcess - query_execution.segment1 - 162
2022-02-02 02:02:40,765 - INFO - MainProcess - query_execution.segment1 - 163
2022-02-02 02:02:42,374 - INFO - MainProcess - query_execution.segment1 - 164
2022-02-02 02:02:45,011 - INFO - MainProcess - query_execution.segment1 - 165
2022-02-02 02:02:47,638 - INFO - MainProcess - query_execution.segment1 - 166
2022-02-02 02:02:49,279 - INFO - MainProcess - query_execution.segment1 - 167
2022-02-02 02:02:50,386 - INFO - MainProcess - query_execution.segment1 - 168
2022-02-02 02:02:51,915 - INFO - MainProcess - query_execution.segment1 - 169
2022-02-02 02:02:52,726 - INFO - MainProcess - query_execution.segment1 - 170
2022-02-02 02:02:53,771 - INFO - MainProcess - query_execution.segment1 - 171
2022-02-02 02:02:54,912 - INFO - MainProcess - query_execution.segment1 - 172
2022-02-02 02:02:55,724 - INFO - MainProcess - query_execution.segment1 - 173
2022-02-02 02:02:57,034 - INFO - MainProcess - query_execution.segment1 - 174
2022-02-02 02:02:58,237 - INFO - MainProcess - query_execution.segment1 - 175
2022-02-02 02:02:59,002 - INFO - MainProcess - query_execution.segment1 - 176
2022-02-02 02:03:00,218 - INFO - MainProcess - query_execution.segment1 - 177
2022-02-02 02:03:01,654 - INFO - MainProcess - query_execution.segment1 - 178
2022-02-02 02:03:03,292 - INFO - MainProcess - query_execution.segment1 - 179
2022-02-02 02:03:06,240 - INFO - MainProcess - query_execution.segment1 - 180
2022-02-02 02:03:08,346 - INFO - MainProcess - query_execution.segment1 - 181
2022-02-02 02:03:10,266 - INFO - MainProcess - query_execution.segment1 - 182
2022-02-02 02:03:13,187 - INFO - MainProcess - query_execution.segment1 - 183
2022-02-02 02:03:15,215 - INFO - MainProcess - query_execution.segment1 - 184
2022-02-02 02:03:17,821 - INFO - MainProcess - query_execution.segment1 - 185
2022-02-02 02:03:19,299 - INFO - MainProcess - query_execution.segment1 - 186
2022-02-02 02:03:20,707 - INFO - MainProcess - query_execution.segment1 - 187
2022-02-02 02:03:22,751 - INFO - MainProcess - query_execution.segment1 - 188
2022-02-02 02:03:25,486 - INFO - MainProcess - query_execution.segment1 - 189
2022-02-02 02:03:27,728 - INFO - MainProcess - query_execution.segment1 - 190
2022-02-02 02:03:29,787 - INFO - MainProcess - query_execution.segment1 - 191
2022-02-02 02:03:31,184 - INFO - MainProcess - query_execution.segment1 - 192
2022-02-02 02:03:34,809 - INFO - MainProcess - query_execution.segment1 - 193
