2022-02-01 22:15:08,056 - DEBUG - MainProcess - root - configuration loaded
2022-02-01 22:15:09,760 - INFO - MainProcess - connection.connect_db - CONNECTION SUCCESSFULLY source
2022-02-01 22:15:09,838 - INFO - MainProcess - connection.connect_db - CONNECTION SUCCESSFULLY destination
2022-02-01 22:15:09,838 - INFO - MainProcess - query_execution.segment1 - segment1 table data validation START
2022-02-01 22:15:13,679 - INFO - MainProcess - query_execution.segment1 - list index out of range
2022-02-01 22:15:13,679 - INFO - MainProcess - query_execution.segment1 - list index out of range
2022-02-01 22:15:13,679 - INFO - MainProcess - query_execution.segment1 - list index out of range
2022-02-01 22:15:13,679 - INFO - MainProcess - query_execution.segment1 - list index out of range
2022-02-01 22:15:13,679 - INFO - MainProcess - query_execution.segment1 - list index out of range
2022-02-01 22:15:13,679 - INFO - MainProcess - query_execution.segment1 - list index out of range
2022-02-01 22:15:13,679 - INFO - MainProcess - query_execution.segment1 - list index out of range
2022-02-01 22:15:13,679 - INFO - MainProcess - query_execution.segment1 - list index out of range
2022-02-01 22:15:13,679 - INFO - MainProcess - query_execution.segment1 - list index out of range
2022-02-01 22:15:13,679 - INFO - MainProcess - query_execution.segment1 - list index out of range
2022-02-01 22:15:13,679 - INFO - MainProcess - query_execution.segment1 - list index out of range
2022-02-01 22:15:13,679 - INFO - MainProcess - query_execution.segment1 - list index out of range
2022-02-01 22:15:13,679 - INFO - MainProcess - query_execution.segment1 - list index out of range
2022-02-01 22:15:13,679 - INFO - MainProcess - query_execution.segment1 - list index out of range
2022-02-01 22:15:13,679 - INFO - MainProcess - query_execution.segment1 - list index out of range
2022-02-01 22:15:13,679 - INFO - MainProcess - query_execution.segment1 - list index out of range
2022-02-01 22:15:13,679 - INFO - MainProcess - query_execution.segment1 - list index out of range
2022-02-01 22:15:13,679 - INFO - MainProcess - query_execution.segment1 - list index out of range
2022-02-01 22:15:13,679 - INFO - MainProcess - query_execution.segment1 - list index out of range
2022-02-01 22:15:13,679 - INFO - MainProcess - query_execution.segment1 - list index out of range
2022-02-01 22:15:13,679 - INFO - MainProcess - query_execution.segment1 - list index out of range
2022-02-01 22:15:13,679 - INFO - MainProcess - query_execution.segment1 - list index out of range
2022-02-01 22:15:13,679 - INFO - MainProcess - query_execution.segment1 - list index out of range
2022-02-01 22:15:13,679 - INFO - MainProcess - query_execution.segment1 - list index out of range
2022-02-01 22:15:13,679 - INFO - MainProcess - query_execution.segment1 - list index out of range
2022-02-01 22:15:13,679 - INFO - MainProcess - query_execution.segment1 - list index out of range
2022-02-01 22:15:13,679 - INFO - MainProcess - query_execution.segment1 - list index out of range
2022-02-01 22:15:13,679 - INFO - MainProcess - query_execution.segment1 - list index out of range
2022-02-01 22:15:13,679 - INFO - MainProcess - query_execution.segment1 - list index out of range
2022-02-01 22:15:13,679 - INFO - MainProcess - query_execution.segment1 - list index out of range
2022-02-01 22:15:13,679 - INFO - MainProcess - query_execution.segment1 - list index out of range
2022-02-01 22:15:13,679 - INFO - MainProcess - query_execution.segment1 - list index out of range
2022-02-01 22:15:13,679 - INFO - MainProcess - query_execution.segment1 - list index out of range
2022-02-01 22:15:13,694 - INFO - MainProcess - query_execution.segment1 - list index out of range
2022-02-01 22:15:13,694 - INFO - MainProcess - query_execution.segment1 - list index out of range
2022-02-01 22:15:13,694 - INFO - MainProcess - query_execution.segment1 - list index out of range
2022-02-01 22:15:13,694 - INFO - MainProcess - query_execution.segment1 - list index out of range
2022-02-01 22:15:13,694 - INFO - MainProcess - query_execution.segment1 - list index out of range
2022-02-01 22:15:13,694 - INFO - MainProcess - query_execution.segment1 - list index out of range
2022-02-01 22:15:13,694 - INFO - MainProcess - query_execution.segment1 - list index out of range
2022-02-01 22:15:13,694 - INFO - MainProcess - query_execution.segment1 - list index out of range
2022-02-01 22:15:13,694 - INFO - MainProcess - query_execution.segment1 - list index out of range
2022-02-01 22:15:13,694 - INFO - MainProcess - query_execution.segment1 - list index out of range
2022-02-01 22:15:13,694 - INFO - MainProcess - query_execution.segment1 - list index out of range
2022-02-01 22:15:13,694 - INFO - MainProcess - query_execution.segment1 - list index out of range
2022-02-01 22:15:13,694 - INFO - MainProcess - query_execution.segment1 - list index out of range
2022-02-01 22:15:13,694 - INFO - MainProcess - query_execution.segment1 - list index out of range
2022-02-01 22:15:13,694 - INFO - MainProcess - query_execution.segment1 - list index out of range
2022-02-01 22:15:13,694 - INFO - MainProcess - query_execution.segment1 - list index out of range
2022-02-01 22:15:13,694 - INFO - MainProcess - query_execution.segment1 - list index out of range
2022-02-01 22:15:13,710 - INFO - MainProcess - query_execution.segment1 - list index out of range
2022-02-01 22:15:13,710 - INFO - MainProcess - query_execution.segment1 - list index out of range
2022-02-01 22:15:13,710 - INFO - MainProcess - query_execution.segment1 - list index out of range
2022-02-01 22:15:13,710 - INFO - MainProcess - query_execution.segment1 - list index out of range
2022-02-01 22:15:13,710 - INFO - MainProcess - query_execution.segment1 - list index out of range
2022-02-01 22:15:13,710 - INFO - MainProcess - query_execution.segment1 - list index out of range
2022-02-01 22:15:13,710 - INFO - MainProcess - query_execution.segment1 - list index out of range
2022-02-01 22:15:13,710 - INFO - MainProcess - query_execution.segment1 - list index out of range
2022-02-01 22:15:13,710 - INFO - MainProcess - query_execution.segment1 - list index out of range
2022-02-01 22:15:13,710 - INFO - MainProcess - query_execution.segment1 - list index out of range
2022-02-01 22:15:13,710 - INFO - MainProcess - query_execution.segment1 - list index out of range
2022-02-01 22:15:13,710 - INFO - MainProcess - query_execution.segment1 - list index out of range
2022-02-01 22:15:13,710 - INFO - MainProcess - query_execution.segment1 - list index out of range
2022-02-01 22:15:13,710 - INFO - MainProcess - query_execution.segment1 - list index out of range
2022-02-01 22:15:13,710 - INFO - MainProcess - query_execution.segment1 - list index out of range
2022-02-01 22:15:13,710 - INFO - MainProcess - query_execution.segment1 - list index out of range
2022-02-01 22:15:13,710 - INFO - MainProcess - query_execution.segment1 - list index out of range
2022-02-01 22:15:13,710 - INFO - MainProcess - query_execution.segment1 - list index out of range
2022-02-01 22:15:13,710 - INFO - MainProcess - query_execution.segment1 - list index out of range
2022-02-01 22:15:13,710 - INFO - MainProcess - query_execution.segment1 - list index out of range
2022-02-01 22:15:13,710 - INFO - MainProcess - query_execution.segment1 - list index out of range
2022-02-01 22:15:13,710 - INFO - MainProcess - query_execution.segment1 - list index out of range
2022-02-01 22:15:13,710 - INFO - MainProcess - query_execution.segment1 - list index out of range
2022-02-01 22:15:13,710 - INFO - MainProcess - query_execution.segment1 - list index out of range
2022-02-01 22:15:13,710 - INFO - MainProcess - query_execution.segment1 - list index out of range
2022-02-01 22:15:13,710 - INFO - MainProcess - query_execution.segment1 - list index out of range
2022-02-01 22:15:13,710 - INFO - MainProcess - query_execution.segment1 - list index out of range
2022-02-01 22:15:13,710 - INFO - MainProcess - query_execution.segment1 - list index out of range
2022-02-01 22:15:13,710 - INFO - MainProcess - query_execution.segment1 - list index out of range
2022-02-01 22:15:13,710 - INFO - MainProcess - query_execution.segment1 - list index out of range
2022-02-01 22:15:13,710 - INFO - MainProcess - query_execution.segment1 - list index out of range
2022-02-01 22:15:13,710 - INFO - MainProcess - query_execution.segment1 - list index out of range
2022-02-01 22:15:13,710 - INFO - MainProcess - query_execution.segment1 - list index out of range
2022-02-01 22:15:13,710 - INFO - MainProcess - query_execution.segment1 - list index out of range
2022-02-01 22:15:13,710 - INFO - MainProcess - query_execution.segment1 - list index out of range
2022-02-01 22:15:13,726 - INFO - MainProcess - query_execution.segment1 - list index out of range
2022-02-01 22:15:13,726 - INFO - MainProcess - query_execution.segment1 - list index out of range
2022-02-01 22:15:13,726 - INFO - MainProcess - query_execution.segment1 - list index out of range
2022-02-01 22:15:13,726 - INFO - MainProcess - query_execution.segment1 - list index out of range
2022-02-01 22:15:13,726 - INFO - MainProcess - query_execution.segment1 - list index out of range
2022-02-01 22:15:13,726 - INFO - MainProcess - query_execution.segment1 - list index out of range
2022-02-01 22:15:13,726 - INFO - MainProcess - query_execution.segment1 - list index out of range
2022-02-01 22:15:13,726 - INFO - MainProcess - query_execution.segment1 - list index out of range
2022-02-01 22:15:13,726 - INFO - MainProcess - query_execution.segment1 - list index out of range
2022-02-01 22:15:13,726 - INFO - MainProcess - query_execution.segment1 - list index out of range
2022-02-01 22:15:13,726 - INFO - MainProcess - query_execution.segment1 - list index out of range
2022-02-01 22:15:13,726 - INFO - MainProcess - query_execution.segment1 - list index out of range
2022-02-01 22:15:13,726 - INFO - MainProcess - query_execution.segment1 - list index out of range
2022-02-01 22:15:13,726 - INFO - MainProcess - query_execution.segment1 - list index out of range
2022-02-01 22:15:13,726 - INFO - MainProcess - query_execution.segment1 - list index out of range
2022-02-01 22:15:13,726 - INFO - MainProcess - query_execution.segment1 - list index out of range
2022-02-01 22:15:13,726 - INFO - MainProcess - query_execution.segment1 - list index out of range
2022-02-01 22:15:13,726 - INFO - MainProcess - query_execution.segment1 - list index out of range
2022-02-01 22:15:13,726 - INFO - MainProcess - query_execution.segment1 - list index out of range
2022-02-01 22:15:13,726 - INFO - MainProcess - query_execution.segment1 - list index out of range
2022-02-01 22:15:13,726 - INFO - MainProcess - query_execution.segment1 - list index out of range
2022-02-01 22:15:13,726 - INFO - MainProcess - query_execution.segment1 - list index out of range
2022-02-01 22:15:13,726 - INFO - MainProcess - query_execution.segment1 - list index out of range
2022-02-01 22:15:13,726 - INFO - MainProcess - query_execution.segment1 - list index out of range
2022-02-01 22:15:13,726 - INFO - MainProcess - query_execution.segment1 - list index out of range
2022-02-01 22:15:13,726 - INFO - MainProcess - query_execution.segment1 - list index out of range
2022-02-01 22:15:13,726 - INFO - MainProcess - query_execution.segment1 - list index out of range
2022-02-01 22:15:13,726 - INFO - MainProcess - query_execution.segment1 - list index out of range
2022-02-01 22:15:13,726 - INFO - MainProcess - query_execution.segment1 - list index out of range
2022-02-01 22:15:13,726 - INFO - MainProcess - query_execution.segment1 - list index out of range
2022-02-01 22:15:13,726 - INFO - MainProcess - query_execution.segment1 - list index out of range
2022-02-01 22:15:13,726 - INFO - MainProcess - query_execution.segment1 - list index out of range
2022-02-01 22:15:13,726 - INFO - MainProcess - query_execution.segment1 - list index out of range
2022-02-01 22:15:13,726 - INFO - MainProcess - query_execution.segment1 - list index out of range
2022-02-01 22:15:13,726 - INFO - MainProcess - query_execution.segment1 - list index out of range
2022-02-01 22:15:13,741 - INFO - MainProcess - query_execution.segment1 - list index out of range
2022-02-01 22:15:13,741 - INFO - MainProcess - query_execution.segment1 - list index out of range
2022-02-01 22:15:13,741 - INFO - MainProcess - query_execution.segment1 - list index out of range
2022-02-01 22:15:13,741 - INFO - MainProcess - query_execution.segment1 - list index out of range
2022-02-01 22:15:13,741 - INFO - MainProcess - query_execution.segment1 - list index out of range
2022-02-01 22:15:13,741 - INFO - MainProcess - query_execution.segment1 - list index out of range
2022-02-01 22:15:13,741 - INFO - MainProcess - query_execution.segment1 - list index out of range
2022-02-01 22:15:13,741 - INFO - MainProcess - query_execution.segment1 - list index out of range
2022-02-01 22:15:13,741 - INFO - MainProcess - query_execution.segment1 - list index out of range
2022-02-01 22:15:13,741 - INFO - MainProcess - query_execution.segment1 - list index out of range
2022-02-01 22:15:13,741 - INFO - MainProcess - query_execution.segment1 - list index out of range
2022-02-01 22:15:13,741 - INFO - MainProcess - query_execution.segment1 - list index out of range
2022-02-01 22:15:13,741 - INFO - MainProcess - query_execution.segment1 - list index out of range
2022-02-01 22:15:13,741 - INFO - MainProcess - query_execution.segment1 - list index out of range
2022-02-01 22:15:13,741 - INFO - MainProcess - query_execution.segment1 - list index out of range
2022-02-01 22:15:13,741 - INFO - MainProcess - query_execution.segment1 - list index out of range
2022-02-01 22:15:13,741 - INFO - MainProcess - query_execution.segment1 - list index out of range
2022-02-01 22:15:13,741 - INFO - MainProcess - query_execution.segment1 - list index out of range
2022-02-01 22:15:13,741 - INFO - MainProcess - query_execution.segment1 - list index out of range
2022-02-01 22:15:13,741 - INFO - MainProcess - query_execution.segment1 - list index out of range
2022-02-01 22:15:13,741 - INFO - MainProcess - query_execution.segment1 - list index out of range
2022-02-01 22:15:13,741 - INFO - MainProcess - query_execution.segment1 - list index out of range
2022-02-01 22:15:13,741 - INFO - MainProcess - query_execution.segment1 - list index out of range
2022-02-01 22:15:13,741 - INFO - MainProcess - query_execution.segment1 - list index out of range
2022-02-01 22:15:13,741 - INFO - MainProcess - query_execution.segment1 - list index out of range
2022-02-01 22:15:13,741 - INFO - MainProcess - query_execution.segment1 - list index out of range
2022-02-01 22:15:13,741 - INFO - MainProcess - query_execution.segment1 - list index out of range
2022-02-01 22:15:13,741 - INFO - MainProcess - query_execution.segment1 - list index out of range
2022-02-01 22:15:13,741 - INFO - MainProcess - query_execution.segment1 - list index out of range
2022-02-01 22:15:13,741 - INFO - MainProcess - query_execution.segment1 - list index out of range
2022-02-01 22:15:13,741 - INFO - MainProcess - query_execution.segment1 - list index out of range
2022-02-01 22:15:13,741 - INFO - MainProcess - query_execution.segment1 - list index out of range
2022-02-01 22:15:13,741 - INFO - MainProcess - query_execution.segment1 - list index out of range
2022-02-01 22:15:13,741 - INFO - MainProcess - query_execution.segment1 - list index out of range
2022-02-01 22:15:13,741 - INFO - MainProcess - query_execution.segment1 - list index out of range
2022-02-01 22:15:13,741 - INFO - MainProcess - query_execution.segment1 - list index out of range
2022-02-01 22:15:13,741 - INFO - MainProcess - query_execution.segment1 - list index out of range
2022-02-01 22:15:13,741 - INFO - MainProcess - query_execution.segment1 - list index out of range
2022-02-01 22:15:13,741 - INFO - MainProcess - query_execution.segment1 - list index out of range
2022-02-01 22:15:13,741 - INFO - MainProcess - query_execution.segment1 - list index out of range
2022-02-01 22:15:13,741 - INFO - MainProcess - query_execution.segment1 - list index out of range
2022-02-01 22:15:13,741 - INFO - MainProcess - query_execution.segment1 - list index out of range
2022-02-01 22:15:13,757 - INFO - MainProcess - query_execution.segment1 - list index out of range
2022-02-01 22:15:13,757 - INFO - MainProcess - query_execution.segment1 - list index out of range
2022-02-01 22:15:13,757 - INFO - MainProcess - query_execution.segment1 - list index out of range
2022-02-01 22:15:13,757 - INFO - MainProcess - query_execution.segment1 - list index out of range
2022-02-01 22:15:13,757 - INFO - MainProcess - query_execution.segment1 - list index out of range
2022-02-01 22:15:13,757 - INFO - MainProcess - query_execution.segment1 - list index out of range
2022-02-01 22:15:13,757 - INFO - MainProcess - query_execution.segment1 - list index out of range
2022-02-01 22:15:13,757 - INFO - MainProcess - query_execution.segment1 - list index out of range
2022-02-01 22:15:13,757 - INFO - MainProcess - query_execution.segment1 - list index out of range
2022-02-01 22:15:13,757 - INFO - MainProcess - query_execution.segment1 - list index out of range
2022-02-01 22:15:13,757 - INFO - MainProcess - query_execution.segment1 - list index out of range
2022-02-01 22:15:13,757 - INFO - MainProcess - query_execution.segment1 - list index out of range
2022-02-01 22:15:13,757 - INFO - MainProcess - query_execution.segment1 - list index out of range
2022-02-01 22:15:13,757 - INFO - MainProcess - query_execution.segment1 - list index out of range
2022-02-01 22:15:13,757 - INFO - MainProcess - query_execution.segment1 - list index out of range
2022-02-01 22:15:13,757 - INFO - MainProcess - query_execution.segment1 - list index out of range
2022-02-01 22:15:13,757 - INFO - MainProcess - query_execution.segment1 - list index out of range
2022-02-01 22:15:13,757 - INFO - MainProcess - query_execution.segment1 - list index out of range
2022-02-01 22:15:13,757 - INFO - MainProcess - query_execution.segment1 - list index out of range
2022-02-01 22:15:13,757 - INFO - MainProcess - query_execution.segment1 - list index out of range
2022-02-01 22:15:13,757 - INFO - MainProcess - query_execution.segment1 - list index out of range
2022-02-01 22:15:13,772 - INFO - MainProcess - query_execution.segment1 - list index out of range
2022-02-01 22:15:13,772 - INFO - MainProcess - query_execution.segment1 - list index out of range
2022-02-01 22:15:13,772 - INFO - MainProcess - query_execution.segment1 - list index out of range
2022-02-01 22:15:13,772 - INFO - MainProcess - query_execution.segment1 - list index out of range
2022-02-01 22:15:13,772 - INFO - MainProcess - query_execution.segment1 - list index out of range
2022-02-01 22:15:13,772 - INFO - MainProcess - query_execution.segment1 - list index out of range
2022-02-01 22:15:13,772 - INFO - MainProcess - query_execution.segment1 - list index out of range
2022-02-01 22:15:13,772 - INFO - MainProcess - query_execution.segment1 - list index out of range
2022-02-01 22:15:13,772 - INFO - MainProcess - query_execution.segment1 - list index out of range
2022-02-01 22:15:13,772 - INFO - MainProcess - query_execution.segment1 - list index out of range
2022-02-01 22:15:13,772 - INFO - MainProcess - query_execution.segment1 - list index out of range
2022-02-01 22:15:13,772 - INFO - MainProcess - query_execution.segment1 - list index out of range
2022-02-01 22:15:13,772 - INFO - MainProcess - query_execution.segment1 - list index out of range
2022-02-01 22:15:13,772 - INFO - MainProcess - query_execution.segment1 - list index out of range
2022-02-01 22:15:13,772 - INFO - MainProcess - query_execution.segment1 - list index out of range
2022-02-01 22:15:13,772 - INFO - MainProcess - query_execution.segment1 - list index out of range
2022-02-01 22:15:13,772 - INFO - MainProcess - query_execution.segment1 - list index out of range
2022-02-01 22:15:13,772 - INFO - MainProcess - query_execution.segment1 - list index out of range
2022-02-01 22:15:13,772 - INFO - MainProcess - query_execution.segment1 - list index out of range
2022-02-01 22:15:13,772 - INFO - MainProcess - query_execution.segment1 - list index out of range
2022-02-01 22:15:13,772 - INFO - MainProcess - query_execution.segment1 - list index out of range
2022-02-01 22:15:13,772 - INFO - MainProcess - query_execution.segment1 - list index out of range
2022-02-01 22:15:13,772 - INFO - MainProcess - query_execution.segment1 - list index out of range
2022-02-01 22:15:13,772 - INFO - MainProcess - query_execution.segment1 - list index out of range
2022-02-01 22:15:13,772 - INFO - MainProcess - query_execution.segment1 - list index out of range
2022-02-01 22:15:13,772 - INFO - MainProcess - query_execution.segment1 - list index out of range
2022-02-01 22:15:13,772 - INFO - MainProcess - query_execution.segment1 - list index out of range
2022-02-01 22:15:13,772 - INFO - MainProcess - query_execution.segment1 - list index out of range
2022-02-01 22:15:13,772 - INFO - MainProcess - query_execution.segment1 - list index out of range
2022-02-01 22:15:13,772 - INFO - MainProcess - query_execution.segment1 - list index out of range
2022-02-01 22:15:13,772 - INFO - MainProcess - query_execution.segment1 - list index out of range
2022-02-01 22:15:13,772 - INFO - MainProcess - query_execution.segment1 - list index out of range
2022-02-01 22:15:13,772 - INFO - MainProcess - query_execution.segment1 - list index out of range
2022-02-01 22:15:13,772 - INFO - MainProcess - query_execution.segment1 - list index out of range
2022-02-01 22:15:13,772 - INFO - MainProcess - query_execution.segment1 - list index out of range
2022-02-01 22:15:13,772 - INFO - MainProcess - query_execution.segment1 - list index out of range
2022-02-01 22:15:13,772 - INFO - MainProcess - query_execution.segment1 - list index out of range
2022-02-01 22:15:13,772 - INFO - MainProcess - query_execution.segment1 - list index out of range
2022-02-01 22:15:13,772 - INFO - MainProcess - query_execution.segment1 - list index out of range
2022-02-01 22:15:13,772 - INFO - MainProcess - query_execution.segment1 - list index out of range
2022-02-01 22:15:13,772 - INFO - MainProcess - query_execution.segment1 - list index out of range
2022-02-01 22:15:13,772 - INFO - MainProcess - query_execution.segment1 - list index out of range
2022-02-01 22:15:13,788 - INFO - MainProcess - query_execution.segment1 - list index out of range
2022-02-01 22:15:13,788 - INFO - MainProcess - query_execution.segment1 - list index out of range
2022-02-01 22:15:13,788 - INFO - MainProcess - query_execution.segment1 - list index out of range
2022-02-01 22:15:13,788 - INFO - MainProcess - query_execution.segment1 - list index out of range
2022-02-01 22:15:13,788 - INFO - MainProcess - query_execution.segment1 - list index out of range
2022-02-01 22:15:13,788 - INFO - MainProcess - query_execution.segment1 - list index out of range
2022-02-01 22:15:13,788 - INFO - MainProcess - query_execution.segment1 - list index out of range
2022-02-01 22:15:13,788 - INFO - MainProcess - query_execution.segment1 - list index out of range
2022-02-01 22:15:13,788 - INFO - MainProcess - query_execution.segment1 - list index out of range
2022-02-01 22:15:13,788 - INFO - MainProcess - query_execution.segment1 - list index out of range
2022-02-01 22:15:13,788 - INFO - MainProcess - query_execution.segment1 - list index out of range
2022-02-01 22:15:13,788 - INFO - MainProcess - query_execution.segment1 - list index out of range
2022-02-01 22:15:13,788 - INFO - MainProcess - query_execution.segment1 - list index out of range
2022-02-01 22:15:13,788 - INFO - MainProcess - query_execution.segment1 - list index out of range
2022-02-01 22:15:13,788 - INFO - MainProcess - query_execution.segment1 - list index out of range
2022-02-01 22:15:13,788 - INFO - MainProcess - query_execution.segment1 - list index out of range
2022-02-01 22:15:13,788 - INFO - MainProcess - query_execution.segment1 - list index out of range
2022-02-01 22:15:13,788 - INFO - MainProcess - query_execution.segment1 - list index out of range
2022-02-01 22:15:13,788 - INFO - MainProcess - query_execution.segment1 - list index out of range
2022-02-01 22:15:13,788 - INFO - MainProcess - query_execution.segment1 - list index out of range
2022-02-01 22:15:13,788 - INFO - MainProcess - query_execution.segment1 - list index out of range
2022-02-01 22:15:13,788 - INFO - MainProcess - query_execution.segment1 - list index out of range
2022-02-01 22:15:13,788 - INFO - MainProcess - query_execution.segment1 - list index out of range
2022-02-01 22:15:13,788 - INFO - MainProcess - query_execution.segment1 - list index out of range
2022-02-01 22:15:13,788 - INFO - MainProcess - query_execution.segment1 - list index out of range
2022-02-01 22:15:13,788 - INFO - MainProcess - query_execution.segment1 - list index out of range
2022-02-01 22:15:13,788 - INFO - MainProcess - query_execution.segment1 - list index out of range
2022-02-01 22:15:13,788 - INFO - MainProcess - query_execution.segment1 - list index out of range
2022-02-01 22:15:13,788 - INFO - MainProcess - query_execution.segment1 - list index out of range
2022-02-01 22:15:13,788 - INFO - MainProcess - query_execution.segment1 - list index out of range
2022-02-01 22:15:13,788 - INFO - MainProcess - query_execution.segment1 - list index out of range
2022-02-01 22:15:13,788 - INFO - MainProcess - query_execution.segment1 - list index out of range
2022-02-01 22:15:13,788 - INFO - MainProcess - query_execution.segment1 - list index out of range
2022-02-01 22:15:13,788 - INFO - MainProcess - query_execution.segment1 - list index out of range
2022-02-01 22:15:13,788 - INFO - MainProcess - query_execution.segment1 - list index out of range
2022-02-01 22:15:13,788 - INFO - MainProcess - query_execution.segment1 - list index out of range
2022-02-01 22:15:13,788 - INFO - MainProcess - query_execution.segment1 - list index out of range
2022-02-01 22:15:13,788 - INFO - MainProcess - query_execution.segment1 - list index out of range
2022-02-01 22:15:13,788 - INFO - MainProcess - query_execution.segment1 - list index out of range
2022-02-01 22:15:13,788 - INFO - MainProcess - query_execution.segment1 - list index out of range
2022-02-01 22:15:13,788 - INFO - MainProcess - query_execution.segment1 - list index out of range
2022-02-01 22:15:13,788 - INFO - MainProcess - query_execution.segment1 - list index out of range
2022-02-01 22:15:13,804 - INFO - MainProcess - query_execution.segment1 - list index out of range
2022-02-01 22:15:13,804 - INFO - MainProcess - query_execution.segment1 - list index out of range
2022-02-01 22:15:13,804 - INFO - MainProcess - query_execution.segment1 - list index out of range
2022-02-01 22:15:13,804 - INFO - MainProcess - query_execution.segment1 - list index out of range
2022-02-01 22:15:13,804 - INFO - MainProcess - query_execution.segment1 - list index out of range
2022-02-01 22:15:13,804 - INFO - MainProcess - query_execution.segment1 - list index out of range
2022-02-01 22:15:13,804 - INFO - MainProcess - query_execution.segment1 - list index out of range
2022-02-01 22:15:13,804 - INFO - MainProcess - query_execution.segment1 - list index out of range
2022-02-01 22:15:13,804 - INFO - MainProcess - query_execution.segment1 - list index out of range
2022-02-01 22:15:13,804 - INFO - MainProcess - query_execution.segment1 - list index out of range
2022-02-01 22:15:13,804 - INFO - MainProcess - query_execution.segment1 - list index out of range
2022-02-01 22:15:13,804 - INFO - MainProcess - query_execution.segment1 - list index out of range
2022-02-01 22:15:13,804 - INFO - MainProcess - query_execution.segment1 - list index out of range
2022-02-01 22:15:13,804 - INFO - MainProcess - query_execution.segment1 - list index out of range
2022-02-01 22:15:13,804 - INFO - MainProcess - query_execution.segment1 - list index out of range
2022-02-01 22:15:13,804 - INFO - MainProcess - query_execution.segment1 - list index out of range
2022-02-01 22:15:13,804 - INFO - MainProcess - query_execution.segment1 - list index out of range
2022-02-01 22:15:13,804 - INFO - MainProcess - query_execution.segment1 - list index out of range
2022-02-01 22:15:13,804 - INFO - MainProcess - query_execution.segment1 - list index out of range
2022-02-01 22:15:13,804 - INFO - MainProcess - query_execution.segment1 - list index out of range
2022-02-01 22:15:13,804 - INFO - MainProcess - query_execution.segment1 - list index out of range
2022-02-01 22:15:13,804 - INFO - MainProcess - query_execution.segment1 - list index out of range
2022-02-01 22:15:13,804 - INFO - MainProcess - query_execution.segment1 - list index out of range
2022-02-01 22:15:13,804 - INFO - MainProcess - query_execution.segment1 - list index out of range
2022-02-01 22:15:13,804 - INFO - MainProcess - query_execution.segment1 - list index out of range
2022-02-01 22:15:13,804 - INFO - MainProcess - query_execution.segment1 - list index out of range
2022-02-01 22:15:13,804 - INFO - MainProcess - query_execution.segment1 - list index out of range
2022-02-01 22:15:13,804 - INFO - MainProcess - query_execution.segment1 - list index out of range
2022-02-01 22:15:13,804 - INFO - MainProcess - query_execution.segment1 - list index out of range
2022-02-01 22:15:13,804 - INFO - MainProcess - query_execution.segment1 - list index out of range
2022-02-01 22:15:13,804 - INFO - MainProcess - query_execution.segment1 - list index out of range
2022-02-01 22:15:13,804 - INFO - MainProcess - query_execution.segment1 - list index out of range
2022-02-01 22:15:13,804 - INFO - MainProcess - query_execution.segment1 - list index out of range
2022-02-01 22:15:13,819 - INFO - MainProcess - query_execution.segment1 - list index out of range
2022-02-01 22:15:13,819 - INFO - MainProcess - query_execution.segment1 - list index out of range
2022-02-01 22:15:13,819 - INFO - MainProcess - query_execution.segment1 - list index out of range
2022-02-01 22:15:13,819 - INFO - MainProcess - query_execution.segment1 - list index out of range
2022-02-01 22:15:13,819 - INFO - MainProcess - query_execution.segment1 - list index out of range
2022-02-01 22:15:13,819 - INFO - MainProcess - query_execution.segment1 - list index out of range
2022-02-01 22:15:13,819 - INFO - MainProcess - query_execution.segment1 - list index out of range
2022-02-01 22:15:13,819 - INFO - MainProcess - query_execution.segment1 - list index out of range
2022-02-01 22:15:13,819 - INFO - MainProcess - query_execution.segment1 - list index out of range
2022-02-01 22:15:13,819 - INFO - MainProcess - query_execution.segment1 - list index out of range
2022-02-01 22:15:13,819 - INFO - MainProcess - query_execution.segment1 - list index out of range
2022-02-01 22:15:13,819 - INFO - MainProcess - query_execution.segment1 - list index out of range
2022-02-01 22:15:13,819 - INFO - MainProcess - query_execution.segment1 - list index out of range
2022-02-01 22:15:13,819 - INFO - MainProcess - query_execution.segment1 - list index out of range
2022-02-01 22:15:13,819 - INFO - MainProcess - query_execution.segment1 - list index out of range
2022-02-01 22:15:13,819 - INFO - MainProcess - query_execution.segment1 - list index out of range
2022-02-01 22:15:13,819 - INFO - MainProcess - query_execution.segment1 - list index out of range
2022-02-01 22:15:13,819 - INFO - MainProcess - query_execution.segment1 - list index out of range
2022-02-01 22:15:13,819 - INFO - MainProcess - query_execution.segment1 - list index out of range
2022-02-01 22:15:13,819 - INFO - MainProcess - query_execution.segment1 - list index out of range
2022-02-01 22:15:13,819 - INFO - MainProcess - query_execution.segment1 - list index out of range
2022-02-01 22:15:13,819 - INFO - MainProcess - query_execution.segment1 - list index out of range
2022-02-01 22:15:13,819 - INFO - MainProcess - query_execution.segment1 - list index out of range
2022-02-01 22:15:13,819 - INFO - MainProcess - query_execution.segment1 - list index out of range
2022-02-01 22:15:13,819 - INFO - MainProcess - query_execution.segment1 - list index out of range
2022-02-01 22:15:13,819 - INFO - MainProcess - query_execution.segment1 - list index out of range
2022-02-01 22:15:13,819 - INFO - MainProcess - query_execution.segment1 - list index out of range
2022-02-01 22:15:13,819 - INFO - MainProcess - query_execution.segment1 - list index out of range
2022-02-01 22:15:13,819 - INFO - MainProcess - query_execution.segment1 - list index out of range
2022-02-01 22:15:13,819 - INFO - MainProcess - query_execution.segment1 - list index out of range
2022-02-01 22:15:13,819 - INFO - MainProcess - query_execution.segment1 - list index out of range
2022-02-01 22:15:13,819 - INFO - MainProcess - query_execution.segment1 - list index out of range
2022-02-01 22:15:13,819 - INFO - MainProcess - query_execution.segment1 - list index out of range
2022-02-01 22:15:13,819 - INFO - MainProcess - query_execution.segment1 - list index out of range
2022-02-01 22:15:13,835 - INFO - MainProcess - query_execution.segment1 - list index out of range
2022-02-01 22:15:13,835 - INFO - MainProcess - query_execution.segment1 - list index out of range
2022-02-01 22:15:13,835 - INFO - MainProcess - query_execution.segment1 - list index out of range
2022-02-01 22:15:13,835 - INFO - MainProcess - query_execution.segment1 - list index out of range
2022-02-01 22:15:13,835 - INFO - MainProcess - query_execution.segment1 - list index out of range
2022-02-01 22:15:13,835 - INFO - MainProcess - query_execution.segment1 - list index out of range
2022-02-01 22:15:13,835 - INFO - MainProcess - query_execution.segment1 - list index out of range
2022-02-01 22:15:13,835 - INFO - MainProcess - query_execution.segment1 - list index out of range
2022-02-01 22:15:13,897 - INFO - MainProcess - query_execution.segment1 - list index out of range
2022-02-01 22:15:13,897 - INFO - MainProcess - query_execution.segment1 - list index out of range
2022-02-01 22:15:13,897 - INFO - MainProcess - query_execution.segment1 - list index out of range
2022-02-01 22:15:13,897 - INFO - MainProcess - query_execution.segment1 - list index out of range
2022-02-01 22:15:13,897 - INFO - MainProcess - query_execution.segment1 - list index out of range
2022-02-01 22:15:13,897 - INFO - MainProcess - query_execution.segment1 - list index out of range
2022-02-01 22:15:13,897 - INFO - MainProcess - query_execution.segment1 - list index out of range
2022-02-01 22:15:13,897 - INFO - MainProcess - query_execution.segment1 - list index out of range
2022-02-01 22:15:13,897 - INFO - MainProcess - query_execution.segment1 - list index out of range
2022-02-01 22:15:13,897 - INFO - MainProcess - query_execution.segment1 - list index out of range
2022-02-01 22:15:13,897 - INFO - MainProcess - query_execution.segment1 - list index out of range
2022-02-01 22:15:13,897 - INFO - MainProcess - query_execution.segment1 - list index out of range
2022-02-01 22:15:13,897 - INFO - MainProcess - query_execution.segment1 - list index out of range
2022-02-01 22:15:13,897 - INFO - MainProcess - query_execution.segment1 - list index out of range
2022-02-01 22:15:13,897 - INFO - MainProcess - query_execution.segment1 - list index out of range
2022-02-01 22:15:13,897 - INFO - MainProcess - query_execution.segment1 - list index out of range
2022-02-01 22:15:13,897 - INFO - MainProcess - query_execution.segment1 - list index out of range
2022-02-01 22:15:13,897 - INFO - MainProcess - query_execution.segment1 - list index out of range
2022-02-01 22:15:13,897 - INFO - MainProcess - query_execution.segment1 - list index out of range
2022-02-01 22:15:13,897 - INFO - MainProcess - query_execution.segment1 - list index out of range
2022-02-01 22:15:13,897 - INFO - MainProcess - query_execution.segment1 - list index out of range
2022-02-01 22:15:13,897 - INFO - MainProcess - query_execution.segment1 - list index out of range
2022-02-01 22:15:13,897 - INFO - MainProcess - query_execution.segment1 - list index out of range
2022-02-01 22:15:13,897 - INFO - MainProcess - query_execution.segment1 - list index out of range
2022-02-01 22:15:13,897 - INFO - MainProcess - query_execution.segment1 - list index out of range
2022-02-01 22:15:13,897 - INFO - MainProcess - query_execution.segment1 - list index out of range
2022-02-01 22:15:13,897 - INFO - MainProcess - query_execution.segment1 - list index out of range
2022-02-01 22:15:13,897 - INFO - MainProcess - query_execution.segment1 - list index out of range
2022-02-01 22:15:13,897 - INFO - MainProcess - query_execution.segment1 - list index out of range
2022-02-01 22:15:13,897 - INFO - MainProcess - query_execution.segment1 - list index out of range
2022-02-01 22:15:13,897 - INFO - MainProcess - query_execution.segment1 - list index out of range
2022-02-01 22:15:13,897 - INFO - MainProcess - query_execution.segment1 - list index out of range
2022-02-01 22:15:13,897 - INFO - MainProcess - query_execution.segment1 - list index out of range
2022-02-01 22:15:13,897 - INFO - MainProcess - query_execution.segment1 - list index out of range
2022-02-01 22:15:13,897 - INFO - MainProcess - query_execution.segment1 - list index out of range
2022-02-01 22:15:13,897 - INFO - MainProcess - query_execution.segment1 - list index out of range
2022-02-01 22:15:13,897 - INFO - MainProcess - query_execution.segment1 - list index out of range
2022-02-01 22:15:13,897 - INFO - MainProcess - query_execution.segment1 - list index out of range
2022-02-01 22:15:13,897 - INFO - MainProcess - query_execution.segment1 - list index out of range
2022-02-01 22:15:13,897 - INFO - MainProcess - query_execution.segment1 - list index out of range
2022-02-01 22:15:13,913 - INFO - MainProcess - query_execution.segment1 - list index out of range
2022-02-01 22:15:13,913 - INFO - MainProcess - query_execution.segment1 - list index out of range
2022-02-01 22:15:13,913 - INFO - MainProcess - query_execution.segment1 - list index out of range
2022-02-01 22:15:13,913 - INFO - MainProcess - query_execution.segment1 - list index out of range
2022-02-01 22:15:13,913 - INFO - MainProcess - query_execution.segment1 - list index out of range
2022-02-01 22:15:13,913 - INFO - MainProcess - query_execution.segment1 - list index out of range
2022-02-01 22:15:13,913 - INFO - MainProcess - query_execution.segment1 - list index out of range
2022-02-01 22:15:13,913 - INFO - MainProcess - query_execution.segment1 - list index out of range
2022-02-01 22:15:13,913 - INFO - MainProcess - query_execution.segment1 - list index out of range
2022-02-01 22:15:13,913 - INFO - MainProcess - query_execution.segment1 - list index out of range
2022-02-01 22:15:13,913 - INFO - MainProcess - query_execution.segment1 - list index out of range
2022-02-01 22:15:13,913 - INFO - MainProcess - query_execution.segment1 - list index out of range
2022-02-01 22:15:13,913 - INFO - MainProcess - query_execution.segment1 - list index out of range
2022-02-01 22:15:13,913 - INFO - MainProcess - query_execution.segment1 - list index out of range
2022-02-01 22:15:13,913 - INFO - MainProcess - query_execution.segment1 - list index out of range
2022-02-01 22:15:13,913 - INFO - MainProcess - query_execution.segment1 - list index out of range
2022-02-01 22:15:13,913 - INFO - MainProcess - query_execution.segment1 - list index out of range
2022-02-01 22:15:13,913 - INFO - MainProcess - query_execution.segment1 - list index out of range
2022-02-01 22:15:13,913 - INFO - MainProcess - query_execution.segment1 - list index out of range
2022-02-01 22:15:13,913 - INFO - MainProcess - query_execution.segment1 - list index out of range
2022-02-01 22:15:13,913 - INFO - MainProcess - query_execution.segment1 - list index out of range
2022-02-01 22:15:13,913 - INFO - MainProcess - query_execution.segment1 - list index out of range
2022-02-01 22:15:13,913 - INFO - MainProcess - query_execution.segment1 - list index out of range
2022-02-01 22:15:13,913 - INFO - MainProcess - query_execution.segment1 - list index out of range
2022-02-01 22:15:13,913 - INFO - MainProcess - query_execution.segment1 - list index out of range
2022-02-01 22:15:13,913 - INFO - MainProcess - query_execution.segment1 - list index out of range
2022-02-01 22:15:13,913 - INFO - MainProcess - query_execution.segment1 - list index out of range
2022-02-01 22:15:13,913 - INFO - MainProcess - query_execution.segment1 - list index out of range
2022-02-01 22:15:13,913 - INFO - MainProcess - query_execution.segment1 - list index out of range
2022-02-01 22:15:13,913 - INFO - MainProcess - query_execution.segment1 - list index out of range
2022-02-01 22:15:13,913 - INFO - MainProcess - query_execution.segment1 - list index out of range
2022-02-01 22:15:13,913 - INFO - MainProcess - query_execution.segment1 - list index out of range
2022-02-01 22:15:13,913 - INFO - MainProcess - query_execution.segment1 - list index out of range
2022-02-01 22:15:13,913 - INFO - MainProcess - query_execution.segment1 - list index out of range
2022-02-01 22:15:13,913 - INFO - MainProcess - query_execution.segment1 - list index out of range
2022-02-01 22:15:13,913 - INFO - MainProcess - query_execution.segment1 - list index out of range
2022-02-01 22:15:13,913 - INFO - MainProcess - query_execution.segment1 - list index out of range
2022-02-01 22:15:13,913 - INFO - MainProcess - query_execution.segment1 - list index out of range
2022-02-01 22:15:13,913 - INFO - MainProcess - query_execution.segment1 - list index out of range
2022-02-01 22:15:13,913 - INFO - MainProcess - query_execution.segment1 - list index out of range
2022-02-01 22:15:13,913 - INFO - MainProcess - query_execution.segment1 - list index out of range
2022-02-01 22:15:13,913 - INFO - MainProcess - query_execution.segment1 - list index out of range
2022-02-01 22:15:13,913 - INFO - MainProcess - query_execution.segment1 - list index out of range
2022-02-01 22:15:13,913 - INFO - MainProcess - query_execution.segment1 - list index out of range
2022-02-01 22:15:13,928 - INFO - MainProcess - query_execution.segment1 - list index out of range
2022-02-01 22:15:13,928 - INFO - MainProcess - query_execution.segment1 - list index out of range
2022-02-01 22:15:13,928 - INFO - MainProcess - query_execution.segment1 - list index out of range
2022-02-01 22:15:13,928 - INFO - MainProcess - query_execution.segment1 - list index out of range
2022-02-01 22:15:13,928 - INFO - MainProcess - query_execution.segment1 - list index out of range
2022-02-01 22:15:13,928 - INFO - MainProcess - query_execution.segment1 - list index out of range
2022-02-01 22:15:13,928 - INFO - MainProcess - query_execution.segment1 - list index out of range
2022-02-01 22:15:13,928 - INFO - MainProcess - query_execution.segment1 - list index out of range
2022-02-01 22:15:13,928 - INFO - MainProcess - query_execution.segment1 - list index out of range
2022-02-01 22:15:13,928 - INFO - MainProcess - query_execution.segment1 - list index out of range
2022-02-01 22:15:13,928 - INFO - MainProcess - query_execution.segment1 - list index out of range
2022-02-01 22:15:13,928 - INFO - MainProcess - query_execution.segment1 - list index out of range
2022-02-01 22:15:13,928 - INFO - MainProcess - query_execution.segment1 - list index out of range
2022-02-01 22:15:13,928 - INFO - MainProcess - query_execution.segment1 - list index out of range
2022-02-01 22:15:13,928 - INFO - MainProcess - query_execution.segment1 - list index out of range
2022-02-01 22:15:13,928 - INFO - MainProcess - query_execution.segment1 - list index out of range
2022-02-01 22:15:13,928 - INFO - MainProcess - query_execution.segment1 - list index out of range
2022-02-01 22:15:13,928 - INFO - MainProcess - query_execution.segment1 - list index out of range
2022-02-01 22:15:13,944 - INFO - MainProcess - query_execution.segment1 - list index out of range
2022-02-01 22:15:13,944 - INFO - MainProcess - query_execution.segment1 - list index out of range
2022-02-01 22:15:13,944 - INFO - MainProcess - query_execution.segment1 - list index out of range
2022-02-01 22:15:13,944 - INFO - MainProcess - query_execution.segment1 - list index out of range
2022-02-01 22:15:13,944 - INFO - MainProcess - query_execution.segment1 - list index out of range
2022-02-01 22:15:13,944 - INFO - MainProcess - query_execution.segment1 - list index out of range
2022-02-01 22:15:13,944 - INFO - MainProcess - query_execution.segment1 - list index out of range
2022-02-01 22:15:13,944 - INFO - MainProcess - query_execution.segment1 - list index out of range
2022-02-01 22:15:13,944 - INFO - MainProcess - query_execution.segment1 - list index out of range
2022-02-01 22:15:13,944 - INFO - MainProcess - query_execution.segment1 - list index out of range
2022-02-01 22:15:13,944 - INFO - MainProcess - query_execution.segment1 - list index out of range
2022-02-01 22:15:13,960 - INFO - MainProcess - query_execution.segment1 - list index out of range
2022-02-01 22:15:13,960 - INFO - MainProcess - query_execution.segment1 - list index out of range
2022-02-01 22:15:13,960 - INFO - MainProcess - query_execution.segment1 - list index out of range
2022-02-01 22:15:13,960 - INFO - MainProcess - query_execution.segment1 - list index out of range
2022-02-01 22:15:13,960 - INFO - MainProcess - query_execution.segment1 - list index out of range
2022-02-01 22:15:13,960 - INFO - MainProcess - query_execution.segment1 - list index out of range
2022-02-01 22:15:13,960 - INFO - MainProcess - query_execution.segment1 - list index out of range
2022-02-01 22:15:13,960 - INFO - MainProcess - query_execution.segment1 - list index out of range
2022-02-01 22:15:13,960 - INFO - MainProcess - query_execution.segment1 - list index out of range
2022-02-01 22:15:13,960 - INFO - MainProcess - query_execution.segment1 - list index out of range
2022-02-01 22:15:13,960 - INFO - MainProcess - query_execution.segment1 - list index out of range
2022-02-01 22:15:13,960 - INFO - MainProcess - query_execution.segment1 - list index out of range
2022-02-01 22:15:13,960 - INFO - MainProcess - query_execution.segment1 - list index out of range
2022-02-01 22:15:13,960 - INFO - MainProcess - query_execution.segment1 - list index out of range
2022-02-01 22:15:13,960 - INFO - MainProcess - query_execution.segment1 - list index out of range
2022-02-01 22:15:13,960 - INFO - MainProcess - query_execution.segment1 - list index out of range
2022-02-01 22:15:13,960 - INFO - MainProcess - query_execution.segment1 - list index out of range
2022-02-01 22:15:13,960 - INFO - MainProcess - query_execution.segment1 - list index out of range
2022-02-01 22:15:13,960 - INFO - MainProcess - query_execution.segment1 - list index out of range
2022-02-01 22:15:13,960 - INFO - MainProcess - query_execution.segment1 - list index out of range
2022-02-01 22:15:13,960 - INFO - MainProcess - query_execution.segment1 - list index out of range
2022-02-01 22:15:13,960 - INFO - MainProcess - query_execution.segment1 - list index out of range
2022-02-01 22:15:13,960 - INFO - MainProcess - query_execution.segment1 - list index out of range
2022-02-01 22:15:13,960 - INFO - MainProcess - query_execution.segment1 - list index out of range
2022-02-01 22:15:13,960 - INFO - MainProcess - query_execution.segment1 - list index out of range
2022-02-01 22:15:13,960 - INFO - MainProcess - query_execution.segment1 - list index out of range
2022-02-01 22:15:13,960 - INFO - MainProcess - query_execution.segment1 - list index out of range
2022-02-01 22:15:13,960 - INFO - MainProcess - query_execution.segment1 - list index out of range
2022-02-01 22:15:13,960 - INFO - MainProcess - query_execution.segment1 - list index out of range
2022-02-01 22:15:13,960 - INFO - MainProcess - query_execution.segment1 - list index out of range
2022-02-01 22:15:13,960 - INFO - MainProcess - query_execution.segment1 - list index out of range
2022-02-01 22:15:13,960 - INFO - MainProcess - query_execution.segment1 - list index out of range
2022-02-01 22:15:13,960 - INFO - MainProcess - query_execution.segment1 - list index out of range
2022-02-01 22:15:13,960 - INFO - MainProcess - query_execution.segment1 - list index out of range
2022-02-01 22:15:13,960 - INFO - MainProcess - query_execution.segment1 - list index out of range
2022-02-01 22:15:13,960 - INFO - MainProcess - query_execution.segment1 - list index out of range
2022-02-01 22:15:13,960 - INFO - MainProcess - query_execution.segment1 - list index out of range
2022-02-01 22:15:13,960 - INFO - MainProcess - query_execution.segment1 - list index out of range
2022-02-01 22:15:13,960 - INFO - MainProcess - query_execution.segment1 - list index out of range
2022-02-01 22:15:13,960 - INFO - MainProcess - query_execution.segment1 - list index out of range
2022-02-01 22:15:13,960 - INFO - MainProcess - query_execution.segment1 - list index out of range
2022-02-01 22:15:13,975 - INFO - MainProcess - query_execution.segment1 - list index out of range
2022-02-01 22:15:13,975 - INFO - MainProcess - query_execution.segment1 - list index out of range
2022-02-01 22:15:13,975 - INFO - MainProcess - query_execution.segment1 - list index out of range
2022-02-01 22:15:13,975 - INFO - MainProcess - query_execution.segment1 - list index out of range
2022-02-01 22:15:13,975 - INFO - MainProcess - query_execution.segment1 - list index out of range
2022-02-01 22:15:13,975 - INFO - MainProcess - query_execution.segment1 - list index out of range
2022-02-01 22:15:13,975 - INFO - MainProcess - query_execution.segment1 - list index out of range
2022-02-01 22:15:13,975 - INFO - MainProcess - query_execution.segment1 - list index out of range
2022-02-01 22:15:13,975 - INFO - MainProcess - query_execution.segment1 - list index out of range
2022-02-01 22:15:13,975 - INFO - MainProcess - query_execution.segment1 - list index out of range
2022-02-01 22:15:13,975 - INFO - MainProcess - query_execution.segment1 - list index out of range
2022-02-01 22:15:13,975 - INFO - MainProcess - query_execution.segment1 - list index out of range
2022-02-01 22:15:13,975 - INFO - MainProcess - query_execution.segment1 - list index out of range
2022-02-01 22:15:13,975 - INFO - MainProcess - query_execution.segment1 - list index out of range
2022-02-01 22:15:13,975 - INFO - MainProcess - query_execution.segment1 - list index out of range
2022-02-01 22:15:13,975 - INFO - MainProcess - query_execution.segment1 - list index out of range
2022-02-01 22:15:13,975 - INFO - MainProcess - query_execution.segment1 - list index out of range
2022-02-01 22:15:13,975 - INFO - MainProcess - query_execution.segment1 - list index out of range
2022-02-01 22:15:13,975 - INFO - MainProcess - query_execution.segment1 - list index out of range
2022-02-01 22:15:13,975 - INFO - MainProcess - query_execution.segment1 - list index out of range
2022-02-01 22:15:13,975 - INFO - MainProcess - query_execution.segment1 - list index out of range
2022-02-01 22:15:13,975 - INFO - MainProcess - query_execution.segment1 - list index out of range
2022-02-01 22:15:13,975 - INFO - MainProcess - query_execution.segment1 - list index out of range
2022-02-01 22:15:13,975 - INFO - MainProcess - query_execution.segment1 - list index out of range
2022-02-01 22:15:13,975 - INFO - MainProcess - query_execution.segment1 - list index out of range
2022-02-01 22:15:13,975 - INFO - MainProcess - query_execution.segment1 - list index out of range
2022-02-01 22:15:13,975 - INFO - MainProcess - query_execution.segment1 - list index out of range
2022-02-01 22:15:13,975 - INFO - MainProcess - query_execution.segment1 - list index out of range
2022-02-01 22:15:13,975 - INFO - MainProcess - query_execution.segment1 - list index out of range
2022-02-01 22:15:13,975 - INFO - MainProcess - query_execution.segment1 - list index out of range
2022-02-01 22:15:13,975 - INFO - MainProcess - query_execution.segment1 - list index out of range
2022-02-01 22:15:13,975 - INFO - MainProcess - query_execution.segment1 - list index out of range
2022-02-01 22:15:13,975 - INFO - MainProcess - query_execution.segment1 - list index out of range
2022-02-01 22:15:13,975 - INFO - MainProcess - query_execution.segment1 - list index out of range
2022-02-01 22:15:13,975 - INFO - MainProcess - query_execution.segment1 - list index out of range
2022-02-01 22:15:13,975 - INFO - MainProcess - query_execution.segment1 - list index out of range
2022-02-01 22:15:13,975 - INFO - MainProcess - query_execution.segment1 - list index out of range
2022-02-01 22:15:13,975 - INFO - MainProcess - query_execution.segment1 - list index out of range
2022-02-01 22:15:13,975 - INFO - MainProcess - query_execution.segment1 - list index out of range
2022-02-01 22:15:13,975 - INFO - MainProcess - query_execution.segment1 - list index out of range
2022-02-01 22:15:13,975 - INFO - MainProcess - query_execution.segment1 - list index out of range
2022-02-01 22:15:13,975 - INFO - MainProcess - query_execution.segment1 - list index out of range
2022-02-01 22:15:13,991 - INFO - MainProcess - query_execution.segment1 - list index out of range
2022-02-01 22:15:13,991 - INFO - MainProcess - query_execution.segment1 - list index out of range
2022-02-01 22:15:13,991 - INFO - MainProcess - query_execution.segment1 - list index out of range
2022-02-01 22:15:13,991 - INFO - MainProcess - query_execution.segment1 - list index out of range
2022-02-01 22:15:13,991 - INFO - MainProcess - query_execution.segment1 - list index out of range
2022-02-01 22:15:13,991 - INFO - MainProcess - query_execution.segment1 - list index out of range
2022-02-01 22:15:13,991 - INFO - MainProcess - query_execution.segment1 - list index out of range
2022-02-01 22:15:13,991 - INFO - MainProcess - query_execution.segment1 - list index out of range
2022-02-01 22:15:13,991 - INFO - MainProcess - query_execution.segment1 - list index out of range
2022-02-01 22:15:13,991 - INFO - MainProcess - query_execution.segment1 - list index out of range
2022-02-01 22:15:13,991 - INFO - MainProcess - query_execution.segment1 - list index out of range
2022-02-01 22:15:13,991 - INFO - MainProcess - query_execution.segment1 - list index out of range
2022-02-01 22:15:13,991 - INFO - MainProcess - query_execution.segment1 - list index out of range
2022-02-01 22:15:13,991 - INFO - MainProcess - query_execution.segment1 - list index out of range
2022-02-01 22:15:13,991 - INFO - MainProcess - query_execution.segment1 - list index out of range
2022-02-01 22:15:13,991 - INFO - MainProcess - query_execution.segment1 - list index out of range
2022-02-01 22:15:13,991 - INFO - MainProcess - query_execution.segment1 - list index out of range
2022-02-01 22:15:13,991 - INFO - MainProcess - query_execution.segment1 - list index out of range
2022-02-01 22:15:13,991 - INFO - MainProcess - query_execution.segment1 - list index out of range
2022-02-01 22:15:13,991 - INFO - MainProcess - query_execution.segment1 - list index out of range
2022-02-01 22:15:13,991 - INFO - MainProcess - query_execution.segment1 - list index out of range
2022-02-01 22:15:13,991 - INFO - MainProcess - query_execution.segment1 - list index out of range
2022-02-01 22:15:13,991 - INFO - MainProcess - query_execution.segment1 - list index out of range
2022-02-01 22:15:13,991 - INFO - MainProcess - query_execution.segment1 - list index out of range
2022-02-01 22:15:13,991 - INFO - MainProcess - query_execution.segment1 - list index out of range
2022-02-01 22:15:13,991 - INFO - MainProcess - query_execution.segment1 - list index out of range
2022-02-01 22:15:13,991 - INFO - MainProcess - query_execution.segment1 - list index out of range
2022-02-01 22:15:13,991 - INFO - MainProcess - query_execution.segment1 - list index out of range
2022-02-01 22:15:13,991 - INFO - MainProcess - query_execution.segment1 - list index out of range
2022-02-01 22:15:13,991 - INFO - MainProcess - query_execution.segment1 - list index out of range
2022-02-01 22:15:13,991 - INFO - MainProcess - query_execution.segment1 - list index out of range
2022-02-01 22:15:13,991 - INFO - MainProcess - query_execution.segment1 - list index out of range
2022-02-01 22:15:13,991 - INFO - MainProcess - query_execution.segment1 - list index out of range
2022-02-01 22:15:13,991 - INFO - MainProcess - query_execution.segment1 - list index out of range
2022-02-01 22:15:13,991 - INFO - MainProcess - query_execution.segment1 - list index out of range
2022-02-01 22:15:13,991 - INFO - MainProcess - query_execution.segment1 - list index out of range
2022-02-01 22:15:13,991 - INFO - MainProcess - query_execution.segment1 - list index out of range
2022-02-01 22:15:13,991 - INFO - MainProcess - query_execution.segment1 - list index out of range
2022-02-01 22:15:13,991 - INFO - MainProcess - query_execution.segment1 - list index out of range
2022-02-01 22:15:13,991 - INFO - MainProcess - query_execution.segment1 - list index out of range
2022-02-01 22:15:13,991 - INFO - MainProcess - query_execution.segment1 - list index out of range
2022-02-01 22:15:13,991 - INFO - MainProcess - query_execution.segment1 - list index out of range
2022-02-01 22:15:14,006 - INFO - MainProcess - query_execution.segment1 - list index out of range
2022-02-01 22:15:14,006 - INFO - MainProcess - query_execution.segment1 - list index out of range
2022-02-01 22:15:14,006 - INFO - MainProcess - query_execution.segment1 - list index out of range
2022-02-01 22:15:14,006 - INFO - MainProcess - query_execution.segment1 - list index out of range
2022-02-01 22:15:14,006 - INFO - MainProcess - query_execution.segment1 - list index out of range
2022-02-01 22:15:14,006 - INFO - MainProcess - query_execution.segment1 - list index out of range
2022-02-01 22:15:14,006 - INFO - MainProcess - query_execution.segment1 - list index out of range
2022-02-01 22:15:14,006 - INFO - MainProcess - query_execution.segment1 - list index out of range
2022-02-01 22:15:14,006 - INFO - MainProcess - query_execution.segment1 - list index out of range
2022-02-01 22:15:14,006 - INFO - MainProcess - query_execution.segment1 - list index out of range
2022-02-01 22:15:14,006 - INFO - MainProcess - query_execution.segment1 - list index out of range
2022-02-01 22:15:14,006 - INFO - MainProcess - query_execution.segment1 - list index out of range
2022-02-01 22:15:14,006 - INFO - MainProcess - query_execution.segment1 - list index out of range
2022-02-01 22:15:14,006 - INFO - MainProcess - query_execution.segment1 - list index out of range
2022-02-01 22:15:14,006 - INFO - MainProcess - query_execution.segment1 - list index out of range
2022-02-01 22:15:14,006 - INFO - MainProcess - query_execution.segment1 - list index out of range
2022-02-01 22:15:14,006 - INFO - MainProcess - query_execution.segment1 - list index out of range
2022-02-01 22:15:14,006 - INFO - MainProcess - query_execution.segment1 - list index out of range
2022-02-01 22:15:14,006 - INFO - MainProcess - query_execution.segment1 - list index out of range
2022-02-01 22:15:14,006 - INFO - MainProcess - query_execution.segment1 - list index out of range
2022-02-01 22:15:14,006 - INFO - MainProcess - query_execution.segment1 - list index out of range
2022-02-01 22:15:14,006 - INFO - MainProcess - query_execution.segment1 - list index out of range
2022-02-01 22:15:14,006 - INFO - MainProcess - query_execution.segment1 - list index out of range
2022-02-01 22:15:14,006 - INFO - MainProcess - query_execution.segment1 - list index out of range
2022-02-01 22:15:14,006 - INFO - MainProcess - query_execution.segment1 - list index out of range
2022-02-01 22:15:14,006 - INFO - MainProcess - query_execution.segment1 - list index out of range
2022-02-01 22:15:14,006 - INFO - MainProcess - query_execution.segment1 - list index out of range
2022-02-01 22:15:14,006 - INFO - MainProcess - query_execution.segment1 - list index out of range
2022-02-01 22:15:14,006 - INFO - MainProcess - query_execution.segment1 - list index out of range
2022-02-01 22:15:14,006 - INFO - MainProcess - query_execution.segment1 - list index out of range
2022-02-01 22:15:14,006 - INFO - MainProcess - query_execution.segment1 - list index out of range
2022-02-01 22:15:14,006 - INFO - MainProcess - query_execution.segment1 - list index out of range
2022-02-01 22:15:14,006 - INFO - MainProcess - query_execution.segment1 - list index out of range
2022-02-01 22:15:14,006 - INFO - MainProcess - query_execution.segment1 - list index out of range
2022-02-01 22:15:14,006 - INFO - MainProcess - query_execution.segment1 - list index out of range
2022-02-01 22:15:14,006 - INFO - MainProcess - query_execution.segment1 - list index out of range
2022-02-01 22:15:14,006 - INFO - MainProcess - query_execution.segment1 - list index out of range
2022-02-01 22:15:14,006 - INFO - MainProcess - query_execution.segment1 - list index out of range
2022-02-01 22:15:14,006 - INFO - MainProcess - query_execution.segment1 - list index out of range
2022-02-01 22:15:14,006 - INFO - MainProcess - query_execution.segment1 - list index out of range
2022-02-01 22:15:14,006 - INFO - MainProcess - query_execution.segment1 - list index out of range
2022-02-01 22:15:14,006 - INFO - MainProcess - query_execution.segment1 - list index out of range
2022-02-01 22:15:14,022 - INFO - MainProcess - query_execution.segment1 - list index out of range
2022-02-01 22:15:14,022 - INFO - MainProcess - query_execution.segment1 - list index out of range
2022-02-01 22:15:14,022 - INFO - MainProcess - query_execution.segment1 - list index out of range
2022-02-01 22:15:14,022 - INFO - MainProcess - query_execution.segment1 - list index out of range
2022-02-01 22:15:14,022 - INFO - MainProcess - query_execution.segment1 - list index out of range
2022-02-01 22:15:14,022 - INFO - MainProcess - query_execution.segment1 - list index out of range
2022-02-01 22:15:14,022 - INFO - MainProcess - query_execution.segment1 - list index out of range
2022-02-01 22:15:14,022 - INFO - MainProcess - query_execution.segment1 - list index out of range
2022-02-01 22:15:14,022 - INFO - MainProcess - query_execution.segment1 - list index out of range
2022-02-01 22:15:14,022 - INFO - MainProcess - query_execution.segment1 - list index out of range
2022-02-01 22:15:14,022 - INFO - MainProcess - query_execution.segment1 - list index out of range
2022-02-01 22:15:14,022 - INFO - MainProcess - query_execution.segment1 - list index out of range
2022-02-01 22:15:14,022 - INFO - MainProcess - query_execution.segment1 - list index out of range
2022-02-01 22:15:14,022 - INFO - MainProcess - query_execution.segment1 - list index out of range
2022-02-01 22:15:14,022 - INFO - MainProcess - query_execution.segment1 - list index out of range
2022-02-01 22:15:14,022 - INFO - MainProcess - query_execution.segment1 - list index out of range
2022-02-01 22:15:14,022 - INFO - MainProcess - query_execution.segment1 - list index out of range
2022-02-01 22:15:14,022 - INFO - MainProcess - query_execution.segment1 - list index out of range
2022-02-01 22:15:14,022 - INFO - MainProcess - query_execution.segment1 - list index out of range
2022-02-01 22:15:14,022 - INFO - MainProcess - query_execution.segment1 - list index out of range
2022-02-01 22:15:14,022 - INFO - MainProcess - query_execution.segment1 - list index out of range
2022-02-01 22:15:14,022 - INFO - MainProcess - query_execution.segment1 - list index out of range
2022-02-01 22:15:14,022 - INFO - MainProcess - query_execution.segment1 - list index out of range
2022-02-01 22:15:14,022 - INFO - MainProcess - query_execution.segment1 - list index out of range
2022-02-01 22:15:14,022 - INFO - MainProcess - query_execution.segment1 - list index out of range
2022-02-01 22:15:14,022 - INFO - MainProcess - query_execution.segment1 - list index out of range
2022-02-01 22:15:14,022 - INFO - MainProcess - query_execution.segment1 - list index out of range
2022-02-01 22:15:14,022 - INFO - MainProcess - query_execution.segment1 - list index out of range
2022-02-01 22:15:14,022 - INFO - MainProcess - query_execution.segment1 - list index out of range
2022-02-01 22:15:14,022 - INFO - MainProcess - query_execution.segment1 - list index out of range
2022-02-01 22:15:14,022 - INFO - MainProcess - query_execution.segment1 - list index out of range
2022-02-01 22:15:14,022 - INFO - MainProcess - query_execution.segment1 - list index out of range
2022-02-01 22:15:14,022 - INFO - MainProcess - query_execution.segment1 - list index out of range
2022-02-01 22:15:14,022 - INFO - MainProcess - query_execution.segment1 - list index out of range
2022-02-01 22:15:14,022 - INFO - MainProcess - query_execution.segment1 - list index out of range
2022-02-01 22:15:14,022 - INFO - MainProcess - query_execution.segment1 - list index out of range
2022-02-01 22:15:14,038 - INFO - MainProcess - query_execution.segment1 - list index out of range
2022-02-01 22:15:14,053 - INFO - MainProcess - query_execution.segment1 - list index out of range
2022-02-01 22:15:14,053 - INFO - MainProcess - query_execution.segment1 - list index out of range
2022-02-01 22:15:14,053 - INFO - MainProcess - query_execution.segment1 - list index out of range
2022-02-01 22:15:14,053 - INFO - MainProcess - query_execution.segment1 - list index out of range
2022-02-01 22:15:14,053 - INFO - MainProcess - query_execution.segment1 - list index out of range
2022-02-01 22:15:14,053 - INFO - MainProcess - query_execution.segment1 - list index out of range
2022-02-01 22:15:14,053 - INFO - MainProcess - query_execution.segment1 - list index out of range
2022-02-01 22:15:14,053 - INFO - MainProcess - query_execution.segment1 - list index out of range
2022-02-01 22:15:14,053 - INFO - MainProcess - query_execution.segment1 - list index out of range
2022-02-01 22:15:14,053 - INFO - MainProcess - query_execution.segment1 - list index out of range
2022-02-01 22:15:14,053 - INFO - MainProcess - query_execution.segment1 - list index out of range
2022-02-01 22:15:14,053 - INFO - MainProcess - query_execution.segment1 - list index out of range
2022-02-01 22:15:14,053 - INFO - MainProcess - query_execution.segment1 - list index out of range
2022-02-01 22:15:14,053 - INFO - MainProcess - query_execution.segment1 - list index out of range
2022-02-01 22:15:14,053 - INFO - MainProcess - query_execution.segment1 - list index out of range
2022-02-01 22:15:14,053 - INFO - MainProcess - query_execution.segment1 - list index out of range
2022-02-01 22:15:14,053 - INFO - MainProcess - query_execution.segment1 - list index out of range
2022-02-01 22:15:14,053 - INFO - MainProcess - query_execution.segment1 - list index out of range
2022-02-01 22:15:14,053 - INFO - MainProcess - query_execution.segment1 - list index out of range
2022-02-01 22:15:14,053 - INFO - MainProcess - query_execution.segment1 - list index out of range
2022-02-01 22:15:14,053 - INFO - MainProcess - query_execution.segment1 - list index out of range
2022-02-01 22:15:14,053 - INFO - MainProcess - query_execution.segment1 - list index out of range
2022-02-01 22:15:14,053 - INFO - MainProcess - query_execution.segment1 - list index out of range
2022-02-01 22:15:14,053 - INFO - MainProcess - query_execution.segment1 - list index out of range
2022-02-01 22:15:14,053 - INFO - MainProcess - query_execution.segment1 - list index out of range
2022-02-01 22:15:14,053 - INFO - MainProcess - query_execution.segment1 - list index out of range
2022-02-01 22:15:14,053 - INFO - MainProcess - query_execution.segment1 - list index out of range
2022-02-01 22:15:14,053 - INFO - MainProcess - query_execution.segment1 - list index out of range
2022-02-01 22:15:14,053 - INFO - MainProcess - query_execution.segment1 - list index out of range
2022-02-01 22:15:14,053 - INFO - MainProcess - query_execution.segment1 - list index out of range
2022-02-01 22:15:14,053 - INFO - MainProcess - query_execution.segment1 - list index out of range
2022-02-01 22:15:14,053 - INFO - MainProcess - query_execution.segment1 - list index out of range
2022-02-01 22:15:14,053 - INFO - MainProcess - query_execution.segment1 - list index out of range
2022-02-01 22:15:14,053 - INFO - MainProcess - query_execution.segment1 - list index out of range
2022-02-01 22:15:14,053 - INFO - MainProcess - query_execution.segment1 - list index out of range
2022-02-01 22:15:14,053 - INFO - MainProcess - query_execution.segment1 - list index out of range
2022-02-01 22:15:14,053 - INFO - MainProcess - query_execution.segment1 - list index out of range
2022-02-01 22:15:14,053 - INFO - MainProcess - query_execution.segment1 - list index out of range
2022-02-01 22:15:14,053 - INFO - MainProcess - query_execution.segment1 - list index out of range
2022-02-01 22:15:14,053 - INFO - MainProcess - query_execution.segment1 - list index out of range
2022-02-01 22:15:14,053 - INFO - MainProcess - query_execution.segment1 - list index out of range
2022-02-01 22:15:14,053 - INFO - MainProcess - query_execution.segment1 - list index out of range
2022-02-01 22:15:14,069 - INFO - MainProcess - query_execution.segment1 - list index out of range
2022-02-01 22:15:14,069 - INFO - MainProcess - query_execution.segment1 - list index out of range
2022-02-01 22:15:14,069 - INFO - MainProcess - query_execution.segment1 - list index out of range
2022-02-01 22:15:14,069 - INFO - MainProcess - query_execution.segment1 - list index out of range
2022-02-01 22:15:14,069 - INFO - MainProcess - query_execution.segment1 - list index out of range
2022-02-01 22:15:14,069 - INFO - MainProcess - query_execution.segment1 - list index out of range
2022-02-01 22:15:14,069 - INFO - MainProcess - query_execution.segment1 - list index out of range
2022-02-01 22:15:14,069 - INFO - MainProcess - query_execution.segment1 - list index out of range
2022-02-01 22:15:14,069 - INFO - MainProcess - query_execution.segment1 - list index out of range
2022-02-01 22:15:14,069 - INFO - MainProcess - query_execution.segment1 - list index out of range
2022-02-01 22:15:14,069 - INFO - MainProcess - query_execution.segment1 - list index out of range
2022-02-01 22:15:14,069 - INFO - MainProcess - query_execution.segment1 - list index out of range
2022-02-01 22:15:14,069 - INFO - MainProcess - query_execution.segment1 - list index out of range
2022-02-01 22:15:14,069 - INFO - MainProcess - query_execution.segment1 - list index out of range
2022-02-01 22:15:14,069 - INFO - MainProcess - query_execution.segment1 - list index out of range
2022-02-01 22:15:14,069 - INFO - MainProcess - query_execution.segment1 - list index out of range
2022-02-01 22:15:14,069 - INFO - MainProcess - query_execution.segment1 - list index out of range
2022-02-01 22:15:14,069 - INFO - MainProcess - query_execution.segment1 - list index out of range
2022-02-01 22:15:14,069 - INFO - MainProcess - query_execution.segment1 - list index out of range
2022-02-01 22:15:14,069 - INFO - MainProcess - query_execution.segment1 - list index out of range
2022-02-01 22:15:14,069 - INFO - MainProcess - query_execution.segment1 - list index out of range
2022-02-01 22:15:14,069 - INFO - MainProcess - query_execution.segment1 - list index out of range
2022-02-01 22:15:14,069 - INFO - MainProcess - query_execution.segment1 - list index out of range
2022-02-01 22:15:14,069 - INFO - MainProcess - query_execution.segment1 - list index out of range
2022-02-01 22:15:14,069 - INFO - MainProcess - query_execution.segment1 - list index out of range
2022-02-01 22:15:14,069 - INFO - MainProcess - query_execution.segment1 - list index out of range
2022-02-01 22:15:14,069 - INFO - MainProcess - query_execution.segment1 - list index out of range
2022-02-01 22:15:14,069 - INFO - MainProcess - query_execution.segment1 - list index out of range
2022-02-01 22:15:14,069 - INFO - MainProcess - query_execution.segment1 - list index out of range
2022-02-01 22:15:14,069 - INFO - MainProcess - query_execution.segment1 - list index out of range
2022-02-01 22:15:14,069 - INFO - MainProcess - query_execution.segment1 - list index out of range
2022-02-01 22:15:14,069 - INFO - MainProcess - query_execution.segment1 - list index out of range
2022-02-01 22:15:14,069 - INFO - MainProcess - query_execution.segment1 - list index out of range
2022-02-01 22:15:14,069 - INFO - MainProcess - query_execution.segment1 - list index out of range
2022-02-01 22:15:14,069 - INFO - MainProcess - query_execution.segment1 - list index out of range
2022-02-01 22:15:14,069 - INFO - MainProcess - query_execution.segment1 - list index out of range
2022-02-01 22:15:14,069 - INFO - MainProcess - query_execution.segment1 - list index out of range
2022-02-01 22:15:14,069 - INFO - MainProcess - query_execution.segment1 - list index out of range
2022-02-01 22:15:14,069 - INFO - MainProcess - query_execution.segment1 - list index out of range
2022-02-01 22:15:14,069 - INFO - MainProcess - query_execution.segment1 - list index out of range
2022-02-01 22:15:14,069 - INFO - MainProcess - query_execution.segment1 - list index out of range
2022-02-01 22:15:14,069 - INFO - MainProcess - query_execution.segment1 - list index out of range
2022-02-01 22:15:14,116 - INFO - MainProcess - query_execution.segment1 - list index out of range
2022-02-01 22:15:14,116 - INFO - MainProcess - query_execution.segment1 - list index out of range
2022-02-01 22:15:14,116 - INFO - MainProcess - query_execution.segment1 - list index out of range
2022-02-01 22:15:14,116 - INFO - MainProcess - query_execution.segment1 - list index out of range
2022-02-01 22:15:14,116 - INFO - MainProcess - query_execution.segment1 - list index out of range
2022-02-01 22:15:14,116 - INFO - MainProcess - query_execution.segment1 - list index out of range
2022-02-01 22:15:14,116 - INFO - MainProcess - query_execution.segment1 - list index out of range
2022-02-01 22:15:14,116 - INFO - MainProcess - query_execution.segment1 - list index out of range
2022-02-01 22:15:14,116 - INFO - MainProcess - query_execution.segment1 - list index out of range
2022-02-01 22:15:14,116 - INFO - MainProcess - query_execution.segment1 - list index out of range
2022-02-01 22:15:14,116 - INFO - MainProcess - query_execution.segment1 - list index out of range
2022-02-01 22:15:14,116 - INFO - MainProcess - query_execution.segment1 - list index out of range
2022-02-01 22:15:14,116 - INFO - MainProcess - query_execution.segment1 - list index out of range
2022-02-01 22:15:14,116 - INFO - MainProcess - query_execution.segment1 - list index out of range
2022-02-01 22:15:14,116 - INFO - MainProcess - query_execution.segment1 - list index out of range
2022-02-01 22:15:14,116 - INFO - MainProcess - query_execution.segment1 - list index out of range
2022-02-01 22:15:14,116 - INFO - MainProcess - query_execution.segment1 - list index out of range
2022-02-01 22:15:14,116 - INFO - MainProcess - query_execution.segment1 - list index out of range
2022-02-01 22:15:14,116 - INFO - MainProcess - query_execution.segment1 - list index out of range
2022-02-01 22:15:14,116 - INFO - MainProcess - query_execution.segment1 - list index out of range
2022-02-01 22:15:14,116 - INFO - MainProcess - query_execution.segment1 - list index out of range
2022-02-01 22:15:14,116 - INFO - MainProcess - query_execution.segment1 - list index out of range
2022-02-01 22:15:14,116 - INFO - MainProcess - query_execution.segment1 - list index out of range
2022-02-01 22:15:14,116 - INFO - MainProcess - query_execution.segment1 - list index out of range
2022-02-01 22:15:14,116 - INFO - MainProcess - query_execution.segment1 - list index out of range
2022-02-01 22:15:14,116 - INFO - MainProcess - query_execution.segment1 - list index out of range
2022-02-01 22:15:14,116 - INFO - MainProcess - query_execution.segment1 - list index out of range
2022-02-01 22:15:14,116 - INFO - MainProcess - query_execution.segment1 - list index out of range
2022-02-01 22:15:14,116 - INFO - MainProcess - query_execution.segment1 - list index out of range
2022-02-01 22:15:14,116 - INFO - MainProcess - query_execution.segment1 - list index out of range
2022-02-01 22:15:14,116 - INFO - MainProcess - query_execution.segment1 - list index out of range
2022-02-01 22:15:14,116 - INFO - MainProcess - query_execution.segment1 - list index out of range
2022-02-01 22:15:14,116 - INFO - MainProcess - query_execution.segment1 - list index out of range
2022-02-01 22:15:14,116 - INFO - MainProcess - query_execution.segment1 - list index out of range
2022-02-01 22:15:14,116 - INFO - MainProcess - query_execution.segment1 - list index out of range
2022-02-01 22:15:14,116 - INFO - MainProcess - query_execution.segment1 - list index out of range
2022-02-01 22:15:14,131 - INFO - MainProcess - query_execution.segment1 - list index out of range
2022-02-01 22:15:14,131 - INFO - MainProcess - query_execution.segment1 - list index out of range
2022-02-01 22:15:14,131 - INFO - MainProcess - query_execution.segment1 - list index out of range
2022-02-01 22:15:14,131 - INFO - MainProcess - query_execution.segment1 - list index out of range
2022-02-01 22:15:14,131 - INFO - MainProcess - query_execution.segment1 - list index out of range
2022-02-01 22:15:14,131 - INFO - MainProcess - query_execution.segment1 - list index out of range
2022-02-01 22:15:14,131 - INFO - MainProcess - query_execution.segment1 - list index out of range
2022-02-01 22:15:14,131 - INFO - MainProcess - query_execution.segment1 - list index out of range
2022-02-01 22:15:14,131 - INFO - MainProcess - query_execution.segment1 - list index out of range
2022-02-01 22:15:14,131 - INFO - MainProcess - query_execution.segment1 - list index out of range
2022-02-01 22:15:14,131 - INFO - MainProcess - query_execution.segment1 - list index out of range
2022-02-01 22:15:14,131 - INFO - MainProcess - query_execution.segment1 - list index out of range
2022-02-01 22:15:14,131 - INFO - MainProcess - query_execution.segment1 - list index out of range
2022-02-01 22:15:14,131 - INFO - MainProcess - query_execution.segment1 - list index out of range
2022-02-01 22:15:14,131 - INFO - MainProcess - query_execution.segment1 - list index out of range
2022-02-01 22:15:14,131 - INFO - MainProcess - query_execution.segment1 - list index out of range
2022-02-01 22:15:14,131 - INFO - MainProcess - query_execution.segment1 - list index out of range
2022-02-01 22:15:14,131 - INFO - MainProcess - query_execution.segment1 - list index out of range
2022-02-01 22:15:14,131 - INFO - MainProcess - query_execution.segment1 - list index out of range
2022-02-01 22:15:14,131 - INFO - MainProcess - query_execution.segment1 - list index out of range
2022-02-01 22:15:14,131 - INFO - MainProcess - query_execution.segment1 - list index out of range
2022-02-01 22:15:14,131 - INFO - MainProcess - query_execution.segment1 - list index out of range
2022-02-01 22:15:14,131 - INFO - MainProcess - query_execution.segment1 - list index out of range
2022-02-01 22:15:14,131 - INFO - MainProcess - query_execution.segment1 - list index out of range
2022-02-01 22:15:14,131 - INFO - MainProcess - query_execution.segment1 - list index out of range
2022-02-01 22:15:14,131 - INFO - MainProcess - query_execution.segment1 - list index out of range
2022-02-01 22:15:14,131 - INFO - MainProcess - query_execution.segment1 - list index out of range
2022-02-01 22:15:14,131 - INFO - MainProcess - query_execution.segment1 - list index out of range
2022-02-01 22:15:14,131 - INFO - MainProcess - query_execution.segment1 - list index out of range
2022-02-01 22:15:14,131 - INFO - MainProcess - query_execution.segment1 - list index out of range
2022-02-01 22:15:14,131 - INFO - MainProcess - query_execution.segment1 - list index out of range
2022-02-01 22:15:14,131 - INFO - MainProcess - query_execution.segment1 - list index out of range
2022-02-01 22:15:14,131 - INFO - MainProcess - query_execution.segment1 - list index out of range
2022-02-01 22:15:14,131 - INFO - MainProcess - query_execution.segment1 - list index out of range
2022-02-01 22:15:14,131 - INFO - MainProcess - query_execution.segment1 - list index out of range
2022-02-01 22:15:14,131 - INFO - MainProcess - query_execution.segment1 - list index out of range
2022-02-01 22:15:14,131 - INFO - MainProcess - query_execution.segment1 - list index out of range
2022-02-01 22:15:14,131 - INFO - MainProcess - query_execution.segment1 - list index out of range
2022-02-01 22:15:14,131 - INFO - MainProcess - query_execution.segment1 - list index out of range
2022-02-01 22:15:14,131 - INFO - MainProcess - query_execution.segment1 - list index out of range
2022-02-01 22:15:14,131 - INFO - MainProcess - query_execution.segment1 - list index out of range
2022-02-01 22:15:14,131 - INFO - MainProcess - query_execution.segment1 - list index out of range
2022-02-01 22:15:14,131 - INFO - MainProcess - query_execution.segment1 - list index out of range
2022-02-01 22:15:14,147 - INFO - MainProcess - query_execution.segment1 - list index out of range
2022-02-01 22:15:14,147 - INFO - MainProcess - query_execution.segment1 - list index out of range
2022-02-01 22:15:14,147 - INFO - MainProcess - query_execution.segment1 - list index out of range
2022-02-01 22:15:14,147 - INFO - MainProcess - query_execution.segment1 - list index out of range
2022-02-01 22:15:14,147 - INFO - MainProcess - query_execution.segment1 - list index out of range
2022-02-01 22:15:14,147 - INFO - MainProcess - query_execution.segment1 - list index out of range
2022-02-01 22:15:14,147 - INFO - MainProcess - query_execution.segment1 - list index out of range
2022-02-01 22:15:14,147 - INFO - MainProcess - query_execution.segment1 - list index out of range
2022-02-01 22:15:14,147 - INFO - MainProcess - query_execution.segment1 - list index out of range
2022-02-01 22:15:14,147 - INFO - MainProcess - query_execution.segment1 - list index out of range
2022-02-01 22:15:14,147 - INFO - MainProcess - query_execution.segment1 - list index out of range
2022-02-01 22:15:14,147 - INFO - MainProcess - query_execution.segment1 - list index out of range
2022-02-01 22:15:14,147 - INFO - MainProcess - query_execution.segment1 - list index out of range
2022-02-01 22:15:14,147 - INFO - MainProcess - query_execution.segment1 - list index out of range
2022-02-01 22:15:14,147 - INFO - MainProcess - query_execution.segment1 - list index out of range
2022-02-01 22:15:14,147 - INFO - MainProcess - query_execution.segment1 - list index out of range
2022-02-01 22:15:14,147 - INFO - MainProcess - query_execution.segment1 - list index out of range
2022-02-01 22:15:14,147 - INFO - MainProcess - query_execution.segment1 - list index out of range
2022-02-01 22:15:14,147 - INFO - MainProcess - query_execution.segment1 - list index out of range
2022-02-01 22:15:14,147 - INFO - MainProcess - query_execution.segment1 - list index out of range
2022-02-01 22:15:14,147 - INFO - MainProcess - query_execution.segment1 - list index out of range
2022-02-01 22:15:14,147 - INFO - MainProcess - query_execution.segment1 - list index out of range
2022-02-01 22:15:14,147 - INFO - MainProcess - query_execution.segment1 - list index out of range
2022-02-01 22:15:14,147 - INFO - MainProcess - query_execution.segment1 - list index out of range
2022-02-01 22:15:14,147 - INFO - MainProcess - query_execution.segment1 - list index out of range
2022-02-01 22:15:14,147 - INFO - MainProcess - query_execution.segment1 - list index out of range
2022-02-01 22:15:14,147 - INFO - MainProcess - query_execution.segment1 - list index out of range
2022-02-01 22:15:14,147 - INFO - MainProcess - query_execution.segment1 - list index out of range
2022-02-01 22:15:14,147 - INFO - MainProcess - query_execution.segment1 - list index out of range
2022-02-01 22:15:14,147 - INFO - MainProcess - query_execution.segment1 - list index out of range
2022-02-01 22:15:14,147 - INFO - MainProcess - query_execution.segment1 - list index out of range
2022-02-01 22:15:14,147 - INFO - MainProcess - query_execution.segment1 - list index out of range
2022-02-01 22:15:14,147 - INFO - MainProcess - query_execution.segment1 - list index out of range
2022-02-01 22:15:14,147 - INFO - MainProcess - query_execution.segment1 - list index out of range
2022-02-01 22:15:14,147 - INFO - MainProcess - query_execution.segment1 - list index out of range
2022-02-01 22:15:14,162 - INFO - MainProcess - query_execution.segment1 - list index out of range
2022-02-01 22:15:14,162 - INFO - MainProcess - query_execution.segment1 - list index out of range
2022-02-01 22:15:14,162 - INFO - MainProcess - query_execution.segment1 - list index out of range
2022-02-01 22:15:14,162 - INFO - MainProcess - query_execution.segment1 - list index out of range
2022-02-01 22:15:14,162 - INFO - MainProcess - query_execution.segment1 - list index out of range
2022-02-01 22:15:14,162 - INFO - MainProcess - query_execution.segment1 - list index out of range
2022-02-01 22:15:14,162 - INFO - MainProcess - query_execution.segment1 - list index out of range
2022-02-01 22:15:14,162 - INFO - MainProcess - query_execution.segment1 - list index out of range
2022-02-01 22:15:14,162 - INFO - MainProcess - query_execution.segment1 - list index out of range
2022-02-01 22:15:14,162 - INFO - MainProcess - query_execution.segment1 - list index out of range
2022-02-01 22:15:14,162 - INFO - MainProcess - query_execution.segment1 - list index out of range
2022-02-01 22:15:14,162 - INFO - MainProcess - query_execution.segment1 - list index out of range
2022-02-01 22:15:14,162 - INFO - MainProcess - query_execution.segment1 - list index out of range
2022-02-01 22:15:14,162 - INFO - MainProcess - query_execution.segment1 - list index out of range
2022-02-01 22:15:14,162 - INFO - MainProcess - query_execution.segment1 - list index out of range
2022-02-01 22:15:14,162 - INFO - MainProcess - query_execution.segment1 - list index out of range
2022-02-01 22:15:14,162 - INFO - MainProcess - query_execution.segment1 - list index out of range
2022-02-01 22:15:14,162 - INFO - MainProcess - query_execution.segment1 - list index out of range
2022-02-01 22:15:14,162 - INFO - MainProcess - query_execution.segment1 - list index out of range
2022-02-01 22:15:14,162 - INFO - MainProcess - query_execution.segment1 - list index out of range
2022-02-01 22:15:14,162 - INFO - MainProcess - query_execution.segment1 - list index out of range
2022-02-01 22:15:14,162 - INFO - MainProcess - query_execution.segment1 - list index out of range
2022-02-01 22:15:14,162 - INFO - MainProcess - query_execution.segment1 - list index out of range
2022-02-01 22:15:14,162 - INFO - MainProcess - query_execution.segment1 - list index out of range
2022-02-01 22:15:14,162 - INFO - MainProcess - query_execution.segment1 - list index out of range
2022-02-01 22:15:14,162 - INFO - MainProcess - query_execution.segment1 - list index out of range
2022-02-01 22:15:14,162 - INFO - MainProcess - query_execution.segment1 - list index out of range
2022-02-01 22:15:14,162 - INFO - MainProcess - query_execution.segment1 - list index out of range
2022-02-01 22:15:14,162 - INFO - MainProcess - query_execution.segment1 - list index out of range
2022-02-01 22:15:14,162 - INFO - MainProcess - query_execution.segment1 - list index out of range
2022-02-01 22:15:14,162 - INFO - MainProcess - query_execution.segment1 - list index out of range
