2022-02-01 22:18:33,511 - DEBUG - MainProcess - root - configuration loaded
2022-02-01 22:18:33,605 - INFO - MainProcess - connection.connect_db - CONNECTION SUCCESSFULLY source
2022-02-01 22:18:33,605 - INFO - MainProcess - connection.connect_db - CONNECTION SUCCESSFULLY destination
2022-02-01 22:18:33,605 - INFO - MainProcess - query_execution.segment1 - segment1 table data validation START
2022-02-01 22:18:34,728 - INFO - MainProcess - query_execution.segment1 - list index out of range
2022-02-01 22:18:34,728 - INFO - MainProcess - query_execution.segment1 - list index out of range
2022-02-01 22:18:34,728 - INFO - MainProcess - query_execution.segment1 - list index out of range
2022-02-01 22:18:34,728 - INFO - MainProcess - query_execution.segment1 - list index out of range
2022-02-01 22:18:34,728 - INFO - MainProcess - query_execution.segment1 - list index out of range
2022-02-01 22:18:34,728 - INFO - MainProcess - query_execution.segment1 - list index out of range
2022-02-01 22:18:34,728 - INFO - MainProcess - query_execution.segment1 - list index out of range
2022-02-01 22:18:34,728 - INFO - MainProcess - query_execution.segment1 - list index out of range
2022-02-01 22:18:34,728 - INFO - MainProcess - query_execution.segment1 - list index out of range
2022-02-01 22:18:34,728 - INFO - MainProcess - query_execution.segment1 - list index out of range
2022-02-01 22:18:34,744 - INFO - MainProcess - query_execution.segment1 - list index out of range
2022-02-01 22:18:34,744 - INFO - MainProcess - query_execution.segment1 - list index out of range
2022-02-01 22:18:34,744 - INFO - MainProcess - query_execution.segment1 - list index out of range
2022-02-01 22:18:34,744 - INFO - MainProcess - query_execution.segment1 - list index out of range
2022-02-01 22:18:34,744 - INFO - MainProcess - query_execution.segment1 - list index out of range
2022-02-01 22:18:34,744 - INFO - MainProcess - query_execution.segment1 - list index out of range
2022-02-01 22:18:34,744 - INFO - MainProcess - query_execution.segment1 - list index out of range
2022-02-01 22:18:34,744 - INFO - MainProcess - query_execution.segment1 - list index out of range
2022-02-01 22:18:34,744 - INFO - MainProcess - query_execution.segment1 - list index out of range
2022-02-01 22:18:34,744 - INFO - MainProcess - query_execution.segment1 - list index out of range
2022-02-01 22:18:34,744 - INFO - MainProcess - query_execution.segment1 - list index out of range
2022-02-01 22:18:34,744 - INFO - MainProcess - query_execution.segment1 - list index out of range
2022-02-01 22:18:34,744 - INFO - MainProcess - query_execution.segment1 - list index out of range
2022-02-01 22:18:34,744 - INFO - MainProcess - query_execution.segment1 - list index out of range
2022-02-01 22:18:34,744 - INFO - MainProcess - query_execution.segment1 - list index out of range
2022-02-01 22:18:34,744 - INFO - MainProcess - query_execution.segment1 - list index out of range
2022-02-01 22:18:34,744 - INFO - MainProcess - query_execution.segment1 - list index out of range
2022-02-01 22:18:34,744 - INFO - MainProcess - query_execution.segment1 - list index out of range
2022-02-01 22:18:34,744 - INFO - MainProcess - query_execution.segment1 - list index out of range
2022-02-01 22:18:34,744 - INFO - MainProcess - query_execution.segment1 - list index out of range
2022-02-01 22:18:34,744 - INFO - MainProcess - query_execution.segment1 - list index out of range
2022-02-01 22:18:34,744 - INFO - MainProcess - query_execution.segment1 - list index out of range
2022-02-01 22:18:34,744 - INFO - MainProcess - query_execution.segment1 - list index out of range
2022-02-01 22:18:34,744 - INFO - MainProcess - query_execution.segment1 - list index out of range
2022-02-01 22:18:34,744 - INFO - MainProcess - query_execution.segment1 - list index out of range
2022-02-01 22:18:34,744 - INFO - MainProcess - query_execution.segment1 - list index out of range
2022-02-01 22:18:34,744 - INFO - MainProcess - query_execution.segment1 - list index out of range
2022-02-01 22:18:34,744 - INFO - MainProcess - query_execution.segment1 - list index out of range
2022-02-01 22:18:34,744 - INFO - MainProcess - query_execution.segment1 - list index out of range
2022-02-01 22:18:34,744 - INFO - MainProcess - query_execution.segment1 - list index out of range
2022-02-01 22:18:34,744 - INFO - MainProcess - query_execution.segment1 - list index out of range
2022-02-01 22:18:34,744 - INFO - MainProcess - query_execution.segment1 - list index out of range
2022-02-01 22:18:34,744 - INFO - MainProcess - query_execution.segment1 - list index out of range
2022-02-01 22:18:34,744 - INFO - MainProcess - query_execution.segment1 - list index out of range
2022-02-01 22:18:34,744 - INFO - MainProcess - query_execution.segment1 - list index out of range
2022-02-01 22:18:34,744 - INFO - MainProcess - query_execution.segment1 - list index out of range
2022-02-01 22:18:34,744 - INFO - MainProcess - query_execution.segment1 - list index out of range
2022-02-01 22:18:34,744 - INFO - MainProcess - query_execution.segment1 - list index out of range
2022-02-01 22:18:34,744 - INFO - MainProcess - query_execution.segment1 - list index out of range
2022-02-01 22:18:34,744 - INFO - MainProcess - query_execution.segment1 - list index out of range
2022-02-01 22:18:34,744 - INFO - MainProcess - query_execution.segment1 - list index out of range
2022-02-01 22:18:34,744 - INFO - MainProcess - query_execution.segment1 - list index out of range
2022-02-01 22:18:34,759 - INFO - MainProcess - query_execution.segment1 - list index out of range
2022-02-01 22:18:34,759 - INFO - MainProcess - query_execution.segment1 - list index out of range
2022-02-01 22:18:34,759 - INFO - MainProcess - query_execution.segment1 - list index out of range
2022-02-01 22:18:34,759 - INFO - MainProcess - query_execution.segment1 - list index out of range
2022-02-01 22:18:34,759 - INFO - MainProcess - query_execution.segment1 - list index out of range
2022-02-01 22:18:34,759 - INFO - MainProcess - query_execution.segment1 - list index out of range
2022-02-01 22:18:34,759 - INFO - MainProcess - query_execution.segment1 - list index out of range
2022-02-01 22:18:34,759 - INFO - MainProcess - query_execution.segment1 - list index out of range
2022-02-01 22:18:34,759 - INFO - MainProcess - query_execution.segment1 - list index out of range
2022-02-01 22:18:34,759 - INFO - MainProcess - query_execution.segment1 - list index out of range
2022-02-01 22:18:34,759 - INFO - MainProcess - query_execution.segment1 - list index out of range
2022-02-01 22:18:34,759 - INFO - MainProcess - query_execution.segment1 - list index out of range
2022-02-01 22:18:34,759 - INFO - MainProcess - query_execution.segment1 - list index out of range
2022-02-01 22:18:34,759 - INFO - MainProcess - query_execution.segment1 - list index out of range
2022-02-01 22:18:34,759 - INFO - MainProcess - query_execution.segment1 - list index out of range
2022-02-01 22:18:34,759 - INFO - MainProcess - query_execution.segment1 - list index out of range
2022-02-01 22:18:34,759 - INFO - MainProcess - query_execution.segment1 - list index out of range
2022-02-01 22:18:34,759 - INFO - MainProcess - query_execution.segment1 - list index out of range
2022-02-01 22:18:34,759 - INFO - MainProcess - query_execution.segment1 - list index out of range
2022-02-01 22:18:34,759 - INFO - MainProcess - query_execution.segment1 - list index out of range
2022-02-01 22:18:34,759 - INFO - MainProcess - query_execution.segment1 - list index out of range
2022-02-01 22:18:34,759 - INFO - MainProcess - query_execution.segment1 - list index out of range
2022-02-01 22:18:34,759 - INFO - MainProcess - query_execution.segment1 - list index out of range
2022-02-01 22:18:34,759 - INFO - MainProcess - query_execution.segment1 - list index out of range
2022-02-01 22:18:34,759 - INFO - MainProcess - query_execution.segment1 - list index out of range
2022-02-01 22:18:34,759 - INFO - MainProcess - query_execution.segment1 - list index out of range
2022-02-01 22:18:34,759 - INFO - MainProcess - query_execution.segment1 - list index out of range
2022-02-01 22:18:34,759 - INFO - MainProcess - query_execution.segment1 - list index out of range
2022-02-01 22:18:34,759 - INFO - MainProcess - query_execution.segment1 - list index out of range
2022-02-01 22:18:34,759 - INFO - MainProcess - query_execution.segment1 - list index out of range
2022-02-01 22:18:34,759 - INFO - MainProcess - query_execution.segment1 - list index out of range
2022-02-01 22:18:34,759 - INFO - MainProcess - query_execution.segment1 - list index out of range
2022-02-01 22:18:34,759 - INFO - MainProcess - query_execution.segment1 - list index out of range
2022-02-01 22:18:34,759 - INFO - MainProcess - query_execution.segment1 - list index out of range
2022-02-01 22:18:34,759 - INFO - MainProcess - query_execution.segment1 - list index out of range
2022-02-01 22:18:34,759 - INFO - MainProcess - query_execution.segment1 - list index out of range
2022-02-01 22:18:34,759 - INFO - MainProcess - query_execution.segment1 - list index out of range
2022-02-01 22:18:34,759 - INFO - MainProcess - query_execution.segment1 - list index out of range
2022-02-01 22:18:34,759 - INFO - MainProcess - query_execution.segment1 - list index out of range
2022-02-01 22:18:34,759 - INFO - MainProcess - query_execution.segment1 - list index out of range
2022-02-01 22:18:34,759 - INFO - MainProcess - query_execution.segment1 - list index out of range
2022-02-01 22:18:34,759 - INFO - MainProcess - query_execution.segment1 - list index out of range
2022-02-01 22:18:34,775 - INFO - MainProcess - query_execution.segment1 - list index out of range
2022-02-01 22:18:34,775 - INFO - MainProcess - query_execution.segment1 - list index out of range
2022-02-01 22:18:34,775 - INFO - MainProcess - query_execution.segment1 - list index out of range
2022-02-01 22:18:34,775 - INFO - MainProcess - query_execution.segment1 - list index out of range
2022-02-01 22:18:34,775 - INFO - MainProcess - query_execution.segment1 - list index out of range
2022-02-01 22:18:34,775 - INFO - MainProcess - query_execution.segment1 - list index out of range
2022-02-01 22:18:34,775 - INFO - MainProcess - query_execution.segment1 - list index out of range
2022-02-01 22:18:34,775 - INFO - MainProcess - query_execution.segment1 - list index out of range
2022-02-01 22:18:34,775 - INFO - MainProcess - query_execution.segment1 - list index out of range
2022-02-01 22:18:34,775 - INFO - MainProcess - query_execution.segment1 - list index out of range
2022-02-01 22:18:34,775 - INFO - MainProcess - query_execution.segment1 - list index out of range
2022-02-01 22:18:34,775 - INFO - MainProcess - query_execution.segment1 - list index out of range
2022-02-01 22:18:34,775 - INFO - MainProcess - query_execution.segment1 - list index out of range
2022-02-01 22:18:34,775 - INFO - MainProcess - query_execution.segment1 - list index out of range
2022-02-01 22:18:34,775 - INFO - MainProcess - query_execution.segment1 - list index out of range
2022-02-01 22:18:34,775 - INFO - MainProcess - query_execution.segment1 - list index out of range
2022-02-01 22:18:34,775 - INFO - MainProcess - query_execution.segment1 - list index out of range
2022-02-01 22:18:34,775 - INFO - MainProcess - query_execution.segment1 - list index out of range
2022-02-01 22:18:34,775 - INFO - MainProcess - query_execution.segment1 - list index out of range
2022-02-01 22:18:34,775 - INFO - MainProcess - query_execution.segment1 - list index out of range
2022-02-01 22:18:34,775 - INFO - MainProcess - query_execution.segment1 - list index out of range
2022-02-01 22:18:34,775 - INFO - MainProcess - query_execution.segment1 - list index out of range
2022-02-01 22:18:34,775 - INFO - MainProcess - query_execution.segment1 - list index out of range
2022-02-01 22:18:34,775 - INFO - MainProcess - query_execution.segment1 - list index out of range
2022-02-01 22:18:34,775 - INFO - MainProcess - query_execution.segment1 - list index out of range
2022-02-01 22:18:34,775 - INFO - MainProcess - query_execution.segment1 - list index out of range
2022-02-01 22:18:34,775 - INFO - MainProcess - query_execution.segment1 - list index out of range
2022-02-01 22:18:34,775 - INFO - MainProcess - query_execution.segment1 - list index out of range
2022-02-01 22:18:34,775 - INFO - MainProcess - query_execution.segment1 - list index out of range
2022-02-01 22:18:34,775 - INFO - MainProcess - query_execution.segment1 - list index out of range
2022-02-01 22:18:34,775 - INFO - MainProcess - query_execution.segment1 - list index out of range
2022-02-01 22:18:34,775 - INFO - MainProcess - query_execution.segment1 - list index out of range
2022-02-01 22:18:34,775 - INFO - MainProcess - query_execution.segment1 - list index out of range
2022-02-01 22:18:34,775 - INFO - MainProcess - query_execution.segment1 - list index out of range
2022-02-01 22:18:34,775 - INFO - MainProcess - query_execution.segment1 - list index out of range
2022-02-01 22:18:34,775 - INFO - MainProcess - query_execution.segment1 - list index out of range
2022-02-01 22:18:34,775 - INFO - MainProcess - query_execution.segment1 - list index out of range
2022-02-01 22:18:34,790 - INFO - MainProcess - query_execution.segment1 - list index out of range
2022-02-01 22:18:34,790 - INFO - MainProcess - query_execution.segment1 - list index out of range
2022-02-01 22:18:34,790 - INFO - MainProcess - query_execution.segment1 - list index out of range
2022-02-01 22:18:34,790 - INFO - MainProcess - query_execution.segment1 - list index out of range
2022-02-01 22:18:34,790 - INFO - MainProcess - query_execution.segment1 - list index out of range
2022-02-01 22:18:34,790 - INFO - MainProcess - query_execution.segment1 - list index out of range
2022-02-01 22:18:34,790 - INFO - MainProcess - query_execution.segment1 - list index out of range
2022-02-01 22:18:34,790 - INFO - MainProcess - query_execution.segment1 - list index out of range
2022-02-01 22:18:34,790 - INFO - MainProcess - query_execution.segment1 - list index out of range
2022-02-01 22:18:34,790 - INFO - MainProcess - query_execution.segment1 - list index out of range
2022-02-01 22:18:34,790 - INFO - MainProcess - query_execution.segment1 - list index out of range
2022-02-01 22:18:34,790 - INFO - MainProcess - query_execution.segment1 - list index out of range
2022-02-01 22:18:34,790 - INFO - MainProcess - query_execution.segment1 - list index out of range
2022-02-01 22:18:34,790 - INFO - MainProcess - query_execution.segment1 - list index out of range
2022-02-01 22:18:34,790 - INFO - MainProcess - query_execution.segment1 - list index out of range
2022-02-01 22:18:34,790 - INFO - MainProcess - query_execution.segment1 - list index out of range
2022-02-01 22:18:34,790 - INFO - MainProcess - query_execution.segment1 - list index out of range
2022-02-01 22:18:34,790 - INFO - MainProcess - query_execution.segment1 - list index out of range
2022-02-01 22:18:34,790 - INFO - MainProcess - query_execution.segment1 - list index out of range
2022-02-01 22:18:34,790 - INFO - MainProcess - query_execution.segment1 - list index out of range
2022-02-01 22:18:34,790 - INFO - MainProcess - query_execution.segment1 - list index out of range
2022-02-01 22:18:34,790 - INFO - MainProcess - query_execution.segment1 - list index out of range
2022-02-01 22:18:34,790 - INFO - MainProcess - query_execution.segment1 - list index out of range
2022-02-01 22:18:34,790 - INFO - MainProcess - query_execution.segment1 - list index out of range
2022-02-01 22:18:34,790 - INFO - MainProcess - query_execution.segment1 - list index out of range
2022-02-01 22:18:34,790 - INFO - MainProcess - query_execution.segment1 - list index out of range
2022-02-01 22:18:34,790 - INFO - MainProcess - query_execution.segment1 - list index out of range
2022-02-01 22:18:34,790 - INFO - MainProcess - query_execution.segment1 - list index out of range
2022-02-01 22:18:34,790 - INFO - MainProcess - query_execution.segment1 - list index out of range
2022-02-01 22:18:34,790 - INFO - MainProcess - query_execution.segment1 - list index out of range
2022-02-01 22:18:34,790 - INFO - MainProcess - query_execution.segment1 - list index out of range
2022-02-01 22:18:34,790 - INFO - MainProcess - query_execution.segment1 - list index out of range
2022-02-01 22:18:34,790 - INFO - MainProcess - query_execution.segment1 - list index out of range
2022-02-01 22:18:34,790 - INFO - MainProcess - query_execution.segment1 - list index out of range
2022-02-01 22:18:34,790 - INFO - MainProcess - query_execution.segment1 - list index out of range
2022-02-01 22:18:34,790 - INFO - MainProcess - query_execution.segment1 - list index out of range
2022-02-01 22:18:34,790 - INFO - MainProcess - query_execution.segment1 - list index out of range
2022-02-01 22:18:34,790 - INFO - MainProcess - query_execution.segment1 - list index out of range
2022-02-01 22:18:34,790 - INFO - MainProcess - query_execution.segment1 - list index out of range
2022-02-01 22:18:34,790 - INFO - MainProcess - query_execution.segment1 - list index out of range
2022-02-01 22:18:34,806 - INFO - MainProcess - query_execution.segment1 - list index out of range
2022-02-01 22:18:34,806 - INFO - MainProcess - query_execution.segment1 - list index out of range
2022-02-01 22:18:34,806 - INFO - MainProcess - query_execution.segment1 - list index out of range
2022-02-01 22:18:34,806 - INFO - MainProcess - query_execution.segment1 - list index out of range
2022-02-01 22:18:34,806 - INFO - MainProcess - query_execution.segment1 - list index out of range
2022-02-01 22:18:34,806 - INFO - MainProcess - query_execution.segment1 - list index out of range
2022-02-01 22:18:34,806 - INFO - MainProcess - query_execution.segment1 - list index out of range
2022-02-01 22:18:34,806 - INFO - MainProcess - query_execution.segment1 - list index out of range
2022-02-01 22:18:34,806 - INFO - MainProcess - query_execution.segment1 - list index out of range
2022-02-01 22:18:34,806 - INFO - MainProcess - query_execution.segment1 - list index out of range
2022-02-01 22:18:34,806 - INFO - MainProcess - query_execution.segment1 - list index out of range
2022-02-01 22:18:34,806 - INFO - MainProcess - query_execution.segment1 - list index out of range
2022-02-01 22:18:34,806 - INFO - MainProcess - query_execution.segment1 - list index out of range
2022-02-01 22:18:34,806 - INFO - MainProcess - query_execution.segment1 - list index out of range
2022-02-01 22:18:34,806 - INFO - MainProcess - query_execution.segment1 - list index out of range
2022-02-01 22:18:34,806 - INFO - MainProcess - query_execution.segment1 - list index out of range
2022-02-01 22:18:34,806 - INFO - MainProcess - query_execution.segment1 - list index out of range
2022-02-01 22:18:34,806 - INFO - MainProcess - query_execution.segment1 - list index out of range
2022-02-01 22:18:34,806 - INFO - MainProcess - query_execution.segment1 - list index out of range
2022-02-01 22:18:34,806 - INFO - MainProcess - query_execution.segment1 - list index out of range
2022-02-01 22:18:34,806 - INFO - MainProcess - query_execution.segment1 - list index out of range
2022-02-01 22:18:34,806 - INFO - MainProcess - query_execution.segment1 - list index out of range
2022-02-01 22:18:34,806 - INFO - MainProcess - query_execution.segment1 - list index out of range
2022-02-01 22:18:34,806 - INFO - MainProcess - query_execution.segment1 - list index out of range
2022-02-01 22:18:34,806 - INFO - MainProcess - query_execution.segment1 - list index out of range
2022-02-01 22:18:34,806 - INFO - MainProcess - query_execution.segment1 - list index out of range
2022-02-01 22:18:34,806 - INFO - MainProcess - query_execution.segment1 - list index out of range
2022-02-01 22:18:34,806 - INFO - MainProcess - query_execution.segment1 - list index out of range
2022-02-01 22:18:34,806 - INFO - MainProcess - query_execution.segment1 - list index out of range
2022-02-01 22:18:34,806 - INFO - MainProcess - query_execution.segment1 - list index out of range
2022-02-01 22:18:34,806 - INFO - MainProcess - query_execution.segment1 - list index out of range
2022-02-01 22:18:34,806 - INFO - MainProcess - query_execution.segment1 - list index out of range
2022-02-01 22:18:34,806 - INFO - MainProcess - query_execution.segment1 - list index out of range
2022-02-01 22:18:34,806 - INFO - MainProcess - query_execution.segment1 - list index out of range
2022-02-01 22:18:34,806 - INFO - MainProcess - query_execution.segment1 - list index out of range
2022-02-01 22:18:34,806 - INFO - MainProcess - query_execution.segment1 - list index out of range
2022-02-01 22:18:34,806 - INFO - MainProcess - query_execution.segment1 - list index out of range
2022-02-01 22:18:34,806 - INFO - MainProcess - query_execution.segment1 - list index out of range
2022-02-01 22:18:34,806 - INFO - MainProcess - query_execution.segment1 - list index out of range
2022-02-01 22:18:34,806 - INFO - MainProcess - query_execution.segment1 - list index out of range
2022-02-01 22:18:34,822 - INFO - MainProcess - query_execution.segment1 - list index out of range
2022-02-01 22:18:34,822 - INFO - MainProcess - query_execution.segment1 - list index out of range
2022-02-01 22:18:34,822 - INFO - MainProcess - query_execution.segment1 - list index out of range
2022-02-01 22:18:34,822 - INFO - MainProcess - query_execution.segment1 - list index out of range
2022-02-01 22:18:34,822 - INFO - MainProcess - query_execution.segment1 - list index out of range
2022-02-01 22:18:34,822 - INFO - MainProcess - query_execution.segment1 - list index out of range
2022-02-01 22:18:34,822 - INFO - MainProcess - query_execution.segment1 - list index out of range
2022-02-01 22:18:34,822 - INFO - MainProcess - query_execution.segment1 - list index out of range
2022-02-01 22:18:34,822 - INFO - MainProcess - query_execution.segment1 - list index out of range
2022-02-01 22:18:34,822 - INFO - MainProcess - query_execution.segment1 - list index out of range
2022-02-01 22:18:34,822 - INFO - MainProcess - query_execution.segment1 - list index out of range
2022-02-01 22:18:34,822 - INFO - MainProcess - query_execution.segment1 - list index out of range
2022-02-01 22:18:34,822 - INFO - MainProcess - query_execution.segment1 - list index out of range
2022-02-01 22:18:34,822 - INFO - MainProcess - query_execution.segment1 - list index out of range
2022-02-01 22:18:34,822 - INFO - MainProcess - query_execution.segment1 - list index out of range
2022-02-01 22:18:34,822 - INFO - MainProcess - query_execution.segment1 - list index out of range
2022-02-01 22:18:34,822 - INFO - MainProcess - query_execution.segment1 - list index out of range
2022-02-01 22:18:34,822 - INFO - MainProcess - query_execution.segment1 - list index out of range
2022-02-01 22:18:34,822 - INFO - MainProcess - query_execution.segment1 - list index out of range
2022-02-01 22:18:34,822 - INFO - MainProcess - query_execution.segment1 - list index out of range
2022-02-01 22:18:34,822 - INFO - MainProcess - query_execution.segment1 - list index out of range
2022-02-01 22:18:34,822 - INFO - MainProcess - query_execution.segment1 - list index out of range
2022-02-01 22:18:34,822 - INFO - MainProcess - query_execution.segment1 - list index out of range
2022-02-01 22:18:34,822 - INFO - MainProcess - query_execution.segment1 - list index out of range
2022-02-01 22:18:34,822 - INFO - MainProcess - query_execution.segment1 - list index out of range
2022-02-01 22:18:34,822 - INFO - MainProcess - query_execution.segment1 - list index out of range
2022-02-01 22:18:34,822 - INFO - MainProcess - query_execution.segment1 - list index out of range
2022-02-01 22:18:34,822 - INFO - MainProcess - query_execution.segment1 - list index out of range
2022-02-01 22:18:34,822 - INFO - MainProcess - query_execution.segment1 - list index out of range
2022-02-01 22:18:34,822 - INFO - MainProcess - query_execution.segment1 - list index out of range
2022-02-01 22:18:34,822 - INFO - MainProcess - query_execution.segment1 - list index out of range
2022-02-01 22:18:34,822 - INFO - MainProcess - query_execution.segment1 - list index out of range
2022-02-01 22:18:34,822 - INFO - MainProcess - query_execution.segment1 - list index out of range
2022-02-01 22:18:34,822 - INFO - MainProcess - query_execution.segment1 - list index out of range
2022-02-01 22:18:34,822 - INFO - MainProcess - query_execution.segment1 - list index out of range
2022-02-01 22:18:34,822 - INFO - MainProcess - query_execution.segment1 - list index out of range
2022-02-01 22:18:34,822 - INFO - MainProcess - query_execution.segment1 - list index out of range
2022-02-01 22:18:34,822 - INFO - MainProcess - query_execution.segment1 - list index out of range
2022-02-01 22:18:34,822 - INFO - MainProcess - query_execution.segment1 - list index out of range
2022-02-01 22:18:34,822 - INFO - MainProcess - query_execution.segment1 - list index out of range
2022-02-01 22:18:34,837 - INFO - MainProcess - query_execution.segment1 - list index out of range
2022-02-01 22:18:34,837 - INFO - MainProcess - query_execution.segment1 - list index out of range
2022-02-01 22:18:34,837 - INFO - MainProcess - query_execution.segment1 - list index out of range
2022-02-01 22:18:34,837 - INFO - MainProcess - query_execution.segment1 - list index out of range
2022-02-01 22:18:34,837 - INFO - MainProcess - query_execution.segment1 - list index out of range
2022-02-01 22:18:34,837 - INFO - MainProcess - query_execution.segment1 - list index out of range
2022-02-01 22:18:34,837 - INFO - MainProcess - query_execution.segment1 - list index out of range
2022-02-01 22:18:34,837 - INFO - MainProcess - query_execution.segment1 - list index out of range
2022-02-01 22:18:34,837 - INFO - MainProcess - query_execution.segment1 - list index out of range
2022-02-01 22:18:34,837 - INFO - MainProcess - query_execution.segment1 - list index out of range
2022-02-01 22:18:34,837 - INFO - MainProcess - query_execution.segment1 - list index out of range
2022-02-01 22:18:34,837 - INFO - MainProcess - query_execution.segment1 - list index out of range
2022-02-01 22:18:34,837 - INFO - MainProcess - query_execution.segment1 - list index out of range
2022-02-01 22:18:34,837 - INFO - MainProcess - query_execution.segment1 - list index out of range
2022-02-01 22:18:34,837 - INFO - MainProcess - query_execution.segment1 - list index out of range
2022-02-01 22:18:34,837 - INFO - MainProcess - query_execution.segment1 - list index out of range
2022-02-01 22:18:34,837 - INFO - MainProcess - query_execution.segment1 - list index out of range
2022-02-01 22:18:34,837 - INFO - MainProcess - query_execution.segment1 - list index out of range
2022-02-01 22:18:34,837 - INFO - MainProcess - query_execution.segment1 - list index out of range
2022-02-01 22:18:34,837 - INFO - MainProcess - query_execution.segment1 - list index out of range
2022-02-01 22:18:34,837 - INFO - MainProcess - query_execution.segment1 - list index out of range
2022-02-01 22:18:34,837 - INFO - MainProcess - query_execution.segment1 - list index out of range
2022-02-01 22:18:34,837 - INFO - MainProcess - query_execution.segment1 - list index out of range
2022-02-01 22:18:34,837 - INFO - MainProcess - query_execution.segment1 - list index out of range
2022-02-01 22:18:34,837 - INFO - MainProcess - query_execution.segment1 - list index out of range
2022-02-01 22:18:34,837 - INFO - MainProcess - query_execution.segment1 - list index out of range
2022-02-01 22:18:34,837 - INFO - MainProcess - query_execution.segment1 - list index out of range
2022-02-01 22:18:34,837 - INFO - MainProcess - query_execution.segment1 - list index out of range
2022-02-01 22:18:34,837 - INFO - MainProcess - query_execution.segment1 - list index out of range
2022-02-01 22:18:34,837 - INFO - MainProcess - query_execution.segment1 - list index out of range
2022-02-01 22:18:34,837 - INFO - MainProcess - query_execution.segment1 - list index out of range
2022-02-01 22:18:34,837 - INFO - MainProcess - query_execution.segment1 - list index out of range
2022-02-01 22:18:34,837 - INFO - MainProcess - query_execution.segment1 - list index out of range
2022-02-01 22:18:34,837 - INFO - MainProcess - query_execution.segment1 - list index out of range
2022-02-01 22:18:34,837 - INFO - MainProcess - query_execution.segment1 - list index out of range
2022-02-01 22:18:34,837 - INFO - MainProcess - query_execution.segment1 - list index out of range
2022-02-01 22:18:34,837 - INFO - MainProcess - query_execution.segment1 - list index out of range
2022-02-01 22:18:34,837 - INFO - MainProcess - query_execution.segment1 - list index out of range
2022-02-01 22:18:34,837 - INFO - MainProcess - query_execution.segment1 - list index out of range
2022-02-01 22:18:34,837 - INFO - MainProcess - query_execution.segment1 - list index out of range
2022-02-01 22:18:34,853 - INFO - MainProcess - query_execution.segment1 - list index out of range
2022-02-01 22:18:34,853 - INFO - MainProcess - query_execution.segment1 - list index out of range
2022-02-01 22:18:34,853 - INFO - MainProcess - query_execution.segment1 - list index out of range
2022-02-01 22:18:34,853 - INFO - MainProcess - query_execution.segment1 - list index out of range
2022-02-01 22:18:34,853 - INFO - MainProcess - query_execution.segment1 - list index out of range
2022-02-01 22:18:34,853 - INFO - MainProcess - query_execution.segment1 - list index out of range
2022-02-01 22:18:34,853 - INFO - MainProcess - query_execution.segment1 - list index out of range
2022-02-01 22:18:34,853 - INFO - MainProcess - query_execution.segment1 - list index out of range
2022-02-01 22:18:34,853 - INFO - MainProcess - query_execution.segment1 - list index out of range
2022-02-01 22:18:34,853 - INFO - MainProcess - query_execution.segment1 - list index out of range
2022-02-01 22:18:34,853 - INFO - MainProcess - query_execution.segment1 - list index out of range
2022-02-01 22:18:34,853 - INFO - MainProcess - query_execution.segment1 - list index out of range
2022-02-01 22:18:34,853 - INFO - MainProcess - query_execution.segment1 - list index out of range
2022-02-01 22:18:34,853 - INFO - MainProcess - query_execution.segment1 - list index out of range
2022-02-01 22:18:34,853 - INFO - MainProcess - query_execution.segment1 - list index out of range
2022-02-01 22:18:34,853 - INFO - MainProcess - query_execution.segment1 - list index out of range
2022-02-01 22:18:34,853 - INFO - MainProcess - query_execution.segment1 - list index out of range
2022-02-01 22:18:34,853 - INFO - MainProcess - query_execution.segment1 - list index out of range
2022-02-01 22:18:34,853 - INFO - MainProcess - query_execution.segment1 - list index out of range
2022-02-01 22:18:34,853 - INFO - MainProcess - query_execution.segment1 - list index out of range
2022-02-01 22:18:34,853 - INFO - MainProcess - query_execution.segment1 - list index out of range
2022-02-01 22:18:34,853 - INFO - MainProcess - query_execution.segment1 - list index out of range
2022-02-01 22:18:34,853 - INFO - MainProcess - query_execution.segment1 - list index out of range
2022-02-01 22:18:34,853 - INFO - MainProcess - query_execution.segment1 - list index out of range
2022-02-01 22:18:34,853 - INFO - MainProcess - query_execution.segment1 - list index out of range
2022-02-01 22:18:34,853 - INFO - MainProcess - query_execution.segment1 - list index out of range
2022-02-01 22:18:34,853 - INFO - MainProcess - query_execution.segment1 - list index out of range
2022-02-01 22:18:34,853 - INFO - MainProcess - query_execution.segment1 - list index out of range
2022-02-01 22:18:34,853 - INFO - MainProcess - query_execution.segment1 - list index out of range
2022-02-01 22:18:34,853 - INFO - MainProcess - query_execution.segment1 - list index out of range
2022-02-01 22:18:34,853 - INFO - MainProcess - query_execution.segment1 - list index out of range
2022-02-01 22:18:34,853 - INFO - MainProcess - query_execution.segment1 - list index out of range
2022-02-01 22:18:34,853 - INFO - MainProcess - query_execution.segment1 - list index out of range
2022-02-01 22:18:34,853 - INFO - MainProcess - query_execution.segment1 - list index out of range
2022-02-01 22:18:34,853 - INFO - MainProcess - query_execution.segment1 - list index out of range
2022-02-01 22:18:34,853 - INFO - MainProcess - query_execution.segment1 - list index out of range
2022-02-01 22:18:34,853 - INFO - MainProcess - query_execution.segment1 - list index out of range
2022-02-01 22:18:34,853 - INFO - MainProcess - query_execution.segment1 - list index out of range
2022-02-01 22:18:34,868 - INFO - MainProcess - query_execution.segment1 - list index out of range
2022-02-01 22:18:34,868 - INFO - MainProcess - query_execution.segment1 - list index out of range
2022-02-01 22:18:34,868 - INFO - MainProcess - query_execution.segment1 - list index out of range
2022-02-01 22:18:34,868 - INFO - MainProcess - query_execution.segment1 - list index out of range
2022-02-01 22:18:34,868 - INFO - MainProcess - query_execution.segment1 - list index out of range
2022-02-01 22:18:34,868 - INFO - MainProcess - query_execution.segment1 - list index out of range
2022-02-01 22:18:34,868 - INFO - MainProcess - query_execution.segment1 - list index out of range
2022-02-01 22:18:34,868 - INFO - MainProcess - query_execution.segment1 - list index out of range
2022-02-01 22:18:34,868 - INFO - MainProcess - query_execution.segment1 - list index out of range
2022-02-01 22:18:34,868 - INFO - MainProcess - query_execution.segment1 - list index out of range
2022-02-01 22:18:34,868 - INFO - MainProcess - query_execution.segment1 - list index out of range
2022-02-01 22:18:34,868 - INFO - MainProcess - query_execution.segment1 - list index out of range
2022-02-01 22:18:34,868 - INFO - MainProcess - query_execution.segment1 - list index out of range
2022-02-01 22:18:34,868 - INFO - MainProcess - query_execution.segment1 - list index out of range
2022-02-01 22:18:34,868 - INFO - MainProcess - query_execution.segment1 - list index out of range
2022-02-01 22:18:34,868 - INFO - MainProcess - query_execution.segment1 - list index out of range
2022-02-01 22:18:34,868 - INFO - MainProcess - query_execution.segment1 - list index out of range
2022-02-01 22:18:34,868 - INFO - MainProcess - query_execution.segment1 - list index out of range
2022-02-01 22:18:34,868 - INFO - MainProcess - query_execution.segment1 - list index out of range
2022-02-01 22:18:34,868 - INFO - MainProcess - query_execution.segment1 - list index out of range
2022-02-01 22:18:34,868 - INFO - MainProcess - query_execution.segment1 - list index out of range
2022-02-01 22:18:34,868 - INFO - MainProcess - query_execution.segment1 - list index out of range
2022-02-01 22:18:34,868 - INFO - MainProcess - query_execution.segment1 - list index out of range
2022-02-01 22:18:34,868 - INFO - MainProcess - query_execution.segment1 - list index out of range
2022-02-01 22:18:34,868 - INFO - MainProcess - query_execution.segment1 - list index out of range
2022-02-01 22:18:34,868 - INFO - MainProcess - query_execution.segment1 - list index out of range
2022-02-01 22:18:34,868 - INFO - MainProcess - query_execution.segment1 - list index out of range
2022-02-01 22:18:34,868 - INFO - MainProcess - query_execution.segment1 - list index out of range
2022-02-01 22:18:34,868 - INFO - MainProcess - query_execution.segment1 - list index out of range
2022-02-01 22:18:34,868 - INFO - MainProcess - query_execution.segment1 - list index out of range
2022-02-01 22:18:34,868 - INFO - MainProcess - query_execution.segment1 - list index out of range
2022-02-01 22:18:34,868 - INFO - MainProcess - query_execution.segment1 - list index out of range
2022-02-01 22:18:34,868 - INFO - MainProcess - query_execution.segment1 - list index out of range
2022-02-01 22:18:34,868 - INFO - MainProcess - query_execution.segment1 - list index out of range
2022-02-01 22:18:34,868 - INFO - MainProcess - query_execution.segment1 - list index out of range
2022-02-01 22:18:34,868 - INFO - MainProcess - query_execution.segment1 - list index out of range
2022-02-01 22:18:34,868 - INFO - MainProcess - query_execution.segment1 - list index out of range
2022-02-01 22:18:34,868 - INFO - MainProcess - query_execution.segment1 - list index out of range
2022-02-01 22:18:34,868 - INFO - MainProcess - query_execution.segment1 - list index out of range
2022-02-01 22:18:34,868 - INFO - MainProcess - query_execution.segment1 - list index out of range
2022-02-01 22:18:34,884 - INFO - MainProcess - query_execution.segment1 - list index out of range
2022-02-01 22:18:34,884 - INFO - MainProcess - query_execution.segment1 - list index out of range
2022-02-01 22:18:34,884 - INFO - MainProcess - query_execution.segment1 - list index out of range
2022-02-01 22:18:34,884 - INFO - MainProcess - query_execution.segment1 - list index out of range
2022-02-01 22:18:34,884 - INFO - MainProcess - query_execution.segment1 - list index out of range
2022-02-01 22:18:34,884 - INFO - MainProcess - query_execution.segment1 - list index out of range
2022-02-01 22:18:34,884 - INFO - MainProcess - query_execution.segment1 - list index out of range
2022-02-01 22:18:34,884 - INFO - MainProcess - query_execution.segment1 - list index out of range
2022-02-01 22:18:34,884 - INFO - MainProcess - query_execution.segment1 - list index out of range
2022-02-01 22:18:34,884 - INFO - MainProcess - query_execution.segment1 - list index out of range
2022-02-01 22:18:34,884 - INFO - MainProcess - query_execution.segment1 - list index out of range
2022-02-01 22:18:34,884 - INFO - MainProcess - query_execution.segment1 - list index out of range
2022-02-01 22:18:34,884 - INFO - MainProcess - query_execution.segment1 - list index out of range
2022-02-01 22:18:34,884 - INFO - MainProcess - query_execution.segment1 - list index out of range
2022-02-01 22:18:34,884 - INFO - MainProcess - query_execution.segment1 - list index out of range
2022-02-01 22:18:34,884 - INFO - MainProcess - query_execution.segment1 - list index out of range
2022-02-01 22:18:34,884 - INFO - MainProcess - query_execution.segment1 - list index out of range
2022-02-01 22:18:34,884 - INFO - MainProcess - query_execution.segment1 - list index out of range
2022-02-01 22:18:34,884 - INFO - MainProcess - query_execution.segment1 - list index out of range
2022-02-01 22:18:34,884 - INFO - MainProcess - query_execution.segment1 - list index out of range
2022-02-01 22:18:34,884 - INFO - MainProcess - query_execution.segment1 - list index out of range
2022-02-01 22:18:34,884 - INFO - MainProcess - query_execution.segment1 - list index out of range
2022-02-01 22:18:34,884 - INFO - MainProcess - query_execution.segment1 - list index out of range
2022-02-01 22:18:34,884 - INFO - MainProcess - query_execution.segment1 - list index out of range
2022-02-01 22:18:34,884 - INFO - MainProcess - query_execution.segment1 - list index out of range
2022-02-01 22:18:34,884 - INFO - MainProcess - query_execution.segment1 - list index out of range
2022-02-01 22:18:34,884 - INFO - MainProcess - query_execution.segment1 - list index out of range
2022-02-01 22:18:34,884 - INFO - MainProcess - query_execution.segment1 - list index out of range
2022-02-01 22:18:34,884 - INFO - MainProcess - query_execution.segment1 - list index out of range
2022-02-01 22:18:34,884 - INFO - MainProcess - query_execution.segment1 - list index out of range
2022-02-01 22:18:34,884 - INFO - MainProcess - query_execution.segment1 - list index out of range
2022-02-01 22:18:34,884 - INFO - MainProcess - query_execution.segment1 - list index out of range
2022-02-01 22:18:34,884 - INFO - MainProcess - query_execution.segment1 - list index out of range
2022-02-01 22:18:34,884 - INFO - MainProcess - query_execution.segment1 - list index out of range
2022-02-01 22:18:34,884 - INFO - MainProcess - query_execution.segment1 - list index out of range
2022-02-01 22:18:34,884 - INFO - MainProcess - query_execution.segment1 - list index out of range
2022-02-01 22:18:34,884 - INFO - MainProcess - query_execution.segment1 - list index out of range
2022-02-01 22:18:34,884 - INFO - MainProcess - query_execution.segment1 - list index out of range
2022-02-01 22:18:34,884 - INFO - MainProcess - query_execution.segment1 - list index out of range
2022-02-01 22:18:34,884 - INFO - MainProcess - query_execution.segment1 - list index out of range
2022-02-01 22:18:34,900 - INFO - MainProcess - query_execution.segment1 - list index out of range
2022-02-01 22:18:34,900 - INFO - MainProcess - query_execution.segment1 - list index out of range
2022-02-01 22:18:34,900 - INFO - MainProcess - query_execution.segment1 - list index out of range
2022-02-01 22:18:34,900 - INFO - MainProcess - query_execution.segment1 - list index out of range
2022-02-01 22:18:34,900 - INFO - MainProcess - query_execution.segment1 - list index out of range
2022-02-01 22:18:34,900 - INFO - MainProcess - query_execution.segment1 - list index out of range
2022-02-01 22:18:34,900 - INFO - MainProcess - query_execution.segment1 - list index out of range
2022-02-01 22:18:34,900 - INFO - MainProcess - query_execution.segment1 - list index out of range
2022-02-01 22:18:34,900 - INFO - MainProcess - query_execution.segment1 - list index out of range
2022-02-01 22:18:34,900 - INFO - MainProcess - query_execution.segment1 - list index out of range
2022-02-01 22:18:34,900 - INFO - MainProcess - query_execution.segment1 - list index out of range
2022-02-01 22:18:34,900 - INFO - MainProcess - query_execution.segment1 - list index out of range
2022-02-01 22:18:34,900 - INFO - MainProcess - query_execution.segment1 - list index out of range
2022-02-01 22:18:34,900 - INFO - MainProcess - query_execution.segment1 - list index out of range
2022-02-01 22:18:34,900 - INFO - MainProcess - query_execution.segment1 - list index out of range
2022-02-01 22:18:34,900 - INFO - MainProcess - query_execution.segment1 - list index out of range
2022-02-01 22:18:34,900 - INFO - MainProcess - query_execution.segment1 - list index out of range
2022-02-01 22:18:34,900 - INFO - MainProcess - query_execution.segment1 - list index out of range
2022-02-01 22:18:34,900 - INFO - MainProcess - query_execution.segment1 - list index out of range
2022-02-01 22:18:34,900 - INFO - MainProcess - query_execution.segment1 - list index out of range
2022-02-01 22:18:34,900 - INFO - MainProcess - query_execution.segment1 - list index out of range
2022-02-01 22:18:34,900 - INFO - MainProcess - query_execution.segment1 - list index out of range
2022-02-01 22:18:34,900 - INFO - MainProcess - query_execution.segment1 - list index out of range
2022-02-01 22:18:34,900 - INFO - MainProcess - query_execution.segment1 - list index out of range
2022-02-01 22:18:34,900 - INFO - MainProcess - query_execution.segment1 - list index out of range
2022-02-01 22:18:34,900 - INFO - MainProcess - query_execution.segment1 - list index out of range
2022-02-01 22:18:34,900 - INFO - MainProcess - query_execution.segment1 - list index out of range
2022-02-01 22:18:34,900 - INFO - MainProcess - query_execution.segment1 - list index out of range
2022-02-01 22:18:34,900 - INFO - MainProcess - query_execution.segment1 - list index out of range
2022-02-01 22:18:34,900 - INFO - MainProcess - query_execution.segment1 - list index out of range
2022-02-01 22:18:34,900 - INFO - MainProcess - query_execution.segment1 - list index out of range
2022-02-01 22:18:34,900 - INFO - MainProcess - query_execution.segment1 - list index out of range
2022-02-01 22:18:34,900 - INFO - MainProcess - query_execution.segment1 - list index out of range
2022-02-01 22:18:34,900 - INFO - MainProcess - query_execution.segment1 - list index out of range
2022-02-01 22:18:34,900 - INFO - MainProcess - query_execution.segment1 - list index out of range
2022-02-01 22:18:34,931 - INFO - MainProcess - query_execution.segment1 - list index out of range
2022-02-01 22:18:34,931 - INFO - MainProcess - query_execution.segment1 - list index out of range
2022-02-01 22:18:34,931 - INFO - MainProcess - query_execution.segment1 - list index out of range
2022-02-01 22:18:34,931 - INFO - MainProcess - query_execution.segment1 - list index out of range
2022-02-01 22:18:34,931 - INFO - MainProcess - query_execution.segment1 - list index out of range
2022-02-01 22:18:34,931 - INFO - MainProcess - query_execution.segment1 - list index out of range
2022-02-01 22:18:34,931 - INFO - MainProcess - query_execution.segment1 - list index out of range
2022-02-01 22:18:34,931 - INFO - MainProcess - query_execution.segment1 - list index out of range
2022-02-01 22:18:34,931 - INFO - MainProcess - query_execution.segment1 - list index out of range
2022-02-01 22:18:34,931 - INFO - MainProcess - query_execution.segment1 - list index out of range
2022-02-01 22:18:34,931 - INFO - MainProcess - query_execution.segment1 - list index out of range
2022-02-01 22:18:34,931 - INFO - MainProcess - query_execution.segment1 - list index out of range
2022-02-01 22:18:34,931 - INFO - MainProcess - query_execution.segment1 - list index out of range
2022-02-01 22:18:34,931 - INFO - MainProcess - query_execution.segment1 - list index out of range
2022-02-01 22:18:34,931 - INFO - MainProcess - query_execution.segment1 - list index out of range
2022-02-01 22:18:34,931 - INFO - MainProcess - query_execution.segment1 - list index out of range
2022-02-01 22:18:34,931 - INFO - MainProcess - query_execution.segment1 - list index out of range
2022-02-01 22:18:34,931 - INFO - MainProcess - query_execution.segment1 - list index out of range
2022-02-01 22:18:34,931 - INFO - MainProcess - query_execution.segment1 - list index out of range
2022-02-01 22:18:34,946 - INFO - MainProcess - query_execution.segment1 - list index out of range
2022-02-01 22:18:34,946 - INFO - MainProcess - query_execution.segment1 - list index out of range
2022-02-01 22:18:34,946 - INFO - MainProcess - query_execution.segment1 - list index out of range
2022-02-01 22:18:34,946 - INFO - MainProcess - query_execution.segment1 - list index out of range
2022-02-01 22:18:34,946 - INFO - MainProcess - query_execution.segment1 - list index out of range
2022-02-01 22:18:34,946 - INFO - MainProcess - query_execution.segment1 - list index out of range
2022-02-01 22:18:34,946 - INFO - MainProcess - query_execution.segment1 - list index out of range
2022-02-01 22:18:34,946 - INFO - MainProcess - query_execution.segment1 - list index out of range
2022-02-01 22:18:34,946 - INFO - MainProcess - query_execution.segment1 - list index out of range
2022-02-01 22:18:34,946 - INFO - MainProcess - query_execution.segment1 - list index out of range
2022-02-01 22:18:34,946 - INFO - MainProcess - query_execution.segment1 - list index out of range
2022-02-01 22:18:34,946 - INFO - MainProcess - query_execution.segment1 - list index out of range
2022-02-01 22:18:34,946 - INFO - MainProcess - query_execution.segment1 - list index out of range
2022-02-01 22:18:34,946 - INFO - MainProcess - query_execution.segment1 - list index out of range
2022-02-01 22:18:34,946 - INFO - MainProcess - query_execution.segment1 - list index out of range
2022-02-01 22:18:34,946 - INFO - MainProcess - query_execution.segment1 - list index out of range
2022-02-01 22:18:34,946 - INFO - MainProcess - query_execution.segment1 - list index out of range
2022-02-01 22:18:34,946 - INFO - MainProcess - query_execution.segment1 - list index out of range
2022-02-01 22:18:34,946 - INFO - MainProcess - query_execution.segment1 - list index out of range
2022-02-01 22:18:34,946 - INFO - MainProcess - query_execution.segment1 - list index out of range
2022-02-01 22:18:34,946 - INFO - MainProcess - query_execution.segment1 - list index out of range
2022-02-01 22:18:34,946 - INFO - MainProcess - query_execution.segment1 - list index out of range
2022-02-01 22:18:34,946 - INFO - MainProcess - query_execution.segment1 - list index out of range
2022-02-01 22:18:34,946 - INFO - MainProcess - query_execution.segment1 - list index out of range
2022-02-01 22:18:34,946 - INFO - MainProcess - query_execution.segment1 - list index out of range
2022-02-01 22:18:34,946 - INFO - MainProcess - query_execution.segment1 - list index out of range
2022-02-01 22:18:34,946 - INFO - MainProcess - query_execution.segment1 - list index out of range
2022-02-01 22:18:34,946 - INFO - MainProcess - query_execution.segment1 - list index out of range
2022-02-01 22:18:34,946 - INFO - MainProcess - query_execution.segment1 - list index out of range
2022-02-01 22:18:34,946 - INFO - MainProcess - query_execution.segment1 - list index out of range
2022-02-01 22:18:34,946 - INFO - MainProcess - query_execution.segment1 - list index out of range
2022-02-01 22:18:34,946 - INFO - MainProcess - query_execution.segment1 - list index out of range
2022-02-01 22:18:34,946 - INFO - MainProcess - query_execution.segment1 - list index out of range
2022-02-01 22:18:34,946 - INFO - MainProcess - query_execution.segment1 - list index out of range
2022-02-01 22:18:34,946 - INFO - MainProcess - query_execution.segment1 - list index out of range
2022-02-01 22:18:34,946 - INFO - MainProcess - query_execution.segment1 - list index out of range
2022-02-01 22:18:34,946 - INFO - MainProcess - query_execution.segment1 - list index out of range
2022-02-01 22:18:34,946 - INFO - MainProcess - query_execution.segment1 - list index out of range
2022-02-01 22:18:34,946 - INFO - MainProcess - query_execution.segment1 - list index out of range
2022-02-01 22:18:34,962 - INFO - MainProcess - query_execution.segment1 - list index out of range
2022-02-01 22:18:34,962 - INFO - MainProcess - query_execution.segment1 - list index out of range
2022-02-01 22:18:34,962 - INFO - MainProcess - query_execution.segment1 - list index out of range
2022-02-01 22:18:34,962 - INFO - MainProcess - query_execution.segment1 - list index out of range
2022-02-01 22:18:34,962 - INFO - MainProcess - query_execution.segment1 - list index out of range
2022-02-01 22:18:34,962 - INFO - MainProcess - query_execution.segment1 - list index out of range
2022-02-01 22:18:34,962 - INFO - MainProcess - query_execution.segment1 - list index out of range
2022-02-01 22:18:34,962 - INFO - MainProcess - query_execution.segment1 - list index out of range
2022-02-01 22:18:34,962 - INFO - MainProcess - query_execution.segment1 - list index out of range
2022-02-01 22:18:34,962 - INFO - MainProcess - query_execution.segment1 - list index out of range
2022-02-01 22:18:34,962 - INFO - MainProcess - query_execution.segment1 - list index out of range
2022-02-01 22:18:34,962 - INFO - MainProcess - query_execution.segment1 - list index out of range
2022-02-01 22:18:34,962 - INFO - MainProcess - query_execution.segment1 - list index out of range
2022-02-01 22:18:34,962 - INFO - MainProcess - query_execution.segment1 - list index out of range
2022-02-01 22:18:34,962 - INFO - MainProcess - query_execution.segment1 - list index out of range
2022-02-01 22:18:34,962 - INFO - MainProcess - query_execution.segment1 - list index out of range
2022-02-01 22:18:34,962 - INFO - MainProcess - query_execution.segment1 - list index out of range
2022-02-01 22:18:34,962 - INFO - MainProcess - query_execution.segment1 - list index out of range
2022-02-01 22:18:34,962 - INFO - MainProcess - query_execution.segment1 - list index out of range
2022-02-01 22:18:34,962 - INFO - MainProcess - query_execution.segment1 - list index out of range
2022-02-01 22:18:34,962 - INFO - MainProcess - query_execution.segment1 - list index out of range
2022-02-01 22:18:34,962 - INFO - MainProcess - query_execution.segment1 - list index out of range
2022-02-01 22:18:34,962 - INFO - MainProcess - query_execution.segment1 - list index out of range
2022-02-01 22:18:34,962 - INFO - MainProcess - query_execution.segment1 - list index out of range
2022-02-01 22:18:34,962 - INFO - MainProcess - query_execution.segment1 - list index out of range
2022-02-01 22:18:34,962 - INFO - MainProcess - query_execution.segment1 - list index out of range
2022-02-01 22:18:34,962 - INFO - MainProcess - query_execution.segment1 - list index out of range
2022-02-01 22:18:34,962 - INFO - MainProcess - query_execution.segment1 - list index out of range
2022-02-01 22:18:34,962 - INFO - MainProcess - query_execution.segment1 - list index out of range
2022-02-01 22:18:34,962 - INFO - MainProcess - query_execution.segment1 - list index out of range
2022-02-01 22:18:34,962 - INFO - MainProcess - query_execution.segment1 - list index out of range
2022-02-01 22:18:34,962 - INFO - MainProcess - query_execution.segment1 - list index out of range
2022-02-01 22:18:34,962 - INFO - MainProcess - query_execution.segment1 - list index out of range
2022-02-01 22:18:34,962 - INFO - MainProcess - query_execution.segment1 - list index out of range
2022-02-01 22:18:34,962 - INFO - MainProcess - query_execution.segment1 - list index out of range
2022-02-01 22:18:34,962 - INFO - MainProcess - query_execution.segment1 - list index out of range
2022-02-01 22:18:34,962 - INFO - MainProcess - query_execution.segment1 - list index out of range
2022-02-01 22:18:34,962 - INFO - MainProcess - query_execution.segment1 - list index out of range
2022-02-01 22:18:34,962 - INFO - MainProcess - query_execution.segment1 - list index out of range
2022-02-01 22:18:34,978 - INFO - MainProcess - query_execution.segment1 - list index out of range
2022-02-01 22:18:34,978 - INFO - MainProcess - query_execution.segment1 - list index out of range
2022-02-01 22:18:34,978 - INFO - MainProcess - query_execution.segment1 - list index out of range
2022-02-01 22:18:34,978 - INFO - MainProcess - query_execution.segment1 - list index out of range
2022-02-01 22:18:34,978 - INFO - MainProcess - query_execution.segment1 - list index out of range
2022-02-01 22:18:34,978 - INFO - MainProcess - query_execution.segment1 - list index out of range
2022-02-01 22:18:34,978 - INFO - MainProcess - query_execution.segment1 - list index out of range
2022-02-01 22:18:34,978 - INFO - MainProcess - query_execution.segment1 - list index out of range
2022-02-01 22:18:34,978 - INFO - MainProcess - query_execution.segment1 - list index out of range
2022-02-01 22:18:34,978 - INFO - MainProcess - query_execution.segment1 - list index out of range
2022-02-01 22:18:34,978 - INFO - MainProcess - query_execution.segment1 - list index out of range
2022-02-01 22:18:34,978 - INFO - MainProcess - query_execution.segment1 - list index out of range
2022-02-01 22:18:34,978 - INFO - MainProcess - query_execution.segment1 - list index out of range
2022-02-01 22:18:34,978 - INFO - MainProcess - query_execution.segment1 - list index out of range
2022-02-01 22:18:34,978 - INFO - MainProcess - query_execution.segment1 - list index out of range
2022-02-01 22:18:34,978 - INFO - MainProcess - query_execution.segment1 - list index out of range
2022-02-01 22:18:34,978 - INFO - MainProcess - query_execution.segment1 - list index out of range
2022-02-01 22:18:34,978 - INFO - MainProcess - query_execution.segment1 - list index out of range
2022-02-01 22:18:34,978 - INFO - MainProcess - query_execution.segment1 - list index out of range
2022-02-01 22:18:34,978 - INFO - MainProcess - query_execution.segment1 - list index out of range
2022-02-01 22:18:34,978 - INFO - MainProcess - query_execution.segment1 - list index out of range
2022-02-01 22:18:34,978 - INFO - MainProcess - query_execution.segment1 - list index out of range
2022-02-01 22:18:34,978 - INFO - MainProcess - query_execution.segment1 - list index out of range
2022-02-01 22:18:34,978 - INFO - MainProcess - query_execution.segment1 - list index out of range
2022-02-01 22:18:34,978 - INFO - MainProcess - query_execution.segment1 - list index out of range
2022-02-01 22:18:34,978 - INFO - MainProcess - query_execution.segment1 - list index out of range
2022-02-01 22:18:34,978 - INFO - MainProcess - query_execution.segment1 - list index out of range
2022-02-01 22:18:34,978 - INFO - MainProcess - query_execution.segment1 - list index out of range
2022-02-01 22:18:34,978 - INFO - MainProcess - query_execution.segment1 - list index out of range
2022-02-01 22:18:34,978 - INFO - MainProcess - query_execution.segment1 - list index out of range
2022-02-01 22:18:34,978 - INFO - MainProcess - query_execution.segment1 - list index out of range
2022-02-01 22:18:34,978 - INFO - MainProcess - query_execution.segment1 - list index out of range
2022-02-01 22:18:34,978 - INFO - MainProcess - query_execution.segment1 - list index out of range
2022-02-01 22:18:34,978 - INFO - MainProcess - query_execution.segment1 - list index out of range
2022-02-01 22:18:34,978 - INFO - MainProcess - query_execution.segment1 - list index out of range
2022-02-01 22:18:34,978 - INFO - MainProcess - query_execution.segment1 - list index out of range
2022-02-01 22:18:34,978 - INFO - MainProcess - query_execution.segment1 - list index out of range
2022-02-01 22:18:34,978 - INFO - MainProcess - query_execution.segment1 - list index out of range
2022-02-01 22:18:34,978 - INFO - MainProcess - query_execution.segment1 - list index out of range
2022-02-01 22:18:34,978 - INFO - MainProcess - query_execution.segment1 - list index out of range
2022-02-01 22:18:34,978 - INFO - MainProcess - query_execution.segment1 - list index out of range
2022-02-01 22:18:34,978 - INFO - MainProcess - query_execution.segment1 - list index out of range
2022-02-01 22:18:34,978 - INFO - MainProcess - query_execution.segment1 - list index out of range
2022-02-01 22:18:34,993 - INFO - MainProcess - query_execution.segment1 - list index out of range
2022-02-01 22:18:34,993 - INFO - MainProcess - query_execution.segment1 - list index out of range
2022-02-01 22:18:34,993 - INFO - MainProcess - query_execution.segment1 - list index out of range
2022-02-01 22:18:34,993 - INFO - MainProcess - query_execution.segment1 - list index out of range
2022-02-01 22:18:34,993 - INFO - MainProcess - query_execution.segment1 - list index out of range
2022-02-01 22:18:34,993 - INFO - MainProcess - query_execution.segment1 - list index out of range
2022-02-01 22:18:34,993 - INFO - MainProcess - query_execution.segment1 - list index out of range
2022-02-01 22:18:34,993 - INFO - MainProcess - query_execution.segment1 - list index out of range
2022-02-01 22:18:34,993 - INFO - MainProcess - query_execution.segment1 - list index out of range
2022-02-01 22:18:34,993 - INFO - MainProcess - query_execution.segment1 - list index out of range
2022-02-01 22:18:34,993 - INFO - MainProcess - query_execution.segment1 - list index out of range
2022-02-01 22:18:34,993 - INFO - MainProcess - query_execution.segment1 - list index out of range
2022-02-01 22:18:34,993 - INFO - MainProcess - query_execution.segment1 - list index out of range
2022-02-01 22:18:34,993 - INFO - MainProcess - query_execution.segment1 - list index out of range
2022-02-01 22:18:34,993 - INFO - MainProcess - query_execution.segment1 - list index out of range
2022-02-01 22:18:34,993 - INFO - MainProcess - query_execution.segment1 - list index out of range
2022-02-01 22:18:34,993 - INFO - MainProcess - query_execution.segment1 - list index out of range
2022-02-01 22:18:34,993 - INFO - MainProcess - query_execution.segment1 - list index out of range
2022-02-01 22:18:34,993 - INFO - MainProcess - query_execution.segment1 - list index out of range
2022-02-01 22:18:34,993 - INFO - MainProcess - query_execution.segment1 - list index out of range
2022-02-01 22:18:34,993 - INFO - MainProcess - query_execution.segment1 - list index out of range
2022-02-01 22:18:34,993 - INFO - MainProcess - query_execution.segment1 - list index out of range
2022-02-01 22:18:34,993 - INFO - MainProcess - query_execution.segment1 - list index out of range
2022-02-01 22:18:34,993 - INFO - MainProcess - query_execution.segment1 - list index out of range
2022-02-01 22:18:34,993 - INFO - MainProcess - query_execution.segment1 - list index out of range
2022-02-01 22:18:34,993 - INFO - MainProcess - query_execution.segment1 - list index out of range
2022-02-01 22:18:34,993 - INFO - MainProcess - query_execution.segment1 - list index out of range
2022-02-01 22:18:34,993 - INFO - MainProcess - query_execution.segment1 - list index out of range
2022-02-01 22:18:34,993 - INFO - MainProcess - query_execution.segment1 - list index out of range
2022-02-01 22:18:34,993 - INFO - MainProcess - query_execution.segment1 - list index out of range
2022-02-01 22:18:34,993 - INFO - MainProcess - query_execution.segment1 - list index out of range
2022-02-01 22:18:34,993 - INFO - MainProcess - query_execution.segment1 - list index out of range
2022-02-01 22:18:34,993 - INFO - MainProcess - query_execution.segment1 - list index out of range
2022-02-01 22:18:34,993 - INFO - MainProcess - query_execution.segment1 - list index out of range
2022-02-01 22:18:34,993 - INFO - MainProcess - query_execution.segment1 - list index out of range
2022-02-01 22:18:34,993 - INFO - MainProcess - query_execution.segment1 - list index out of range
2022-02-01 22:18:34,993 - INFO - MainProcess - query_execution.segment1 - list index out of range
2022-02-01 22:18:34,993 - INFO - MainProcess - query_execution.segment1 - list index out of range
2022-02-01 22:18:34,993 - INFO - MainProcess - query_execution.segment1 - list index out of range
2022-02-01 22:18:34,993 - INFO - MainProcess - query_execution.segment1 - list index out of range
2022-02-01 22:18:34,993 - INFO - MainProcess - query_execution.segment1 - list index out of range
2022-02-01 22:18:34,993 - INFO - MainProcess - query_execution.segment1 - list index out of range
2022-02-01 22:18:35,009 - INFO - MainProcess - query_execution.segment1 - list index out of range
2022-02-01 22:18:35,009 - INFO - MainProcess - query_execution.segment1 - list index out of range
2022-02-01 22:18:35,009 - INFO - MainProcess - query_execution.segment1 - list index out of range
2022-02-01 22:18:35,009 - INFO - MainProcess - query_execution.segment1 - list index out of range
2022-02-01 22:18:35,009 - INFO - MainProcess - query_execution.segment1 - list index out of range
2022-02-01 22:18:35,009 - INFO - MainProcess - query_execution.segment1 - list index out of range
2022-02-01 22:18:35,009 - INFO - MainProcess - query_execution.segment1 - list index out of range
2022-02-01 22:18:35,009 - INFO - MainProcess - query_execution.segment1 - list index out of range
2022-02-01 22:18:35,009 - INFO - MainProcess - query_execution.segment1 - list index out of range
2022-02-01 22:18:35,009 - INFO - MainProcess - query_execution.segment1 - list index out of range
2022-02-01 22:18:35,009 - INFO - MainProcess - query_execution.segment1 - list index out of range
2022-02-01 22:18:35,009 - INFO - MainProcess - query_execution.segment1 - list index out of range
2022-02-01 22:18:35,009 - INFO - MainProcess - query_execution.segment1 - list index out of range
2022-02-01 22:18:35,009 - INFO - MainProcess - query_execution.segment1 - list index out of range
2022-02-01 22:18:35,009 - INFO - MainProcess - query_execution.segment1 - list index out of range
2022-02-01 22:18:35,009 - INFO - MainProcess - query_execution.segment1 - list index out of range
2022-02-01 22:18:35,009 - INFO - MainProcess - query_execution.segment1 - list index out of range
2022-02-01 22:18:35,009 - INFO - MainProcess - query_execution.segment1 - list index out of range
2022-02-01 22:18:35,009 - INFO - MainProcess - query_execution.segment1 - list index out of range
2022-02-01 22:18:35,009 - INFO - MainProcess - query_execution.segment1 - list index out of range
2022-02-01 22:18:35,009 - INFO - MainProcess - query_execution.segment1 - list index out of range
2022-02-01 22:18:35,009 - INFO - MainProcess - query_execution.segment1 - list index out of range
2022-02-01 22:18:35,009 - INFO - MainProcess - query_execution.segment1 - list index out of range
2022-02-01 22:18:35,009 - INFO - MainProcess - query_execution.segment1 - list index out of range
2022-02-01 22:18:35,009 - INFO - MainProcess - query_execution.segment1 - list index out of range
2022-02-01 22:18:35,009 - INFO - MainProcess - query_execution.segment1 - list index out of range
2022-02-01 22:18:35,009 - INFO - MainProcess - query_execution.segment1 - list index out of range
2022-02-01 22:18:35,009 - INFO - MainProcess - query_execution.segment1 - list index out of range
2022-02-01 22:18:35,009 - INFO - MainProcess - query_execution.segment1 - list index out of range
2022-02-01 22:18:35,009 - INFO - MainProcess - query_execution.segment1 - list index out of range
2022-02-01 22:18:35,009 - INFO - MainProcess - query_execution.segment1 - list index out of range
2022-02-01 22:18:35,009 - INFO - MainProcess - query_execution.segment1 - list index out of range
2022-02-01 22:18:35,009 - INFO - MainProcess - query_execution.segment1 - list index out of range
2022-02-01 22:18:35,009 - INFO - MainProcess - query_execution.segment1 - list index out of range
2022-02-01 22:18:35,009 - INFO - MainProcess - query_execution.segment1 - list index out of range
2022-02-01 22:18:35,009 - INFO - MainProcess - query_execution.segment1 - list index out of range
2022-02-01 22:18:35,009 - INFO - MainProcess - query_execution.segment1 - list index out of range
2022-02-01 22:18:35,009 - INFO - MainProcess - query_execution.segment1 - list index out of range
2022-02-01 22:18:35,009 - INFO - MainProcess - query_execution.segment1 - list index out of range
2022-02-01 22:18:35,009 - INFO - MainProcess - query_execution.segment1 - list index out of range
2022-02-01 22:18:35,009 - INFO - MainProcess - query_execution.segment1 - list index out of range
2022-02-01 22:18:35,009 - INFO - MainProcess - query_execution.segment1 - list index out of range
2022-02-01 22:18:35,024 - INFO - MainProcess - query_execution.segment1 - list index out of range
2022-02-01 22:18:35,024 - INFO - MainProcess - query_execution.segment1 - list index out of range
2022-02-01 22:18:35,024 - INFO - MainProcess - query_execution.segment1 - list index out of range
2022-02-01 22:18:35,024 - INFO - MainProcess - query_execution.segment1 - list index out of range
2022-02-01 22:18:35,024 - INFO - MainProcess - query_execution.segment1 - list index out of range
2022-02-01 22:18:35,024 - INFO - MainProcess - query_execution.segment1 - list index out of range
2022-02-01 22:18:35,024 - INFO - MainProcess - query_execution.segment1 - list index out of range
2022-02-01 22:18:35,024 - INFO - MainProcess - query_execution.segment1 - list index out of range
2022-02-01 22:18:35,024 - INFO - MainProcess - query_execution.segment1 - list index out of range
2022-02-01 22:18:35,024 - INFO - MainProcess - query_execution.segment1 - list index out of range
2022-02-01 22:18:35,024 - INFO - MainProcess - query_execution.segment1 - list index out of range
2022-02-01 22:18:35,024 - INFO - MainProcess - query_execution.segment1 - list index out of range
2022-02-01 22:18:35,024 - INFO - MainProcess - query_execution.segment1 - list index out of range
2022-02-01 22:18:35,024 - INFO - MainProcess - query_execution.segment1 - list index out of range
2022-02-01 22:18:35,024 - INFO - MainProcess - query_execution.segment1 - list index out of range
2022-02-01 22:18:35,024 - INFO - MainProcess - query_execution.segment1 - list index out of range
2022-02-01 22:18:35,024 - INFO - MainProcess - query_execution.segment1 - list index out of range
2022-02-01 22:18:35,024 - INFO - MainProcess - query_execution.segment1 - list index out of range
2022-02-01 22:18:35,024 - INFO - MainProcess - query_execution.segment1 - list index out of range
2022-02-01 22:18:35,024 - INFO - MainProcess - query_execution.segment1 - list index out of range
2022-02-01 22:18:35,024 - INFO - MainProcess - query_execution.segment1 - list index out of range
2022-02-01 22:18:35,024 - INFO - MainProcess - query_execution.segment1 - list index out of range
2022-02-01 22:18:35,024 - INFO - MainProcess - query_execution.segment1 - list index out of range
2022-02-01 22:18:35,024 - INFO - MainProcess - query_execution.segment1 - list index out of range
2022-02-01 22:18:35,024 - INFO - MainProcess - query_execution.segment1 - list index out of range
2022-02-01 22:18:35,024 - INFO - MainProcess - query_execution.segment1 - list index out of range
2022-02-01 22:18:35,024 - INFO - MainProcess - query_execution.segment1 - list index out of range
2022-02-01 22:18:35,024 - INFO - MainProcess - query_execution.segment1 - list index out of range
2022-02-01 22:18:35,024 - INFO - MainProcess - query_execution.segment1 - list index out of range
2022-02-01 22:18:35,024 - INFO - MainProcess - query_execution.segment1 - list index out of range
2022-02-01 22:18:35,024 - INFO - MainProcess - query_execution.segment1 - list index out of range
2022-02-01 22:18:35,024 - INFO - MainProcess - query_execution.segment1 - list index out of range
2022-02-01 22:18:35,024 - INFO - MainProcess - query_execution.segment1 - list index out of range
2022-02-01 22:18:35,024 - INFO - MainProcess - query_execution.segment1 - list index out of range
2022-02-01 22:18:35,024 - INFO - MainProcess - query_execution.segment1 - list index out of range
2022-02-01 22:18:35,024 - INFO - MainProcess - query_execution.segment1 - list index out of range
2022-02-01 22:18:35,040 - INFO - MainProcess - query_execution.segment1 - list index out of range
2022-02-01 22:18:35,040 - INFO - MainProcess - query_execution.segment1 - list index out of range
2022-02-01 22:18:35,040 - INFO - MainProcess - query_execution.segment1 - list index out of range
2022-02-01 22:18:35,040 - INFO - MainProcess - query_execution.segment1 - list index out of range
2022-02-01 22:18:35,040 - INFO - MainProcess - query_execution.segment1 - list index out of range
2022-02-01 22:18:35,040 - INFO - MainProcess - query_execution.segment1 - list index out of range
2022-02-01 22:18:35,040 - INFO - MainProcess - query_execution.segment1 - list index out of range
2022-02-01 22:18:35,040 - INFO - MainProcess - query_execution.segment1 - list index out of range
2022-02-01 22:18:35,040 - INFO - MainProcess - query_execution.segment1 - list index out of range
2022-02-01 22:18:35,040 - INFO - MainProcess - query_execution.segment1 - list index out of range
2022-02-01 22:18:35,040 - INFO - MainProcess - query_execution.segment1 - list index out of range
2022-02-01 22:18:35,040 - INFO - MainProcess - query_execution.segment1 - list index out of range
2022-02-01 22:18:35,040 - INFO - MainProcess - query_execution.segment1 - list index out of range
2022-02-01 22:18:35,040 - INFO - MainProcess - query_execution.segment1 - list index out of range
2022-02-01 22:18:35,040 - INFO - MainProcess - query_execution.segment1 - list index out of range
2022-02-01 22:18:35,040 - INFO - MainProcess - query_execution.segment1 - list index out of range
2022-02-01 22:18:35,040 - INFO - MainProcess - query_execution.segment1 - list index out of range
2022-02-01 22:18:35,040 - INFO - MainProcess - query_execution.segment1 - list index out of range
2022-02-01 22:18:35,040 - INFO - MainProcess - query_execution.segment1 - list index out of range
2022-02-01 22:18:35,040 - INFO - MainProcess - query_execution.segment1 - list index out of range
2022-02-01 22:18:35,040 - INFO - MainProcess - query_execution.segment1 - list index out of range
2022-02-01 22:18:35,040 - INFO - MainProcess - query_execution.segment1 - list index out of range
2022-02-01 22:18:35,040 - INFO - MainProcess - query_execution.segment1 - list index out of range
2022-02-01 22:18:35,040 - INFO - MainProcess - query_execution.segment1 - list index out of range
2022-02-01 22:18:35,040 - INFO - MainProcess - query_execution.segment1 - list index out of range
2022-02-01 22:18:35,040 - INFO - MainProcess - query_execution.segment1 - list index out of range
2022-02-01 22:18:35,040 - INFO - MainProcess - query_execution.segment1 - list index out of range
2022-02-01 22:18:35,040 - INFO - MainProcess - query_execution.segment1 - list index out of range
2022-02-01 22:18:35,040 - INFO - MainProcess - query_execution.segment1 - list index out of range
2022-02-01 22:18:35,040 - INFO - MainProcess - query_execution.segment1 - list index out of range
2022-02-01 22:18:35,040 - INFO - MainProcess - query_execution.segment1 - list index out of range
2022-02-01 22:18:35,040 - INFO - MainProcess - query_execution.segment1 - list index out of range
2022-02-01 22:18:35,040 - INFO - MainProcess - query_execution.segment1 - list index out of range
2022-02-01 22:18:35,040 - INFO - MainProcess - query_execution.segment1 - list index out of range
2022-02-01 22:18:35,040 - INFO - MainProcess - query_execution.segment1 - list index out of range
2022-02-01 22:18:35,040 - INFO - MainProcess - query_execution.segment1 - list index out of range
2022-02-01 22:18:35,040 - INFO - MainProcess - query_execution.segment1 - list index out of range
2022-02-01 22:18:35,040 - INFO - MainProcess - query_execution.segment1 - list index out of range
2022-02-01 22:18:35,040 - INFO - MainProcess - query_execution.segment1 - list index out of range
2022-02-01 22:18:35,040 - INFO - MainProcess - query_execution.segment1 - list index out of range
2022-02-01 22:18:35,056 - INFO - MainProcess - query_execution.segment1 - list index out of range
2022-02-01 22:18:35,056 - INFO - MainProcess - query_execution.segment1 - list index out of range
2022-02-01 22:18:35,056 - INFO - MainProcess - query_execution.segment1 - list index out of range
2022-02-01 22:18:35,056 - INFO - MainProcess - query_execution.segment1 - list index out of range
2022-02-01 22:18:35,056 - INFO - MainProcess - query_execution.segment1 - list index out of range
2022-02-01 22:18:35,056 - INFO - MainProcess - query_execution.segment1 - list index out of range
2022-02-01 22:18:35,056 - INFO - MainProcess - query_execution.segment1 - list index out of range
2022-02-01 22:18:35,056 - INFO - MainProcess - query_execution.segment1 - list index out of range
2022-02-01 22:18:35,056 - INFO - MainProcess - query_execution.segment1 - list index out of range
2022-02-01 22:18:35,056 - INFO - MainProcess - query_execution.segment1 - list index out of range
2022-02-01 22:18:35,056 - INFO - MainProcess - query_execution.segment1 - list index out of range
2022-02-01 22:18:35,056 - INFO - MainProcess - query_execution.segment1 - list index out of range
2022-02-01 22:18:35,056 - INFO - MainProcess - query_execution.segment1 - list index out of range
2022-02-01 22:18:35,056 - INFO - MainProcess - query_execution.segment1 - list index out of range
2022-02-01 22:18:35,056 - INFO - MainProcess - query_execution.segment1 - list index out of range
2022-02-01 22:18:35,056 - INFO - MainProcess - query_execution.segment1 - list index out of range
2022-02-01 22:18:35,056 - INFO - MainProcess - query_execution.segment1 - list index out of range
2022-02-01 22:18:35,056 - INFO - MainProcess - query_execution.segment1 - list index out of range
2022-02-01 22:18:35,056 - INFO - MainProcess - query_execution.segment1 - list index out of range
2022-02-01 22:18:35,056 - INFO - MainProcess - query_execution.segment1 - list index out of range
2022-02-01 22:18:35,056 - INFO - MainProcess - query_execution.segment1 - list index out of range
2022-02-01 22:18:35,056 - INFO - MainProcess - query_execution.segment1 - list index out of range
2022-02-01 22:18:35,056 - INFO - MainProcess - query_execution.segment1 - list index out of range
2022-02-01 22:18:35,056 - INFO - MainProcess - query_execution.segment1 - list index out of range
2022-02-01 22:18:35,056 - INFO - MainProcess - query_execution.segment1 - list index out of range
2022-02-01 22:18:35,056 - INFO - MainProcess - query_execution.segment1 - list index out of range
2022-02-01 22:18:35,056 - INFO - MainProcess - query_execution.segment1 - list index out of range
2022-02-01 22:18:35,056 - INFO - MainProcess - query_execution.segment1 - list index out of range
2022-02-01 22:18:35,056 - INFO - MainProcess - query_execution.segment1 - list index out of range
2022-02-01 22:18:35,056 - INFO - MainProcess - query_execution.segment1 - list index out of range
2022-02-01 22:18:35,056 - INFO - MainProcess - query_execution.segment1 - list index out of range
2022-02-01 22:18:35,056 - INFO - MainProcess - query_execution.segment1 - list index out of range
2022-02-01 22:18:35,056 - INFO - MainProcess - query_execution.segment1 - list index out of range
2022-02-01 22:18:35,056 - INFO - MainProcess - query_execution.segment1 - list index out of range
2022-02-01 22:18:35,056 - INFO - MainProcess - query_execution.segment1 - list index out of range
2022-02-01 22:18:35,056 - INFO - MainProcess - query_execution.segment1 - list index out of range
2022-02-01 22:18:35,056 - INFO - MainProcess - query_execution.segment1 - list index out of range
2022-02-01 22:18:35,056 - INFO - MainProcess - query_execution.segment1 - list index out of range
2022-02-01 22:18:35,056 - INFO - MainProcess - query_execution.segment1 - list index out of range
2022-02-01 22:18:35,056 - INFO - MainProcess - query_execution.segment1 - list index out of range
2022-02-01 22:18:35,056 - INFO - MainProcess - query_execution.segment1 - list index out of range
2022-02-01 22:18:35,056 - INFO - MainProcess - query_execution.segment1 - list index out of range
2022-02-01 22:18:35,071 - INFO - MainProcess - query_execution.segment1 - list index out of range
2022-02-01 22:18:35,071 - INFO - MainProcess - query_execution.segment1 - list index out of range
2022-02-01 22:18:35,071 - INFO - MainProcess - query_execution.segment1 - list index out of range
2022-02-01 22:18:35,071 - INFO - MainProcess - query_execution.segment1 - list index out of range
2022-02-01 22:18:35,071 - INFO - MainProcess - query_execution.segment1 - list index out of range
2022-02-01 22:18:35,071 - INFO - MainProcess - query_execution.segment1 - list index out of range
2022-02-01 22:18:35,071 - INFO - MainProcess - query_execution.segment1 - list index out of range
2022-02-01 22:18:35,071 - INFO - MainProcess - query_execution.segment1 - list index out of range
2022-02-01 22:18:35,071 - INFO - MainProcess - query_execution.segment1 - list index out of range
2022-02-01 22:18:35,071 - INFO - MainProcess - query_execution.segment1 - list index out of range
2022-02-01 22:18:35,071 - INFO - MainProcess - query_execution.segment1 - list index out of range
2022-02-01 22:18:35,071 - INFO - MainProcess - query_execution.segment1 - list index out of range
2022-02-01 22:18:35,071 - INFO - MainProcess - query_execution.segment1 - list index out of range
2022-02-01 22:18:35,071 - INFO - MainProcess - query_execution.segment1 - list index out of range
2022-02-01 22:18:35,071 - INFO - MainProcess - query_execution.segment1 - list index out of range
2022-02-01 22:18:35,071 - INFO - MainProcess - query_execution.segment1 - list index out of range
2022-02-01 22:18:35,071 - INFO - MainProcess - query_execution.segment1 - list index out of range
2022-02-01 22:18:35,071 - INFO - MainProcess - query_execution.segment1 - list index out of range
2022-02-01 22:18:35,071 - INFO - MainProcess - query_execution.segment1 - list index out of range
2022-02-01 22:18:35,071 - INFO - MainProcess - query_execution.segment1 - list index out of range
2022-02-01 22:18:35,071 - INFO - MainProcess - query_execution.segment1 - list index out of range
2022-02-01 22:18:35,071 - INFO - MainProcess - query_execution.segment1 - list index out of range
2022-02-01 22:18:35,071 - INFO - MainProcess - query_execution.segment1 - list index out of range
2022-02-01 22:18:35,071 - INFO - MainProcess - query_execution.segment1 - list index out of range
2022-02-01 22:18:35,071 - INFO - MainProcess - query_execution.segment1 - list index out of range
2022-02-01 22:18:35,071 - INFO - MainProcess - query_execution.segment1 - list index out of range
2022-02-01 22:18:35,071 - INFO - MainProcess - query_execution.segment1 - list index out of range
2022-02-01 22:18:35,071 - INFO - MainProcess - query_execution.segment1 - list index out of range
2022-02-01 22:18:35,071 - INFO - MainProcess - query_execution.segment1 - list index out of range
2022-02-01 22:18:35,071 - INFO - MainProcess - query_execution.segment1 - list index out of range
2022-02-01 22:18:35,071 - INFO - MainProcess - query_execution.segment1 - list index out of range
2022-02-01 22:18:35,071 - INFO - MainProcess - query_execution.segment1 - list index out of range
2022-02-01 22:18:35,071 - INFO - MainProcess - query_execution.segment1 - list index out of range
2022-02-01 22:18:35,071 - INFO - MainProcess - query_execution.segment1 - list index out of range
2022-02-01 22:18:35,071 - INFO - MainProcess - query_execution.segment1 - list index out of range
2022-02-01 22:18:35,071 - INFO - MainProcess - query_execution.segment1 - list index out of range
2022-02-01 22:18:35,071 - INFO - MainProcess - query_execution.segment1 - list index out of range
2022-02-01 22:18:35,071 - INFO - MainProcess - query_execution.segment1 - list index out of range
2022-02-01 22:18:35,071 - INFO - MainProcess - query_execution.segment1 - list index out of range
2022-02-01 22:18:35,071 - INFO - MainProcess - query_execution.segment1 - list index out of range
2022-02-01 22:18:35,071 - INFO - MainProcess - query_execution.segment1 - list index out of range
2022-02-01 22:18:35,071 - INFO - MainProcess - query_execution.segment1 - list index out of range
2022-02-01 22:18:35,087 - INFO - MainProcess - query_execution.segment1 - list index out of range
2022-02-01 22:18:35,087 - INFO - MainProcess - query_execution.segment1 - list index out of range
2022-02-01 22:18:35,087 - INFO - MainProcess - query_execution.segment1 - list index out of range
2022-02-01 22:18:35,087 - INFO - MainProcess - query_execution.segment1 - list index out of range
2022-02-01 22:18:35,087 - INFO - MainProcess - query_execution.segment1 - list index out of range
2022-02-01 22:18:35,087 - INFO - MainProcess - query_execution.segment1 - list index out of range
2022-02-01 22:18:35,087 - INFO - MainProcess - query_execution.segment1 - list index out of range
2022-02-01 22:18:35,087 - INFO - MainProcess - query_execution.segment1 - list index out of range
2022-02-01 22:18:35,087 - INFO - MainProcess - query_execution.segment1 - list index out of range
2022-02-01 22:18:35,087 - INFO - MainProcess - query_execution.segment1 - list index out of range
2022-02-01 22:18:35,087 - INFO - MainProcess - query_execution.segment1 - list index out of range
2022-02-01 22:18:35,087 - INFO - MainProcess - query_execution.segment1 - list index out of range
2022-02-01 22:18:35,087 - INFO - MainProcess - query_execution.segment1 - list index out of range
2022-02-01 22:18:35,087 - INFO - MainProcess - query_execution.segment1 - list index out of range
2022-02-01 22:18:35,087 - INFO - MainProcess - query_execution.segment1 - list index out of range
2022-02-01 22:18:35,087 - INFO - MainProcess - query_execution.segment1 - list index out of range
2022-02-01 22:18:35,087 - INFO - MainProcess - query_execution.segment1 - list index out of range
2022-02-01 22:18:35,087 - INFO - MainProcess - query_execution.segment1 - list index out of range
2022-02-01 22:18:35,087 - INFO - MainProcess - query_execution.segment1 - list index out of range
2022-02-01 22:18:35,087 - INFO - MainProcess - query_execution.segment1 - list index out of range
2022-02-01 22:18:35,087 - INFO - MainProcess - query_execution.segment1 - list index out of range
2022-02-01 22:18:35,087 - INFO - MainProcess - query_execution.segment1 - list index out of range
2022-02-01 22:18:35,087 - INFO - MainProcess - query_execution.segment1 - list index out of range
2022-02-01 22:18:35,087 - INFO - MainProcess - query_execution.segment1 - list index out of range
2022-02-01 22:18:35,087 - INFO - MainProcess - query_execution.segment1 - list index out of range
2022-02-01 22:18:35,087 - INFO - MainProcess - query_execution.segment1 - list index out of range
2022-02-01 22:18:35,087 - INFO - MainProcess - query_execution.segment1 - list index out of range
2022-02-01 22:18:35,087 - INFO - MainProcess - query_execution.segment1 - list index out of range
2022-02-01 22:18:35,087 - INFO - MainProcess - query_execution.segment1 - list index out of range
2022-02-01 22:18:35,087 - INFO - MainProcess - query_execution.segment1 - list index out of range
2022-02-01 22:18:35,087 - INFO - MainProcess - query_execution.segment1 - list index out of range
2022-02-01 22:18:35,087 - INFO - MainProcess - query_execution.segment1 - list index out of range
2022-02-01 22:18:35,087 - INFO - MainProcess - query_execution.segment1 - list index out of range
2022-02-01 22:18:35,087 - INFO - MainProcess - query_execution.segment1 - list index out of range
2022-02-01 22:18:35,087 - INFO - MainProcess - query_execution.segment1 - list index out of range
2022-02-01 22:18:35,087 - INFO - MainProcess - query_execution.segment1 - list index out of range
2022-02-01 22:18:35,087 - INFO - MainProcess - query_execution.segment1 - list index out of range
2022-02-01 22:18:35,087 - INFO - MainProcess - query_execution.segment1 - list index out of range
2022-02-01 22:18:35,087 - INFO - MainProcess - query_execution.segment1 - list index out of range
2022-02-01 22:18:35,087 - INFO - MainProcess - query_execution.segment1 - list index out of range
2022-02-01 22:18:35,087 - INFO - MainProcess - query_execution.segment1 - list index out of range
2022-02-01 22:18:35,087 - INFO - MainProcess - query_execution.segment1 - list index out of range
2022-02-01 22:18:35,102 - INFO - MainProcess - query_execution.segment1 - list index out of range
2022-02-01 22:18:35,102 - INFO - MainProcess - query_execution.segment1 - list index out of range
2022-02-01 22:18:35,102 - INFO - MainProcess - query_execution.segment1 - list index out of range
2022-02-01 22:18:35,102 - INFO - MainProcess - query_execution.segment1 - list index out of range
2022-02-01 22:18:35,102 - INFO - MainProcess - query_execution.segment1 - list index out of range
2022-02-01 22:18:35,102 - INFO - MainProcess - query_execution.segment1 - list index out of range
2022-02-01 22:18:35,102 - INFO - MainProcess - query_execution.segment1 - list index out of range
2022-02-01 22:18:35,102 - INFO - MainProcess - query_execution.segment1 - list index out of range
2022-02-01 22:18:35,102 - INFO - MainProcess - query_execution.segment1 - list index out of range
2022-02-01 22:18:35,102 - INFO - MainProcess - query_execution.segment1 - list index out of range
2022-02-01 22:18:35,102 - INFO - MainProcess - query_execution.segment1 - list index out of range
2022-02-01 22:18:35,102 - INFO - MainProcess - query_execution.segment1 - list index out of range
2022-02-01 22:18:35,102 - INFO - MainProcess - query_execution.segment1 - list index out of range
2022-02-01 22:18:35,102 - INFO - MainProcess - query_execution.segment1 - list index out of range
2022-02-01 22:18:35,102 - INFO - MainProcess - query_execution.segment1 - list index out of range
2022-02-01 22:18:35,102 - INFO - MainProcess - query_execution.segment1 - list index out of range
2022-02-01 22:18:35,102 - INFO - MainProcess - query_execution.segment1 - list index out of range
2022-02-01 22:18:35,102 - INFO - MainProcess - query_execution.segment1 - list index out of range
