2022-02-01 23:17:55,494 - DEBUG - MainProcess - root - configuration loaded
2022-02-01 23:17:55,540 - INFO - MainProcess - connection.connect_db - CONNECTION SUCCESSFULLY source
2022-02-01 23:17:55,556 - INFO - MainProcess - connection.connect_db - CONNECTION SUCCESSFULLY destination
2022-02-01 23:17:55,556 - INFO - MainProcess - query_execution.segment1 - segment1 table data validation START
2022-02-01 23:17:56,835 - INFO - MainProcess - query_execution.segment1 - list index out of range
2022-02-01 23:17:56,835 - INFO - MainProcess - query_execution.segment1 - list index out of range
2022-02-01 23:17:56,835 - INFO - MainProcess - query_execution.segment1 - list index out of range
2022-02-01 23:17:56,835 - INFO - MainProcess - query_execution.segment1 - list index out of range
2022-02-01 23:17:56,835 - INFO - MainProcess - query_execution.segment1 - list index out of range
2022-02-01 23:17:56,835 - INFO - MainProcess - query_execution.segment1 - list index out of range
2022-02-01 23:17:56,835 - INFO - MainProcess - query_execution.segment1 - list index out of range
2022-02-01 23:17:56,835 - INFO - MainProcess - query_execution.segment1 - list index out of range
2022-02-01 23:17:56,835 - INFO - MainProcess - query_execution.segment1 - list index out of range
2022-02-01 23:17:56,835 - INFO - MainProcess - query_execution.segment1 - list index out of range
2022-02-01 23:17:56,835 - INFO - MainProcess - query_execution.segment1 - list index out of range
2022-02-01 23:17:56,835 - INFO - MainProcess - query_execution.segment1 - list index out of range
2022-02-01 23:17:59,160 - INFO - MainProcess - query_execution.segment1 - list index out of range
2022-02-01 23:17:59,160 - INFO - MainProcess - query_execution.segment1 - list index out of range
2022-02-01 23:17:59,160 - INFO - MainProcess - query_execution.segment1 - list index out of range
2022-02-01 23:17:59,160 - INFO - MainProcess - query_execution.segment1 - list index out of range
2022-02-01 23:17:59,160 - INFO - MainProcess - query_execution.segment1 - list index out of range
2022-02-01 23:17:59,160 - INFO - MainProcess - query_execution.segment1 - list index out of range
2022-02-01 23:17:59,160 - INFO - MainProcess - query_execution.segment1 - list index out of range
2022-02-01 23:17:59,160 - INFO - MainProcess - query_execution.segment1 - list index out of range
2022-02-01 23:17:59,160 - INFO - MainProcess - query_execution.segment1 - list index out of range
2022-02-01 23:17:59,160 - INFO - MainProcess - query_execution.segment1 - list index out of range
2022-02-01 23:17:59,160 - INFO - MainProcess - query_execution.segment1 - list index out of range
2022-02-01 23:17:59,160 - INFO - MainProcess - query_execution.segment1 - list index out of range
2022-02-01 23:17:59,160 - INFO - MainProcess - query_execution.segment1 - list index out of range
2022-02-01 23:17:59,160 - INFO - MainProcess - query_execution.segment1 - list index out of range
2022-02-01 23:17:59,160 - INFO - MainProcess - query_execution.segment1 - list index out of range
2022-02-01 23:17:59,160 - INFO - MainProcess - query_execution.segment1 - list index out of range
2022-02-01 23:17:59,160 - INFO - MainProcess - query_execution.segment1 - list index out of range
2022-02-01 23:17:59,175 - INFO - MainProcess - query_execution.segment1 - list index out of range
2022-02-01 23:17:59,175 - INFO - MainProcess - query_execution.segment1 - list index out of range
2022-02-01 23:17:59,175 - INFO - MainProcess - query_execution.segment1 - list index out of range
2022-02-01 23:17:59,175 - INFO - MainProcess - query_execution.segment1 - list index out of range
2022-02-01 23:17:59,175 - INFO - MainProcess - query_execution.segment1 - list index out of range
2022-02-01 23:17:59,175 - INFO - MainProcess - query_execution.segment1 - list index out of range
2022-02-01 23:17:59,175 - INFO - MainProcess - query_execution.segment1 - list index out of range
2022-02-01 23:17:59,175 - INFO - MainProcess - query_execution.segment1 - list index out of range
2022-02-01 23:17:59,175 - INFO - MainProcess - query_execution.segment1 - list index out of range
2022-02-01 23:17:59,175 - INFO - MainProcess - query_execution.segment1 - list index out of range
2022-02-01 23:17:59,175 - INFO - MainProcess - query_execution.segment1 - list index out of range
2022-02-01 23:17:59,175 - INFO - MainProcess - query_execution.segment1 - list index out of range
2022-02-01 23:17:59,175 - INFO - MainProcess - query_execution.segment1 - list index out of range
2022-02-01 23:17:59,175 - INFO - MainProcess - query_execution.segment1 - list index out of range
2022-02-01 23:17:59,175 - INFO - MainProcess - query_execution.segment1 - list index out of range
2022-02-01 23:17:59,175 - INFO - MainProcess - query_execution.segment1 - list index out of range
2022-02-01 23:17:59,175 - INFO - MainProcess - query_execution.segment1 - list index out of range
2022-02-01 23:17:59,175 - INFO - MainProcess - query_execution.segment1 - list index out of range
2022-02-01 23:17:59,175 - INFO - MainProcess - query_execution.segment1 - list index out of range
2022-02-01 23:17:59,175 - INFO - MainProcess - query_execution.segment1 - list index out of range
2022-02-01 23:17:59,175 - INFO - MainProcess - query_execution.segment1 - list index out of range
2022-02-01 23:17:59,175 - INFO - MainProcess - query_execution.segment1 - list index out of range
2022-02-01 23:17:59,175 - INFO - MainProcess - query_execution.segment1 - list index out of range
2022-02-01 23:17:59,175 - INFO - MainProcess - query_execution.segment1 - list index out of range
2022-02-01 23:17:59,175 - INFO - MainProcess - query_execution.segment1 - list index out of range
2022-02-01 23:17:59,175 - INFO - MainProcess - query_execution.segment1 - list index out of range
2022-02-01 23:17:59,175 - INFO - MainProcess - query_execution.segment1 - list index out of range
2022-02-01 23:17:59,175 - INFO - MainProcess - query_execution.segment1 - list index out of range
2022-02-01 23:17:59,175 - INFO - MainProcess - query_execution.segment1 - list index out of range
2022-02-01 23:17:59,175 - INFO - MainProcess - query_execution.segment1 - list index out of range
2022-02-01 23:17:59,175 - INFO - MainProcess - query_execution.segment1 - list index out of range
2022-02-01 23:17:59,175 - INFO - MainProcess - query_execution.segment1 - list index out of range
2022-02-01 23:17:59,175 - INFO - MainProcess - query_execution.segment1 - list index out of range
2022-02-01 23:17:59,175 - INFO - MainProcess - query_execution.segment1 - list index out of range
2022-02-01 23:17:59,175 - INFO - MainProcess - query_execution.segment1 - list index out of range
2022-02-01 23:17:59,175 - INFO - MainProcess - query_execution.segment1 - list index out of range
2022-02-01 23:17:59,175 - INFO - MainProcess - query_execution.segment1 - list index out of range
2022-02-01 23:17:59,175 - INFO - MainProcess - query_execution.segment1 - list index out of range
2022-02-01 23:17:59,175 - INFO - MainProcess - query_execution.segment1 - list index out of range
2022-02-01 23:17:59,175 - INFO - MainProcess - query_execution.segment1 - list index out of range
2022-02-01 23:17:59,175 - INFO - MainProcess - query_execution.segment1 - list index out of range
2022-02-01 23:17:59,175 - INFO - MainProcess - query_execution.segment1 - list index out of range
2022-02-01 23:17:59,191 - INFO - MainProcess - query_execution.segment1 - list index out of range
2022-02-01 23:17:59,191 - INFO - MainProcess - query_execution.segment1 - list index out of range
2022-02-01 23:17:59,191 - INFO - MainProcess - query_execution.segment1 - list index out of range
2022-02-01 23:17:59,191 - INFO - MainProcess - query_execution.segment1 - list index out of range
2022-02-01 23:17:59,191 - INFO - MainProcess - query_execution.segment1 - list index out of range
2022-02-01 23:17:59,191 - INFO - MainProcess - query_execution.segment1 - list index out of range
2022-02-01 23:17:59,191 - INFO - MainProcess - query_execution.segment1 - list index out of range
2022-02-01 23:17:59,191 - INFO - MainProcess - query_execution.segment1 - list index out of range
2022-02-01 23:17:59,191 - INFO - MainProcess - query_execution.segment1 - list index out of range
2022-02-01 23:17:59,191 - INFO - MainProcess - query_execution.segment1 - list index out of range
2022-02-01 23:17:59,191 - INFO - MainProcess - query_execution.segment1 - list index out of range
2022-02-01 23:17:59,191 - INFO - MainProcess - query_execution.segment1 - list index out of range
2022-02-01 23:17:59,191 - INFO - MainProcess - query_execution.segment1 - list index out of range
2022-02-01 23:17:59,191 - INFO - MainProcess - query_execution.segment1 - list index out of range
2022-02-01 23:17:59,191 - INFO - MainProcess - query_execution.segment1 - list index out of range
2022-02-01 23:17:59,191 - INFO - MainProcess - query_execution.segment1 - list index out of range
2022-02-01 23:17:59,191 - INFO - MainProcess - query_execution.segment1 - list index out of range
2022-02-01 23:17:59,191 - INFO - MainProcess - query_execution.segment1 - list index out of range
2022-02-01 23:17:59,191 - INFO - MainProcess - query_execution.segment1 - list index out of range
2022-02-01 23:17:59,191 - INFO - MainProcess - query_execution.segment1 - list index out of range
2022-02-01 23:17:59,191 - INFO - MainProcess - query_execution.segment1 - list index out of range
2022-02-01 23:17:59,191 - INFO - MainProcess - query_execution.segment1 - list index out of range
2022-02-01 23:17:59,191 - INFO - MainProcess - query_execution.segment1 - list index out of range
2022-02-01 23:17:59,191 - INFO - MainProcess - query_execution.segment1 - list index out of range
2022-02-01 23:17:59,191 - INFO - MainProcess - query_execution.segment1 - list index out of range
2022-02-01 23:17:59,191 - INFO - MainProcess - query_execution.segment1 - list index out of range
2022-02-01 23:17:59,191 - INFO - MainProcess - query_execution.segment1 - list index out of range
2022-02-01 23:17:59,191 - INFO - MainProcess - query_execution.segment1 - list index out of range
2022-02-01 23:17:59,191 - INFO - MainProcess - query_execution.segment1 - list index out of range
2022-02-01 23:17:59,191 - INFO - MainProcess - query_execution.segment1 - list index out of range
2022-02-01 23:17:59,191 - INFO - MainProcess - query_execution.segment1 - list index out of range
2022-02-01 23:17:59,191 - INFO - MainProcess - query_execution.segment1 - list index out of range
2022-02-01 23:17:59,191 - INFO - MainProcess - query_execution.segment1 - list index out of range
2022-02-01 23:17:59,191 - INFO - MainProcess - query_execution.segment1 - list index out of range
2022-02-01 23:17:59,191 - INFO - MainProcess - query_execution.segment1 - list index out of range
2022-02-01 23:17:59,191 - INFO - MainProcess - query_execution.segment1 - list index out of range
2022-02-01 23:17:59,191 - INFO - MainProcess - query_execution.segment1 - list index out of range
2022-02-01 23:17:59,191 - INFO - MainProcess - query_execution.segment1 - list index out of range
2022-02-01 23:17:59,191 - INFO - MainProcess - query_execution.segment1 - list index out of range
2022-02-01 23:17:59,191 - INFO - MainProcess - query_execution.segment1 - list index out of range
2022-02-01 23:17:59,191 - INFO - MainProcess - query_execution.segment1 - list index out of range
2022-02-01 23:17:59,191 - INFO - MainProcess - query_execution.segment1 - list index out of range
2022-02-01 23:17:59,207 - INFO - MainProcess - query_execution.segment1 - list index out of range
2022-02-01 23:17:59,207 - INFO - MainProcess - query_execution.segment1 - list index out of range
2022-02-01 23:17:59,207 - INFO - MainProcess - query_execution.segment1 - list index out of range
2022-02-01 23:17:59,207 - INFO - MainProcess - query_execution.segment1 - list index out of range
2022-02-01 23:17:59,207 - INFO - MainProcess - query_execution.segment1 - list index out of range
2022-02-01 23:17:59,207 - INFO - MainProcess - query_execution.segment1 - list index out of range
2022-02-01 23:17:59,207 - INFO - MainProcess - query_execution.segment1 - list index out of range
2022-02-01 23:17:59,207 - INFO - MainProcess - query_execution.segment1 - list index out of range
2022-02-01 23:17:59,207 - INFO - MainProcess - query_execution.segment1 - list index out of range
2022-02-01 23:17:59,207 - INFO - MainProcess - query_execution.segment1 - list index out of range
2022-02-01 23:17:59,207 - INFO - MainProcess - query_execution.segment1 - list index out of range
2022-02-01 23:17:59,207 - INFO - MainProcess - query_execution.segment1 - list index out of range
2022-02-01 23:17:59,207 - INFO - MainProcess - query_execution.segment1 - list index out of range
2022-02-01 23:17:59,207 - INFO - MainProcess - query_execution.segment1 - list index out of range
2022-02-01 23:17:59,207 - INFO - MainProcess - query_execution.segment1 - list index out of range
2022-02-01 23:17:59,207 - INFO - MainProcess - query_execution.segment1 - list index out of range
2022-02-01 23:17:59,207 - INFO - MainProcess - query_execution.segment1 - list index out of range
2022-02-01 23:17:59,207 - INFO - MainProcess - query_execution.segment1 - list index out of range
2022-02-01 23:17:59,207 - INFO - MainProcess - query_execution.segment1 - list index out of range
2022-02-01 23:17:59,207 - INFO - MainProcess - query_execution.segment1 - list index out of range
2022-02-01 23:17:59,207 - INFO - MainProcess - query_execution.segment1 - list index out of range
2022-02-01 23:17:59,207 - INFO - MainProcess - query_execution.segment1 - list index out of range
2022-02-01 23:17:59,207 - INFO - MainProcess - query_execution.segment1 - list index out of range
2022-02-01 23:17:59,207 - INFO - MainProcess - query_execution.segment1 - list index out of range
2022-02-01 23:17:59,207 - INFO - MainProcess - query_execution.segment1 - list index out of range
2022-02-01 23:17:59,207 - INFO - MainProcess - query_execution.segment1 - list index out of range
2022-02-01 23:17:59,207 - INFO - MainProcess - query_execution.segment1 - list index out of range
2022-02-01 23:17:59,207 - INFO - MainProcess - query_execution.segment1 - list index out of range
2022-02-01 23:17:59,207 - INFO - MainProcess - query_execution.segment1 - list index out of range
2022-02-01 23:17:59,207 - INFO - MainProcess - query_execution.segment1 - list index out of range
2022-02-01 23:17:59,207 - INFO - MainProcess - query_execution.segment1 - list index out of range
2022-02-01 23:17:59,207 - INFO - MainProcess - query_execution.segment1 - list index out of range
2022-02-01 23:17:59,207 - INFO - MainProcess - query_execution.segment1 - list index out of range
2022-02-01 23:17:59,207 - INFO - MainProcess - query_execution.segment1 - list index out of range
2022-02-01 23:17:59,207 - INFO - MainProcess - query_execution.segment1 - list index out of range
2022-02-01 23:17:59,207 - INFO - MainProcess - query_execution.segment1 - list index out of range
2022-02-01 23:17:59,207 - INFO - MainProcess - query_execution.segment1 - list index out of range
2022-02-01 23:17:59,207 - INFO - MainProcess - query_execution.segment1 - list index out of range
2022-02-01 23:17:59,207 - INFO - MainProcess - query_execution.segment1 - list index out of range
2022-02-01 23:17:59,207 - INFO - MainProcess - query_execution.segment1 - list index out of range
2022-02-01 23:17:59,207 - INFO - MainProcess - query_execution.segment1 - list index out of range
2022-02-01 23:17:59,207 - INFO - MainProcess - query_execution.segment1 - list index out of range
2022-02-01 23:17:59,222 - INFO - MainProcess - query_execution.segment1 - list index out of range
2022-02-01 23:17:59,222 - INFO - MainProcess - query_execution.segment1 - list index out of range
2022-02-01 23:17:59,222 - INFO - MainProcess - query_execution.segment1 - list index out of range
2022-02-01 23:17:59,222 - INFO - MainProcess - query_execution.segment1 - list index out of range
2022-02-01 23:17:59,222 - INFO - MainProcess - query_execution.segment1 - list index out of range
2022-02-01 23:17:59,222 - INFO - MainProcess - query_execution.segment1 - list index out of range
2022-02-01 23:17:59,222 - INFO - MainProcess - query_execution.segment1 - list index out of range
2022-02-01 23:17:59,222 - INFO - MainProcess - query_execution.segment1 - list index out of range
2022-02-01 23:17:59,222 - INFO - MainProcess - query_execution.segment1 - list index out of range
2022-02-01 23:17:59,222 - INFO - MainProcess - query_execution.segment1 - list index out of range
2022-02-01 23:17:59,222 - INFO - MainProcess - query_execution.segment1 - list index out of range
2022-02-01 23:17:59,222 - INFO - MainProcess - query_execution.segment1 - list index out of range
2022-02-01 23:17:59,222 - INFO - MainProcess - query_execution.segment1 - list index out of range
2022-02-01 23:17:59,222 - INFO - MainProcess - query_execution.segment1 - list index out of range
2022-02-01 23:17:59,222 - INFO - MainProcess - query_execution.segment1 - list index out of range
2022-02-01 23:17:59,222 - INFO - MainProcess - query_execution.segment1 - list index out of range
2022-02-01 23:17:59,222 - INFO - MainProcess - query_execution.segment1 - list index out of range
2022-02-01 23:17:59,222 - INFO - MainProcess - query_execution.segment1 - list index out of range
2022-02-01 23:17:59,222 - INFO - MainProcess - query_execution.segment1 - list index out of range
2022-02-01 23:17:59,222 - INFO - MainProcess - query_execution.segment1 - list index out of range
2022-02-01 23:17:59,222 - INFO - MainProcess - query_execution.segment1 - list index out of range
2022-02-01 23:17:59,222 - INFO - MainProcess - query_execution.segment1 - list index out of range
2022-02-01 23:17:59,222 - INFO - MainProcess - query_execution.segment1 - list index out of range
2022-02-01 23:17:59,222 - INFO - MainProcess - query_execution.segment1 - list index out of range
2022-02-01 23:17:59,222 - INFO - MainProcess - query_execution.segment1 - list index out of range
2022-02-01 23:17:59,222 - INFO - MainProcess - query_execution.segment1 - list index out of range
2022-02-01 23:17:59,222 - INFO - MainProcess - query_execution.segment1 - list index out of range
2022-02-01 23:17:59,222 - INFO - MainProcess - query_execution.segment1 - list index out of range
2022-02-01 23:17:59,222 - INFO - MainProcess - query_execution.segment1 - list index out of range
2022-02-01 23:17:59,222 - INFO - MainProcess - query_execution.segment1 - list index out of range
2022-02-01 23:17:59,222 - INFO - MainProcess - query_execution.segment1 - list index out of range
2022-02-01 23:17:59,222 - INFO - MainProcess - query_execution.segment1 - list index out of range
2022-02-01 23:17:59,222 - INFO - MainProcess - query_execution.segment1 - list index out of range
2022-02-01 23:17:59,222 - INFO - MainProcess - query_execution.segment1 - list index out of range
2022-02-01 23:17:59,222 - INFO - MainProcess - query_execution.segment1 - list index out of range
2022-02-01 23:17:59,222 - INFO - MainProcess - query_execution.segment1 - list index out of range
2022-02-01 23:17:59,222 - INFO - MainProcess - query_execution.segment1 - list index out of range
2022-02-01 23:17:59,222 - INFO - MainProcess - query_execution.segment1 - list index out of range
2022-02-01 23:17:59,222 - INFO - MainProcess - query_execution.segment1 - list index out of range
2022-02-01 23:17:59,222 - INFO - MainProcess - query_execution.segment1 - list index out of range
2022-02-01 23:17:59,222 - INFO - MainProcess - query_execution.segment1 - list index out of range
2022-02-01 23:17:59,222 - INFO - MainProcess - query_execution.segment1 - list index out of range
2022-02-01 23:17:59,238 - INFO - MainProcess - query_execution.segment1 - list index out of range
2022-02-01 23:17:59,238 - INFO - MainProcess - query_execution.segment1 - list index out of range
2022-02-01 23:17:59,238 - INFO - MainProcess - query_execution.segment1 - list index out of range
2022-02-01 23:17:59,238 - INFO - MainProcess - query_execution.segment1 - list index out of range
2022-02-01 23:17:59,238 - INFO - MainProcess - query_execution.segment1 - list index out of range
2022-02-01 23:17:59,238 - INFO - MainProcess - query_execution.segment1 - list index out of range
2022-02-01 23:17:59,238 - INFO - MainProcess - query_execution.segment1 - list index out of range
2022-02-01 23:17:59,238 - INFO - MainProcess - query_execution.segment1 - list index out of range
2022-02-01 23:17:59,238 - INFO - MainProcess - query_execution.segment1 - list index out of range
2022-02-01 23:17:59,238 - INFO - MainProcess - query_execution.segment1 - list index out of range
2022-02-01 23:17:59,238 - INFO - MainProcess - query_execution.segment1 - list index out of range
2022-02-01 23:17:59,238 - INFO - MainProcess - query_execution.segment1 - list index out of range
2022-02-01 23:17:59,238 - INFO - MainProcess - query_execution.segment1 - list index out of range
2022-02-01 23:17:59,238 - INFO - MainProcess - query_execution.segment1 - list index out of range
2022-02-01 23:17:59,238 - INFO - MainProcess - query_execution.segment1 - list index out of range
2022-02-01 23:17:59,238 - INFO - MainProcess - query_execution.segment1 - list index out of range
2022-02-01 23:17:59,238 - INFO - MainProcess - query_execution.segment1 - list index out of range
2022-02-01 23:17:59,238 - INFO - MainProcess - query_execution.segment1 - list index out of range
2022-02-01 23:17:59,238 - INFO - MainProcess - query_execution.segment1 - list index out of range
2022-02-01 23:17:59,238 - INFO - MainProcess - query_execution.segment1 - list index out of range
2022-02-01 23:17:59,238 - INFO - MainProcess - query_execution.segment1 - list index out of range
2022-02-01 23:17:59,238 - INFO - MainProcess - query_execution.segment1 - list index out of range
2022-02-01 23:17:59,238 - INFO - MainProcess - query_execution.segment1 - list index out of range
2022-02-01 23:17:59,238 - INFO - MainProcess - query_execution.segment1 - list index out of range
2022-02-01 23:17:59,238 - INFO - MainProcess - query_execution.segment1 - list index out of range
2022-02-01 23:17:59,238 - INFO - MainProcess - query_execution.segment1 - list index out of range
2022-02-01 23:17:59,238 - INFO - MainProcess - query_execution.segment1 - list index out of range
2022-02-01 23:17:59,238 - INFO - MainProcess - query_execution.segment1 - list index out of range
2022-02-01 23:17:59,238 - INFO - MainProcess - query_execution.segment1 - list index out of range
2022-02-01 23:17:59,238 - INFO - MainProcess - query_execution.segment1 - list index out of range
2022-02-01 23:17:59,238 - INFO - MainProcess - query_execution.segment1 - list index out of range
2022-02-01 23:17:59,238 - INFO - MainProcess - query_execution.segment1 - list index out of range
2022-02-01 23:17:59,238 - INFO - MainProcess - query_execution.segment1 - list index out of range
2022-02-01 23:17:59,238 - INFO - MainProcess - query_execution.segment1 - list index out of range
2022-02-01 23:17:59,238 - INFO - MainProcess - query_execution.segment1 - list index out of range
2022-02-01 23:17:59,238 - INFO - MainProcess - query_execution.segment1 - list index out of range
2022-02-01 23:17:59,238 - INFO - MainProcess - query_execution.segment1 - list index out of range
2022-02-01 23:17:59,238 - INFO - MainProcess - query_execution.segment1 - list index out of range
2022-02-01 23:17:59,238 - INFO - MainProcess - query_execution.segment1 - list index out of range
2022-02-01 23:17:59,238 - INFO - MainProcess - query_execution.segment1 - list index out of range
2022-02-01 23:17:59,238 - INFO - MainProcess - query_execution.segment1 - list index out of range
2022-02-01 23:17:59,238 - INFO - MainProcess - query_execution.segment1 - list index out of range
2022-02-01 23:17:59,253 - INFO - MainProcess - query_execution.segment1 - list index out of range
2022-02-01 23:17:59,253 - INFO - MainProcess - query_execution.segment1 - list index out of range
2022-02-01 23:17:59,253 - INFO - MainProcess - query_execution.segment1 - list index out of range
2022-02-01 23:17:59,253 - INFO - MainProcess - query_execution.segment1 - list index out of range
2022-02-01 23:17:59,253 - INFO - MainProcess - query_execution.segment1 - list index out of range
2022-02-01 23:17:59,253 - INFO - MainProcess - query_execution.segment1 - list index out of range
2022-02-01 23:17:59,253 - INFO - MainProcess - query_execution.segment1 - list index out of range
2022-02-01 23:17:59,253 - INFO - MainProcess - query_execution.segment1 - list index out of range
2022-02-01 23:17:59,253 - INFO - MainProcess - query_execution.segment1 - list index out of range
2022-02-01 23:17:59,253 - INFO - MainProcess - query_execution.segment1 - list index out of range
2022-02-01 23:17:59,253 - INFO - MainProcess - query_execution.segment1 - list index out of range
2022-02-01 23:17:59,253 - INFO - MainProcess - query_execution.segment1 - list index out of range
2022-02-01 23:17:59,253 - INFO - MainProcess - query_execution.segment1 - list index out of range
2022-02-01 23:17:59,253 - INFO - MainProcess - query_execution.segment1 - list index out of range
2022-02-01 23:17:59,253 - INFO - MainProcess - query_execution.segment1 - list index out of range
2022-02-01 23:17:59,253 - INFO - MainProcess - query_execution.segment1 - list index out of range
2022-02-01 23:17:59,253 - INFO - MainProcess - query_execution.segment1 - list index out of range
2022-02-01 23:17:59,253 - INFO - MainProcess - query_execution.segment1 - list index out of range
2022-02-01 23:17:59,253 - INFO - MainProcess - query_execution.segment1 - list index out of range
2022-02-01 23:17:59,253 - INFO - MainProcess - query_execution.segment1 - list index out of range
2022-02-01 23:17:59,253 - INFO - MainProcess - query_execution.segment1 - list index out of range
2022-02-01 23:17:59,253 - INFO - MainProcess - query_execution.segment1 - list index out of range
2022-02-01 23:17:59,253 - INFO - MainProcess - query_execution.segment1 - list index out of range
2022-02-01 23:17:59,253 - INFO - MainProcess - query_execution.segment1 - list index out of range
2022-02-01 23:17:59,253 - INFO - MainProcess - query_execution.segment1 - list index out of range
2022-02-01 23:17:59,253 - INFO - MainProcess - query_execution.segment1 - list index out of range
2022-02-01 23:17:59,253 - INFO - MainProcess - query_execution.segment1 - list index out of range
2022-02-01 23:17:59,253 - INFO - MainProcess - query_execution.segment1 - list index out of range
2022-02-01 23:17:59,253 - INFO - MainProcess - query_execution.segment1 - list index out of range
2022-02-01 23:17:59,253 - INFO - MainProcess - query_execution.segment1 - list index out of range
2022-02-01 23:17:59,253 - INFO - MainProcess - query_execution.segment1 - list index out of range
2022-02-01 23:17:59,253 - INFO - MainProcess - query_execution.segment1 - list index out of range
2022-02-01 23:17:59,253 - INFO - MainProcess - query_execution.segment1 - list index out of range
2022-02-01 23:17:59,253 - INFO - MainProcess - query_execution.segment1 - list index out of range
2022-02-01 23:17:59,253 - INFO - MainProcess - query_execution.segment1 - list index out of range
2022-02-01 23:17:59,253 - INFO - MainProcess - query_execution.segment1 - list index out of range
2022-02-01 23:17:59,253 - INFO - MainProcess - query_execution.segment1 - list index out of range
2022-02-01 23:17:59,253 - INFO - MainProcess - query_execution.segment1 - list index out of range
2022-02-01 23:17:59,253 - INFO - MainProcess - query_execution.segment1 - list index out of range
2022-02-01 23:17:59,253 - INFO - MainProcess - query_execution.segment1 - list index out of range
2022-02-01 23:17:59,253 - INFO - MainProcess - query_execution.segment1 - list index out of range
2022-02-01 23:17:59,253 - INFO - MainProcess - query_execution.segment1 - list index out of range
2022-02-01 23:17:59,269 - INFO - MainProcess - query_execution.segment1 - list index out of range
2022-02-01 23:17:59,269 - INFO - MainProcess - query_execution.segment1 - list index out of range
2022-02-01 23:17:59,269 - INFO - MainProcess - query_execution.segment1 - list index out of range
2022-02-01 23:17:59,269 - INFO - MainProcess - query_execution.segment1 - list index out of range
2022-02-01 23:17:59,269 - INFO - MainProcess - query_execution.segment1 - list index out of range
2022-02-01 23:17:59,269 - INFO - MainProcess - query_execution.segment1 - list index out of range
2022-02-01 23:17:59,269 - INFO - MainProcess - query_execution.segment1 - list index out of range
2022-02-01 23:17:59,269 - INFO - MainProcess - query_execution.segment1 - list index out of range
2022-02-01 23:17:59,269 - INFO - MainProcess - query_execution.segment1 - list index out of range
2022-02-01 23:17:59,269 - INFO - MainProcess - query_execution.segment1 - list index out of range
2022-02-01 23:17:59,269 - INFO - MainProcess - query_execution.segment1 - list index out of range
2022-02-01 23:17:59,269 - INFO - MainProcess - query_execution.segment1 - list index out of range
2022-02-01 23:17:59,269 - INFO - MainProcess - query_execution.segment1 - list index out of range
2022-02-01 23:17:59,269 - INFO - MainProcess - query_execution.segment1 - list index out of range
2022-02-01 23:17:59,269 - INFO - MainProcess - query_execution.segment1 - list index out of range
2022-02-01 23:17:59,269 - INFO - MainProcess - query_execution.segment1 - list index out of range
2022-02-01 23:17:59,269 - INFO - MainProcess - query_execution.segment1 - list index out of range
2022-02-01 23:17:59,269 - INFO - MainProcess - query_execution.segment1 - list index out of range
2022-02-01 23:17:59,269 - INFO - MainProcess - query_execution.segment1 - list index out of range
2022-02-01 23:17:59,269 - INFO - MainProcess - query_execution.segment1 - list index out of range
2022-02-01 23:17:59,269 - INFO - MainProcess - query_execution.segment1 - list index out of range
2022-02-01 23:17:59,269 - INFO - MainProcess - query_execution.segment1 - list index out of range
2022-02-01 23:17:59,269 - INFO - MainProcess - query_execution.segment1 - list index out of range
2022-02-01 23:17:59,269 - INFO - MainProcess - query_execution.segment1 - list index out of range
2022-02-01 23:17:59,269 - INFO - MainProcess - query_execution.segment1 - list index out of range
2022-02-01 23:17:59,269 - INFO - MainProcess - query_execution.segment1 - list index out of range
2022-02-01 23:17:59,269 - INFO - MainProcess - query_execution.segment1 - list index out of range
2022-02-01 23:17:59,269 - INFO - MainProcess - query_execution.segment1 - list index out of range
2022-02-01 23:17:59,269 - INFO - MainProcess - query_execution.segment1 - list index out of range
2022-02-01 23:17:59,269 - INFO - MainProcess - query_execution.segment1 - list index out of range
2022-02-01 23:17:59,269 - INFO - MainProcess - query_execution.segment1 - list index out of range
2022-02-01 23:17:59,269 - INFO - MainProcess - query_execution.segment1 - list index out of range
2022-02-01 23:17:59,269 - INFO - MainProcess - query_execution.segment1 - list index out of range
2022-02-01 23:17:59,269 - INFO - MainProcess - query_execution.segment1 - list index out of range
2022-02-01 23:17:59,269 - INFO - MainProcess - query_execution.segment1 - list index out of range
2022-02-01 23:17:59,269 - INFO - MainProcess - query_execution.segment1 - list index out of range
2022-02-01 23:17:59,269 - INFO - MainProcess - query_execution.segment1 - list index out of range
2022-02-01 23:17:59,269 - INFO - MainProcess - query_execution.segment1 - list index out of range
2022-02-01 23:17:59,269 - INFO - MainProcess - query_execution.segment1 - list index out of range
2022-02-01 23:17:59,269 - INFO - MainProcess - query_execution.segment1 - list index out of range
2022-02-01 23:17:59,269 - INFO - MainProcess - query_execution.segment1 - list index out of range
2022-02-01 23:17:59,269 - INFO - MainProcess - query_execution.segment1 - list index out of range
2022-02-01 23:17:59,285 - INFO - MainProcess - query_execution.segment1 - list index out of range
2022-02-01 23:17:59,285 - INFO - MainProcess - query_execution.segment1 - list index out of range
2022-02-01 23:17:59,285 - INFO - MainProcess - query_execution.segment1 - list index out of range
2022-02-01 23:17:59,285 - INFO - MainProcess - query_execution.segment1 - list index out of range
2022-02-01 23:17:59,285 - INFO - MainProcess - query_execution.segment1 - list index out of range
2022-02-01 23:17:59,285 - INFO - MainProcess - query_execution.segment1 - list index out of range
2022-02-01 23:17:59,285 - INFO - MainProcess - query_execution.segment1 - list index out of range
2022-02-01 23:17:59,285 - INFO - MainProcess - query_execution.segment1 - list index out of range
2022-02-01 23:17:59,285 - INFO - MainProcess - query_execution.segment1 - list index out of range
2022-02-01 23:17:59,285 - INFO - MainProcess - query_execution.segment1 - list index out of range
2022-02-01 23:17:59,285 - INFO - MainProcess - query_execution.segment1 - list index out of range
2022-02-01 23:17:59,285 - INFO - MainProcess - query_execution.segment1 - list index out of range
2022-02-01 23:17:59,285 - INFO - MainProcess - query_execution.segment1 - list index out of range
2022-02-01 23:17:59,285 - INFO - MainProcess - query_execution.segment1 - list index out of range
2022-02-01 23:17:59,285 - INFO - MainProcess - query_execution.segment1 - list index out of range
2022-02-01 23:17:59,285 - INFO - MainProcess - query_execution.segment1 - list index out of range
2022-02-01 23:17:59,285 - INFO - MainProcess - query_execution.segment1 - list index out of range
2022-02-01 23:17:59,285 - INFO - MainProcess - query_execution.segment1 - list index out of range
2022-02-01 23:17:59,285 - INFO - MainProcess - query_execution.segment1 - list index out of range
2022-02-01 23:17:59,285 - INFO - MainProcess - query_execution.segment1 - list index out of range
2022-02-01 23:17:59,285 - INFO - MainProcess - query_execution.segment1 - list index out of range
2022-02-01 23:17:59,285 - INFO - MainProcess - query_execution.segment1 - list index out of range
2022-02-01 23:17:59,285 - INFO - MainProcess - query_execution.segment1 - list index out of range
2022-02-01 23:17:59,285 - INFO - MainProcess - query_execution.segment1 - list index out of range
2022-02-01 23:17:59,285 - INFO - MainProcess - query_execution.segment1 - list index out of range
2022-02-01 23:17:59,285 - INFO - MainProcess - query_execution.segment1 - list index out of range
2022-02-01 23:17:59,285 - INFO - MainProcess - query_execution.segment1 - list index out of range
2022-02-01 23:17:59,285 - INFO - MainProcess - query_execution.segment1 - list index out of range
2022-02-01 23:17:59,285 - INFO - MainProcess - query_execution.segment1 - list index out of range
2022-02-01 23:17:59,285 - INFO - MainProcess - query_execution.segment1 - list index out of range
2022-02-01 23:17:59,285 - INFO - MainProcess - query_execution.segment1 - list index out of range
2022-02-01 23:17:59,300 - INFO - MainProcess - query_execution.segment1 - list index out of range
2022-02-01 23:17:59,300 - INFO - MainProcess - query_execution.segment1 - list index out of range
2022-02-01 23:17:59,300 - INFO - MainProcess - query_execution.segment1 - list index out of range
2022-02-01 23:17:59,300 - INFO - MainProcess - query_execution.segment1 - list index out of range
2022-02-01 23:17:59,300 - INFO - MainProcess - query_execution.segment1 - list index out of range
2022-02-01 23:17:59,300 - INFO - MainProcess - query_execution.segment1 - list index out of range
2022-02-01 23:17:59,300 - INFO - MainProcess - query_execution.segment1 - list index out of range
2022-02-01 23:17:59,300 - INFO - MainProcess - query_execution.segment1 - list index out of range
2022-02-01 23:17:59,300 - INFO - MainProcess - query_execution.segment1 - list index out of range
2022-02-01 23:17:59,300 - INFO - MainProcess - query_execution.segment1 - list index out of range
2022-02-01 23:17:59,300 - INFO - MainProcess - query_execution.segment1 - list index out of range
2022-02-01 23:17:59,300 - INFO - MainProcess - query_execution.segment1 - list index out of range
2022-02-01 23:17:59,300 - INFO - MainProcess - query_execution.segment1 - list index out of range
2022-02-01 23:17:59,300 - INFO - MainProcess - query_execution.segment1 - list index out of range
2022-02-01 23:17:59,300 - INFO - MainProcess - query_execution.segment1 - list index out of range
2022-02-01 23:17:59,300 - INFO - MainProcess - query_execution.segment1 - list index out of range
2022-02-01 23:17:59,300 - INFO - MainProcess - query_execution.segment1 - list index out of range
2022-02-01 23:17:59,300 - INFO - MainProcess - query_execution.segment1 - list index out of range
2022-02-01 23:17:59,300 - INFO - MainProcess - query_execution.segment1 - list index out of range
2022-02-01 23:17:59,300 - INFO - MainProcess - query_execution.segment1 - list index out of range
2022-02-01 23:17:59,300 - INFO - MainProcess - query_execution.segment1 - list index out of range
2022-02-01 23:17:59,300 - INFO - MainProcess - query_execution.segment1 - list index out of range
2022-02-01 23:17:59,300 - INFO - MainProcess - query_execution.segment1 - list index out of range
2022-02-01 23:17:59,300 - INFO - MainProcess - query_execution.segment1 - list index out of range
2022-02-01 23:17:59,300 - INFO - MainProcess - query_execution.segment1 - list index out of range
2022-02-01 23:17:59,300 - INFO - MainProcess - query_execution.segment1 - list index out of range
2022-02-01 23:17:59,300 - INFO - MainProcess - query_execution.segment1 - list index out of range
2022-02-01 23:17:59,300 - INFO - MainProcess - query_execution.segment1 - list index out of range
2022-02-01 23:17:59,300 - INFO - MainProcess - query_execution.segment1 - list index out of range
2022-02-01 23:17:59,300 - INFO - MainProcess - query_execution.segment1 - list index out of range
2022-02-01 23:17:59,300 - INFO - MainProcess - query_execution.segment1 - list index out of range
2022-02-01 23:17:59,300 - INFO - MainProcess - query_execution.segment1 - list index out of range
2022-02-01 23:17:59,300 - INFO - MainProcess - query_execution.segment1 - list index out of range
2022-02-01 23:17:59,300 - INFO - MainProcess - query_execution.segment1 - list index out of range
2022-02-01 23:17:59,300 - INFO - MainProcess - query_execution.segment1 - list index out of range
2022-02-01 23:17:59,300 - INFO - MainProcess - query_execution.segment1 - list index out of range
2022-02-01 23:17:59,300 - INFO - MainProcess - query_execution.segment1 - list index out of range
2022-02-01 23:17:59,300 - INFO - MainProcess - query_execution.segment1 - list index out of range
2022-02-01 23:17:59,300 - INFO - MainProcess - query_execution.segment1 - list index out of range
2022-02-01 23:17:59,300 - INFO - MainProcess - query_execution.segment1 - list index out of range
2022-02-01 23:17:59,300 - INFO - MainProcess - query_execution.segment1 - list index out of range
2022-02-01 23:17:59,300 - INFO - MainProcess - query_execution.segment1 - list index out of range
2022-02-01 23:17:59,300 - INFO - MainProcess - query_execution.segment1 - list index out of range
2022-02-01 23:17:59,316 - INFO - MainProcess - query_execution.segment1 - list index out of range
2022-02-01 23:17:59,316 - INFO - MainProcess - query_execution.segment1 - list index out of range
2022-02-01 23:17:59,316 - INFO - MainProcess - query_execution.segment1 - list index out of range
2022-02-01 23:17:59,316 - INFO - MainProcess - query_execution.segment1 - list index out of range
2022-02-01 23:17:59,316 - INFO - MainProcess - query_execution.segment1 - list index out of range
2022-02-01 23:17:59,316 - INFO - MainProcess - query_execution.segment1 - list index out of range
2022-02-01 23:17:59,316 - INFO - MainProcess - query_execution.segment1 - list index out of range
2022-02-01 23:17:59,316 - INFO - MainProcess - query_execution.segment1 - list index out of range
2022-02-01 23:17:59,316 - INFO - MainProcess - query_execution.segment1 - list index out of range
2022-02-01 23:17:59,347 - INFO - MainProcess - query_execution.segment1 - list index out of range
2022-02-01 23:17:59,347 - INFO - MainProcess - query_execution.segment1 - list index out of range
2022-02-01 23:17:59,347 - INFO - MainProcess - query_execution.segment1 - list index out of range
2022-02-01 23:17:59,347 - INFO - MainProcess - query_execution.segment1 - list index out of range
2022-02-01 23:17:59,347 - INFO - MainProcess - query_execution.segment1 - list index out of range
2022-02-01 23:17:59,347 - INFO - MainProcess - query_execution.segment1 - list index out of range
2022-02-01 23:17:59,347 - INFO - MainProcess - query_execution.segment1 - list index out of range
2022-02-01 23:17:59,347 - INFO - MainProcess - query_execution.segment1 - list index out of range
2022-02-01 23:17:59,347 - INFO - MainProcess - query_execution.segment1 - list index out of range
2022-02-01 23:17:59,347 - INFO - MainProcess - query_execution.segment1 - list index out of range
2022-02-01 23:17:59,347 - INFO - MainProcess - query_execution.segment1 - list index out of range
2022-02-01 23:17:59,347 - INFO - MainProcess - query_execution.segment1 - list index out of range
2022-02-01 23:17:59,347 - INFO - MainProcess - query_execution.segment1 - list index out of range
2022-02-01 23:17:59,347 - INFO - MainProcess - query_execution.segment1 - list index out of range
2022-02-01 23:17:59,347 - INFO - MainProcess - query_execution.segment1 - list index out of range
2022-02-01 23:17:59,347 - INFO - MainProcess - query_execution.segment1 - list index out of range
2022-02-01 23:17:59,347 - INFO - MainProcess - query_execution.segment1 - list index out of range
2022-02-01 23:17:59,347 - INFO - MainProcess - query_execution.segment1 - list index out of range
2022-02-01 23:17:59,347 - INFO - MainProcess - query_execution.segment1 - list index out of range
2022-02-01 23:17:59,347 - INFO - MainProcess - query_execution.segment1 - list index out of range
2022-02-01 23:17:59,347 - INFO - MainProcess - query_execution.segment1 - list index out of range
2022-02-01 23:17:59,347 - INFO - MainProcess - query_execution.segment1 - list index out of range
2022-02-01 23:17:59,347 - INFO - MainProcess - query_execution.segment1 - list index out of range
2022-02-01 23:17:59,347 - INFO - MainProcess - query_execution.segment1 - list index out of range
2022-02-01 23:17:59,347 - INFO - MainProcess - query_execution.segment1 - list index out of range
2022-02-01 23:17:59,347 - INFO - MainProcess - query_execution.segment1 - list index out of range
2022-02-01 23:17:59,347 - INFO - MainProcess - query_execution.segment1 - list index out of range
2022-02-01 23:17:59,347 - INFO - MainProcess - query_execution.segment1 - list index out of range
2022-02-01 23:17:59,347 - INFO - MainProcess - query_execution.segment1 - list index out of range
2022-02-01 23:17:59,347 - INFO - MainProcess - query_execution.segment1 - list index out of range
2022-02-01 23:17:59,347 - INFO - MainProcess - query_execution.segment1 - list index out of range
2022-02-01 23:17:59,347 - INFO - MainProcess - query_execution.segment1 - list index out of range
2022-02-01 23:17:59,347 - INFO - MainProcess - query_execution.segment1 - list index out of range
2022-02-01 23:17:59,347 - INFO - MainProcess - query_execution.segment1 - list index out of range
2022-02-01 23:17:59,347 - INFO - MainProcess - query_execution.segment1 - list index out of range
2022-02-01 23:17:59,347 - INFO - MainProcess - query_execution.segment1 - list index out of range
2022-02-01 23:17:59,347 - INFO - MainProcess - query_execution.segment1 - list index out of range
2022-02-01 23:17:59,347 - INFO - MainProcess - query_execution.segment1 - list index out of range
2022-02-01 23:17:59,347 - INFO - MainProcess - query_execution.segment1 - list index out of range
2022-02-01 23:17:59,347 - INFO - MainProcess - query_execution.segment1 - list index out of range
2022-02-01 23:17:59,347 - INFO - MainProcess - query_execution.segment1 - list index out of range
2022-02-01 23:17:59,347 - INFO - MainProcess - query_execution.segment1 - list index out of range
2022-02-01 23:17:59,363 - INFO - MainProcess - query_execution.segment1 - list index out of range
2022-02-01 23:17:59,363 - INFO - MainProcess - query_execution.segment1 - list index out of range
2022-02-01 23:17:59,363 - INFO - MainProcess - query_execution.segment1 - list index out of range
2022-02-01 23:17:59,363 - INFO - MainProcess - query_execution.segment1 - list index out of range
2022-02-01 23:17:59,363 - INFO - MainProcess - query_execution.segment1 - list index out of range
2022-02-01 23:17:59,363 - INFO - MainProcess - query_execution.segment1 - list index out of range
2022-02-01 23:17:59,363 - INFO - MainProcess - query_execution.segment1 - list index out of range
2022-02-01 23:17:59,363 - INFO - MainProcess - query_execution.segment1 - list index out of range
2022-02-01 23:17:59,363 - INFO - MainProcess - query_execution.segment1 - list index out of range
2022-02-01 23:17:59,363 - INFO - MainProcess - query_execution.segment1 - list index out of range
2022-02-01 23:17:59,363 - INFO - MainProcess - query_execution.segment1 - list index out of range
2022-02-01 23:17:59,363 - INFO - MainProcess - query_execution.segment1 - list index out of range
2022-02-01 23:17:59,363 - INFO - MainProcess - query_execution.segment1 - list index out of range
2022-02-01 23:17:59,363 - INFO - MainProcess - query_execution.segment1 - list index out of range
2022-02-01 23:17:59,363 - INFO - MainProcess - query_execution.segment1 - list index out of range
2022-02-01 23:17:59,363 - INFO - MainProcess - query_execution.segment1 - list index out of range
2022-02-01 23:17:59,363 - INFO - MainProcess - query_execution.segment1 - list index out of range
2022-02-01 23:17:59,363 - INFO - MainProcess - query_execution.segment1 - list index out of range
2022-02-01 23:17:59,363 - INFO - MainProcess - query_execution.segment1 - list index out of range
2022-02-01 23:17:59,363 - INFO - MainProcess - query_execution.segment1 - list index out of range
2022-02-01 23:17:59,363 - INFO - MainProcess - query_execution.segment1 - list index out of range
2022-02-01 23:17:59,363 - INFO - MainProcess - query_execution.segment1 - list index out of range
2022-02-01 23:17:59,363 - INFO - MainProcess - query_execution.segment1 - list index out of range
2022-02-01 23:17:59,363 - INFO - MainProcess - query_execution.segment1 - list index out of range
2022-02-01 23:17:59,363 - INFO - MainProcess - query_execution.segment1 - list index out of range
2022-02-01 23:17:59,363 - INFO - MainProcess - query_execution.segment1 - list index out of range
2022-02-01 23:17:59,363 - INFO - MainProcess - query_execution.segment1 - list index out of range
2022-02-01 23:17:59,363 - INFO - MainProcess - query_execution.segment1 - list index out of range
2022-02-01 23:17:59,363 - INFO - MainProcess - query_execution.segment1 - list index out of range
2022-02-01 23:17:59,363 - INFO - MainProcess - query_execution.segment1 - list index out of range
2022-02-01 23:17:59,363 - INFO - MainProcess - query_execution.segment1 - list index out of range
2022-02-01 23:17:59,363 - INFO - MainProcess - query_execution.segment1 - list index out of range
2022-02-01 23:17:59,363 - INFO - MainProcess - query_execution.segment1 - list index out of range
2022-02-01 23:17:59,363 - INFO - MainProcess - query_execution.segment1 - list index out of range
2022-02-01 23:17:59,363 - INFO - MainProcess - query_execution.segment1 - list index out of range
2022-02-01 23:17:59,363 - INFO - MainProcess - query_execution.segment1 - list index out of range
2022-02-01 23:17:59,363 - INFO - MainProcess - query_execution.segment1 - list index out of range
2022-02-01 23:17:59,363 - INFO - MainProcess - query_execution.segment1 - list index out of range
2022-02-01 23:17:59,363 - INFO - MainProcess - query_execution.segment1 - list index out of range
2022-02-01 23:17:59,363 - INFO - MainProcess - query_execution.segment1 - list index out of range
2022-02-01 23:17:59,363 - INFO - MainProcess - query_execution.segment1 - list index out of range
2022-02-01 23:17:59,363 - INFO - MainProcess - query_execution.segment1 - list index out of range
2022-02-01 23:17:59,378 - INFO - MainProcess - query_execution.segment1 - list index out of range
2022-02-01 23:17:59,378 - INFO - MainProcess - query_execution.segment1 - list index out of range
2022-02-01 23:17:59,378 - INFO - MainProcess - query_execution.segment1 - list index out of range
2022-02-01 23:17:59,378 - INFO - MainProcess - query_execution.segment1 - list index out of range
2022-02-01 23:17:59,378 - INFO - MainProcess - query_execution.segment1 - list index out of range
2022-02-01 23:17:59,378 - INFO - MainProcess - query_execution.segment1 - list index out of range
2022-02-01 23:17:59,378 - INFO - MainProcess - query_execution.segment1 - list index out of range
2022-02-01 23:17:59,378 - INFO - MainProcess - query_execution.segment1 - list index out of range
2022-02-01 23:17:59,378 - INFO - MainProcess - query_execution.segment1 - list index out of range
2022-02-01 23:17:59,378 - INFO - MainProcess - query_execution.segment1 - list index out of range
2022-02-01 23:17:59,378 - INFO - MainProcess - query_execution.segment1 - list index out of range
2022-02-01 23:17:59,378 - INFO - MainProcess - query_execution.segment1 - list index out of range
2022-02-01 23:17:59,378 - INFO - MainProcess - query_execution.segment1 - list index out of range
2022-02-01 23:17:59,378 - INFO - MainProcess - query_execution.segment1 - list index out of range
2022-02-01 23:17:59,378 - INFO - MainProcess - query_execution.segment1 - list index out of range
2022-02-01 23:17:59,378 - INFO - MainProcess - query_execution.segment1 - list index out of range
2022-02-01 23:17:59,378 - INFO - MainProcess - query_execution.segment1 - list index out of range
2022-02-01 23:17:59,378 - INFO - MainProcess - query_execution.segment1 - list index out of range
2022-02-01 23:17:59,378 - INFO - MainProcess - query_execution.segment1 - list index out of range
2022-02-01 23:17:59,378 - INFO - MainProcess - query_execution.segment1 - list index out of range
2022-02-01 23:17:59,378 - INFO - MainProcess - query_execution.segment1 - list index out of range
2022-02-01 23:17:59,378 - INFO - MainProcess - query_execution.segment1 - list index out of range
2022-02-01 23:17:59,378 - INFO - MainProcess - query_execution.segment1 - list index out of range
2022-02-01 23:17:59,378 - INFO - MainProcess - query_execution.segment1 - list index out of range
2022-02-01 23:17:59,378 - INFO - MainProcess - query_execution.segment1 - list index out of range
2022-02-01 23:17:59,378 - INFO - MainProcess - query_execution.segment1 - list index out of range
2022-02-01 23:17:59,378 - INFO - MainProcess - query_execution.segment1 - list index out of range
2022-02-01 23:17:59,378 - INFO - MainProcess - query_execution.segment1 - list index out of range
2022-02-01 23:17:59,378 - INFO - MainProcess - query_execution.segment1 - list index out of range
2022-02-01 23:17:59,378 - INFO - MainProcess - query_execution.segment1 - list index out of range
2022-02-01 23:17:59,378 - INFO - MainProcess - query_execution.segment1 - list index out of range
2022-02-01 23:17:59,378 - INFO - MainProcess - query_execution.segment1 - list index out of range
2022-02-01 23:17:59,378 - INFO - MainProcess - query_execution.segment1 - list index out of range
2022-02-01 23:17:59,378 - INFO - MainProcess - query_execution.segment1 - list index out of range
2022-02-01 23:17:59,378 - INFO - MainProcess - query_execution.segment1 - list index out of range
2022-02-01 23:17:59,378 - INFO - MainProcess - query_execution.segment1 - list index out of range
2022-02-01 23:17:59,378 - INFO - MainProcess - query_execution.segment1 - list index out of range
2022-02-01 23:17:59,378 - INFO - MainProcess - query_execution.segment1 - list index out of range
2022-02-01 23:17:59,378 - INFO - MainProcess - query_execution.segment1 - list index out of range
2022-02-01 23:17:59,378 - INFO - MainProcess - query_execution.segment1 - list index out of range
2022-02-01 23:17:59,378 - INFO - MainProcess - query_execution.segment1 - list index out of range
2022-02-01 23:17:59,378 - INFO - MainProcess - query_execution.segment1 - list index out of range
2022-02-01 23:17:59,394 - INFO - MainProcess - query_execution.segment1 - list index out of range
2022-02-01 23:17:59,394 - INFO - MainProcess - query_execution.segment1 - list index out of range
2022-02-01 23:17:59,394 - INFO - MainProcess - query_execution.segment1 - list index out of range
2022-02-01 23:17:59,394 - INFO - MainProcess - query_execution.segment1 - list index out of range
2022-02-01 23:17:59,394 - INFO - MainProcess - query_execution.segment1 - list index out of range
2022-02-01 23:17:59,394 - INFO - MainProcess - query_execution.segment1 - list index out of range
2022-02-01 23:17:59,394 - INFO - MainProcess - query_execution.segment1 - list index out of range
2022-02-01 23:17:59,394 - INFO - MainProcess - query_execution.segment1 - list index out of range
2022-02-01 23:17:59,394 - INFO - MainProcess - query_execution.segment1 - list index out of range
2022-02-01 23:17:59,394 - INFO - MainProcess - query_execution.segment1 - list index out of range
2022-02-01 23:17:59,394 - INFO - MainProcess - query_execution.segment1 - list index out of range
2022-02-01 23:17:59,394 - INFO - MainProcess - query_execution.segment1 - list index out of range
2022-02-01 23:17:59,394 - INFO - MainProcess - query_execution.segment1 - list index out of range
2022-02-01 23:17:59,394 - INFO - MainProcess - query_execution.segment1 - list index out of range
2022-02-01 23:17:59,394 - INFO - MainProcess - query_execution.segment1 - list index out of range
2022-02-01 23:17:59,394 - INFO - MainProcess - query_execution.segment1 - list index out of range
2022-02-01 23:17:59,394 - INFO - MainProcess - query_execution.segment1 - list index out of range
2022-02-01 23:17:59,394 - INFO - MainProcess - query_execution.segment1 - list index out of range
2022-02-01 23:17:59,394 - INFO - MainProcess - query_execution.segment1 - list index out of range
2022-02-01 23:17:59,394 - INFO - MainProcess - query_execution.segment1 - list index out of range
2022-02-01 23:17:59,394 - INFO - MainProcess - query_execution.segment1 - list index out of range
2022-02-01 23:17:59,394 - INFO - MainProcess - query_execution.segment1 - list index out of range
2022-02-01 23:17:59,394 - INFO - MainProcess - query_execution.segment1 - list index out of range
2022-02-01 23:17:59,394 - INFO - MainProcess - query_execution.segment1 - list index out of range
2022-02-01 23:17:59,394 - INFO - MainProcess - query_execution.segment1 - list index out of range
2022-02-01 23:17:59,394 - INFO - MainProcess - query_execution.segment1 - list index out of range
2022-02-01 23:17:59,394 - INFO - MainProcess - query_execution.segment1 - list index out of range
2022-02-01 23:17:59,394 - INFO - MainProcess - query_execution.segment1 - list index out of range
2022-02-01 23:17:59,394 - INFO - MainProcess - query_execution.segment1 - list index out of range
2022-02-01 23:17:59,394 - INFO - MainProcess - query_execution.segment1 - list index out of range
2022-02-01 23:17:59,394 - INFO - MainProcess - query_execution.segment1 - list index out of range
2022-02-01 23:17:59,394 - INFO - MainProcess - query_execution.segment1 - list index out of range
2022-02-01 23:17:59,394 - INFO - MainProcess - query_execution.segment1 - list index out of range
2022-02-01 23:17:59,394 - INFO - MainProcess - query_execution.segment1 - list index out of range
2022-02-01 23:17:59,394 - INFO - MainProcess - query_execution.segment1 - list index out of range
2022-02-01 23:17:59,394 - INFO - MainProcess - query_execution.segment1 - list index out of range
2022-02-01 23:17:59,394 - INFO - MainProcess - query_execution.segment1 - list index out of range
2022-02-01 23:17:59,394 - INFO - MainProcess - query_execution.segment1 - list index out of range
2022-02-01 23:17:59,394 - INFO - MainProcess - query_execution.segment1 - list index out of range
2022-02-01 23:17:59,394 - INFO - MainProcess - query_execution.segment1 - list index out of range
2022-02-01 23:17:59,394 - INFO - MainProcess - query_execution.segment1 - list index out of range
2022-02-01 23:17:59,394 - INFO - MainProcess - query_execution.segment1 - list index out of range
2022-02-01 23:17:59,409 - INFO - MainProcess - query_execution.segment1 - list index out of range
2022-02-01 23:17:59,409 - INFO - MainProcess - query_execution.segment1 - list index out of range
2022-02-01 23:17:59,409 - INFO - MainProcess - query_execution.segment1 - list index out of range
2022-02-01 23:17:59,409 - INFO - MainProcess - query_execution.segment1 - list index out of range
2022-02-01 23:17:59,409 - INFO - MainProcess - query_execution.segment1 - list index out of range
2022-02-01 23:17:59,409 - INFO - MainProcess - query_execution.segment1 - list index out of range
2022-02-01 23:17:59,409 - INFO - MainProcess - query_execution.segment1 - list index out of range
2022-02-01 23:17:59,409 - INFO - MainProcess - query_execution.segment1 - list index out of range
2022-02-01 23:17:59,409 - INFO - MainProcess - query_execution.segment1 - list index out of range
2022-02-01 23:17:59,409 - INFO - MainProcess - query_execution.segment1 - list index out of range
2022-02-01 23:17:59,409 - INFO - MainProcess - query_execution.segment1 - list index out of range
2022-02-01 23:17:59,409 - INFO - MainProcess - query_execution.segment1 - list index out of range
2022-02-01 23:17:59,409 - INFO - MainProcess - query_execution.segment1 - list index out of range
2022-02-01 23:17:59,409 - INFO - MainProcess - query_execution.segment1 - list index out of range
2022-02-01 23:17:59,409 - INFO - MainProcess - query_execution.segment1 - list index out of range
2022-02-01 23:17:59,409 - INFO - MainProcess - query_execution.segment1 - list index out of range
2022-02-01 23:17:59,409 - INFO - MainProcess - query_execution.segment1 - list index out of range
2022-02-01 23:17:59,409 - INFO - MainProcess - query_execution.segment1 - list index out of range
2022-02-01 23:17:59,409 - INFO - MainProcess - query_execution.segment1 - list index out of range
2022-02-01 23:17:59,409 - INFO - MainProcess - query_execution.segment1 - list index out of range
2022-02-01 23:17:59,409 - INFO - MainProcess - query_execution.segment1 - list index out of range
2022-02-01 23:17:59,409 - INFO - MainProcess - query_execution.segment1 - list index out of range
2022-02-01 23:17:59,409 - INFO - MainProcess - query_execution.segment1 - list index out of range
2022-02-01 23:17:59,409 - INFO - MainProcess - query_execution.segment1 - list index out of range
2022-02-01 23:17:59,409 - INFO - MainProcess - query_execution.segment1 - list index out of range
2022-02-01 23:17:59,409 - INFO - MainProcess - query_execution.segment1 - list index out of range
2022-02-01 23:17:59,409 - INFO - MainProcess - query_execution.segment1 - list index out of range
2022-02-01 23:17:59,409 - INFO - MainProcess - query_execution.segment1 - list index out of range
2022-02-01 23:17:59,409 - INFO - MainProcess - query_execution.segment1 - list index out of range
2022-02-01 23:17:59,409 - INFO - MainProcess - query_execution.segment1 - list index out of range
2022-02-01 23:17:59,409 - INFO - MainProcess - query_execution.segment1 - list index out of range
2022-02-01 23:17:59,409 - INFO - MainProcess - query_execution.segment1 - list index out of range
2022-02-01 23:17:59,409 - INFO - MainProcess - query_execution.segment1 - list index out of range
2022-02-01 23:17:59,409 - INFO - MainProcess - query_execution.segment1 - list index out of range
2022-02-01 23:17:59,409 - INFO - MainProcess - query_execution.segment1 - list index out of range
2022-02-01 23:17:59,409 - INFO - MainProcess - query_execution.segment1 - list index out of range
2022-02-01 23:17:59,409 - INFO - MainProcess - query_execution.segment1 - list index out of range
2022-02-01 23:17:59,409 - INFO - MainProcess - query_execution.segment1 - list index out of range
2022-02-01 23:17:59,409 - INFO - MainProcess - query_execution.segment1 - list index out of range
2022-02-01 23:17:59,409 - INFO - MainProcess - query_execution.segment1 - list index out of range
2022-02-01 23:17:59,409 - INFO - MainProcess - query_execution.segment1 - list index out of range
2022-02-01 23:17:59,409 - INFO - MainProcess - query_execution.segment1 - list index out of range
2022-02-01 23:17:59,425 - INFO - MainProcess - query_execution.segment1 - list index out of range
2022-02-01 23:17:59,425 - INFO - MainProcess - query_execution.segment1 - list index out of range
2022-02-01 23:17:59,425 - INFO - MainProcess - query_execution.segment1 - list index out of range
2022-02-01 23:17:59,425 - INFO - MainProcess - query_execution.segment1 - list index out of range
2022-02-01 23:17:59,425 - INFO - MainProcess - query_execution.segment1 - list index out of range
2022-02-01 23:17:59,425 - INFO - MainProcess - query_execution.segment1 - list index out of range
2022-02-01 23:17:59,425 - INFO - MainProcess - query_execution.segment1 - list index out of range
2022-02-01 23:17:59,425 - INFO - MainProcess - query_execution.segment1 - list index out of range
2022-02-01 23:17:59,425 - INFO - MainProcess - query_execution.segment1 - list index out of range
2022-02-01 23:17:59,425 - INFO - MainProcess - query_execution.segment1 - list index out of range
2022-02-01 23:17:59,425 - INFO - MainProcess - query_execution.segment1 - list index out of range
2022-02-01 23:17:59,425 - INFO - MainProcess - query_execution.segment1 - list index out of range
2022-02-01 23:17:59,425 - INFO - MainProcess - query_execution.segment1 - list index out of range
2022-02-01 23:17:59,425 - INFO - MainProcess - query_execution.segment1 - list index out of range
2022-02-01 23:17:59,425 - INFO - MainProcess - query_execution.segment1 - list index out of range
2022-02-01 23:17:59,425 - INFO - MainProcess - query_execution.segment1 - list index out of range
2022-02-01 23:17:59,425 - INFO - MainProcess - query_execution.segment1 - list index out of range
2022-02-01 23:17:59,425 - INFO - MainProcess - query_execution.segment1 - list index out of range
2022-02-01 23:17:59,425 - INFO - MainProcess - query_execution.segment1 - list index out of range
2022-02-01 23:17:59,425 - INFO - MainProcess - query_execution.segment1 - list index out of range
2022-02-01 23:17:59,425 - INFO - MainProcess - query_execution.segment1 - list index out of range
2022-02-01 23:17:59,425 - INFO - MainProcess - query_execution.segment1 - list index out of range
2022-02-01 23:17:59,425 - INFO - MainProcess - query_execution.segment1 - list index out of range
2022-02-01 23:17:59,425 - INFO - MainProcess - query_execution.segment1 - list index out of range
2022-02-01 23:17:59,425 - INFO - MainProcess - query_execution.segment1 - list index out of range
2022-02-01 23:17:59,425 - INFO - MainProcess - query_execution.segment1 - list index out of range
2022-02-01 23:17:59,425 - INFO - MainProcess - query_execution.segment1 - list index out of range
2022-02-01 23:17:59,425 - INFO - MainProcess - query_execution.segment1 - list index out of range
2022-02-01 23:17:59,425 - INFO - MainProcess - query_execution.segment1 - list index out of range
2022-02-01 23:17:59,425 - INFO - MainProcess - query_execution.segment1 - list index out of range
2022-02-01 23:17:59,425 - INFO - MainProcess - query_execution.segment1 - list index out of range
2022-02-01 23:17:59,425 - INFO - MainProcess - query_execution.segment1 - list index out of range
2022-02-01 23:17:59,425 - INFO - MainProcess - query_execution.segment1 - list index out of range
2022-02-01 23:17:59,425 - INFO - MainProcess - query_execution.segment1 - list index out of range
2022-02-01 23:17:59,425 - INFO - MainProcess - query_execution.segment1 - list index out of range
2022-02-01 23:17:59,425 - INFO - MainProcess - query_execution.segment1 - list index out of range
2022-02-01 23:17:59,425 - INFO - MainProcess - query_execution.segment1 - list index out of range
2022-02-01 23:17:59,425 - INFO - MainProcess - query_execution.segment1 - list index out of range
2022-02-01 23:17:59,425 - INFO - MainProcess - query_execution.segment1 - list index out of range
2022-02-01 23:17:59,425 - INFO - MainProcess - query_execution.segment1 - list index out of range
2022-02-01 23:17:59,425 - INFO - MainProcess - query_execution.segment1 - list index out of range
2022-02-01 23:17:59,425 - INFO - MainProcess - query_execution.segment1 - list index out of range
2022-02-01 23:17:59,441 - INFO - MainProcess - query_execution.segment1 - list index out of range
2022-02-01 23:17:59,441 - INFO - MainProcess - query_execution.segment1 - list index out of range
2022-02-01 23:17:59,441 - INFO - MainProcess - query_execution.segment1 - list index out of range
2022-02-01 23:17:59,441 - INFO - MainProcess - query_execution.segment1 - list index out of range
2022-02-01 23:17:59,441 - INFO - MainProcess - query_execution.segment1 - list index out of range
2022-02-01 23:17:59,441 - INFO - MainProcess - query_execution.segment1 - list index out of range
2022-02-01 23:17:59,441 - INFO - MainProcess - query_execution.segment1 - list index out of range
2022-02-01 23:17:59,441 - INFO - MainProcess - query_execution.segment1 - list index out of range
2022-02-01 23:17:59,441 - INFO - MainProcess - query_execution.segment1 - list index out of range
2022-02-01 23:17:59,441 - INFO - MainProcess - query_execution.segment1 - list index out of range
2022-02-01 23:17:59,441 - INFO - MainProcess - query_execution.segment1 - list index out of range
2022-02-01 23:17:59,441 - INFO - MainProcess - query_execution.segment1 - list index out of range
2022-02-01 23:17:59,441 - INFO - MainProcess - query_execution.segment1 - list index out of range
2022-02-01 23:17:59,441 - INFO - MainProcess - query_execution.segment1 - list index out of range
2022-02-01 23:17:59,441 - INFO - MainProcess - query_execution.segment1 - list index out of range
2022-02-01 23:17:59,441 - INFO - MainProcess - query_execution.segment1 - list index out of range
2022-02-01 23:17:59,441 - INFO - MainProcess - query_execution.segment1 - list index out of range
2022-02-01 23:17:59,441 - INFO - MainProcess - query_execution.segment1 - list index out of range
2022-02-01 23:17:59,441 - INFO - MainProcess - query_execution.segment1 - list index out of range
2022-02-01 23:17:59,441 - INFO - MainProcess - query_execution.segment1 - list index out of range
2022-02-01 23:17:59,441 - INFO - MainProcess - query_execution.segment1 - list index out of range
2022-02-01 23:17:59,441 - INFO - MainProcess - query_execution.segment1 - list index out of range
2022-02-01 23:17:59,441 - INFO - MainProcess - query_execution.segment1 - list index out of range
2022-02-01 23:17:59,441 - INFO - MainProcess - query_execution.segment1 - list index out of range
2022-02-01 23:17:59,441 - INFO - MainProcess - query_execution.segment1 - list index out of range
2022-02-01 23:17:59,441 - INFO - MainProcess - query_execution.segment1 - list index out of range
2022-02-01 23:17:59,441 - INFO - MainProcess - query_execution.segment1 - list index out of range
2022-02-01 23:17:59,441 - INFO - MainProcess - query_execution.segment1 - list index out of range
2022-02-01 23:17:59,441 - INFO - MainProcess - query_execution.segment1 - list index out of range
2022-02-01 23:17:59,441 - INFO - MainProcess - query_execution.segment1 - list index out of range
2022-02-01 23:17:59,441 - INFO - MainProcess - query_execution.segment1 - list index out of range
2022-02-01 23:17:59,441 - INFO - MainProcess - query_execution.segment1 - list index out of range
2022-02-01 23:17:59,441 - INFO - MainProcess - query_execution.segment1 - list index out of range
2022-02-01 23:17:59,441 - INFO - MainProcess - query_execution.segment1 - list index out of range
2022-02-01 23:17:59,441 - INFO - MainProcess - query_execution.segment1 - list index out of range
2022-02-01 23:17:59,441 - INFO - MainProcess - query_execution.segment1 - list index out of range
2022-02-01 23:17:59,441 - INFO - MainProcess - query_execution.segment1 - list index out of range
2022-02-01 23:17:59,441 - INFO - MainProcess - query_execution.segment1 - list index out of range
2022-02-01 23:17:59,441 - INFO - MainProcess - query_execution.segment1 - list index out of range
2022-02-01 23:17:59,441 - INFO - MainProcess - query_execution.segment1 - list index out of range
2022-02-01 23:17:59,441 - INFO - MainProcess - query_execution.segment1 - list index out of range
2022-02-01 23:17:59,441 - INFO - MainProcess - query_execution.segment1 - list index out of range
2022-02-01 23:17:59,456 - INFO - MainProcess - query_execution.segment1 - list index out of range
2022-02-01 23:17:59,456 - INFO - MainProcess - query_execution.segment1 - list index out of range
2022-02-01 23:17:59,456 - INFO - MainProcess - query_execution.segment1 - list index out of range
2022-02-01 23:17:59,456 - INFO - MainProcess - query_execution.segment1 - list index out of range
2022-02-01 23:17:59,456 - INFO - MainProcess - query_execution.segment1 - list index out of range
2022-02-01 23:17:59,456 - INFO - MainProcess - query_execution.segment1 - list index out of range
2022-02-01 23:17:59,456 - INFO - MainProcess - query_execution.segment1 - list index out of range
2022-02-01 23:17:59,456 - INFO - MainProcess - query_execution.segment1 - list index out of range
2022-02-01 23:17:59,456 - INFO - MainProcess - query_execution.segment1 - list index out of range
2022-02-01 23:17:59,456 - INFO - MainProcess - query_execution.segment1 - list index out of range
2022-02-01 23:17:59,456 - INFO - MainProcess - query_execution.segment1 - list index out of range
2022-02-01 23:17:59,456 - INFO - MainProcess - query_execution.segment1 - list index out of range
2022-02-01 23:17:59,456 - INFO - MainProcess - query_execution.segment1 - list index out of range
2022-02-01 23:17:59,456 - INFO - MainProcess - query_execution.segment1 - list index out of range
2022-02-01 23:17:59,456 - INFO - MainProcess - query_execution.segment1 - list index out of range
2022-02-01 23:17:59,456 - INFO - MainProcess - query_execution.segment1 - list index out of range
2022-02-01 23:17:59,456 - INFO - MainProcess - query_execution.segment1 - list index out of range
2022-02-01 23:17:59,456 - INFO - MainProcess - query_execution.segment1 - list index out of range
2022-02-01 23:17:59,456 - INFO - MainProcess - query_execution.segment1 - list index out of range
2022-02-01 23:17:59,456 - INFO - MainProcess - query_execution.segment1 - list index out of range
2022-02-01 23:17:59,456 - INFO - MainProcess - query_execution.segment1 - list index out of range
2022-02-01 23:17:59,456 - INFO - MainProcess - query_execution.segment1 - list index out of range
2022-02-01 23:17:59,456 - INFO - MainProcess - query_execution.segment1 - list index out of range
2022-02-01 23:17:59,456 - INFO - MainProcess - query_execution.segment1 - list index out of range
2022-02-01 23:17:59,456 - INFO - MainProcess - query_execution.segment1 - list index out of range
2022-02-01 23:17:59,456 - INFO - MainProcess - query_execution.segment1 - list index out of range
2022-02-01 23:17:59,456 - INFO - MainProcess - query_execution.segment1 - list index out of range
2022-02-01 23:17:59,456 - INFO - MainProcess - query_execution.segment1 - list index out of range
2022-02-01 23:17:59,456 - INFO - MainProcess - query_execution.segment1 - list index out of range
2022-02-01 23:17:59,456 - INFO - MainProcess - query_execution.segment1 - list index out of range
2022-02-01 23:17:59,456 - INFO - MainProcess - query_execution.segment1 - list index out of range
2022-02-01 23:17:59,456 - INFO - MainProcess - query_execution.segment1 - list index out of range
2022-02-01 23:17:59,456 - INFO - MainProcess - query_execution.segment1 - list index out of range
2022-02-01 23:17:59,456 - INFO - MainProcess - query_execution.segment1 - list index out of range
2022-02-01 23:17:59,456 - INFO - MainProcess - query_execution.segment1 - list index out of range
2022-02-01 23:17:59,456 - INFO - MainProcess - query_execution.segment1 - list index out of range
2022-02-01 23:17:59,456 - INFO - MainProcess - query_execution.segment1 - list index out of range
2022-02-01 23:17:59,456 - INFO - MainProcess - query_execution.segment1 - list index out of range
2022-02-01 23:17:59,456 - INFO - MainProcess - query_execution.segment1 - list index out of range
2022-02-01 23:17:59,456 - INFO - MainProcess - query_execution.segment1 - list index out of range
2022-02-01 23:17:59,456 - INFO - MainProcess - query_execution.segment1 - list index out of range
2022-02-01 23:17:59,456 - INFO - MainProcess - query_execution.segment1 - list index out of range
2022-02-01 23:17:59,472 - INFO - MainProcess - query_execution.segment1 - list index out of range
2022-02-01 23:17:59,472 - INFO - MainProcess - query_execution.segment1 - list index out of range
2022-02-01 23:17:59,472 - INFO - MainProcess - query_execution.segment1 - list index out of range
2022-02-01 23:17:59,472 - INFO - MainProcess - query_execution.segment1 - list index out of range
2022-02-01 23:17:59,472 - INFO - MainProcess - query_execution.segment1 - list index out of range
2022-02-01 23:17:59,472 - INFO - MainProcess - query_execution.segment1 - list index out of range
2022-02-01 23:17:59,472 - INFO - MainProcess - query_execution.segment1 - list index out of range
2022-02-01 23:17:59,472 - INFO - MainProcess - query_execution.segment1 - list index out of range
2022-02-01 23:17:59,472 - INFO - MainProcess - query_execution.segment1 - list index out of range
2022-02-01 23:17:59,472 - INFO - MainProcess - query_execution.segment1 - list index out of range
2022-02-01 23:17:59,472 - INFO - MainProcess - query_execution.segment1 - list index out of range
2022-02-01 23:17:59,472 - INFO - MainProcess - query_execution.segment1 - list index out of range
2022-02-01 23:17:59,472 - INFO - MainProcess - query_execution.segment1 - list index out of range
2022-02-01 23:17:59,472 - INFO - MainProcess - query_execution.segment1 - list index out of range
2022-02-01 23:17:59,472 - INFO - MainProcess - query_execution.segment1 - list index out of range
2022-02-01 23:17:59,472 - INFO - MainProcess - query_execution.segment1 - list index out of range
2022-02-01 23:17:59,472 - INFO - MainProcess - query_execution.segment1 - list index out of range
2022-02-01 23:17:59,472 - INFO - MainProcess - query_execution.segment1 - list index out of range
2022-02-01 23:17:59,472 - INFO - MainProcess - query_execution.segment1 - list index out of range
2022-02-01 23:17:59,472 - INFO - MainProcess - query_execution.segment1 - list index out of range
2022-02-01 23:17:59,472 - INFO - MainProcess - query_execution.segment1 - list index out of range
2022-02-01 23:17:59,472 - INFO - MainProcess - query_execution.segment1 - list index out of range
2022-02-01 23:17:59,472 - INFO - MainProcess - query_execution.segment1 - list index out of range
2022-02-01 23:17:59,472 - INFO - MainProcess - query_execution.segment1 - list index out of range
2022-02-01 23:17:59,472 - INFO - MainProcess - query_execution.segment1 - list index out of range
2022-02-01 23:17:59,472 - INFO - MainProcess - query_execution.segment1 - list index out of range
2022-02-01 23:17:59,472 - INFO - MainProcess - query_execution.segment1 - list index out of range
2022-02-01 23:17:59,472 - INFO - MainProcess - query_execution.segment1 - list index out of range
2022-02-01 23:17:59,472 - INFO - MainProcess - query_execution.segment1 - list index out of range
2022-02-01 23:17:59,472 - INFO - MainProcess - query_execution.segment1 - list index out of range
2022-02-01 23:17:59,472 - INFO - MainProcess - query_execution.segment1 - list index out of range
2022-02-01 23:17:59,472 - INFO - MainProcess - query_execution.segment1 - list index out of range
2022-02-01 23:17:59,472 - INFO - MainProcess - query_execution.segment1 - list index out of range
2022-02-01 23:17:59,472 - INFO - MainProcess - query_execution.segment1 - list index out of range
2022-02-01 23:17:59,472 - INFO - MainProcess - query_execution.segment1 - list index out of range
2022-02-01 23:17:59,472 - INFO - MainProcess - query_execution.segment1 - list index out of range
2022-02-01 23:17:59,472 - INFO - MainProcess - query_execution.segment1 - list index out of range
2022-02-01 23:17:59,472 - INFO - MainProcess - query_execution.segment1 - list index out of range
2022-02-01 23:17:59,472 - INFO - MainProcess - query_execution.segment1 - list index out of range
2022-02-01 23:17:59,472 - INFO - MainProcess - query_execution.segment1 - list index out of range
2022-02-01 23:17:59,472 - INFO - MainProcess - query_execution.segment1 - list index out of range
2022-02-01 23:17:59,472 - INFO - MainProcess - query_execution.segment1 - list index out of range
2022-02-01 23:17:59,487 - INFO - MainProcess - query_execution.segment1 - list index out of range
2022-02-01 23:17:59,487 - INFO - MainProcess - query_execution.segment1 - list index out of range
2022-02-01 23:17:59,487 - INFO - MainProcess - query_execution.segment1 - list index out of range
2022-02-01 23:17:59,487 - INFO - MainProcess - query_execution.segment1 - list index out of range
2022-02-01 23:17:59,487 - INFO - MainProcess - query_execution.segment1 - list index out of range
2022-02-01 23:17:59,487 - INFO - MainProcess - query_execution.segment1 - list index out of range
2022-02-01 23:17:59,487 - INFO - MainProcess - query_execution.segment1 - list index out of range
2022-02-01 23:17:59,487 - INFO - MainProcess - query_execution.segment1 - list index out of range
2022-02-01 23:17:59,487 - INFO - MainProcess - query_execution.segment1 - list index out of range
2022-02-01 23:17:59,487 - INFO - MainProcess - query_execution.segment1 - list index out of range
2022-02-01 23:17:59,487 - INFO - MainProcess - query_execution.segment1 - list index out of range
2022-02-01 23:17:59,487 - INFO - MainProcess - query_execution.segment1 - list index out of range
2022-02-01 23:17:59,487 - INFO - MainProcess - query_execution.segment1 - list index out of range
2022-02-01 23:17:59,487 - INFO - MainProcess - query_execution.segment1 - list index out of range
2022-02-01 23:17:59,487 - INFO - MainProcess - query_execution.segment1 - list index out of range
2022-02-01 23:17:59,487 - INFO - MainProcess - query_execution.segment1 - list index out of range
