2022-02-02 02:11:34,727 - DEBUG - MainProcess - root - configuration loaded
2022-02-02 02:11:34,821 - INFO - MainProcess - connection.connect_db - CONNECTION SUCCESSFULLY source
2022-02-02 02:11:34,821 - INFO - MainProcess - connection.connect_db - CONNECTION SUCCESSFULLY destination
2022-02-02 02:11:34,821 - INFO - MainProcess - query_execution.segment1 - segment1 table data validation START
2022-02-02 02:11:35,008 - INFO - MainProcess - query_execution.segment1 - 1
2022-02-02 02:11:37,412 - INFO - MainProcess - query_execution.segment1 - 2
2022-02-02 02:11:39,405 - INFO - MainProcess - query_execution.segment1 - 3
2022-02-02 02:11:41,137 - INFO - MainProcess - query_execution.segment1 - 4
2022-02-02 02:11:52,491 - INFO - MainProcess - query_execution.segment1 - 5
2022-02-02 02:11:54,707 - INFO - MainProcess - query_execution.segment1 - 6
2022-02-02 02:12:06,719 - INFO - MainProcess - query_execution.segment1 - 7
2022-02-02 02:12:09,433 - INFO - MainProcess - query_execution.segment1 - 8
2022-02-02 02:12:12,226 - INFO - MainProcess - query_execution.segment1 - 9
2022-02-02 02:12:13,646 - INFO - MainProcess - query_execution.segment1 - 10
2022-02-02 02:12:15,441 - INFO - MainProcess - query_execution.segment1 - 11
2022-02-02 02:12:17,937 - INFO - MainProcess - query_execution.segment1 - 12
2022-02-02 02:12:19,512 - INFO - MainProcess - query_execution.segment1 - 13
2022-02-02 02:12:21,135 - INFO - MainProcess - query_execution.segment1 - 14
2022-02-02 02:12:30,391 - INFO - MainProcess - query_execution.segment1 - 15
2022-02-02 02:12:31,748 - INFO - MainProcess - query_execution.segment1 - 16
2022-02-02 02:12:33,230 - INFO - MainProcess - query_execution.segment1 - 17
2022-02-02 02:12:35,024 - INFO - MainProcess - query_execution.segment1 - 18
2022-02-02 02:12:36,303 - INFO - MainProcess - query_execution.segment1 - 19
2022-02-02 02:12:39,688 - INFO - MainProcess - query_execution.segment1 - 20
2022-02-02 02:12:42,138 - INFO - MainProcess - query_execution.segment1 - 21
2022-02-02 02:12:45,835 - INFO - MainProcess - query_execution.segment1 - 22
2022-02-02 02:12:48,338 - INFO - MainProcess - query_execution.segment1 - 23
2022-02-02 02:12:50,110 - INFO - MainProcess - query_execution.segment1 - 24
2022-02-02 02:12:52,919 - INFO - MainProcess - query_execution.segment1 - 25
2022-02-02 02:12:54,838 - INFO - MainProcess - query_execution.segment1 - 26
2022-02-02 02:12:58,395 - INFO - MainProcess - query_execution.segment1 - 27
2022-02-02 02:12:59,986 - INFO - MainProcess - query_execution.segment1 - 28
2022-02-02 02:13:01,515 - INFO - MainProcess - query_execution.segment1 - 29
2022-02-02 02:13:04,105 - INFO - MainProcess - query_execution.segment1 - 30
2022-02-02 02:13:06,445 - INFO - MainProcess - query_execution.segment1 - 31
2022-02-02 02:13:08,801 - INFO - MainProcess - query_execution.segment1 - 32
2022-02-02 02:13:11,172 - INFO - MainProcess - query_execution.segment1 - 33
2022-02-02 02:13:13,061 - INFO - MainProcess - query_execution.segment1 - 34
2022-02-02 02:13:14,684 - INFO - MainProcess - query_execution.segment1 - 35
2022-02-02 02:13:16,683 - INFO - MainProcess - query_execution.segment1 - 36
2022-02-02 02:13:18,869 - INFO - MainProcess - query_execution.segment1 - 37
2022-02-02 02:13:20,788 - INFO - MainProcess - query_execution.segment1 - 38
2022-02-02 02:13:23,159 - INFO - MainProcess - query_execution.segment1 - 39
2022-02-02 02:13:24,485 - INFO - MainProcess - query_execution.segment1 - 40
2022-02-02 02:13:26,014 - INFO - MainProcess - query_execution.segment1 - 41
2022-02-02 02:13:27,667 - INFO - MainProcess - query_execution.segment1 - 42
2022-02-02 02:13:29,898 - INFO - MainProcess - query_execution.segment1 - 43
2022-02-02 02:13:31,460 - INFO - MainProcess - query_execution.segment1 - 44
2022-02-02 02:13:33,440 - INFO - MainProcess - query_execution.segment1 - 45
2022-02-02 02:13:34,862 - INFO - MainProcess - query_execution.segment1 - 46
2022-02-02 02:13:36,511 - INFO - MainProcess - query_execution.segment1 - 47
2022-02-02 02:13:37,198 - INFO - MainProcess - query_execution.segment1 - 48
2022-02-02 02:13:39,372 - INFO - MainProcess - query_execution.segment1 - 49
2022-02-02 02:13:40,837 - INFO - MainProcess - query_execution.segment1 - 50
2022-02-02 02:13:41,950 - INFO - MainProcess - query_execution.segment1 - 51
2022-02-02 02:13:43,866 - INFO - MainProcess - query_execution.segment1 - 52
2022-02-02 02:13:45,805 - INFO - MainProcess - query_execution.segment1 - 53
2022-02-02 02:13:46,837 - INFO - MainProcess - query_execution.segment1 - 54
2022-02-02 02:13:50,443 - INFO - MainProcess - query_execution.segment1 - 55
2022-02-02 02:13:51,951 - INFO - MainProcess - query_execution.segment1 - 56
2022-02-02 02:13:54,412 - INFO - MainProcess - query_execution.segment1 - 57
2022-02-02 02:13:55,491 - INFO - MainProcess - query_execution.segment1 - 58
2022-02-02 02:13:57,165 - INFO - MainProcess - query_execution.segment1 - 59
2022-02-02 02:13:58,696 - INFO - MainProcess - query_execution.segment1 - 60
2022-02-02 02:14:00,690 - INFO - MainProcess - query_execution.segment1 - 61
2022-02-02 02:14:01,534 - INFO - MainProcess - query_execution.segment1 - 62
2022-02-02 02:14:03,251 - INFO - MainProcess - query_execution.segment1 - 63
2022-02-02 02:14:05,062 - INFO - MainProcess - query_execution.segment1 - 64
2022-02-02 02:14:06,617 - INFO - MainProcess - query_execution.segment1 - 65
2022-02-02 02:14:07,261 - INFO - MainProcess - query_execution.segment1 - 66
2022-02-02 02:14:09,345 - INFO - MainProcess - query_execution.segment1 - 67
2022-02-02 02:14:10,944 - INFO - MainProcess - query_execution.segment1 - 68
2022-02-02 02:14:13,486 - INFO - MainProcess - query_execution.segment1 - 69
2022-02-02 02:14:14,720 - INFO - MainProcess - query_execution.segment1 - 70
2022-02-02 02:14:16,700 - INFO - MainProcess - query_execution.segment1 - 71
2022-02-02 02:14:18,182 - INFO - MainProcess - query_execution.segment1 - 72
2022-02-02 02:14:19,276 - INFO - MainProcess - query_execution.segment1 - 73
2022-02-02 02:14:20,667 - INFO - MainProcess - query_execution.segment1 - 74
2022-02-02 02:14:22,617 - INFO - MainProcess - query_execution.segment1 - 75
2022-02-02 02:14:24,687 - INFO - MainProcess - query_execution.segment1 - 76
2022-02-02 02:14:26,837 - INFO - MainProcess - query_execution.segment1 - 77
2022-02-02 02:14:29,198 - INFO - MainProcess - query_execution.segment1 - 78
2022-02-02 02:14:30,097 - INFO - MainProcess - query_execution.segment1 - 79
2022-02-02 02:14:32,101 - INFO - MainProcess - query_execution.segment1 - 80
2022-02-02 02:14:34,408 - INFO - MainProcess - query_execution.segment1 - 81
2022-02-02 02:14:36,675 - INFO - MainProcess - query_execution.segment1 - 82
2022-02-02 02:14:38,844 - INFO - MainProcess - query_execution.segment1 - 83
2022-02-02 02:14:41,016 - INFO - MainProcess - query_execution.segment1 - 84
2022-02-02 02:14:43,126 - INFO - MainProcess - query_execution.segment1 - 85
2022-02-02 02:14:45,476 - INFO - MainProcess - query_execution.segment1 - 86
2022-02-02 02:14:47,992 - INFO - MainProcess - query_execution.segment1 - 87
2022-02-02 02:14:49,760 - INFO - MainProcess - query_execution.segment1 - 88
2022-02-02 02:14:52,379 - INFO - MainProcess - query_execution.segment1 - 89
2022-02-02 02:14:54,283 - INFO - MainProcess - query_execution.segment1 - 90
2022-02-02 02:14:54,978 - INFO - MainProcess - query_execution.segment1 - 91
2022-02-02 02:14:56,001 - INFO - MainProcess - query_execution.segment1 - 92
2022-02-02 02:14:58,451 - INFO - MainProcess - query_execution.segment1 - 93
2022-02-02 02:15:00,012 - INFO - MainProcess - query_execution.segment1 - 94
2022-02-02 02:15:01,410 - INFO - MainProcess - query_execution.segment1 - 95
2022-02-02 02:15:03,957 - INFO - MainProcess - query_execution.segment1 - 96
2022-02-02 02:15:06,408 - INFO - MainProcess - query_execution.segment1 - 97
2022-02-02 02:15:11,738 - INFO - MainProcess - query_execution.segment1 - 98
2022-02-02 02:15:13,577 - INFO - MainProcess - query_execution.segment1 - 99
2022-02-02 02:15:16,103 - INFO - MainProcess - query_execution.segment1 - 100
2022-02-02 02:15:19,006 - INFO - MainProcess - query_execution.segment1 - 101
2022-02-02 02:15:20,862 - INFO - MainProcess - query_execution.segment1 - 102
2022-02-02 02:15:23,025 - INFO - MainProcess - query_execution.segment1 - 103
2022-02-02 02:15:24,605 - INFO - MainProcess - query_execution.segment1 - 104
2022-02-02 02:15:25,500 - INFO - MainProcess - query_execution.segment1 - 105
2022-02-02 02:15:26,506 - INFO - MainProcess - query_execution.segment1 - 106
2022-02-02 02:15:32,868 - INFO - MainProcess - query_execution.segment1 - 107
2022-02-02 02:15:33,888 - INFO - MainProcess - query_execution.segment1 - 108
2022-02-02 02:15:34,465 - INFO - MainProcess - query_execution.segment1 - 109
2022-02-02 02:15:36,992 - INFO - MainProcess - query_execution.segment1 - 110
2022-02-02 02:15:39,272 - INFO - MainProcess - query_execution.segment1 - 111
2022-02-02 02:15:40,742 - INFO - MainProcess - query_execution.segment1 - 112
2022-02-02 02:15:41,425 - INFO - MainProcess - query_execution.segment1 - 113
2022-02-02 02:15:41,941 - INFO - MainProcess - query_execution.segment1 - 114
2022-02-02 02:15:42,755 - INFO - MainProcess - query_execution.segment1 - 115
2022-02-02 02:15:44,698 - INFO - MainProcess - query_execution.segment1 - 116
2022-02-02 02:15:45,612 - INFO - MainProcess - query_execution.segment1 - 117
2022-02-02 02:15:46,501 - INFO - MainProcess - query_execution.segment1 - 118
2022-02-02 02:15:47,427 - INFO - MainProcess - query_execution.segment1 - 119
2022-02-02 02:15:48,063 - INFO - MainProcess - query_execution.segment1 - 120
2022-02-02 02:15:48,552 - INFO - MainProcess - query_execution.segment1 - 121
2022-02-02 02:15:51,222 - INFO - MainProcess - query_execution.segment1 - 122
2022-02-02 02:15:52,681 - INFO - MainProcess - query_execution.segment1 - 123
2022-02-02 02:15:54,829 - INFO - MainProcess - query_execution.segment1 - 124
2022-02-02 02:15:57,424 - INFO - MainProcess - query_execution.segment1 - 125
2022-02-02 02:15:59,477 - INFO - MainProcess - query_execution.segment1 - 126
2022-02-02 02:16:00,742 - INFO - MainProcess - query_execution.segment1 - 127
2022-02-02 02:16:01,964 - INFO - MainProcess - query_execution.segment1 - 128
