2022-02-01 22:27:47,517 - DEBUG - MainProcess - root - configuration loaded
2022-02-01 22:27:47,595 - INFO - MainProcess - connection.connect_db - CONNECTION SUCCESSFULLY source
2022-02-01 22:27:47,610 - INFO - MainProcess - connection.connect_db - CONNECTION SUCCESSFULLY destination
2022-02-01 22:27:47,610 - INFO - MainProcess - query_execution.segment1 - segment1 table data validation START
2022-02-01 22:27:48,718 - INFO - MainProcess - query_execution.segment1 - list index out of range
2022-02-01 22:27:48,718 - INFO - MainProcess - query_execution.segment1 - list index out of range
2022-02-01 22:27:48,718 - INFO - MainProcess - query_execution.segment1 - list index out of range
2022-02-01 22:27:48,718 - INFO - MainProcess - query_execution.segment1 - list index out of range
2022-02-01 22:27:48,718 - INFO - MainProcess - query_execution.segment1 - list index out of range
2022-02-01 22:27:48,718 - INFO - MainProcess - query_execution.segment1 - list index out of range
2022-02-01 22:27:48,718 - INFO - MainProcess - query_execution.segment1 - list index out of range
2022-02-01 22:27:48,718 - INFO - MainProcess - query_execution.segment1 - list index out of range
2022-02-01 22:27:48,718 - INFO - MainProcess - query_execution.segment1 - list index out of range
2022-02-01 22:27:48,718 - INFO - MainProcess - query_execution.segment1 - list index out of range
2022-02-01 22:27:48,718 - INFO - MainProcess - query_execution.segment1 - list index out of range
2022-02-01 22:27:48,718 - INFO - MainProcess - query_execution.segment1 - list index out of range
2022-02-01 22:27:48,718 - INFO - MainProcess - query_execution.segment1 - list index out of range
2022-02-01 22:27:48,718 - INFO - MainProcess - query_execution.segment1 - list index out of range
2022-02-01 22:27:48,718 - INFO - MainProcess - query_execution.segment1 - list index out of range
2022-02-01 22:27:48,718 - INFO - MainProcess - query_execution.segment1 - list index out of range
2022-02-01 22:27:48,718 - INFO - MainProcess - query_execution.segment1 - list index out of range
2022-02-01 22:27:48,718 - INFO - MainProcess - query_execution.segment1 - list index out of range
2022-02-01 22:27:48,718 - INFO - MainProcess - query_execution.segment1 - list index out of range
2022-02-01 22:27:48,718 - INFO - MainProcess - query_execution.segment1 - list index out of range
2022-02-01 22:27:48,718 - INFO - MainProcess - query_execution.segment1 - list index out of range
2022-02-01 22:27:48,718 - INFO - MainProcess - query_execution.segment1 - list index out of range
2022-02-01 22:27:48,718 - INFO - MainProcess - query_execution.segment1 - list index out of range
2022-02-01 22:27:48,718 - INFO - MainProcess - query_execution.segment1 - list index out of range
2022-02-01 22:27:48,718 - INFO - MainProcess - query_execution.segment1 - list index out of range
2022-02-01 22:27:48,718 - INFO - MainProcess - query_execution.segment1 - list index out of range
2022-02-01 22:27:48,718 - INFO - MainProcess - query_execution.segment1 - list index out of range
2022-02-01 22:27:48,718 - INFO - MainProcess - query_execution.segment1 - list index out of range
2022-02-01 22:27:48,718 - INFO - MainProcess - query_execution.segment1 - list index out of range
2022-02-01 22:27:48,718 - INFO - MainProcess - query_execution.segment1 - list index out of range
2022-02-01 22:27:48,718 - INFO - MainProcess - query_execution.segment1 - list index out of range
2022-02-01 22:27:48,733 - INFO - MainProcess - query_execution.segment1 - list index out of range
2022-02-01 22:27:48,733 - INFO - MainProcess - query_execution.segment1 - list index out of range
2022-02-01 22:27:48,733 - INFO - MainProcess - query_execution.segment1 - list index out of range
2022-02-01 22:27:48,733 - INFO - MainProcess - query_execution.segment1 - list index out of range
2022-02-01 22:27:48,733 - INFO - MainProcess - query_execution.segment1 - list index out of range
2022-02-01 22:27:48,733 - INFO - MainProcess - query_execution.segment1 - list index out of range
2022-02-01 22:27:48,733 - INFO - MainProcess - query_execution.segment1 - list index out of range
2022-02-01 22:27:48,733 - INFO - MainProcess - query_execution.segment1 - list index out of range
2022-02-01 22:27:48,733 - INFO - MainProcess - query_execution.segment1 - list index out of range
2022-02-01 22:27:48,733 - INFO - MainProcess - query_execution.segment1 - list index out of range
2022-02-01 22:27:48,733 - INFO - MainProcess - query_execution.segment1 - list index out of range
2022-02-01 22:27:48,733 - INFO - MainProcess - query_execution.segment1 - list index out of range
2022-02-01 22:27:48,733 - INFO - MainProcess - query_execution.segment1 - list index out of range
2022-02-01 22:27:48,733 - INFO - MainProcess - query_execution.segment1 - list index out of range
2022-02-01 22:27:48,733 - INFO - MainProcess - query_execution.segment1 - list index out of range
2022-02-01 22:27:48,733 - INFO - MainProcess - query_execution.segment1 - list index out of range
2022-02-01 22:27:48,733 - INFO - MainProcess - query_execution.segment1 - list index out of range
2022-02-01 22:27:48,733 - INFO - MainProcess - query_execution.segment1 - list index out of range
2022-02-01 22:27:48,733 - INFO - MainProcess - query_execution.segment1 - list index out of range
2022-02-01 22:27:48,733 - INFO - MainProcess - query_execution.segment1 - list index out of range
2022-02-01 22:27:48,733 - INFO - MainProcess - query_execution.segment1 - list index out of range
2022-02-01 22:27:48,733 - INFO - MainProcess - query_execution.segment1 - list index out of range
2022-02-01 22:27:48,733 - INFO - MainProcess - query_execution.segment1 - list index out of range
2022-02-01 22:27:48,733 - INFO - MainProcess - query_execution.segment1 - list index out of range
2022-02-01 22:27:48,733 - INFO - MainProcess - query_execution.segment1 - list index out of range
2022-02-01 22:27:48,733 - INFO - MainProcess - query_execution.segment1 - list index out of range
2022-02-01 22:27:48,733 - INFO - MainProcess - query_execution.segment1 - list index out of range
2022-02-01 22:27:48,733 - INFO - MainProcess - query_execution.segment1 - list index out of range
2022-02-01 22:27:48,733 - INFO - MainProcess - query_execution.segment1 - list index out of range
2022-02-01 22:27:48,733 - INFO - MainProcess - query_execution.segment1 - list index out of range
2022-02-01 22:27:48,733 - INFO - MainProcess - query_execution.segment1 - list index out of range
2022-02-01 22:27:48,733 - INFO - MainProcess - query_execution.segment1 - list index out of range
2022-02-01 22:27:48,733 - INFO - MainProcess - query_execution.segment1 - list index out of range
2022-02-01 22:27:48,733 - INFO - MainProcess - query_execution.segment1 - list index out of range
2022-02-01 22:27:48,733 - INFO - MainProcess - query_execution.segment1 - list index out of range
2022-02-01 22:27:48,733 - INFO - MainProcess - query_execution.segment1 - list index out of range
2022-02-01 22:27:48,733 - INFO - MainProcess - query_execution.segment1 - list index out of range
2022-02-01 22:27:48,733 - INFO - MainProcess - query_execution.segment1 - list index out of range
2022-02-01 22:27:48,733 - INFO - MainProcess - query_execution.segment1 - list index out of range
2022-02-01 22:27:48,733 - INFO - MainProcess - query_execution.segment1 - list index out of range
2022-02-01 22:27:48,733 - INFO - MainProcess - query_execution.segment1 - list index out of range
2022-02-01 22:27:48,733 - INFO - MainProcess - query_execution.segment1 - list index out of range
2022-02-01 22:27:48,733 - INFO - MainProcess - query_execution.segment1 - list index out of range
2022-02-01 22:27:48,749 - INFO - MainProcess - query_execution.segment1 - list index out of range
2022-02-01 22:27:48,749 - INFO - MainProcess - query_execution.segment1 - list index out of range
2022-02-01 22:27:48,749 - INFO - MainProcess - query_execution.segment1 - list index out of range
2022-02-01 22:27:48,749 - INFO - MainProcess - query_execution.segment1 - list index out of range
2022-02-01 22:27:48,749 - INFO - MainProcess - query_execution.segment1 - list index out of range
2022-02-01 22:27:48,749 - INFO - MainProcess - query_execution.segment1 - list index out of range
2022-02-01 22:27:48,749 - INFO - MainProcess - query_execution.segment1 - list index out of range
2022-02-01 22:27:48,749 - INFO - MainProcess - query_execution.segment1 - list index out of range
2022-02-01 22:27:48,749 - INFO - MainProcess - query_execution.segment1 - list index out of range
2022-02-01 22:27:48,749 - INFO - MainProcess - query_execution.segment1 - list index out of range
2022-02-01 22:27:48,749 - INFO - MainProcess - query_execution.segment1 - list index out of range
2022-02-01 22:27:48,749 - INFO - MainProcess - query_execution.segment1 - list index out of range
2022-02-01 22:27:48,749 - INFO - MainProcess - query_execution.segment1 - list index out of range
2022-02-01 22:27:48,749 - INFO - MainProcess - query_execution.segment1 - list index out of range
2022-02-01 22:27:48,749 - INFO - MainProcess - query_execution.segment1 - list index out of range
2022-02-01 22:27:48,749 - INFO - MainProcess - query_execution.segment1 - list index out of range
2022-02-01 22:27:48,749 - INFO - MainProcess - query_execution.segment1 - list index out of range
2022-02-01 22:27:48,749 - INFO - MainProcess - query_execution.segment1 - list index out of range
2022-02-01 22:27:48,749 - INFO - MainProcess - query_execution.segment1 - list index out of range
2022-02-01 22:27:48,749 - INFO - MainProcess - query_execution.segment1 - list index out of range
2022-02-01 22:27:48,749 - INFO - MainProcess - query_execution.segment1 - list index out of range
2022-02-01 22:27:48,749 - INFO - MainProcess - query_execution.segment1 - list index out of range
2022-02-01 22:27:48,749 - INFO - MainProcess - query_execution.segment1 - list index out of range
2022-02-01 22:27:48,749 - INFO - MainProcess - query_execution.segment1 - list index out of range
2022-02-01 22:27:48,749 - INFO - MainProcess - query_execution.segment1 - list index out of range
2022-02-01 22:27:48,749 - INFO - MainProcess - query_execution.segment1 - list index out of range
2022-02-01 22:27:48,749 - INFO - MainProcess - query_execution.segment1 - list index out of range
2022-02-01 22:27:48,749 - INFO - MainProcess - query_execution.segment1 - list index out of range
2022-02-01 22:27:48,749 - INFO - MainProcess - query_execution.segment1 - list index out of range
2022-02-01 22:27:48,749 - INFO - MainProcess - query_execution.segment1 - list index out of range
2022-02-01 22:27:48,749 - INFO - MainProcess - query_execution.segment1 - list index out of range
2022-02-01 22:27:48,749 - INFO - MainProcess - query_execution.segment1 - list index out of range
2022-02-01 22:27:48,749 - INFO - MainProcess - query_execution.segment1 - list index out of range
2022-02-01 22:27:48,749 - INFO - MainProcess - query_execution.segment1 - list index out of range
2022-02-01 22:27:48,749 - INFO - MainProcess - query_execution.segment1 - list index out of range
2022-02-01 22:27:48,749 - INFO - MainProcess - query_execution.segment1 - list index out of range
2022-02-01 22:27:48,749 - INFO - MainProcess - query_execution.segment1 - list index out of range
2022-02-01 22:27:48,749 - INFO - MainProcess - query_execution.segment1 - list index out of range
2022-02-01 22:27:48,749 - INFO - MainProcess - query_execution.segment1 - list index out of range
2022-02-01 22:27:48,749 - INFO - MainProcess - query_execution.segment1 - list index out of range
2022-02-01 22:27:48,749 - INFO - MainProcess - query_execution.segment1 - list index out of range
2022-02-01 22:27:48,749 - INFO - MainProcess - query_execution.segment1 - list index out of range
2022-02-01 22:27:48,765 - INFO - MainProcess - query_execution.segment1 - list index out of range
2022-02-01 22:27:48,765 - INFO - MainProcess - query_execution.segment1 - list index out of range
2022-02-01 22:27:48,765 - INFO - MainProcess - query_execution.segment1 - list index out of range
2022-02-01 22:27:48,765 - INFO - MainProcess - query_execution.segment1 - list index out of range
2022-02-01 22:27:48,765 - INFO - MainProcess - query_execution.segment1 - list index out of range
2022-02-01 22:27:48,765 - INFO - MainProcess - query_execution.segment1 - list index out of range
2022-02-01 22:27:48,765 - INFO - MainProcess - query_execution.segment1 - list index out of range
2022-02-01 22:27:48,765 - INFO - MainProcess - query_execution.segment1 - list index out of range
2022-02-01 22:27:48,765 - INFO - MainProcess - query_execution.segment1 - list index out of range
2022-02-01 22:27:48,765 - INFO - MainProcess - query_execution.segment1 - list index out of range
2022-02-01 22:27:48,765 - INFO - MainProcess - query_execution.segment1 - list index out of range
2022-02-01 22:27:48,765 - INFO - MainProcess - query_execution.segment1 - list index out of range
2022-02-01 22:27:48,765 - INFO - MainProcess - query_execution.segment1 - list index out of range
2022-02-01 22:27:48,765 - INFO - MainProcess - query_execution.segment1 - list index out of range
2022-02-01 22:27:48,765 - INFO - MainProcess - query_execution.segment1 - list index out of range
2022-02-01 22:27:48,765 - INFO - MainProcess - query_execution.segment1 - list index out of range
2022-02-01 22:27:48,765 - INFO - MainProcess - query_execution.segment1 - list index out of range
2022-02-01 22:27:48,765 - INFO - MainProcess - query_execution.segment1 - list index out of range
2022-02-01 22:27:48,765 - INFO - MainProcess - query_execution.segment1 - list index out of range
2022-02-01 22:27:48,765 - INFO - MainProcess - query_execution.segment1 - list index out of range
2022-02-01 22:27:48,765 - INFO - MainProcess - query_execution.segment1 - list index out of range
2022-02-01 22:27:48,765 - INFO - MainProcess - query_execution.segment1 - list index out of range
2022-02-01 22:27:48,765 - INFO - MainProcess - query_execution.segment1 - list index out of range
2022-02-01 22:27:48,765 - INFO - MainProcess - query_execution.segment1 - list index out of range
2022-02-01 22:27:48,765 - INFO - MainProcess - query_execution.segment1 - list index out of range
2022-02-01 22:27:48,765 - INFO - MainProcess - query_execution.segment1 - list index out of range
2022-02-01 22:27:48,765 - INFO - MainProcess - query_execution.segment1 - list index out of range
2022-02-01 22:27:48,765 - INFO - MainProcess - query_execution.segment1 - list index out of range
2022-02-01 22:27:48,765 - INFO - MainProcess - query_execution.segment1 - list index out of range
2022-02-01 22:27:48,765 - INFO - MainProcess - query_execution.segment1 - list index out of range
2022-02-01 22:27:48,765 - INFO - MainProcess - query_execution.segment1 - list index out of range
2022-02-01 22:27:48,765 - INFO - MainProcess - query_execution.segment1 - list index out of range
2022-02-01 22:27:48,765 - INFO - MainProcess - query_execution.segment1 - list index out of range
2022-02-01 22:27:48,765 - INFO - MainProcess - query_execution.segment1 - list index out of range
2022-02-01 22:27:48,765 - INFO - MainProcess - query_execution.segment1 - list index out of range
2022-02-01 22:27:48,765 - INFO - MainProcess - query_execution.segment1 - list index out of range
2022-02-01 22:27:48,765 - INFO - MainProcess - query_execution.segment1 - list index out of range
2022-02-01 22:27:48,765 - INFO - MainProcess - query_execution.segment1 - list index out of range
2022-02-01 22:27:48,765 - INFO - MainProcess - query_execution.segment1 - list index out of range
2022-02-01 22:27:48,765 - INFO - MainProcess - query_execution.segment1 - list index out of range
2022-02-01 22:27:48,765 - INFO - MainProcess - query_execution.segment1 - list index out of range
2022-02-01 22:27:48,765 - INFO - MainProcess - query_execution.segment1 - list index out of range
2022-02-01 22:27:48,780 - INFO - MainProcess - query_execution.segment1 - list index out of range
2022-02-01 22:27:48,780 - INFO - MainProcess - query_execution.segment1 - list index out of range
2022-02-01 22:27:48,780 - INFO - MainProcess - query_execution.segment1 - list index out of range
2022-02-01 22:27:48,780 - INFO - MainProcess - query_execution.segment1 - list index out of range
2022-02-01 22:27:48,780 - INFO - MainProcess - query_execution.segment1 - list index out of range
2022-02-01 22:27:48,780 - INFO - MainProcess - query_execution.segment1 - list index out of range
2022-02-01 22:27:48,780 - INFO - MainProcess - query_execution.segment1 - list index out of range
2022-02-01 22:27:48,780 - INFO - MainProcess - query_execution.segment1 - list index out of range
2022-02-01 22:27:48,780 - INFO - MainProcess - query_execution.segment1 - list index out of range
2022-02-01 22:27:48,780 - INFO - MainProcess - query_execution.segment1 - list index out of range
2022-02-01 22:27:48,780 - INFO - MainProcess - query_execution.segment1 - list index out of range
2022-02-01 22:27:48,780 - INFO - MainProcess - query_execution.segment1 - list index out of range
2022-02-01 22:27:48,780 - INFO - MainProcess - query_execution.segment1 - list index out of range
2022-02-01 22:27:48,780 - INFO - MainProcess - query_execution.segment1 - list index out of range
2022-02-01 22:27:48,780 - INFO - MainProcess - query_execution.segment1 - list index out of range
2022-02-01 22:27:48,780 - INFO - MainProcess - query_execution.segment1 - list index out of range
2022-02-01 22:27:48,780 - INFO - MainProcess - query_execution.segment1 - list index out of range
2022-02-01 22:27:48,780 - INFO - MainProcess - query_execution.segment1 - list index out of range
2022-02-01 22:27:48,780 - INFO - MainProcess - query_execution.segment1 - list index out of range
2022-02-01 22:27:48,780 - INFO - MainProcess - query_execution.segment1 - list index out of range
2022-02-01 22:27:48,780 - INFO - MainProcess - query_execution.segment1 - list index out of range
2022-02-01 22:27:48,780 - INFO - MainProcess - query_execution.segment1 - list index out of range
2022-02-01 22:27:48,780 - INFO - MainProcess - query_execution.segment1 - list index out of range
2022-02-01 22:27:48,780 - INFO - MainProcess - query_execution.segment1 - list index out of range
2022-02-01 22:27:48,780 - INFO - MainProcess - query_execution.segment1 - list index out of range
2022-02-01 22:27:48,780 - INFO - MainProcess - query_execution.segment1 - list index out of range
2022-02-01 22:27:48,780 - INFO - MainProcess - query_execution.segment1 - list index out of range
2022-02-01 22:27:48,780 - INFO - MainProcess - query_execution.segment1 - list index out of range
2022-02-01 22:27:48,780 - INFO - MainProcess - query_execution.segment1 - list index out of range
2022-02-01 22:27:48,780 - INFO - MainProcess - query_execution.segment1 - list index out of range
2022-02-01 22:27:48,780 - INFO - MainProcess - query_execution.segment1 - list index out of range
2022-02-01 22:27:48,780 - INFO - MainProcess - query_execution.segment1 - list index out of range
2022-02-01 22:27:48,780 - INFO - MainProcess - query_execution.segment1 - list index out of range
2022-02-01 22:27:48,780 - INFO - MainProcess - query_execution.segment1 - list index out of range
2022-02-01 22:27:48,780 - INFO - MainProcess - query_execution.segment1 - list index out of range
2022-02-01 22:27:48,780 - INFO - MainProcess - query_execution.segment1 - list index out of range
2022-02-01 22:27:48,780 - INFO - MainProcess - query_execution.segment1 - list index out of range
2022-02-01 22:27:48,780 - INFO - MainProcess - query_execution.segment1 - list index out of range
2022-02-01 22:27:48,780 - INFO - MainProcess - query_execution.segment1 - list index out of range
2022-02-01 22:27:48,780 - INFO - MainProcess - query_execution.segment1 - list index out of range
2022-02-01 22:27:48,780 - INFO - MainProcess - query_execution.segment1 - list index out of range
2022-02-01 22:27:48,780 - INFO - MainProcess - query_execution.segment1 - list index out of range
2022-02-01 22:27:48,796 - INFO - MainProcess - query_execution.segment1 - list index out of range
2022-02-01 22:27:48,796 - INFO - MainProcess - query_execution.segment1 - list index out of range
2022-02-01 22:27:48,796 - INFO - MainProcess - query_execution.segment1 - list index out of range
2022-02-01 22:27:48,796 - INFO - MainProcess - query_execution.segment1 - list index out of range
2022-02-01 22:27:48,796 - INFO - MainProcess - query_execution.segment1 - list index out of range
2022-02-01 22:27:48,796 - INFO - MainProcess - query_execution.segment1 - list index out of range
2022-02-01 22:27:48,796 - INFO - MainProcess - query_execution.segment1 - list index out of range
2022-02-01 22:27:48,796 - INFO - MainProcess - query_execution.segment1 - list index out of range
2022-02-01 22:27:48,796 - INFO - MainProcess - query_execution.segment1 - list index out of range
2022-02-01 22:27:48,796 - INFO - MainProcess - query_execution.segment1 - list index out of range
2022-02-01 22:27:48,796 - INFO - MainProcess - query_execution.segment1 - list index out of range
2022-02-01 22:27:48,796 - INFO - MainProcess - query_execution.segment1 - list index out of range
2022-02-01 22:27:48,796 - INFO - MainProcess - query_execution.segment1 - list index out of range
2022-02-01 22:27:48,796 - INFO - MainProcess - query_execution.segment1 - list index out of range
2022-02-01 22:27:48,796 - INFO - MainProcess - query_execution.segment1 - list index out of range
2022-02-01 22:27:48,796 - INFO - MainProcess - query_execution.segment1 - list index out of range
2022-02-01 22:27:48,796 - INFO - MainProcess - query_execution.segment1 - list index out of range
2022-02-01 22:27:48,796 - INFO - MainProcess - query_execution.segment1 - list index out of range
2022-02-01 22:27:48,796 - INFO - MainProcess - query_execution.segment1 - list index out of range
2022-02-01 22:27:48,796 - INFO - MainProcess - query_execution.segment1 - list index out of range
2022-02-01 22:27:48,796 - INFO - MainProcess - query_execution.segment1 - list index out of range
2022-02-01 22:27:48,796 - INFO - MainProcess - query_execution.segment1 - list index out of range
2022-02-01 22:27:48,796 - INFO - MainProcess - query_execution.segment1 - list index out of range
2022-02-01 22:27:48,796 - INFO - MainProcess - query_execution.segment1 - list index out of range
2022-02-01 22:27:48,796 - INFO - MainProcess - query_execution.segment1 - list index out of range
2022-02-01 22:27:48,796 - INFO - MainProcess - query_execution.segment1 - list index out of range
2022-02-01 22:27:48,796 - INFO - MainProcess - query_execution.segment1 - list index out of range
2022-02-01 22:27:48,796 - INFO - MainProcess - query_execution.segment1 - list index out of range
2022-02-01 22:27:48,796 - INFO - MainProcess - query_execution.segment1 - list index out of range
2022-02-01 22:27:48,796 - INFO - MainProcess - query_execution.segment1 - list index out of range
2022-02-01 22:27:48,796 - INFO - MainProcess - query_execution.segment1 - list index out of range
2022-02-01 22:27:48,796 - INFO - MainProcess - query_execution.segment1 - list index out of range
2022-02-01 22:27:48,796 - INFO - MainProcess - query_execution.segment1 - list index out of range
2022-02-01 22:27:48,796 - INFO - MainProcess - query_execution.segment1 - list index out of range
2022-02-01 22:27:48,796 - INFO - MainProcess - query_execution.segment1 - list index out of range
2022-02-01 22:27:48,796 - INFO - MainProcess - query_execution.segment1 - list index out of range
2022-02-01 22:27:48,796 - INFO - MainProcess - query_execution.segment1 - list index out of range
2022-02-01 22:27:48,796 - INFO - MainProcess - query_execution.segment1 - list index out of range
2022-02-01 22:27:48,796 - INFO - MainProcess - query_execution.segment1 - list index out of range
2022-02-01 22:27:48,796 - INFO - MainProcess - query_execution.segment1 - list index out of range
2022-02-01 22:27:48,796 - INFO - MainProcess - query_execution.segment1 - list index out of range
2022-02-01 22:27:48,796 - INFO - MainProcess - query_execution.segment1 - list index out of range
2022-02-01 22:27:48,811 - INFO - MainProcess - query_execution.segment1 - list index out of range
2022-02-01 22:27:48,811 - INFO - MainProcess - query_execution.segment1 - list index out of range
2022-02-01 22:27:48,811 - INFO - MainProcess - query_execution.segment1 - list index out of range
2022-02-01 22:27:48,811 - INFO - MainProcess - query_execution.segment1 - list index out of range
2022-02-01 22:27:48,811 - INFO - MainProcess - query_execution.segment1 - list index out of range
2022-02-01 22:27:48,811 - INFO - MainProcess - query_execution.segment1 - list index out of range
2022-02-01 22:27:48,811 - INFO - MainProcess - query_execution.segment1 - list index out of range
2022-02-01 22:27:48,811 - INFO - MainProcess - query_execution.segment1 - list index out of range
2022-02-01 22:27:48,811 - INFO - MainProcess - query_execution.segment1 - list index out of range
2022-02-01 22:27:48,811 - INFO - MainProcess - query_execution.segment1 - list index out of range
2022-02-01 22:27:48,811 - INFO - MainProcess - query_execution.segment1 - list index out of range
2022-02-01 22:27:48,811 - INFO - MainProcess - query_execution.segment1 - list index out of range
2022-02-01 22:27:48,811 - INFO - MainProcess - query_execution.segment1 - list index out of range
2022-02-01 22:27:48,811 - INFO - MainProcess - query_execution.segment1 - list index out of range
2022-02-01 22:27:48,811 - INFO - MainProcess - query_execution.segment1 - list index out of range
2022-02-01 22:27:48,811 - INFO - MainProcess - query_execution.segment1 - list index out of range
2022-02-01 22:27:48,811 - INFO - MainProcess - query_execution.segment1 - list index out of range
2022-02-01 22:27:48,811 - INFO - MainProcess - query_execution.segment1 - list index out of range
2022-02-01 22:27:48,811 - INFO - MainProcess - query_execution.segment1 - list index out of range
2022-02-01 22:27:48,811 - INFO - MainProcess - query_execution.segment1 - list index out of range
2022-02-01 22:27:48,811 - INFO - MainProcess - query_execution.segment1 - list index out of range
2022-02-01 22:27:48,811 - INFO - MainProcess - query_execution.segment1 - list index out of range
2022-02-01 22:27:48,811 - INFO - MainProcess - query_execution.segment1 - list index out of range
2022-02-01 22:27:48,811 - INFO - MainProcess - query_execution.segment1 - list index out of range
2022-02-01 22:27:48,811 - INFO - MainProcess - query_execution.segment1 - list index out of range
2022-02-01 22:27:48,811 - INFO - MainProcess - query_execution.segment1 - list index out of range
2022-02-01 22:27:48,811 - INFO - MainProcess - query_execution.segment1 - list index out of range
2022-02-01 22:27:48,811 - INFO - MainProcess - query_execution.segment1 - list index out of range
2022-02-01 22:27:48,811 - INFO - MainProcess - query_execution.segment1 - list index out of range
2022-02-01 22:27:48,811 - INFO - MainProcess - query_execution.segment1 - list index out of range
2022-02-01 22:27:48,811 - INFO - MainProcess - query_execution.segment1 - list index out of range
2022-02-01 22:27:48,811 - INFO - MainProcess - query_execution.segment1 - list index out of range
2022-02-01 22:27:48,811 - INFO - MainProcess - query_execution.segment1 - list index out of range
2022-02-01 22:27:48,811 - INFO - MainProcess - query_execution.segment1 - list index out of range
2022-02-01 22:27:48,811 - INFO - MainProcess - query_execution.segment1 - list index out of range
2022-02-01 22:27:48,811 - INFO - MainProcess - query_execution.segment1 - list index out of range
2022-02-01 22:27:48,811 - INFO - MainProcess - query_execution.segment1 - list index out of range
2022-02-01 22:27:48,811 - INFO - MainProcess - query_execution.segment1 - list index out of range
2022-02-01 22:27:48,811 - INFO - MainProcess - query_execution.segment1 - list index out of range
2022-02-01 22:27:48,811 - INFO - MainProcess - query_execution.segment1 - list index out of range
2022-02-01 22:27:48,811 - INFO - MainProcess - query_execution.segment1 - list index out of range
2022-02-01 22:27:48,811 - INFO - MainProcess - query_execution.segment1 - list index out of range
2022-02-01 22:27:48,827 - INFO - MainProcess - query_execution.segment1 - list index out of range
2022-02-01 22:27:48,827 - INFO - MainProcess - query_execution.segment1 - list index out of range
2022-02-01 22:27:48,827 - INFO - MainProcess - query_execution.segment1 - list index out of range
2022-02-01 22:27:48,827 - INFO - MainProcess - query_execution.segment1 - list index out of range
2022-02-01 22:27:48,827 - INFO - MainProcess - query_execution.segment1 - list index out of range
2022-02-01 22:27:48,827 - INFO - MainProcess - query_execution.segment1 - list index out of range
2022-02-01 22:27:48,827 - INFO - MainProcess - query_execution.segment1 - list index out of range
2022-02-01 22:27:48,827 - INFO - MainProcess - query_execution.segment1 - list index out of range
2022-02-01 22:27:48,827 - INFO - MainProcess - query_execution.segment1 - list index out of range
2022-02-01 22:27:48,827 - INFO - MainProcess - query_execution.segment1 - list index out of range
2022-02-01 22:27:48,827 - INFO - MainProcess - query_execution.segment1 - list index out of range
2022-02-01 22:27:48,827 - INFO - MainProcess - query_execution.segment1 - list index out of range
2022-02-01 22:27:48,827 - INFO - MainProcess - query_execution.segment1 - list index out of range
2022-02-01 22:27:48,827 - INFO - MainProcess - query_execution.segment1 - list index out of range
2022-02-01 22:27:48,827 - INFO - MainProcess - query_execution.segment1 - list index out of range
2022-02-01 22:27:48,827 - INFO - MainProcess - query_execution.segment1 - list index out of range
2022-02-01 22:27:48,827 - INFO - MainProcess - query_execution.segment1 - list index out of range
2022-02-01 22:27:48,827 - INFO - MainProcess - query_execution.segment1 - list index out of range
2022-02-01 22:27:48,827 - INFO - MainProcess - query_execution.segment1 - list index out of range
2022-02-01 22:27:48,827 - INFO - MainProcess - query_execution.segment1 - list index out of range
2022-02-01 22:27:48,827 - INFO - MainProcess - query_execution.segment1 - list index out of range
2022-02-01 22:27:48,827 - INFO - MainProcess - query_execution.segment1 - list index out of range
2022-02-01 22:27:48,827 - INFO - MainProcess - query_execution.segment1 - list index out of range
2022-02-01 22:27:48,827 - INFO - MainProcess - query_execution.segment1 - list index out of range
2022-02-01 22:27:48,827 - INFO - MainProcess - query_execution.segment1 - list index out of range
2022-02-01 22:27:48,827 - INFO - MainProcess - query_execution.segment1 - list index out of range
2022-02-01 22:27:48,827 - INFO - MainProcess - query_execution.segment1 - list index out of range
2022-02-01 22:27:48,827 - INFO - MainProcess - query_execution.segment1 - list index out of range
2022-02-01 22:27:48,827 - INFO - MainProcess - query_execution.segment1 - list index out of range
2022-02-01 22:27:48,827 - INFO - MainProcess - query_execution.segment1 - list index out of range
2022-02-01 22:27:48,827 - INFO - MainProcess - query_execution.segment1 - list index out of range
2022-02-01 22:27:48,827 - INFO - MainProcess - query_execution.segment1 - list index out of range
2022-02-01 22:27:48,827 - INFO - MainProcess - query_execution.segment1 - list index out of range
2022-02-01 22:27:48,827 - INFO - MainProcess - query_execution.segment1 - list index out of range
2022-02-01 22:27:48,827 - INFO - MainProcess - query_execution.segment1 - list index out of range
2022-02-01 22:27:48,827 - INFO - MainProcess - query_execution.segment1 - list index out of range
2022-02-01 22:27:48,827 - INFO - MainProcess - query_execution.segment1 - list index out of range
2022-02-01 22:27:48,827 - INFO - MainProcess - query_execution.segment1 - list index out of range
2022-02-01 22:27:48,827 - INFO - MainProcess - query_execution.segment1 - list index out of range
2022-02-01 22:27:48,827 - INFO - MainProcess - query_execution.segment1 - list index out of range
2022-02-01 22:27:48,827 - INFO - MainProcess - query_execution.segment1 - list index out of range
2022-02-01 22:27:48,827 - INFO - MainProcess - query_execution.segment1 - list index out of range
2022-02-01 22:27:48,843 - INFO - MainProcess - query_execution.segment1 - list index out of range
2022-02-01 22:27:48,843 - INFO - MainProcess - query_execution.segment1 - list index out of range
2022-02-01 22:27:48,843 - INFO - MainProcess - query_execution.segment1 - list index out of range
2022-02-01 22:27:48,843 - INFO - MainProcess - query_execution.segment1 - list index out of range
2022-02-01 22:27:48,843 - INFO - MainProcess - query_execution.segment1 - list index out of range
2022-02-01 22:27:48,843 - INFO - MainProcess - query_execution.segment1 - list index out of range
2022-02-01 22:27:48,843 - INFO - MainProcess - query_execution.segment1 - list index out of range
2022-02-01 22:27:48,843 - INFO - MainProcess - query_execution.segment1 - list index out of range
2022-02-01 22:27:48,843 - INFO - MainProcess - query_execution.segment1 - list index out of range
2022-02-01 22:27:48,843 - INFO - MainProcess - query_execution.segment1 - list index out of range
2022-02-01 22:27:48,843 - INFO - MainProcess - query_execution.segment1 - list index out of range
2022-02-01 22:27:48,843 - INFO - MainProcess - query_execution.segment1 - list index out of range
2022-02-01 22:27:48,843 - INFO - MainProcess - query_execution.segment1 - list index out of range
2022-02-01 22:27:48,843 - INFO - MainProcess - query_execution.segment1 - list index out of range
2022-02-01 22:27:48,843 - INFO - MainProcess - query_execution.segment1 - list index out of range
2022-02-01 22:27:48,843 - INFO - MainProcess - query_execution.segment1 - list index out of range
2022-02-01 22:27:48,843 - INFO - MainProcess - query_execution.segment1 - list index out of range
2022-02-01 22:27:48,843 - INFO - MainProcess - query_execution.segment1 - list index out of range
2022-02-01 22:27:48,843 - INFO - MainProcess - query_execution.segment1 - list index out of range
2022-02-01 22:27:48,843 - INFO - MainProcess - query_execution.segment1 - list index out of range
2022-02-01 22:27:48,843 - INFO - MainProcess - query_execution.segment1 - list index out of range
2022-02-01 22:27:48,843 - INFO - MainProcess - query_execution.segment1 - list index out of range
2022-02-01 22:27:48,843 - INFO - MainProcess - query_execution.segment1 - list index out of range
2022-02-01 22:27:48,843 - INFO - MainProcess - query_execution.segment1 - list index out of range
2022-02-01 22:27:48,843 - INFO - MainProcess - query_execution.segment1 - list index out of range
2022-02-01 22:27:48,843 - INFO - MainProcess - query_execution.segment1 - list index out of range
2022-02-01 22:27:48,843 - INFO - MainProcess - query_execution.segment1 - list index out of range
2022-02-01 22:27:48,843 - INFO - MainProcess - query_execution.segment1 - list index out of range
2022-02-01 22:27:48,843 - INFO - MainProcess - query_execution.segment1 - list index out of range
2022-02-01 22:27:48,843 - INFO - MainProcess - query_execution.segment1 - list index out of range
2022-02-01 22:27:48,843 - INFO - MainProcess - query_execution.segment1 - list index out of range
2022-02-01 22:27:48,843 - INFO - MainProcess - query_execution.segment1 - list index out of range
2022-02-01 22:27:48,843 - INFO - MainProcess - query_execution.segment1 - list index out of range
2022-02-01 22:27:48,843 - INFO - MainProcess - query_execution.segment1 - list index out of range
2022-02-01 22:27:48,843 - INFO - MainProcess - query_execution.segment1 - list index out of range
2022-02-01 22:27:48,843 - INFO - MainProcess - query_execution.segment1 - list index out of range
2022-02-01 22:27:48,843 - INFO - MainProcess - query_execution.segment1 - list index out of range
2022-02-01 22:27:48,843 - INFO - MainProcess - query_execution.segment1 - list index out of range
2022-02-01 22:27:48,843 - INFO - MainProcess - query_execution.segment1 - list index out of range
2022-02-01 22:27:48,843 - INFO - MainProcess - query_execution.segment1 - list index out of range
2022-02-01 22:27:48,843 - INFO - MainProcess - query_execution.segment1 - list index out of range
2022-02-01 22:27:48,843 - INFO - MainProcess - query_execution.segment1 - list index out of range
2022-02-01 22:27:48,858 - INFO - MainProcess - query_execution.segment1 - list index out of range
2022-02-01 22:27:48,858 - INFO - MainProcess - query_execution.segment1 - list index out of range
2022-02-01 22:27:48,858 - INFO - MainProcess - query_execution.segment1 - list index out of range
2022-02-01 22:27:48,858 - INFO - MainProcess - query_execution.segment1 - list index out of range
2022-02-01 22:27:48,858 - INFO - MainProcess - query_execution.segment1 - list index out of range
2022-02-01 22:27:48,858 - INFO - MainProcess - query_execution.segment1 - list index out of range
2022-02-01 22:27:48,858 - INFO - MainProcess - query_execution.segment1 - list index out of range
2022-02-01 22:27:48,858 - INFO - MainProcess - query_execution.segment1 - list index out of range
2022-02-01 22:27:48,858 - INFO - MainProcess - query_execution.segment1 - list index out of range
2022-02-01 22:27:48,858 - INFO - MainProcess - query_execution.segment1 - list index out of range
2022-02-01 22:27:48,858 - INFO - MainProcess - query_execution.segment1 - list index out of range
2022-02-01 22:27:48,858 - INFO - MainProcess - query_execution.segment1 - list index out of range
2022-02-01 22:27:48,858 - INFO - MainProcess - query_execution.segment1 - list index out of range
2022-02-01 22:27:48,858 - INFO - MainProcess - query_execution.segment1 - list index out of range
2022-02-01 22:27:48,858 - INFO - MainProcess - query_execution.segment1 - list index out of range
2022-02-01 22:27:48,858 - INFO - MainProcess - query_execution.segment1 - list index out of range
2022-02-01 22:27:48,858 - INFO - MainProcess - query_execution.segment1 - list index out of range
2022-02-01 22:27:48,858 - INFO - MainProcess - query_execution.segment1 - list index out of range
2022-02-01 22:27:48,858 - INFO - MainProcess - query_execution.segment1 - list index out of range
2022-02-01 22:27:48,858 - INFO - MainProcess - query_execution.segment1 - list index out of range
2022-02-01 22:27:48,858 - INFO - MainProcess - query_execution.segment1 - list index out of range
2022-02-01 22:27:48,858 - INFO - MainProcess - query_execution.segment1 - list index out of range
2022-02-01 22:27:48,858 - INFO - MainProcess - query_execution.segment1 - list index out of range
2022-02-01 22:27:48,858 - INFO - MainProcess - query_execution.segment1 - list index out of range
2022-02-01 22:27:48,858 - INFO - MainProcess - query_execution.segment1 - list index out of range
2022-02-01 22:27:48,858 - INFO - MainProcess - query_execution.segment1 - list index out of range
2022-02-01 22:27:48,858 - INFO - MainProcess - query_execution.segment1 - list index out of range
2022-02-01 22:27:48,858 - INFO - MainProcess - query_execution.segment1 - list index out of range
2022-02-01 22:27:48,858 - INFO - MainProcess - query_execution.segment1 - list index out of range
2022-02-01 22:27:48,858 - INFO - MainProcess - query_execution.segment1 - list index out of range
2022-02-01 22:27:48,858 - INFO - MainProcess - query_execution.segment1 - list index out of range
2022-02-01 22:27:48,858 - INFO - MainProcess - query_execution.segment1 - list index out of range
2022-02-01 22:27:48,858 - INFO - MainProcess - query_execution.segment1 - list index out of range
2022-02-01 22:27:48,858 - INFO - MainProcess - query_execution.segment1 - list index out of range
2022-02-01 22:27:48,858 - INFO - MainProcess - query_execution.segment1 - list index out of range
2022-02-01 22:27:48,858 - INFO - MainProcess - query_execution.segment1 - list index out of range
2022-02-01 22:27:48,858 - INFO - MainProcess - query_execution.segment1 - list index out of range
2022-02-01 22:27:48,858 - INFO - MainProcess - query_execution.segment1 - list index out of range
2022-02-01 22:27:48,858 - INFO - MainProcess - query_execution.segment1 - list index out of range
2022-02-01 22:27:48,858 - INFO - MainProcess - query_execution.segment1 - list index out of range
2022-02-01 22:27:48,858 - INFO - MainProcess - query_execution.segment1 - list index out of range
2022-02-01 22:27:48,858 - INFO - MainProcess - query_execution.segment1 - list index out of range
2022-02-01 22:27:48,874 - INFO - MainProcess - query_execution.segment1 - list index out of range
2022-02-01 22:27:48,874 - INFO - MainProcess - query_execution.segment1 - list index out of range
2022-02-01 22:27:48,874 - INFO - MainProcess - query_execution.segment1 - list index out of range
2022-02-01 22:27:48,874 - INFO - MainProcess - query_execution.segment1 - list index out of range
2022-02-01 22:27:48,874 - INFO - MainProcess - query_execution.segment1 - list index out of range
2022-02-01 22:27:48,874 - INFO - MainProcess - query_execution.segment1 - list index out of range
2022-02-01 22:27:48,874 - INFO - MainProcess - query_execution.segment1 - list index out of range
2022-02-01 22:27:48,874 - INFO - MainProcess - query_execution.segment1 - list index out of range
2022-02-01 22:27:48,874 - INFO - MainProcess - query_execution.segment1 - list index out of range
2022-02-01 22:27:48,874 - INFO - MainProcess - query_execution.segment1 - list index out of range
2022-02-01 22:27:48,874 - INFO - MainProcess - query_execution.segment1 - list index out of range
2022-02-01 22:27:48,874 - INFO - MainProcess - query_execution.segment1 - list index out of range
2022-02-01 22:27:48,874 - INFO - MainProcess - query_execution.segment1 - list index out of range
2022-02-01 22:27:48,874 - INFO - MainProcess - query_execution.segment1 - list index out of range
2022-02-01 22:27:48,874 - INFO - MainProcess - query_execution.segment1 - list index out of range
2022-02-01 22:27:48,874 - INFO - MainProcess - query_execution.segment1 - list index out of range
2022-02-01 22:27:48,874 - INFO - MainProcess - query_execution.segment1 - list index out of range
2022-02-01 22:27:48,874 - INFO - MainProcess - query_execution.segment1 - list index out of range
2022-02-01 22:27:48,874 - INFO - MainProcess - query_execution.segment1 - list index out of range
2022-02-01 22:27:48,874 - INFO - MainProcess - query_execution.segment1 - list index out of range
2022-02-01 22:27:48,874 - INFO - MainProcess - query_execution.segment1 - list index out of range
2022-02-01 22:27:48,874 - INFO - MainProcess - query_execution.segment1 - list index out of range
2022-02-01 22:27:48,874 - INFO - MainProcess - query_execution.segment1 - list index out of range
2022-02-01 22:27:48,874 - INFO - MainProcess - query_execution.segment1 - list index out of range
2022-02-01 22:27:48,874 - INFO - MainProcess - query_execution.segment1 - list index out of range
2022-02-01 22:27:48,874 - INFO - MainProcess - query_execution.segment1 - list index out of range
2022-02-01 22:27:48,874 - INFO - MainProcess - query_execution.segment1 - list index out of range
2022-02-01 22:27:48,874 - INFO - MainProcess - query_execution.segment1 - list index out of range
2022-02-01 22:27:48,874 - INFO - MainProcess - query_execution.segment1 - list index out of range
2022-02-01 22:27:48,874 - INFO - MainProcess - query_execution.segment1 - list index out of range
2022-02-01 22:27:48,874 - INFO - MainProcess - query_execution.segment1 - list index out of range
2022-02-01 22:27:48,874 - INFO - MainProcess - query_execution.segment1 - list index out of range
2022-02-01 22:27:48,874 - INFO - MainProcess - query_execution.segment1 - list index out of range
2022-02-01 22:27:48,874 - INFO - MainProcess - query_execution.segment1 - list index out of range
2022-02-01 22:27:48,889 - INFO - MainProcess - query_execution.segment1 - list index out of range
2022-02-01 22:27:48,889 - INFO - MainProcess - query_execution.segment1 - list index out of range
2022-02-01 22:27:48,889 - INFO - MainProcess - query_execution.segment1 - list index out of range
2022-02-01 22:27:48,889 - INFO - MainProcess - query_execution.segment1 - list index out of range
2022-02-01 22:27:48,889 - INFO - MainProcess - query_execution.segment1 - list index out of range
2022-02-01 22:27:48,889 - INFO - MainProcess - query_execution.segment1 - list index out of range
2022-02-01 22:27:48,889 - INFO - MainProcess - query_execution.segment1 - list index out of range
2022-02-01 22:27:48,889 - INFO - MainProcess - query_execution.segment1 - list index out of range
2022-02-01 22:27:48,905 - INFO - MainProcess - query_execution.segment1 - list index out of range
2022-02-01 22:27:48,905 - INFO - MainProcess - query_execution.segment1 - list index out of range
2022-02-01 22:27:48,905 - INFO - MainProcess - query_execution.segment1 - list index out of range
2022-02-01 22:27:48,905 - INFO - MainProcess - query_execution.segment1 - list index out of range
2022-02-01 22:27:48,905 - INFO - MainProcess - query_execution.segment1 - list index out of range
2022-02-01 22:27:48,905 - INFO - MainProcess - query_execution.segment1 - list index out of range
2022-02-01 22:27:48,905 - INFO - MainProcess - query_execution.segment1 - list index out of range
2022-02-01 22:27:48,905 - INFO - MainProcess - query_execution.segment1 - list index out of range
2022-02-01 22:27:48,905 - INFO - MainProcess - query_execution.segment1 - list index out of range
2022-02-01 22:27:48,905 - INFO - MainProcess - query_execution.segment1 - list index out of range
2022-02-01 22:27:48,905 - INFO - MainProcess - query_execution.segment1 - list index out of range
2022-02-01 22:27:48,905 - INFO - MainProcess - query_execution.segment1 - list index out of range
2022-02-01 22:27:48,905 - INFO - MainProcess - query_execution.segment1 - list index out of range
2022-02-01 22:27:48,905 - INFO - MainProcess - query_execution.segment1 - list index out of range
2022-02-01 22:27:48,905 - INFO - MainProcess - query_execution.segment1 - list index out of range
2022-02-01 22:27:48,905 - INFO - MainProcess - query_execution.segment1 - list index out of range
2022-02-01 22:27:48,905 - INFO - MainProcess - query_execution.segment1 - list index out of range
2022-02-01 22:27:48,905 - INFO - MainProcess - query_execution.segment1 - list index out of range
2022-02-01 22:27:48,905 - INFO - MainProcess - query_execution.segment1 - list index out of range
2022-02-01 22:27:48,905 - INFO - MainProcess - query_execution.segment1 - list index out of range
2022-02-01 22:27:48,905 - INFO - MainProcess - query_execution.segment1 - list index out of range
2022-02-01 22:27:48,905 - INFO - MainProcess - query_execution.segment1 - list index out of range
2022-02-01 22:27:48,905 - INFO - MainProcess - query_execution.segment1 - list index out of range
2022-02-01 22:27:48,905 - INFO - MainProcess - query_execution.segment1 - list index out of range
2022-02-01 22:27:48,905 - INFO - MainProcess - query_execution.segment1 - list index out of range
2022-02-01 22:27:48,905 - INFO - MainProcess - query_execution.segment1 - list index out of range
2022-02-01 22:27:48,905 - INFO - MainProcess - query_execution.segment1 - list index out of range
2022-02-01 22:27:48,905 - INFO - MainProcess - query_execution.segment1 - list index out of range
2022-02-01 22:27:48,905 - INFO - MainProcess - query_execution.segment1 - list index out of range
2022-02-01 22:27:48,905 - INFO - MainProcess - query_execution.segment1 - list index out of range
2022-02-01 22:27:48,905 - INFO - MainProcess - query_execution.segment1 - list index out of range
2022-02-01 22:27:48,905 - INFO - MainProcess - query_execution.segment1 - list index out of range
2022-02-01 22:27:48,905 - INFO - MainProcess - query_execution.segment1 - list index out of range
2022-02-01 22:27:48,905 - INFO - MainProcess - query_execution.segment1 - list index out of range
2022-02-01 22:27:48,905 - INFO - MainProcess - query_execution.segment1 - list index out of range
2022-02-01 22:27:48,905 - INFO - MainProcess - query_execution.segment1 - list index out of range
2022-02-01 22:27:48,905 - INFO - MainProcess - query_execution.segment1 - list index out of range
2022-02-01 22:27:48,905 - INFO - MainProcess - query_execution.segment1 - list index out of range
2022-02-01 22:27:48,905 - INFO - MainProcess - query_execution.segment1 - list index out of range
2022-02-01 22:27:48,905 - INFO - MainProcess - query_execution.segment1 - list index out of range
2022-02-01 22:27:48,905 - INFO - MainProcess - query_execution.segment1 - list index out of range
2022-02-01 22:27:48,905 - INFO - MainProcess - query_execution.segment1 - list index out of range
2022-02-01 22:27:48,921 - INFO - MainProcess - query_execution.segment1 - list index out of range
2022-02-01 22:27:48,921 - INFO - MainProcess - query_execution.segment1 - list index out of range
2022-02-01 22:27:48,921 - INFO - MainProcess - query_execution.segment1 - list index out of range
2022-02-01 22:27:48,921 - INFO - MainProcess - query_execution.segment1 - list index out of range
2022-02-01 22:27:48,921 - INFO - MainProcess - query_execution.segment1 - list index out of range
2022-02-01 22:27:48,921 - INFO - MainProcess - query_execution.segment1 - list index out of range
2022-02-01 22:27:48,921 - INFO - MainProcess - query_execution.segment1 - list index out of range
2022-02-01 22:27:48,921 - INFO - MainProcess - query_execution.segment1 - list index out of range
2022-02-01 22:27:48,921 - INFO - MainProcess - query_execution.segment1 - list index out of range
2022-02-01 22:27:48,921 - INFO - MainProcess - query_execution.segment1 - list index out of range
2022-02-01 22:27:48,921 - INFO - MainProcess - query_execution.segment1 - list index out of range
2022-02-01 22:27:48,921 - INFO - MainProcess - query_execution.segment1 - list index out of range
2022-02-01 22:27:48,921 - INFO - MainProcess - query_execution.segment1 - list index out of range
2022-02-01 22:27:48,921 - INFO - MainProcess - query_execution.segment1 - list index out of range
2022-02-01 22:27:48,921 - INFO - MainProcess - query_execution.segment1 - list index out of range
2022-02-01 22:27:48,921 - INFO - MainProcess - query_execution.segment1 - list index out of range
2022-02-01 22:27:48,921 - INFO - MainProcess - query_execution.segment1 - list index out of range
2022-02-01 22:27:48,921 - INFO - MainProcess - query_execution.segment1 - list index out of range
2022-02-01 22:27:48,921 - INFO - MainProcess - query_execution.segment1 - list index out of range
2022-02-01 22:27:48,921 - INFO - MainProcess - query_execution.segment1 - list index out of range
2022-02-01 22:27:48,921 - INFO - MainProcess - query_execution.segment1 - list index out of range
2022-02-01 22:27:48,921 - INFO - MainProcess - query_execution.segment1 - list index out of range
2022-02-01 22:27:48,921 - INFO - MainProcess - query_execution.segment1 - list index out of range
2022-02-01 22:27:48,921 - INFO - MainProcess - query_execution.segment1 - list index out of range
2022-02-01 22:27:48,921 - INFO - MainProcess - query_execution.segment1 - list index out of range
2022-02-01 22:27:48,921 - INFO - MainProcess - query_execution.segment1 - list index out of range
2022-02-01 22:27:48,921 - INFO - MainProcess - query_execution.segment1 - list index out of range
2022-02-01 22:27:48,921 - INFO - MainProcess - query_execution.segment1 - list index out of range
2022-02-01 22:27:48,921 - INFO - MainProcess - query_execution.segment1 - list index out of range
2022-02-01 22:27:48,921 - INFO - MainProcess - query_execution.segment1 - list index out of range
2022-02-01 22:27:48,921 - INFO - MainProcess - query_execution.segment1 - list index out of range
2022-02-01 22:27:48,921 - INFO - MainProcess - query_execution.segment1 - list index out of range
2022-02-01 22:27:48,921 - INFO - MainProcess - query_execution.segment1 - list index out of range
2022-02-01 22:27:48,921 - INFO - MainProcess - query_execution.segment1 - list index out of range
2022-02-01 22:27:48,921 - INFO - MainProcess - query_execution.segment1 - list index out of range
2022-02-01 22:27:48,921 - INFO - MainProcess - query_execution.segment1 - list index out of range
2022-02-01 22:27:48,921 - INFO - MainProcess - query_execution.segment1 - list index out of range
2022-02-01 22:27:48,921 - INFO - MainProcess - query_execution.segment1 - list index out of range
2022-02-01 22:27:48,921 - INFO - MainProcess - query_execution.segment1 - list index out of range
2022-02-01 22:27:48,921 - INFO - MainProcess - query_execution.segment1 - list index out of range
2022-02-01 22:27:48,921 - INFO - MainProcess - query_execution.segment1 - list index out of range
2022-02-01 22:27:48,921 - INFO - MainProcess - query_execution.segment1 - list index out of range
2022-02-01 22:27:48,936 - INFO - MainProcess - query_execution.segment1 - list index out of range
2022-02-01 22:27:48,936 - INFO - MainProcess - query_execution.segment1 - list index out of range
2022-02-01 22:27:48,936 - INFO - MainProcess - query_execution.segment1 - list index out of range
2022-02-01 22:27:48,936 - INFO - MainProcess - query_execution.segment1 - list index out of range
2022-02-01 22:27:48,936 - INFO - MainProcess - query_execution.segment1 - list index out of range
2022-02-01 22:27:48,936 - INFO - MainProcess - query_execution.segment1 - list index out of range
2022-02-01 22:27:48,936 - INFO - MainProcess - query_execution.segment1 - list index out of range
2022-02-01 22:27:48,936 - INFO - MainProcess - query_execution.segment1 - list index out of range
2022-02-01 22:27:48,936 - INFO - MainProcess - query_execution.segment1 - list index out of range
2022-02-01 22:27:48,936 - INFO - MainProcess - query_execution.segment1 - list index out of range
2022-02-01 22:27:48,936 - INFO - MainProcess - query_execution.segment1 - list index out of range
2022-02-01 22:27:48,936 - INFO - MainProcess - query_execution.segment1 - list index out of range
2022-02-01 22:27:48,936 - INFO - MainProcess - query_execution.segment1 - list index out of range
2022-02-01 22:27:48,936 - INFO - MainProcess - query_execution.segment1 - list index out of range
2022-02-01 22:27:48,936 - INFO - MainProcess - query_execution.segment1 - list index out of range
2022-02-01 22:27:48,936 - INFO - MainProcess - query_execution.segment1 - list index out of range
2022-02-01 22:27:48,936 - INFO - MainProcess - query_execution.segment1 - list index out of range
2022-02-01 22:27:48,936 - INFO - MainProcess - query_execution.segment1 - list index out of range
2022-02-01 22:27:48,936 - INFO - MainProcess - query_execution.segment1 - list index out of range
2022-02-01 22:27:48,936 - INFO - MainProcess - query_execution.segment1 - list index out of range
2022-02-01 22:27:48,936 - INFO - MainProcess - query_execution.segment1 - list index out of range
2022-02-01 22:27:48,936 - INFO - MainProcess - query_execution.segment1 - list index out of range
2022-02-01 22:27:48,936 - INFO - MainProcess - query_execution.segment1 - list index out of range
2022-02-01 22:27:48,936 - INFO - MainProcess - query_execution.segment1 - list index out of range
2022-02-01 22:27:48,936 - INFO - MainProcess - query_execution.segment1 - list index out of range
2022-02-01 22:27:48,936 - INFO - MainProcess - query_execution.segment1 - list index out of range
2022-02-01 22:27:48,936 - INFO - MainProcess - query_execution.segment1 - list index out of range
2022-02-01 22:27:48,936 - INFO - MainProcess - query_execution.segment1 - list index out of range
2022-02-01 22:27:48,936 - INFO - MainProcess - query_execution.segment1 - list index out of range
2022-02-01 22:27:48,936 - INFO - MainProcess - query_execution.segment1 - list index out of range
2022-02-01 22:27:48,936 - INFO - MainProcess - query_execution.segment1 - list index out of range
2022-02-01 22:27:48,936 - INFO - MainProcess - query_execution.segment1 - list index out of range
2022-02-01 22:27:48,936 - INFO - MainProcess - query_execution.segment1 - list index out of range
2022-02-01 22:27:48,936 - INFO - MainProcess - query_execution.segment1 - list index out of range
2022-02-01 22:27:48,936 - INFO - MainProcess - query_execution.segment1 - list index out of range
2022-02-01 22:27:48,936 - INFO - MainProcess - query_execution.segment1 - list index out of range
2022-02-01 22:27:48,936 - INFO - MainProcess - query_execution.segment1 - list index out of range
2022-02-01 22:27:48,936 - INFO - MainProcess - query_execution.segment1 - list index out of range
2022-02-01 22:27:48,936 - INFO - MainProcess - query_execution.segment1 - list index out of range
2022-02-01 22:27:48,936 - INFO - MainProcess - query_execution.segment1 - list index out of range
2022-02-01 22:27:48,936 - INFO - MainProcess - query_execution.segment1 - list index out of range
2022-02-01 22:27:48,936 - INFO - MainProcess - query_execution.segment1 - list index out of range
2022-02-01 22:27:48,952 - INFO - MainProcess - query_execution.segment1 - list index out of range
2022-02-01 22:27:48,952 - INFO - MainProcess - query_execution.segment1 - list index out of range
2022-02-01 22:27:48,952 - INFO - MainProcess - query_execution.segment1 - list index out of range
2022-02-01 22:27:48,952 - INFO - MainProcess - query_execution.segment1 - list index out of range
2022-02-01 22:27:48,952 - INFO - MainProcess - query_execution.segment1 - list index out of range
2022-02-01 22:27:48,952 - INFO - MainProcess - query_execution.segment1 - list index out of range
2022-02-01 22:27:48,952 - INFO - MainProcess - query_execution.segment1 - list index out of range
2022-02-01 22:27:48,952 - INFO - MainProcess - query_execution.segment1 - list index out of range
2022-02-01 22:27:48,952 - INFO - MainProcess - query_execution.segment1 - list index out of range
2022-02-01 22:27:48,952 - INFO - MainProcess - query_execution.segment1 - list index out of range
2022-02-01 22:27:48,952 - INFO - MainProcess - query_execution.segment1 - list index out of range
2022-02-01 22:27:48,952 - INFO - MainProcess - query_execution.segment1 - list index out of range
2022-02-01 22:27:48,952 - INFO - MainProcess - query_execution.segment1 - list index out of range
2022-02-01 22:27:48,952 - INFO - MainProcess - query_execution.segment1 - list index out of range
2022-02-01 22:27:48,952 - INFO - MainProcess - query_execution.segment1 - list index out of range
2022-02-01 22:27:48,952 - INFO - MainProcess - query_execution.segment1 - list index out of range
2022-02-01 22:27:48,952 - INFO - MainProcess - query_execution.segment1 - list index out of range
2022-02-01 22:27:48,952 - INFO - MainProcess - query_execution.segment1 - list index out of range
2022-02-01 22:27:48,952 - INFO - MainProcess - query_execution.segment1 - list index out of range
2022-02-01 22:27:48,952 - INFO - MainProcess - query_execution.segment1 - list index out of range
2022-02-01 22:27:48,952 - INFO - MainProcess - query_execution.segment1 - list index out of range
2022-02-01 22:27:48,952 - INFO - MainProcess - query_execution.segment1 - list index out of range
2022-02-01 22:27:48,952 - INFO - MainProcess - query_execution.segment1 - list index out of range
2022-02-01 22:27:48,952 - INFO - MainProcess - query_execution.segment1 - list index out of range
2022-02-01 22:27:48,952 - INFO - MainProcess - query_execution.segment1 - list index out of range
2022-02-01 22:27:48,952 - INFO - MainProcess - query_execution.segment1 - list index out of range
2022-02-01 22:27:48,952 - INFO - MainProcess - query_execution.segment1 - list index out of range
2022-02-01 22:27:48,952 - INFO - MainProcess - query_execution.segment1 - list index out of range
2022-02-01 22:27:48,952 - INFO - MainProcess - query_execution.segment1 - list index out of range
2022-02-01 22:27:48,952 - INFO - MainProcess - query_execution.segment1 - list index out of range
2022-02-01 22:27:48,952 - INFO - MainProcess - query_execution.segment1 - list index out of range
2022-02-01 22:27:48,952 - INFO - MainProcess - query_execution.segment1 - list index out of range
2022-02-01 22:27:48,952 - INFO - MainProcess - query_execution.segment1 - list index out of range
2022-02-01 22:27:48,952 - INFO - MainProcess - query_execution.segment1 - list index out of range
2022-02-01 22:27:48,952 - INFO - MainProcess - query_execution.segment1 - list index out of range
2022-02-01 22:27:48,952 - INFO - MainProcess - query_execution.segment1 - list index out of range
2022-02-01 22:27:48,952 - INFO - MainProcess - query_execution.segment1 - list index out of range
2022-02-01 22:27:48,952 - INFO - MainProcess - query_execution.segment1 - list index out of range
2022-02-01 22:27:48,952 - INFO - MainProcess - query_execution.segment1 - list index out of range
2022-02-01 22:27:48,952 - INFO - MainProcess - query_execution.segment1 - list index out of range
2022-02-01 22:27:48,952 - INFO - MainProcess - query_execution.segment1 - list index out of range
2022-02-01 22:27:48,952 - INFO - MainProcess - query_execution.segment1 - list index out of range
2022-02-01 22:27:48,967 - INFO - MainProcess - query_execution.segment1 - list index out of range
2022-02-01 22:27:48,967 - INFO - MainProcess - query_execution.segment1 - list index out of range
2022-02-01 22:27:48,967 - INFO - MainProcess - query_execution.segment1 - list index out of range
2022-02-01 22:27:48,967 - INFO - MainProcess - query_execution.segment1 - list index out of range
2022-02-01 22:27:48,967 - INFO - MainProcess - query_execution.segment1 - list index out of range
2022-02-01 22:27:48,967 - INFO - MainProcess - query_execution.segment1 - list index out of range
2022-02-01 22:27:48,967 - INFO - MainProcess - query_execution.segment1 - list index out of range
2022-02-01 22:27:48,967 - INFO - MainProcess - query_execution.segment1 - list index out of range
2022-02-01 22:27:48,967 - INFO - MainProcess - query_execution.segment1 - list index out of range
2022-02-01 22:27:48,967 - INFO - MainProcess - query_execution.segment1 - list index out of range
2022-02-01 22:27:48,967 - INFO - MainProcess - query_execution.segment1 - list index out of range
2022-02-01 22:27:48,967 - INFO - MainProcess - query_execution.segment1 - list index out of range
2022-02-01 22:27:48,967 - INFO - MainProcess - query_execution.segment1 - list index out of range
2022-02-01 22:27:48,967 - INFO - MainProcess - query_execution.segment1 - list index out of range
2022-02-01 22:27:48,967 - INFO - MainProcess - query_execution.segment1 - list index out of range
2022-02-01 22:27:48,967 - INFO - MainProcess - query_execution.segment1 - list index out of range
2022-02-01 22:27:48,967 - INFO - MainProcess - query_execution.segment1 - list index out of range
2022-02-01 22:27:48,967 - INFO - MainProcess - query_execution.segment1 - list index out of range
2022-02-01 22:27:48,967 - INFO - MainProcess - query_execution.segment1 - list index out of range
2022-02-01 22:27:48,967 - INFO - MainProcess - query_execution.segment1 - list index out of range
2022-02-01 22:27:48,967 - INFO - MainProcess - query_execution.segment1 - list index out of range
2022-02-01 22:27:48,967 - INFO - MainProcess - query_execution.segment1 - list index out of range
2022-02-01 22:27:48,967 - INFO - MainProcess - query_execution.segment1 - list index out of range
2022-02-01 22:27:48,967 - INFO - MainProcess - query_execution.segment1 - list index out of range
2022-02-01 22:27:48,967 - INFO - MainProcess - query_execution.segment1 - list index out of range
2022-02-01 22:27:48,967 - INFO - MainProcess - query_execution.segment1 - list index out of range
2022-02-01 22:27:48,967 - INFO - MainProcess - query_execution.segment1 - list index out of range
2022-02-01 22:27:48,967 - INFO - MainProcess - query_execution.segment1 - list index out of range
2022-02-01 22:27:48,967 - INFO - MainProcess - query_execution.segment1 - list index out of range
2022-02-01 22:27:48,967 - INFO - MainProcess - query_execution.segment1 - list index out of range
2022-02-01 22:27:48,967 - INFO - MainProcess - query_execution.segment1 - list index out of range
2022-02-01 22:27:48,967 - INFO - MainProcess - query_execution.segment1 - list index out of range
2022-02-01 22:27:48,967 - INFO - MainProcess - query_execution.segment1 - list index out of range
2022-02-01 22:27:48,967 - INFO - MainProcess - query_execution.segment1 - list index out of range
2022-02-01 22:27:48,967 - INFO - MainProcess - query_execution.segment1 - list index out of range
2022-02-01 22:27:48,967 - INFO - MainProcess - query_execution.segment1 - list index out of range
2022-02-01 22:27:48,967 - INFO - MainProcess - query_execution.segment1 - list index out of range
2022-02-01 22:27:48,967 - INFO - MainProcess - query_execution.segment1 - list index out of range
2022-02-01 22:27:48,967 - INFO - MainProcess - query_execution.segment1 - list index out of range
2022-02-01 22:27:48,967 - INFO - MainProcess - query_execution.segment1 - list index out of range
2022-02-01 22:27:48,967 - INFO - MainProcess - query_execution.segment1 - list index out of range
2022-02-01 22:27:48,967 - INFO - MainProcess - query_execution.segment1 - list index out of range
2022-02-01 22:27:48,983 - INFO - MainProcess - query_execution.segment1 - list index out of range
2022-02-01 22:27:48,983 - INFO - MainProcess - query_execution.segment1 - list index out of range
2022-02-01 22:27:48,983 - INFO - MainProcess - query_execution.segment1 - list index out of range
2022-02-01 22:27:48,983 - INFO - MainProcess - query_execution.segment1 - list index out of range
2022-02-01 22:27:48,983 - INFO - MainProcess - query_execution.segment1 - list index out of range
2022-02-01 22:27:48,983 - INFO - MainProcess - query_execution.segment1 - list index out of range
2022-02-01 22:27:48,983 - INFO - MainProcess - query_execution.segment1 - list index out of range
2022-02-01 22:27:48,983 - INFO - MainProcess - query_execution.segment1 - list index out of range
2022-02-01 22:27:48,983 - INFO - MainProcess - query_execution.segment1 - list index out of range
2022-02-01 22:27:48,983 - INFO - MainProcess - query_execution.segment1 - list index out of range
2022-02-01 22:27:48,983 - INFO - MainProcess - query_execution.segment1 - list index out of range
2022-02-01 22:27:48,983 - INFO - MainProcess - query_execution.segment1 - list index out of range
2022-02-01 22:27:48,983 - INFO - MainProcess - query_execution.segment1 - list index out of range
2022-02-01 22:27:48,983 - INFO - MainProcess - query_execution.segment1 - list index out of range
2022-02-01 22:27:48,983 - INFO - MainProcess - query_execution.segment1 - list index out of range
2022-02-01 22:27:48,983 - INFO - MainProcess - query_execution.segment1 - list index out of range
2022-02-01 22:27:48,983 - INFO - MainProcess - query_execution.segment1 - list index out of range
2022-02-01 22:27:48,983 - INFO - MainProcess - query_execution.segment1 - list index out of range
2022-02-01 22:27:48,983 - INFO - MainProcess - query_execution.segment1 - list index out of range
2022-02-01 22:27:48,983 - INFO - MainProcess - query_execution.segment1 - list index out of range
2022-02-01 22:27:48,983 - INFO - MainProcess - query_execution.segment1 - list index out of range
2022-02-01 22:27:48,983 - INFO - MainProcess - query_execution.segment1 - list index out of range
2022-02-01 22:27:48,983 - INFO - MainProcess - query_execution.segment1 - list index out of range
2022-02-01 22:27:48,983 - INFO - MainProcess - query_execution.segment1 - list index out of range
2022-02-01 22:27:48,983 - INFO - MainProcess - query_execution.segment1 - list index out of range
2022-02-01 22:27:48,983 - INFO - MainProcess - query_execution.segment1 - list index out of range
2022-02-01 22:27:48,983 - INFO - MainProcess - query_execution.segment1 - list index out of range
2022-02-01 22:27:48,983 - INFO - MainProcess - query_execution.segment1 - list index out of range
2022-02-01 22:27:48,983 - INFO - MainProcess - query_execution.segment1 - list index out of range
2022-02-01 22:27:48,983 - INFO - MainProcess - query_execution.segment1 - list index out of range
2022-02-01 22:27:48,983 - INFO - MainProcess - query_execution.segment1 - list index out of range
2022-02-01 22:27:48,983 - INFO - MainProcess - query_execution.segment1 - list index out of range
2022-02-01 22:27:48,983 - INFO - MainProcess - query_execution.segment1 - list index out of range
2022-02-01 22:27:48,983 - INFO - MainProcess - query_execution.segment1 - list index out of range
2022-02-01 22:27:48,983 - INFO - MainProcess - query_execution.segment1 - list index out of range
2022-02-01 22:27:48,983 - INFO - MainProcess - query_execution.segment1 - list index out of range
2022-02-01 22:27:48,983 - INFO - MainProcess - query_execution.segment1 - list index out of range
2022-02-01 22:27:48,983 - INFO - MainProcess - query_execution.segment1 - list index out of range
2022-02-01 22:27:48,983 - INFO - MainProcess - query_execution.segment1 - list index out of range
2022-02-01 22:27:48,983 - INFO - MainProcess - query_execution.segment1 - list index out of range
2022-02-01 22:27:48,983 - INFO - MainProcess - query_execution.segment1 - list index out of range
2022-02-01 22:27:48,983 - INFO - MainProcess - query_execution.segment1 - list index out of range
2022-02-01 22:27:48,999 - INFO - MainProcess - query_execution.segment1 - list index out of range
2022-02-01 22:27:48,999 - INFO - MainProcess - query_execution.segment1 - list index out of range
2022-02-01 22:27:48,999 - INFO - MainProcess - query_execution.segment1 - list index out of range
2022-02-01 22:27:48,999 - INFO - MainProcess - query_execution.segment1 - list index out of range
2022-02-01 22:27:48,999 - INFO - MainProcess - query_execution.segment1 - list index out of range
2022-02-01 22:27:48,999 - INFO - MainProcess - query_execution.segment1 - list index out of range
2022-02-01 22:27:48,999 - INFO - MainProcess - query_execution.segment1 - list index out of range
2022-02-01 22:27:48,999 - INFO - MainProcess - query_execution.segment1 - list index out of range
2022-02-01 22:27:48,999 - INFO - MainProcess - query_execution.segment1 - list index out of range
2022-02-01 22:27:48,999 - INFO - MainProcess - query_execution.segment1 - list index out of range
2022-02-01 22:27:48,999 - INFO - MainProcess - query_execution.segment1 - list index out of range
2022-02-01 22:27:48,999 - INFO - MainProcess - query_execution.segment1 - list index out of range
2022-02-01 22:27:48,999 - INFO - MainProcess - query_execution.segment1 - list index out of range
2022-02-01 22:27:48,999 - INFO - MainProcess - query_execution.segment1 - list index out of range
2022-02-01 22:27:48,999 - INFO - MainProcess - query_execution.segment1 - list index out of range
2022-02-01 22:27:48,999 - INFO - MainProcess - query_execution.segment1 - list index out of range
2022-02-01 22:27:48,999 - INFO - MainProcess - query_execution.segment1 - list index out of range
2022-02-01 22:27:48,999 - INFO - MainProcess - query_execution.segment1 - list index out of range
2022-02-01 22:27:48,999 - INFO - MainProcess - query_execution.segment1 - list index out of range
2022-02-01 22:27:48,999 - INFO - MainProcess - query_execution.segment1 - list index out of range
2022-02-01 22:27:48,999 - INFO - MainProcess - query_execution.segment1 - list index out of range
2022-02-01 22:27:48,999 - INFO - MainProcess - query_execution.segment1 - list index out of range
2022-02-01 22:27:48,999 - INFO - MainProcess - query_execution.segment1 - list index out of range
2022-02-01 22:27:48,999 - INFO - MainProcess - query_execution.segment1 - list index out of range
2022-02-01 22:27:48,999 - INFO - MainProcess - query_execution.segment1 - list index out of range
2022-02-01 22:27:48,999 - INFO - MainProcess - query_execution.segment1 - list index out of range
2022-02-01 22:27:48,999 - INFO - MainProcess - query_execution.segment1 - list index out of range
2022-02-01 22:27:48,999 - INFO - MainProcess - query_execution.segment1 - list index out of range
2022-02-01 22:27:48,999 - INFO - MainProcess - query_execution.segment1 - list index out of range
2022-02-01 22:27:48,999 - INFO - MainProcess - query_execution.segment1 - list index out of range
2022-02-01 22:27:48,999 - INFO - MainProcess - query_execution.segment1 - list index out of range
2022-02-01 22:27:48,999 - INFO - MainProcess - query_execution.segment1 - list index out of range
2022-02-01 22:27:48,999 - INFO - MainProcess - query_execution.segment1 - list index out of range
2022-02-01 22:27:48,999 - INFO - MainProcess - query_execution.segment1 - list index out of range
2022-02-01 22:27:48,999 - INFO - MainProcess - query_execution.segment1 - list index out of range
2022-02-01 22:27:48,999 - INFO - MainProcess - query_execution.segment1 - list index out of range
2022-02-01 22:27:48,999 - INFO - MainProcess - query_execution.segment1 - list index out of range
2022-02-01 22:27:48,999 - INFO - MainProcess - query_execution.segment1 - list index out of range
2022-02-01 22:27:48,999 - INFO - MainProcess - query_execution.segment1 - list index out of range
2022-02-01 22:27:48,999 - INFO - MainProcess - query_execution.segment1 - list index out of range
2022-02-01 22:27:48,999 - INFO - MainProcess - query_execution.segment1 - list index out of range
2022-02-01 22:27:48,999 - INFO - MainProcess - query_execution.segment1 - list index out of range
2022-02-01 22:27:49,014 - INFO - MainProcess - query_execution.segment1 - list index out of range
2022-02-01 22:27:49,014 - INFO - MainProcess - query_execution.segment1 - list index out of range
2022-02-01 22:27:49,014 - INFO - MainProcess - query_execution.segment1 - list index out of range
2022-02-01 22:27:49,014 - INFO - MainProcess - query_execution.segment1 - list index out of range
2022-02-01 22:27:49,014 - INFO - MainProcess - query_execution.segment1 - list index out of range
2022-02-01 22:27:49,014 - INFO - MainProcess - query_execution.segment1 - list index out of range
2022-02-01 22:27:49,014 - INFO - MainProcess - query_execution.segment1 - list index out of range
2022-02-01 22:27:49,014 - INFO - MainProcess - query_execution.segment1 - list index out of range
2022-02-01 22:27:49,014 - INFO - MainProcess - query_execution.segment1 - list index out of range
2022-02-01 22:27:49,014 - INFO - MainProcess - query_execution.segment1 - list index out of range
2022-02-01 22:27:49,014 - INFO - MainProcess - query_execution.segment1 - list index out of range
2022-02-01 22:27:49,014 - INFO - MainProcess - query_execution.segment1 - list index out of range
2022-02-01 22:27:49,014 - INFO - MainProcess - query_execution.segment1 - list index out of range
2022-02-01 22:27:49,014 - INFO - MainProcess - query_execution.segment1 - list index out of range
2022-02-01 22:27:49,014 - INFO - MainProcess - query_execution.segment1 - list index out of range
2022-02-01 22:27:49,014 - INFO - MainProcess - query_execution.segment1 - list index out of range
2022-02-01 22:27:49,014 - INFO - MainProcess - query_execution.segment1 - list index out of range
2022-02-01 22:27:49,014 - INFO - MainProcess - query_execution.segment1 - list index out of range
2022-02-01 22:27:49,014 - INFO - MainProcess - query_execution.segment1 - list index out of range
2022-02-01 22:27:49,014 - INFO - MainProcess - query_execution.segment1 - list index out of range
2022-02-01 22:27:49,014 - INFO - MainProcess - query_execution.segment1 - list index out of range
2022-02-01 22:27:49,014 - INFO - MainProcess - query_execution.segment1 - list index out of range
2022-02-01 22:27:49,014 - INFO - MainProcess - query_execution.segment1 - list index out of range
2022-02-01 22:27:49,014 - INFO - MainProcess - query_execution.segment1 - list index out of range
2022-02-01 22:27:49,014 - INFO - MainProcess - query_execution.segment1 - list index out of range
2022-02-01 22:27:49,014 - INFO - MainProcess - query_execution.segment1 - list index out of range
2022-02-01 22:27:49,014 - INFO - MainProcess - query_execution.segment1 - list index out of range
2022-02-01 22:27:49,014 - INFO - MainProcess - query_execution.segment1 - list index out of range
2022-02-01 22:27:49,014 - INFO - MainProcess - query_execution.segment1 - list index out of range
2022-02-01 22:27:49,014 - INFO - MainProcess - query_execution.segment1 - list index out of range
2022-02-01 22:27:49,014 - INFO - MainProcess - query_execution.segment1 - list index out of range
2022-02-01 22:27:49,014 - INFO - MainProcess - query_execution.segment1 - list index out of range
2022-02-01 22:27:49,014 - INFO - MainProcess - query_execution.segment1 - list index out of range
2022-02-01 22:27:49,014 - INFO - MainProcess - query_execution.segment1 - list index out of range
2022-02-01 22:27:49,014 - INFO - MainProcess - query_execution.segment1 - list index out of range
2022-02-01 22:27:49,014 - INFO - MainProcess - query_execution.segment1 - list index out of range
2022-02-01 22:27:49,014 - INFO - MainProcess - query_execution.segment1 - list index out of range
2022-02-01 22:27:49,014 - INFO - MainProcess - query_execution.segment1 - list index out of range
2022-02-01 22:27:49,014 - INFO - MainProcess - query_execution.segment1 - list index out of range
2022-02-01 22:27:49,014 - INFO - MainProcess - query_execution.segment1 - list index out of range
2022-02-01 22:27:49,014 - INFO - MainProcess - query_execution.segment1 - list index out of range
2022-02-01 22:27:49,014 - INFO - MainProcess - query_execution.segment1 - list index out of range
2022-02-01 22:27:49,030 - INFO - MainProcess - query_execution.segment1 - list index out of range
2022-02-01 22:27:49,030 - INFO - MainProcess - query_execution.segment1 - list index out of range
2022-02-01 22:27:49,030 - INFO - MainProcess - query_execution.segment1 - list index out of range
2022-02-01 22:27:49,030 - INFO - MainProcess - query_execution.segment1 - list index out of range
2022-02-01 22:27:49,030 - INFO - MainProcess - query_execution.segment1 - list index out of range
2022-02-01 22:27:49,030 - INFO - MainProcess - query_execution.segment1 - list index out of range
2022-02-01 22:27:49,030 - INFO - MainProcess - query_execution.segment1 - list index out of range
2022-02-01 22:27:49,030 - INFO - MainProcess - query_execution.segment1 - list index out of range
2022-02-01 22:27:49,030 - INFO - MainProcess - query_execution.segment1 - list index out of range
2022-02-01 22:27:49,030 - INFO - MainProcess - query_execution.segment1 - list index out of range
2022-02-01 22:27:49,030 - INFO - MainProcess - query_execution.segment1 - list index out of range
2022-02-01 22:27:49,030 - INFO - MainProcess - query_execution.segment1 - list index out of range
2022-02-01 22:27:49,030 - INFO - MainProcess - query_execution.segment1 - list index out of range
2022-02-01 22:27:49,030 - INFO - MainProcess - query_execution.segment1 - list index out of range
2022-02-01 22:27:49,030 - INFO - MainProcess - query_execution.segment1 - list index out of range
2022-02-01 22:27:49,030 - INFO - MainProcess - query_execution.segment1 - list index out of range
2022-02-01 22:27:49,030 - INFO - MainProcess - query_execution.segment1 - list index out of range
2022-02-01 22:27:49,030 - INFO - MainProcess - query_execution.segment1 - list index out of range
2022-02-01 22:27:49,030 - INFO - MainProcess - query_execution.segment1 - list index out of range
2022-02-01 22:27:49,030 - INFO - MainProcess - query_execution.segment1 - list index out of range
2022-02-01 22:27:49,030 - INFO - MainProcess - query_execution.segment1 - list index out of range
2022-02-01 22:27:49,030 - INFO - MainProcess - query_execution.segment1 - list index out of range
2022-02-01 22:27:49,030 - INFO - MainProcess - query_execution.segment1 - list index out of range
2022-02-01 22:27:49,030 - INFO - MainProcess - query_execution.segment1 - list index out of range
2022-02-01 22:27:49,030 - INFO - MainProcess - query_execution.segment1 - list index out of range
2022-02-01 22:27:49,030 - INFO - MainProcess - query_execution.segment1 - list index out of range
2022-02-01 22:27:49,030 - INFO - MainProcess - query_execution.segment1 - list index out of range
2022-02-01 22:27:49,030 - INFO - MainProcess - query_execution.segment1 - list index out of range
2022-02-01 22:27:49,030 - INFO - MainProcess - query_execution.segment1 - list index out of range
2022-02-01 22:27:49,030 - INFO - MainProcess - query_execution.segment1 - list index out of range
2022-02-01 22:27:49,030 - INFO - MainProcess - query_execution.segment1 - list index out of range
2022-02-01 22:27:49,030 - INFO - MainProcess - query_execution.segment1 - list index out of range
2022-02-01 22:27:49,030 - INFO - MainProcess - query_execution.segment1 - list index out of range
2022-02-01 22:27:49,030 - INFO - MainProcess - query_execution.segment1 - list index out of range
2022-02-01 22:27:49,030 - INFO - MainProcess - query_execution.segment1 - list index out of range
2022-02-01 22:27:49,030 - INFO - MainProcess - query_execution.segment1 - list index out of range
2022-02-01 22:27:49,030 - INFO - MainProcess - query_execution.segment1 - list index out of range
2022-02-01 22:27:49,030 - INFO - MainProcess - query_execution.segment1 - list index out of range
2022-02-01 22:27:49,030 - INFO - MainProcess - query_execution.segment1 - list index out of range
2022-02-01 22:27:49,030 - INFO - MainProcess - query_execution.segment1 - list index out of range
2022-02-01 22:27:49,030 - INFO - MainProcess - query_execution.segment1 - list index out of range
2022-02-01 22:27:49,030 - INFO - MainProcess - query_execution.segment1 - list index out of range
2022-02-01 22:27:49,045 - INFO - MainProcess - query_execution.segment1 - list index out of range
2022-02-01 22:27:49,045 - INFO - MainProcess - query_execution.segment1 - list index out of range
2022-02-01 22:27:49,045 - INFO - MainProcess - query_execution.segment1 - list index out of range
2022-02-01 22:27:49,045 - INFO - MainProcess - query_execution.segment1 - list index out of range
2022-02-01 22:27:49,045 - INFO - MainProcess - query_execution.segment1 - list index out of range
2022-02-01 22:27:49,045 - INFO - MainProcess - query_execution.segment1 - list index out of range
2022-02-01 22:27:49,045 - INFO - MainProcess - query_execution.segment1 - list index out of range
2022-02-01 22:27:49,045 - INFO - MainProcess - query_execution.segment1 - list index out of range
2022-02-01 22:27:49,045 - INFO - MainProcess - query_execution.segment1 - list index out of range
2022-02-01 22:27:49,045 - INFO - MainProcess - query_execution.segment1 - list index out of range
2022-02-01 22:27:49,045 - INFO - MainProcess - query_execution.segment1 - list index out of range
2022-02-01 22:27:49,045 - INFO - MainProcess - query_execution.segment1 - list index out of range
2022-02-01 22:27:49,045 - INFO - MainProcess - query_execution.segment1 - list index out of range
2022-02-01 22:27:49,045 - INFO - MainProcess - query_execution.segment1 - list index out of range
2022-02-01 22:27:49,045 - INFO - MainProcess - query_execution.segment1 - list index out of range
2022-02-01 22:27:49,045 - INFO - MainProcess - query_execution.segment1 - list index out of range
2022-02-01 22:27:49,045 - INFO - MainProcess - query_execution.segment1 - list index out of range
2022-02-01 22:27:49,045 - INFO - MainProcess - query_execution.segment1 - list index out of range
2022-02-01 22:27:49,045 - INFO - MainProcess - query_execution.segment1 - list index out of range
2022-02-01 22:27:49,045 - INFO - MainProcess - query_execution.segment1 - list index out of range
2022-02-01 22:27:49,045 - INFO - MainProcess - query_execution.segment1 - list index out of range
2022-02-01 22:27:49,045 - INFO - MainProcess - query_execution.segment1 - list index out of range
2022-02-01 22:27:49,045 - INFO - MainProcess - query_execution.segment1 - list index out of range
2022-02-01 22:27:49,045 - INFO - MainProcess - query_execution.segment1 - list index out of range
2022-02-01 22:27:49,045 - INFO - MainProcess - query_execution.segment1 - list index out of range
2022-02-01 22:27:49,045 - INFO - MainProcess - query_execution.segment1 - list index out of range
2022-02-01 22:27:49,045 - INFO - MainProcess - query_execution.segment1 - list index out of range
2022-02-01 22:27:49,045 - INFO - MainProcess - query_execution.segment1 - list index out of range
2022-02-01 22:27:49,045 - INFO - MainProcess - query_execution.segment1 - list index out of range
2022-02-01 22:27:49,045 - INFO - MainProcess - query_execution.segment1 - list index out of range
2022-02-01 22:27:49,045 - INFO - MainProcess - query_execution.segment1 - list index out of range
2022-02-01 22:27:49,045 - INFO - MainProcess - query_execution.segment1 - list index out of range
2022-02-01 22:27:49,045 - INFO - MainProcess - query_execution.segment1 - list index out of range
2022-02-01 22:27:49,045 - INFO - MainProcess - query_execution.segment1 - list index out of range
2022-02-01 22:27:49,045 - INFO - MainProcess - query_execution.segment1 - list index out of range
2022-02-01 22:27:49,045 - INFO - MainProcess - query_execution.segment1 - list index out of range
2022-02-01 22:27:49,045 - INFO - MainProcess - query_execution.segment1 - list index out of range
2022-02-01 22:27:49,045 - INFO - MainProcess - query_execution.segment1 - list index out of range
2022-02-01 22:27:49,045 - INFO - MainProcess - query_execution.segment1 - list index out of range
2022-02-01 22:27:49,045 - INFO - MainProcess - query_execution.segment1 - list index out of range
2022-02-01 22:27:49,045 - INFO - MainProcess - query_execution.segment1 - list index out of range
2022-02-01 22:27:49,045 - INFO - MainProcess - query_execution.segment1 - list index out of range
2022-02-01 22:27:49,061 - INFO - MainProcess - query_execution.segment1 - list index out of range
2022-02-01 22:27:49,061 - INFO - MainProcess - query_execution.segment1 - list index out of range
2022-02-01 22:27:49,061 - INFO - MainProcess - query_execution.segment1 - list index out of range
2022-02-01 22:27:49,061 - INFO - MainProcess - query_execution.segment1 - list index out of range
2022-02-01 22:27:49,061 - INFO - MainProcess - query_execution.segment1 - list index out of range
2022-02-01 22:27:49,061 - INFO - MainProcess - query_execution.segment1 - list index out of range
2022-02-01 22:27:49,061 - INFO - MainProcess - query_execution.segment1 - list index out of range
2022-02-01 22:27:49,061 - INFO - MainProcess - query_execution.segment1 - list index out of range
2022-02-01 22:27:49,061 - INFO - MainProcess - query_execution.segment1 - list index out of range
2022-02-01 22:27:49,061 - INFO - MainProcess - query_execution.segment1 - list index out of range
2022-02-01 22:27:49,061 - INFO - MainProcess - query_execution.segment1 - list index out of range
2022-02-01 22:27:49,061 - INFO - MainProcess - query_execution.segment1 - list index out of range
2022-02-01 22:27:49,061 - INFO - MainProcess - query_execution.segment1 - list index out of range
2022-02-01 22:27:49,061 - INFO - MainProcess - query_execution.segment1 - list index out of range
2022-02-01 22:27:49,061 - INFO - MainProcess - query_execution.segment1 - list index out of range
2022-02-01 22:27:49,061 - INFO - MainProcess - query_execution.segment1 - list index out of range
