2022-02-01 22:28:36,457 - DEBUG - MainProcess - root - configuration loaded
2022-02-01 22:28:36,613 - INFO - MainProcess - connection.connect_db - CONNECTION SUCCESSFULLY source
2022-02-01 22:28:36,628 - INFO - MainProcess - connection.connect_db - CONNECTION SUCCESSFULLY destination
2022-02-01 22:28:36,628 - INFO - MainProcess - query_execution.segment1 - segment1 table data validation START
2022-02-01 22:28:37,876 - INFO - MainProcess - query_execution.segment1 - list index out of range
2022-02-01 22:28:37,876 - INFO - MainProcess - query_execution.segment1 - list index out of range
2022-02-01 22:28:37,876 - INFO - MainProcess - query_execution.segment1 - list index out of range
2022-02-01 22:28:37,876 - INFO - MainProcess - query_execution.segment1 - list index out of range
2022-02-01 22:28:37,876 - INFO - MainProcess - query_execution.segment1 - list index out of range
2022-02-01 22:28:37,876 - INFO - MainProcess - query_execution.segment1 - list index out of range
2022-02-01 22:28:37,892 - INFO - MainProcess - query_execution.segment1 - list index out of range
2022-02-01 22:28:37,892 - INFO - MainProcess - query_execution.segment1 - list index out of range
2022-02-01 22:28:37,892 - INFO - MainProcess - query_execution.segment1 - list index out of range
2022-02-01 22:28:37,892 - INFO - MainProcess - query_execution.segment1 - list index out of range
2022-02-01 22:28:37,892 - INFO - MainProcess - query_execution.segment1 - list index out of range
2022-02-01 22:28:37,892 - INFO - MainProcess - query_execution.segment1 - list index out of range
2022-02-01 22:28:37,892 - INFO - MainProcess - query_execution.segment1 - list index out of range
2022-02-01 22:28:37,892 - INFO - MainProcess - query_execution.segment1 - list index out of range
2022-02-01 22:28:37,892 - INFO - MainProcess - query_execution.segment1 - list index out of range
2022-02-01 22:28:37,892 - INFO - MainProcess - query_execution.segment1 - list index out of range
2022-02-01 22:28:37,892 - INFO - MainProcess - query_execution.segment1 - list index out of range
2022-02-01 22:28:37,892 - INFO - MainProcess - query_execution.segment1 - list index out of range
2022-02-01 22:28:37,892 - INFO - MainProcess - query_execution.segment1 - list index out of range
2022-02-01 22:28:37,892 - INFO - MainProcess - query_execution.segment1 - list index out of range
2022-02-01 22:28:37,892 - INFO - MainProcess - query_execution.segment1 - list index out of range
2022-02-01 22:28:37,892 - INFO - MainProcess - query_execution.segment1 - list index out of range
2022-02-01 22:28:37,892 - INFO - MainProcess - query_execution.segment1 - list index out of range
2022-02-01 22:28:37,892 - INFO - MainProcess - query_execution.segment1 - list index out of range
2022-02-01 22:28:37,892 - INFO - MainProcess - query_execution.segment1 - list index out of range
2022-02-01 22:28:37,892 - INFO - MainProcess - query_execution.segment1 - list index out of range
2022-02-01 22:28:37,892 - INFO - MainProcess - query_execution.segment1 - list index out of range
2022-02-01 22:28:37,892 - INFO - MainProcess - query_execution.segment1 - list index out of range
2022-02-01 22:28:37,892 - INFO - MainProcess - query_execution.segment1 - list index out of range
2022-02-01 22:28:37,892 - INFO - MainProcess - query_execution.segment1 - list index out of range
2022-02-01 22:28:37,892 - INFO - MainProcess - query_execution.segment1 - list index out of range
2022-02-01 22:28:37,892 - INFO - MainProcess - query_execution.segment1 - list index out of range
2022-02-01 22:28:37,892 - INFO - MainProcess - query_execution.segment1 - list index out of range
2022-02-01 22:28:37,892 - INFO - MainProcess - query_execution.segment1 - list index out of range
2022-02-01 22:28:37,892 - INFO - MainProcess - query_execution.segment1 - list index out of range
2022-02-01 22:28:37,892 - INFO - MainProcess - query_execution.segment1 - list index out of range
2022-02-01 22:28:37,892 - INFO - MainProcess - query_execution.segment1 - list index out of range
2022-02-01 22:28:37,892 - INFO - MainProcess - query_execution.segment1 - list index out of range
2022-02-01 22:28:37,892 - INFO - MainProcess - query_execution.segment1 - list index out of range
2022-02-01 22:28:37,892 - INFO - MainProcess - query_execution.segment1 - list index out of range
2022-02-01 22:28:37,892 - INFO - MainProcess - query_execution.segment1 - list index out of range
2022-02-01 22:28:37,892 - INFO - MainProcess - query_execution.segment1 - list index out of range
2022-02-01 22:28:37,892 - INFO - MainProcess - query_execution.segment1 - list index out of range
2022-02-01 22:28:37,892 - INFO - MainProcess - query_execution.segment1 - list index out of range
2022-02-01 22:28:37,892 - INFO - MainProcess - query_execution.segment1 - list index out of range
2022-02-01 22:28:37,892 - INFO - MainProcess - query_execution.segment1 - list index out of range
2022-02-01 22:28:37,892 - INFO - MainProcess - query_execution.segment1 - list index out of range
2022-02-01 22:28:37,908 - INFO - MainProcess - query_execution.segment1 - list index out of range
2022-02-01 22:28:37,908 - INFO - MainProcess - query_execution.segment1 - list index out of range
2022-02-01 22:28:37,908 - INFO - MainProcess - query_execution.segment1 - list index out of range
2022-02-01 22:28:37,908 - INFO - MainProcess - query_execution.segment1 - list index out of range
2022-02-01 22:28:37,908 - INFO - MainProcess - query_execution.segment1 - list index out of range
2022-02-01 22:28:37,908 - INFO - MainProcess - query_execution.segment1 - list index out of range
2022-02-01 22:28:37,908 - INFO - MainProcess - query_execution.segment1 - list index out of range
2022-02-01 22:28:37,908 - INFO - MainProcess - query_execution.segment1 - list index out of range
2022-02-01 22:28:37,908 - INFO - MainProcess - query_execution.segment1 - list index out of range
2022-02-01 22:28:37,908 - INFO - MainProcess - query_execution.segment1 - list index out of range
2022-02-01 22:28:37,908 - INFO - MainProcess - query_execution.segment1 - list index out of range
2022-02-01 22:28:37,908 - INFO - MainProcess - query_execution.segment1 - list index out of range
2022-02-01 22:28:37,908 - INFO - MainProcess - query_execution.segment1 - list index out of range
2022-02-01 22:28:37,908 - INFO - MainProcess - query_execution.segment1 - list index out of range
2022-02-01 22:28:37,908 - INFO - MainProcess - query_execution.segment1 - list index out of range
2022-02-01 22:28:37,908 - INFO - MainProcess - query_execution.segment1 - list index out of range
2022-02-01 22:28:37,908 - INFO - MainProcess - query_execution.segment1 - list index out of range
2022-02-01 22:28:37,908 - INFO - MainProcess - query_execution.segment1 - list index out of range
2022-02-01 22:28:37,908 - INFO - MainProcess - query_execution.segment1 - list index out of range
2022-02-01 22:28:37,908 - INFO - MainProcess - query_execution.segment1 - list index out of range
2022-02-01 22:28:37,908 - INFO - MainProcess - query_execution.segment1 - list index out of range
2022-02-01 22:28:37,908 - INFO - MainProcess - query_execution.segment1 - list index out of range
2022-02-01 22:28:37,908 - INFO - MainProcess - query_execution.segment1 - list index out of range
2022-02-01 22:28:37,908 - INFO - MainProcess - query_execution.segment1 - list index out of range
2022-02-01 22:28:37,908 - INFO - MainProcess - query_execution.segment1 - list index out of range
2022-02-01 22:28:37,908 - INFO - MainProcess - query_execution.segment1 - list index out of range
2022-02-01 22:28:37,908 - INFO - MainProcess - query_execution.segment1 - list index out of range
2022-02-01 22:28:37,908 - INFO - MainProcess - query_execution.segment1 - list index out of range
2022-02-01 22:28:37,908 - INFO - MainProcess - query_execution.segment1 - list index out of range
2022-02-01 22:28:37,908 - INFO - MainProcess - query_execution.segment1 - list index out of range
2022-02-01 22:28:37,908 - INFO - MainProcess - query_execution.segment1 - list index out of range
2022-02-01 22:28:37,908 - INFO - MainProcess - query_execution.segment1 - list index out of range
2022-02-01 22:28:37,908 - INFO - MainProcess - query_execution.segment1 - list index out of range
2022-02-01 22:28:37,908 - INFO - MainProcess - query_execution.segment1 - list index out of range
2022-02-01 22:28:37,908 - INFO - MainProcess - query_execution.segment1 - list index out of range
2022-02-01 22:28:37,908 - INFO - MainProcess - query_execution.segment1 - list index out of range
2022-02-01 22:28:37,908 - INFO - MainProcess - query_execution.segment1 - list index out of range
2022-02-01 22:28:37,908 - INFO - MainProcess - query_execution.segment1 - list index out of range
2022-02-01 22:28:37,908 - INFO - MainProcess - query_execution.segment1 - list index out of range
2022-02-01 22:28:37,908 - INFO - MainProcess - query_execution.segment1 - list index out of range
2022-02-01 22:28:37,908 - INFO - MainProcess - query_execution.segment1 - list index out of range
2022-02-01 22:28:37,908 - INFO - MainProcess - query_execution.segment1 - list index out of range
2022-02-01 22:28:37,908 - INFO - MainProcess - query_execution.segment1 - list index out of range
2022-02-01 22:28:37,923 - INFO - MainProcess - query_execution.segment1 - list index out of range
2022-02-01 22:28:37,923 - INFO - MainProcess - query_execution.segment1 - list index out of range
2022-02-01 22:28:37,923 - INFO - MainProcess - query_execution.segment1 - list index out of range
2022-02-01 22:28:37,923 - INFO - MainProcess - query_execution.segment1 - list index out of range
2022-02-01 22:28:37,923 - INFO - MainProcess - query_execution.segment1 - list index out of range
2022-02-01 22:28:37,923 - INFO - MainProcess - query_execution.segment1 - list index out of range
2022-02-01 22:28:37,923 - INFO - MainProcess - query_execution.segment1 - list index out of range
2022-02-01 22:28:37,923 - INFO - MainProcess - query_execution.segment1 - list index out of range
2022-02-01 22:28:37,923 - INFO - MainProcess - query_execution.segment1 - list index out of range
2022-02-01 22:28:37,923 - INFO - MainProcess - query_execution.segment1 - list index out of range
2022-02-01 22:28:37,923 - INFO - MainProcess - query_execution.segment1 - list index out of range
2022-02-01 22:28:37,923 - INFO - MainProcess - query_execution.segment1 - list index out of range
2022-02-01 22:28:37,923 - INFO - MainProcess - query_execution.segment1 - list index out of range
2022-02-01 22:28:37,923 - INFO - MainProcess - query_execution.segment1 - list index out of range
2022-02-01 22:28:37,923 - INFO - MainProcess - query_execution.segment1 - list index out of range
2022-02-01 22:28:37,923 - INFO - MainProcess - query_execution.segment1 - list index out of range
2022-02-01 22:28:37,923 - INFO - MainProcess - query_execution.segment1 - list index out of range
2022-02-01 22:28:37,923 - INFO - MainProcess - query_execution.segment1 - list index out of range
2022-02-01 22:28:37,923 - INFO - MainProcess - query_execution.segment1 - list index out of range
2022-02-01 22:28:37,923 - INFO - MainProcess - query_execution.segment1 - list index out of range
2022-02-01 22:28:37,923 - INFO - MainProcess - query_execution.segment1 - list index out of range
2022-02-01 22:28:37,923 - INFO - MainProcess - query_execution.segment1 - list index out of range
2022-02-01 22:28:37,923 - INFO - MainProcess - query_execution.segment1 - list index out of range
2022-02-01 22:28:37,923 - INFO - MainProcess - query_execution.segment1 - list index out of range
2022-02-01 22:28:37,923 - INFO - MainProcess - query_execution.segment1 - list index out of range
2022-02-01 22:28:37,923 - INFO - MainProcess - query_execution.segment1 - list index out of range
2022-02-01 22:28:37,923 - INFO - MainProcess - query_execution.segment1 - list index out of range
2022-02-01 22:28:37,923 - INFO - MainProcess - query_execution.segment1 - list index out of range
2022-02-01 22:28:37,923 - INFO - MainProcess - query_execution.segment1 - list index out of range
2022-02-01 22:28:37,923 - INFO - MainProcess - query_execution.segment1 - list index out of range
2022-02-01 22:28:37,923 - INFO - MainProcess - query_execution.segment1 - list index out of range
2022-02-01 22:28:37,923 - INFO - MainProcess - query_execution.segment1 - list index out of range
2022-02-01 22:28:37,923 - INFO - MainProcess - query_execution.segment1 - list index out of range
2022-02-01 22:28:37,923 - INFO - MainProcess - query_execution.segment1 - list index out of range
2022-02-01 22:28:37,923 - INFO - MainProcess - query_execution.segment1 - list index out of range
2022-02-01 22:28:37,923 - INFO - MainProcess - query_execution.segment1 - list index out of range
2022-02-01 22:28:37,923 - INFO - MainProcess - query_execution.segment1 - list index out of range
2022-02-01 22:28:37,923 - INFO - MainProcess - query_execution.segment1 - list index out of range
2022-02-01 22:28:37,923 - INFO - MainProcess - query_execution.segment1 - list index out of range
2022-02-01 22:28:37,923 - INFO - MainProcess - query_execution.segment1 - list index out of range
2022-02-01 22:28:37,923 - INFO - MainProcess - query_execution.segment1 - list index out of range
2022-02-01 22:28:37,923 - INFO - MainProcess - query_execution.segment1 - list index out of range
2022-02-01 22:28:37,939 - INFO - MainProcess - query_execution.segment1 - list index out of range
2022-02-01 22:28:37,939 - INFO - MainProcess - query_execution.segment1 - list index out of range
2022-02-01 22:28:37,939 - INFO - MainProcess - query_execution.segment1 - list index out of range
2022-02-01 22:28:37,939 - INFO - MainProcess - query_execution.segment1 - list index out of range
2022-02-01 22:28:37,939 - INFO - MainProcess - query_execution.segment1 - list index out of range
2022-02-01 22:28:37,939 - INFO - MainProcess - query_execution.segment1 - list index out of range
2022-02-01 22:28:37,939 - INFO - MainProcess - query_execution.segment1 - list index out of range
2022-02-01 22:28:37,939 - INFO - MainProcess - query_execution.segment1 - list index out of range
2022-02-01 22:28:37,939 - INFO - MainProcess - query_execution.segment1 - list index out of range
2022-02-01 22:28:37,939 - INFO - MainProcess - query_execution.segment1 - list index out of range
2022-02-01 22:28:37,939 - INFO - MainProcess - query_execution.segment1 - list index out of range
2022-02-01 22:28:37,939 - INFO - MainProcess - query_execution.segment1 - list index out of range
2022-02-01 22:28:37,939 - INFO - MainProcess - query_execution.segment1 - list index out of range
2022-02-01 22:28:37,939 - INFO - MainProcess - query_execution.segment1 - list index out of range
2022-02-01 22:28:37,939 - INFO - MainProcess - query_execution.segment1 - list index out of range
2022-02-01 22:28:37,939 - INFO - MainProcess - query_execution.segment1 - list index out of range
2022-02-01 22:28:37,939 - INFO - MainProcess - query_execution.segment1 - list index out of range
2022-02-01 22:28:37,939 - INFO - MainProcess - query_execution.segment1 - list index out of range
2022-02-01 22:28:37,939 - INFO - MainProcess - query_execution.segment1 - list index out of range
2022-02-01 22:28:37,939 - INFO - MainProcess - query_execution.segment1 - list index out of range
2022-02-01 22:28:37,939 - INFO - MainProcess - query_execution.segment1 - list index out of range
2022-02-01 22:28:37,939 - INFO - MainProcess - query_execution.segment1 - list index out of range
2022-02-01 22:28:37,939 - INFO - MainProcess - query_execution.segment1 - list index out of range
2022-02-01 22:28:37,939 - INFO - MainProcess - query_execution.segment1 - list index out of range
2022-02-01 22:28:37,939 - INFO - MainProcess - query_execution.segment1 - list index out of range
2022-02-01 22:28:37,939 - INFO - MainProcess - query_execution.segment1 - list index out of range
2022-02-01 22:28:37,939 - INFO - MainProcess - query_execution.segment1 - list index out of range
2022-02-01 22:28:37,939 - INFO - MainProcess - query_execution.segment1 - list index out of range
2022-02-01 22:28:37,939 - INFO - MainProcess - query_execution.segment1 - list index out of range
2022-02-01 22:28:37,939 - INFO - MainProcess - query_execution.segment1 - list index out of range
2022-02-01 22:28:37,939 - INFO - MainProcess - query_execution.segment1 - list index out of range
2022-02-01 22:28:37,939 - INFO - MainProcess - query_execution.segment1 - list index out of range
2022-02-01 22:28:37,939 - INFO - MainProcess - query_execution.segment1 - list index out of range
2022-02-01 22:28:37,939 - INFO - MainProcess - query_execution.segment1 - list index out of range
2022-02-01 22:28:37,939 - INFO - MainProcess - query_execution.segment1 - list index out of range
2022-02-01 22:28:37,939 - INFO - MainProcess - query_execution.segment1 - list index out of range
2022-02-01 22:28:37,939 - INFO - MainProcess - query_execution.segment1 - list index out of range
2022-02-01 22:28:37,939 - INFO - MainProcess - query_execution.segment1 - list index out of range
2022-02-01 22:28:37,939 - INFO - MainProcess - query_execution.segment1 - list index out of range
2022-02-01 22:28:37,939 - INFO - MainProcess - query_execution.segment1 - list index out of range
2022-02-01 22:28:37,939 - INFO - MainProcess - query_execution.segment1 - list index out of range
2022-02-01 22:28:37,939 - INFO - MainProcess - query_execution.segment1 - list index out of range
2022-02-01 22:28:37,954 - INFO - MainProcess - query_execution.segment1 - list index out of range
2022-02-01 22:28:37,954 - INFO - MainProcess - query_execution.segment1 - list index out of range
2022-02-01 22:28:37,954 - INFO - MainProcess - query_execution.segment1 - list index out of range
2022-02-01 22:28:37,954 - INFO - MainProcess - query_execution.segment1 - list index out of range
2022-02-01 22:28:37,954 - INFO - MainProcess - query_execution.segment1 - list index out of range
2022-02-01 22:28:37,954 - INFO - MainProcess - query_execution.segment1 - list index out of range
2022-02-01 22:28:37,954 - INFO - MainProcess - query_execution.segment1 - list index out of range
2022-02-01 22:28:37,954 - INFO - MainProcess - query_execution.segment1 - list index out of range
2022-02-01 22:28:37,954 - INFO - MainProcess - query_execution.segment1 - list index out of range
2022-02-01 22:28:37,954 - INFO - MainProcess - query_execution.segment1 - list index out of range
2022-02-01 22:28:37,954 - INFO - MainProcess - query_execution.segment1 - list index out of range
2022-02-01 22:28:37,954 - INFO - MainProcess - query_execution.segment1 - list index out of range
2022-02-01 22:28:37,954 - INFO - MainProcess - query_execution.segment1 - list index out of range
2022-02-01 22:28:37,954 - INFO - MainProcess - query_execution.segment1 - list index out of range
2022-02-01 22:28:37,954 - INFO - MainProcess - query_execution.segment1 - list index out of range
2022-02-01 22:28:37,954 - INFO - MainProcess - query_execution.segment1 - list index out of range
2022-02-01 22:28:37,954 - INFO - MainProcess - query_execution.segment1 - list index out of range
2022-02-01 22:28:37,954 - INFO - MainProcess - query_execution.segment1 - list index out of range
2022-02-01 22:28:37,954 - INFO - MainProcess - query_execution.segment1 - list index out of range
2022-02-01 22:28:37,954 - INFO - MainProcess - query_execution.segment1 - list index out of range
2022-02-01 22:28:37,954 - INFO - MainProcess - query_execution.segment1 - list index out of range
2022-02-01 22:28:37,954 - INFO - MainProcess - query_execution.segment1 - list index out of range
2022-02-01 22:28:37,954 - INFO - MainProcess - query_execution.segment1 - list index out of range
2022-02-01 22:28:37,954 - INFO - MainProcess - query_execution.segment1 - list index out of range
2022-02-01 22:28:37,954 - INFO - MainProcess - query_execution.segment1 - list index out of range
2022-02-01 22:28:37,954 - INFO - MainProcess - query_execution.segment1 - list index out of range
2022-02-01 22:28:37,954 - INFO - MainProcess - query_execution.segment1 - list index out of range
2022-02-01 22:28:37,954 - INFO - MainProcess - query_execution.segment1 - list index out of range
2022-02-01 22:28:37,954 - INFO - MainProcess - query_execution.segment1 - list index out of range
2022-02-01 22:28:37,954 - INFO - MainProcess - query_execution.segment1 - list index out of range
2022-02-01 22:28:37,954 - INFO - MainProcess - query_execution.segment1 - list index out of range
2022-02-01 22:28:37,954 - INFO - MainProcess - query_execution.segment1 - list index out of range
2022-02-01 22:28:37,954 - INFO - MainProcess - query_execution.segment1 - list index out of range
2022-02-01 22:28:37,954 - INFO - MainProcess - query_execution.segment1 - list index out of range
2022-02-01 22:28:37,954 - INFO - MainProcess - query_execution.segment1 - list index out of range
2022-02-01 22:28:37,954 - INFO - MainProcess - query_execution.segment1 - list index out of range
2022-02-01 22:28:37,954 - INFO - MainProcess - query_execution.segment1 - list index out of range
2022-02-01 22:28:37,954 - INFO - MainProcess - query_execution.segment1 - list index out of range
2022-02-01 22:28:37,954 - INFO - MainProcess - query_execution.segment1 - list index out of range
2022-02-01 22:28:37,954 - INFO - MainProcess - query_execution.segment1 - list index out of range
2022-02-01 22:28:37,954 - INFO - MainProcess - query_execution.segment1 - list index out of range
2022-02-01 22:28:37,954 - INFO - MainProcess - query_execution.segment1 - list index out of range
2022-02-01 22:28:37,970 - INFO - MainProcess - query_execution.segment1 - list index out of range
2022-02-01 22:28:37,970 - INFO - MainProcess - query_execution.segment1 - list index out of range
2022-02-01 22:28:37,970 - INFO - MainProcess - query_execution.segment1 - list index out of range
2022-02-01 22:28:37,970 - INFO - MainProcess - query_execution.segment1 - list index out of range
2022-02-01 22:28:37,970 - INFO - MainProcess - query_execution.segment1 - list index out of range
2022-02-01 22:28:37,970 - INFO - MainProcess - query_execution.segment1 - list index out of range
2022-02-01 22:28:37,970 - INFO - MainProcess - query_execution.segment1 - list index out of range
2022-02-01 22:28:37,970 - INFO - MainProcess - query_execution.segment1 - list index out of range
2022-02-01 22:28:37,970 - INFO - MainProcess - query_execution.segment1 - list index out of range
2022-02-01 22:28:37,970 - INFO - MainProcess - query_execution.segment1 - list index out of range
2022-02-01 22:28:37,970 - INFO - MainProcess - query_execution.segment1 - list index out of range
2022-02-01 22:28:37,970 - INFO - MainProcess - query_execution.segment1 - list index out of range
2022-02-01 22:28:37,970 - INFO - MainProcess - query_execution.segment1 - list index out of range
2022-02-01 22:28:37,970 - INFO - MainProcess - query_execution.segment1 - list index out of range
2022-02-01 22:28:37,970 - INFO - MainProcess - query_execution.segment1 - list index out of range
2022-02-01 22:28:37,970 - INFO - MainProcess - query_execution.segment1 - list index out of range
2022-02-01 22:28:37,970 - INFO - MainProcess - query_execution.segment1 - list index out of range
2022-02-01 22:28:37,970 - INFO - MainProcess - query_execution.segment1 - list index out of range
2022-02-01 22:28:37,970 - INFO - MainProcess - query_execution.segment1 - list index out of range
2022-02-01 22:28:37,970 - INFO - MainProcess - query_execution.segment1 - list index out of range
2022-02-01 22:28:37,970 - INFO - MainProcess - query_execution.segment1 - list index out of range
2022-02-01 22:28:37,970 - INFO - MainProcess - query_execution.segment1 - list index out of range
2022-02-01 22:28:37,970 - INFO - MainProcess - query_execution.segment1 - list index out of range
2022-02-01 22:28:37,970 - INFO - MainProcess - query_execution.segment1 - list index out of range
2022-02-01 22:28:37,970 - INFO - MainProcess - query_execution.segment1 - list index out of range
2022-02-01 22:28:37,970 - INFO - MainProcess - query_execution.segment1 - list index out of range
2022-02-01 22:28:37,970 - INFO - MainProcess - query_execution.segment1 - list index out of range
2022-02-01 22:28:37,970 - INFO - MainProcess - query_execution.segment1 - list index out of range
2022-02-01 22:28:37,970 - INFO - MainProcess - query_execution.segment1 - list index out of range
2022-02-01 22:28:37,970 - INFO - MainProcess - query_execution.segment1 - list index out of range
2022-02-01 22:28:37,970 - INFO - MainProcess - query_execution.segment1 - list index out of range
2022-02-01 22:28:37,970 - INFO - MainProcess - query_execution.segment1 - list index out of range
2022-02-01 22:28:37,970 - INFO - MainProcess - query_execution.segment1 - list index out of range
2022-02-01 22:28:37,970 - INFO - MainProcess - query_execution.segment1 - list index out of range
2022-02-01 22:28:37,970 - INFO - MainProcess - query_execution.segment1 - list index out of range
2022-02-01 22:28:37,970 - INFO - MainProcess - query_execution.segment1 - list index out of range
2022-02-01 22:28:37,970 - INFO - MainProcess - query_execution.segment1 - list index out of range
2022-02-01 22:28:37,970 - INFO - MainProcess - query_execution.segment1 - list index out of range
2022-02-01 22:28:37,970 - INFO - MainProcess - query_execution.segment1 - list index out of range
2022-02-01 22:28:37,970 - INFO - MainProcess - query_execution.segment1 - list index out of range
2022-02-01 22:28:37,970 - INFO - MainProcess - query_execution.segment1 - list index out of range
2022-02-01 22:28:37,970 - INFO - MainProcess - query_execution.segment1 - list index out of range
2022-02-01 22:28:37,986 - INFO - MainProcess - query_execution.segment1 - list index out of range
2022-02-01 22:28:37,986 - INFO - MainProcess - query_execution.segment1 - list index out of range
2022-02-01 22:28:37,986 - INFO - MainProcess - query_execution.segment1 - list index out of range
2022-02-01 22:28:37,986 - INFO - MainProcess - query_execution.segment1 - list index out of range
2022-02-01 22:28:37,986 - INFO - MainProcess - query_execution.segment1 - list index out of range
2022-02-01 22:28:37,986 - INFO - MainProcess - query_execution.segment1 - list index out of range
2022-02-01 22:28:37,986 - INFO - MainProcess - query_execution.segment1 - list index out of range
2022-02-01 22:28:37,986 - INFO - MainProcess - query_execution.segment1 - list index out of range
2022-02-01 22:28:37,986 - INFO - MainProcess - query_execution.segment1 - list index out of range
2022-02-01 22:28:37,986 - INFO - MainProcess - query_execution.segment1 - list index out of range
2022-02-01 22:28:37,986 - INFO - MainProcess - query_execution.segment1 - list index out of range
2022-02-01 22:28:37,986 - INFO - MainProcess - query_execution.segment1 - list index out of range
2022-02-01 22:28:37,986 - INFO - MainProcess - query_execution.segment1 - list index out of range
2022-02-01 22:28:37,986 - INFO - MainProcess - query_execution.segment1 - list index out of range
2022-02-01 22:28:37,986 - INFO - MainProcess - query_execution.segment1 - list index out of range
2022-02-01 22:28:37,986 - INFO - MainProcess - query_execution.segment1 - list index out of range
2022-02-01 22:28:37,986 - INFO - MainProcess - query_execution.segment1 - list index out of range
2022-02-01 22:28:37,986 - INFO - MainProcess - query_execution.segment1 - list index out of range
2022-02-01 22:28:37,986 - INFO - MainProcess - query_execution.segment1 - list index out of range
2022-02-01 22:28:37,986 - INFO - MainProcess - query_execution.segment1 - list index out of range
2022-02-01 22:28:37,986 - INFO - MainProcess - query_execution.segment1 - list index out of range
2022-02-01 22:28:37,986 - INFO - MainProcess - query_execution.segment1 - list index out of range
2022-02-01 22:28:37,986 - INFO - MainProcess - query_execution.segment1 - list index out of range
2022-02-01 22:28:37,986 - INFO - MainProcess - query_execution.segment1 - list index out of range
2022-02-01 22:28:37,986 - INFO - MainProcess - query_execution.segment1 - list index out of range
2022-02-01 22:28:37,986 - INFO - MainProcess - query_execution.segment1 - list index out of range
2022-02-01 22:28:37,986 - INFO - MainProcess - query_execution.segment1 - list index out of range
2022-02-01 22:28:37,986 - INFO - MainProcess - query_execution.segment1 - list index out of range
2022-02-01 22:28:37,986 - INFO - MainProcess - query_execution.segment1 - list index out of range
2022-02-01 22:28:37,986 - INFO - MainProcess - query_execution.segment1 - list index out of range
2022-02-01 22:28:37,986 - INFO - MainProcess - query_execution.segment1 - list index out of range
2022-02-01 22:28:37,986 - INFO - MainProcess - query_execution.segment1 - list index out of range
2022-02-01 22:28:37,986 - INFO - MainProcess - query_execution.segment1 - list index out of range
2022-02-01 22:28:37,986 - INFO - MainProcess - query_execution.segment1 - list index out of range
2022-02-01 22:28:37,986 - INFO - MainProcess - query_execution.segment1 - list index out of range
2022-02-01 22:28:37,986 - INFO - MainProcess - query_execution.segment1 - list index out of range
2022-02-01 22:28:37,986 - INFO - MainProcess - query_execution.segment1 - list index out of range
2022-02-01 22:28:37,986 - INFO - MainProcess - query_execution.segment1 - list index out of range
2022-02-01 22:28:37,986 - INFO - MainProcess - query_execution.segment1 - list index out of range
2022-02-01 22:28:37,986 - INFO - MainProcess - query_execution.segment1 - list index out of range
2022-02-01 22:28:37,986 - INFO - MainProcess - query_execution.segment1 - list index out of range
2022-02-01 22:28:37,986 - INFO - MainProcess - query_execution.segment1 - list index out of range
2022-02-01 22:28:38,001 - INFO - MainProcess - query_execution.segment1 - list index out of range
2022-02-01 22:28:38,001 - INFO - MainProcess - query_execution.segment1 - list index out of range
2022-02-01 22:28:38,001 - INFO - MainProcess - query_execution.segment1 - list index out of range
2022-02-01 22:28:38,001 - INFO - MainProcess - query_execution.segment1 - list index out of range
2022-02-01 22:28:38,001 - INFO - MainProcess - query_execution.segment1 - list index out of range
2022-02-01 22:28:38,001 - INFO - MainProcess - query_execution.segment1 - list index out of range
2022-02-01 22:28:38,001 - INFO - MainProcess - query_execution.segment1 - list index out of range
2022-02-01 22:28:38,001 - INFO - MainProcess - query_execution.segment1 - list index out of range
2022-02-01 22:28:38,001 - INFO - MainProcess - query_execution.segment1 - list index out of range
2022-02-01 22:28:38,001 - INFO - MainProcess - query_execution.segment1 - list index out of range
2022-02-01 22:28:38,001 - INFO - MainProcess - query_execution.segment1 - list index out of range
2022-02-01 22:28:38,001 - INFO - MainProcess - query_execution.segment1 - list index out of range
2022-02-01 22:28:38,001 - INFO - MainProcess - query_execution.segment1 - list index out of range
2022-02-01 22:28:38,001 - INFO - MainProcess - query_execution.segment1 - list index out of range
2022-02-01 22:28:38,001 - INFO - MainProcess - query_execution.segment1 - list index out of range
2022-02-01 22:28:38,001 - INFO - MainProcess - query_execution.segment1 - list index out of range
2022-02-01 22:28:38,001 - INFO - MainProcess - query_execution.segment1 - list index out of range
2022-02-01 22:28:38,001 - INFO - MainProcess - query_execution.segment1 - list index out of range
2022-02-01 22:28:38,001 - INFO - MainProcess - query_execution.segment1 - list index out of range
2022-02-01 22:28:38,001 - INFO - MainProcess - query_execution.segment1 - list index out of range
2022-02-01 22:28:38,001 - INFO - MainProcess - query_execution.segment1 - list index out of range
2022-02-01 22:28:38,001 - INFO - MainProcess - query_execution.segment1 - list index out of range
2022-02-01 22:28:38,001 - INFO - MainProcess - query_execution.segment1 - list index out of range
2022-02-01 22:28:38,001 - INFO - MainProcess - query_execution.segment1 - list index out of range
2022-02-01 22:28:38,001 - INFO - MainProcess - query_execution.segment1 - list index out of range
2022-02-01 22:28:38,001 - INFO - MainProcess - query_execution.segment1 - list index out of range
2022-02-01 22:28:38,001 - INFO - MainProcess - query_execution.segment1 - list index out of range
2022-02-01 22:28:38,001 - INFO - MainProcess - query_execution.segment1 - list index out of range
2022-02-01 22:28:38,001 - INFO - MainProcess - query_execution.segment1 - list index out of range
2022-02-01 22:28:38,001 - INFO - MainProcess - query_execution.segment1 - list index out of range
2022-02-01 22:28:38,001 - INFO - MainProcess - query_execution.segment1 - list index out of range
2022-02-01 22:28:38,001 - INFO - MainProcess - query_execution.segment1 - list index out of range
2022-02-01 22:28:38,001 - INFO - MainProcess - query_execution.segment1 - list index out of range
2022-02-01 22:28:38,001 - INFO - MainProcess - query_execution.segment1 - list index out of range
2022-02-01 22:28:38,001 - INFO - MainProcess - query_execution.segment1 - list index out of range
2022-02-01 22:28:38,001 - INFO - MainProcess - query_execution.segment1 - list index out of range
2022-02-01 22:28:38,001 - INFO - MainProcess - query_execution.segment1 - list index out of range
2022-02-01 22:28:38,001 - INFO - MainProcess - query_execution.segment1 - list index out of range
2022-02-01 22:28:38,001 - INFO - MainProcess - query_execution.segment1 - list index out of range
2022-02-01 22:28:38,001 - INFO - MainProcess - query_execution.segment1 - list index out of range
2022-02-01 22:28:38,001 - INFO - MainProcess - query_execution.segment1 - list index out of range
2022-02-01 22:28:38,001 - INFO - MainProcess - query_execution.segment1 - list index out of range
2022-02-01 22:28:38,017 - INFO - MainProcess - query_execution.segment1 - list index out of range
2022-02-01 22:28:38,017 - INFO - MainProcess - query_execution.segment1 - list index out of range
2022-02-01 22:28:38,017 - INFO - MainProcess - query_execution.segment1 - list index out of range
2022-02-01 22:28:38,017 - INFO - MainProcess - query_execution.segment1 - list index out of range
2022-02-01 22:28:38,017 - INFO - MainProcess - query_execution.segment1 - list index out of range
2022-02-01 22:28:38,017 - INFO - MainProcess - query_execution.segment1 - list index out of range
2022-02-01 22:28:38,017 - INFO - MainProcess - query_execution.segment1 - list index out of range
2022-02-01 22:28:38,017 - INFO - MainProcess - query_execution.segment1 - list index out of range
2022-02-01 22:28:38,017 - INFO - MainProcess - query_execution.segment1 - list index out of range
2022-02-01 22:28:38,017 - INFO - MainProcess - query_execution.segment1 - list index out of range
2022-02-01 22:28:38,017 - INFO - MainProcess - query_execution.segment1 - list index out of range
2022-02-01 22:28:38,017 - INFO - MainProcess - query_execution.segment1 - list index out of range
2022-02-01 22:28:38,017 - INFO - MainProcess - query_execution.segment1 - list index out of range
2022-02-01 22:28:38,017 - INFO - MainProcess - query_execution.segment1 - list index out of range
2022-02-01 22:28:38,017 - INFO - MainProcess - query_execution.segment1 - list index out of range
2022-02-01 22:28:38,017 - INFO - MainProcess - query_execution.segment1 - list index out of range
2022-02-01 22:28:38,017 - INFO - MainProcess - query_execution.segment1 - list index out of range
2022-02-01 22:28:38,017 - INFO - MainProcess - query_execution.segment1 - list index out of range
2022-02-01 22:28:38,017 - INFO - MainProcess - query_execution.segment1 - list index out of range
2022-02-01 22:28:38,017 - INFO - MainProcess - query_execution.segment1 - list index out of range
2022-02-01 22:28:38,017 - INFO - MainProcess - query_execution.segment1 - list index out of range
2022-02-01 22:28:38,017 - INFO - MainProcess - query_execution.segment1 - list index out of range
2022-02-01 22:28:38,017 - INFO - MainProcess - query_execution.segment1 - list index out of range
2022-02-01 22:28:38,017 - INFO - MainProcess - query_execution.segment1 - list index out of range
2022-02-01 22:28:38,017 - INFO - MainProcess - query_execution.segment1 - list index out of range
2022-02-01 22:28:38,017 - INFO - MainProcess - query_execution.segment1 - list index out of range
2022-02-01 22:28:38,017 - INFO - MainProcess - query_execution.segment1 - list index out of range
2022-02-01 22:28:38,017 - INFO - MainProcess - query_execution.segment1 - list index out of range
2022-02-01 22:28:38,017 - INFO - MainProcess - query_execution.segment1 - list index out of range
2022-02-01 22:28:38,017 - INFO - MainProcess - query_execution.segment1 - list index out of range
2022-02-01 22:28:38,017 - INFO - MainProcess - query_execution.segment1 - list index out of range
2022-02-01 22:28:38,017 - INFO - MainProcess - query_execution.segment1 - list index out of range
2022-02-01 22:28:38,017 - INFO - MainProcess - query_execution.segment1 - list index out of range
2022-02-01 22:28:38,017 - INFO - MainProcess - query_execution.segment1 - list index out of range
2022-02-01 22:28:38,017 - INFO - MainProcess - query_execution.segment1 - list index out of range
2022-02-01 22:28:38,017 - INFO - MainProcess - query_execution.segment1 - list index out of range
2022-02-01 22:28:38,017 - INFO - MainProcess - query_execution.segment1 - list index out of range
2022-02-01 22:28:38,017 - INFO - MainProcess - query_execution.segment1 - list index out of range
2022-02-01 22:28:38,017 - INFO - MainProcess - query_execution.segment1 - list index out of range
2022-02-01 22:28:38,017 - INFO - MainProcess - query_execution.segment1 - list index out of range
2022-02-01 22:28:38,017 - INFO - MainProcess - query_execution.segment1 - list index out of range
2022-02-01 22:28:38,017 - INFO - MainProcess - query_execution.segment1 - list index out of range
2022-02-01 22:28:38,032 - INFO - MainProcess - query_execution.segment1 - list index out of range
2022-02-01 22:28:38,032 - INFO - MainProcess - query_execution.segment1 - list index out of range
2022-02-01 22:28:38,032 - INFO - MainProcess - query_execution.segment1 - list index out of range
2022-02-01 22:28:38,032 - INFO - MainProcess - query_execution.segment1 - list index out of range
2022-02-01 22:28:38,032 - INFO - MainProcess - query_execution.segment1 - list index out of range
2022-02-01 22:28:38,032 - INFO - MainProcess - query_execution.segment1 - list index out of range
2022-02-01 22:28:38,032 - INFO - MainProcess - query_execution.segment1 - list index out of range
2022-02-01 22:28:38,032 - INFO - MainProcess - query_execution.segment1 - list index out of range
2022-02-01 22:28:38,032 - INFO - MainProcess - query_execution.segment1 - list index out of range
2022-02-01 22:28:38,032 - INFO - MainProcess - query_execution.segment1 - list index out of range
2022-02-01 22:28:38,032 - INFO - MainProcess - query_execution.segment1 - list index out of range
2022-02-01 22:28:38,032 - INFO - MainProcess - query_execution.segment1 - list index out of range
2022-02-01 22:28:38,032 - INFO - MainProcess - query_execution.segment1 - list index out of range
2022-02-01 22:28:38,032 - INFO - MainProcess - query_execution.segment1 - list index out of range
2022-02-01 22:28:38,032 - INFO - MainProcess - query_execution.segment1 - list index out of range
2022-02-01 22:28:38,032 - INFO - MainProcess - query_execution.segment1 - list index out of range
2022-02-01 22:28:38,032 - INFO - MainProcess - query_execution.segment1 - list index out of range
2022-02-01 22:28:38,032 - INFO - MainProcess - query_execution.segment1 - list index out of range
2022-02-01 22:28:38,032 - INFO - MainProcess - query_execution.segment1 - list index out of range
2022-02-01 22:28:38,032 - INFO - MainProcess - query_execution.segment1 - list index out of range
2022-02-01 22:28:38,032 - INFO - MainProcess - query_execution.segment1 - list index out of range
2022-02-01 22:28:38,032 - INFO - MainProcess - query_execution.segment1 - list index out of range
2022-02-01 22:28:38,032 - INFO - MainProcess - query_execution.segment1 - list index out of range
2022-02-01 22:28:38,032 - INFO - MainProcess - query_execution.segment1 - list index out of range
2022-02-01 22:28:38,032 - INFO - MainProcess - query_execution.segment1 - list index out of range
2022-02-01 22:28:38,032 - INFO - MainProcess - query_execution.segment1 - list index out of range
2022-02-01 22:28:38,032 - INFO - MainProcess - query_execution.segment1 - list index out of range
2022-02-01 22:28:38,032 - INFO - MainProcess - query_execution.segment1 - list index out of range
2022-02-01 22:28:38,032 - INFO - MainProcess - query_execution.segment1 - list index out of range
2022-02-01 22:28:38,032 - INFO - MainProcess - query_execution.segment1 - list index out of range
2022-02-01 22:28:38,032 - INFO - MainProcess - query_execution.segment1 - list index out of range
2022-02-01 22:28:38,032 - INFO - MainProcess - query_execution.segment1 - list index out of range
2022-02-01 22:28:38,032 - INFO - MainProcess - query_execution.segment1 - list index out of range
2022-02-01 22:28:38,032 - INFO - MainProcess - query_execution.segment1 - list index out of range
2022-02-01 22:28:38,032 - INFO - MainProcess - query_execution.segment1 - list index out of range
2022-02-01 22:28:38,032 - INFO - MainProcess - query_execution.segment1 - list index out of range
2022-02-01 22:28:38,032 - INFO - MainProcess - query_execution.segment1 - list index out of range
2022-02-01 22:28:38,032 - INFO - MainProcess - query_execution.segment1 - list index out of range
2022-02-01 22:28:38,032 - INFO - MainProcess - query_execution.segment1 - list index out of range
2022-02-01 22:28:38,032 - INFO - MainProcess - query_execution.segment1 - list index out of range
2022-02-01 22:28:38,032 - INFO - MainProcess - query_execution.segment1 - list index out of range
2022-02-01 22:28:38,032 - INFO - MainProcess - query_execution.segment1 - list index out of range
2022-02-01 22:28:38,048 - INFO - MainProcess - query_execution.segment1 - list index out of range
2022-02-01 22:28:38,048 - INFO - MainProcess - query_execution.segment1 - list index out of range
2022-02-01 22:28:38,048 - INFO - MainProcess - query_execution.segment1 - list index out of range
2022-02-01 22:28:38,048 - INFO - MainProcess - query_execution.segment1 - list index out of range
2022-02-01 22:28:38,048 - INFO - MainProcess - query_execution.segment1 - list index out of range
2022-02-01 22:28:38,048 - INFO - MainProcess - query_execution.segment1 - list index out of range
2022-02-01 22:28:38,048 - INFO - MainProcess - query_execution.segment1 - list index out of range
2022-02-01 22:28:38,048 - INFO - MainProcess - query_execution.segment1 - list index out of range
2022-02-01 22:28:38,048 - INFO - MainProcess - query_execution.segment1 - list index out of range
2022-02-01 22:28:38,048 - INFO - MainProcess - query_execution.segment1 - list index out of range
2022-02-01 22:28:38,048 - INFO - MainProcess - query_execution.segment1 - list index out of range
2022-02-01 22:28:38,048 - INFO - MainProcess - query_execution.segment1 - list index out of range
2022-02-01 22:28:38,048 - INFO - MainProcess - query_execution.segment1 - list index out of range
2022-02-01 22:28:38,048 - INFO - MainProcess - query_execution.segment1 - list index out of range
2022-02-01 22:28:38,048 - INFO - MainProcess - query_execution.segment1 - list index out of range
2022-02-01 22:28:38,048 - INFO - MainProcess - query_execution.segment1 - list index out of range
2022-02-01 22:28:38,048 - INFO - MainProcess - query_execution.segment1 - list index out of range
2022-02-01 22:28:38,048 - INFO - MainProcess - query_execution.segment1 - list index out of range
2022-02-01 22:28:38,064 - INFO - MainProcess - query_execution.segment1 - list index out of range
2022-02-01 22:28:38,064 - INFO - MainProcess - query_execution.segment1 - list index out of range
2022-02-01 22:28:38,064 - INFO - MainProcess - query_execution.segment1 - list index out of range
2022-02-01 22:28:38,064 - INFO - MainProcess - query_execution.segment1 - list index out of range
2022-02-01 22:28:38,064 - INFO - MainProcess - query_execution.segment1 - list index out of range
2022-02-01 22:28:38,064 - INFO - MainProcess - query_execution.segment1 - list index out of range
2022-02-01 22:28:38,064 - INFO - MainProcess - query_execution.segment1 - list index out of range
2022-02-01 22:28:38,064 - INFO - MainProcess - query_execution.segment1 - list index out of range
2022-02-01 22:28:38,079 - INFO - MainProcess - query_execution.segment1 - list index out of range
2022-02-01 22:28:38,079 - INFO - MainProcess - query_execution.segment1 - list index out of range
2022-02-01 22:28:38,079 - INFO - MainProcess - query_execution.segment1 - list index out of range
2022-02-01 22:28:38,079 - INFO - MainProcess - query_execution.segment1 - list index out of range
2022-02-01 22:28:38,079 - INFO - MainProcess - query_execution.segment1 - list index out of range
2022-02-01 22:28:38,079 - INFO - MainProcess - query_execution.segment1 - list index out of range
2022-02-01 22:28:38,079 - INFO - MainProcess - query_execution.segment1 - list index out of range
2022-02-01 22:28:38,079 - INFO - MainProcess - query_execution.segment1 - list index out of range
2022-02-01 22:28:38,079 - INFO - MainProcess - query_execution.segment1 - list index out of range
2022-02-01 22:28:38,079 - INFO - MainProcess - query_execution.segment1 - list index out of range
2022-02-01 22:28:38,079 - INFO - MainProcess - query_execution.segment1 - list index out of range
2022-02-01 22:28:38,079 - INFO - MainProcess - query_execution.segment1 - list index out of range
2022-02-01 22:28:38,079 - INFO - MainProcess - query_execution.segment1 - list index out of range
2022-02-01 22:28:38,079 - INFO - MainProcess - query_execution.segment1 - list index out of range
2022-02-01 22:28:38,079 - INFO - MainProcess - query_execution.segment1 - list index out of range
2022-02-01 22:28:38,079 - INFO - MainProcess - query_execution.segment1 - list index out of range
2022-02-01 22:28:38,079 - INFO - MainProcess - query_execution.segment1 - list index out of range
2022-02-01 22:28:38,079 - INFO - MainProcess - query_execution.segment1 - list index out of range
2022-02-01 22:28:38,079 - INFO - MainProcess - query_execution.segment1 - list index out of range
2022-02-01 22:28:38,079 - INFO - MainProcess - query_execution.segment1 - list index out of range
2022-02-01 22:28:38,079 - INFO - MainProcess - query_execution.segment1 - list index out of range
2022-02-01 22:28:38,079 - INFO - MainProcess - query_execution.segment1 - list index out of range
2022-02-01 22:28:38,079 - INFO - MainProcess - query_execution.segment1 - list index out of range
2022-02-01 22:28:38,079 - INFO - MainProcess - query_execution.segment1 - list index out of range
2022-02-01 22:28:38,079 - INFO - MainProcess - query_execution.segment1 - list index out of range
2022-02-01 22:28:38,079 - INFO - MainProcess - query_execution.segment1 - list index out of range
2022-02-01 22:28:38,079 - INFO - MainProcess - query_execution.segment1 - list index out of range
2022-02-01 22:28:38,079 - INFO - MainProcess - query_execution.segment1 - list index out of range
2022-02-01 22:28:38,079 - INFO - MainProcess - query_execution.segment1 - list index out of range
2022-02-01 22:28:38,079 - INFO - MainProcess - query_execution.segment1 - list index out of range
2022-02-01 22:28:38,079 - INFO - MainProcess - query_execution.segment1 - list index out of range
2022-02-01 22:28:38,079 - INFO - MainProcess - query_execution.segment1 - list index out of range
2022-02-01 22:28:38,079 - INFO - MainProcess - query_execution.segment1 - list index out of range
2022-02-01 22:28:38,079 - INFO - MainProcess - query_execution.segment1 - list index out of range
2022-02-01 22:28:38,079 - INFO - MainProcess - query_execution.segment1 - list index out of range
2022-02-01 22:28:38,079 - INFO - MainProcess - query_execution.segment1 - list index out of range
2022-02-01 22:28:38,079 - INFO - MainProcess - query_execution.segment1 - list index out of range
2022-02-01 22:28:38,079 - INFO - MainProcess - query_execution.segment1 - list index out of range
2022-02-01 22:28:38,079 - INFO - MainProcess - query_execution.segment1 - list index out of range
2022-02-01 22:28:38,079 - INFO - MainProcess - query_execution.segment1 - list index out of range
2022-02-01 22:28:38,079 - INFO - MainProcess - query_execution.segment1 - list index out of range
2022-02-01 22:28:38,079 - INFO - MainProcess - query_execution.segment1 - list index out of range
2022-02-01 22:28:38,095 - INFO - MainProcess - query_execution.segment1 - list index out of range
2022-02-01 22:28:38,095 - INFO - MainProcess - query_execution.segment1 - list index out of range
2022-02-01 22:28:38,095 - INFO - MainProcess - query_execution.segment1 - list index out of range
2022-02-01 22:28:38,095 - INFO - MainProcess - query_execution.segment1 - list index out of range
2022-02-01 22:28:38,095 - INFO - MainProcess - query_execution.segment1 - list index out of range
2022-02-01 22:28:38,095 - INFO - MainProcess - query_execution.segment1 - list index out of range
2022-02-01 22:28:38,095 - INFO - MainProcess - query_execution.segment1 - list index out of range
2022-02-01 22:28:38,095 - INFO - MainProcess - query_execution.segment1 - list index out of range
2022-02-01 22:28:38,095 - INFO - MainProcess - query_execution.segment1 - list index out of range
2022-02-01 22:28:38,095 - INFO - MainProcess - query_execution.segment1 - list index out of range
2022-02-01 22:28:38,095 - INFO - MainProcess - query_execution.segment1 - list index out of range
2022-02-01 22:28:38,095 - INFO - MainProcess - query_execution.segment1 - list index out of range
2022-02-01 22:28:38,095 - INFO - MainProcess - query_execution.segment1 - list index out of range
2022-02-01 22:28:38,095 - INFO - MainProcess - query_execution.segment1 - list index out of range
2022-02-01 22:28:38,095 - INFO - MainProcess - query_execution.segment1 - list index out of range
2022-02-01 22:28:38,095 - INFO - MainProcess - query_execution.segment1 - list index out of range
2022-02-01 22:28:38,095 - INFO - MainProcess - query_execution.segment1 - list index out of range
2022-02-01 22:28:38,095 - INFO - MainProcess - query_execution.segment1 - list index out of range
2022-02-01 22:28:38,095 - INFO - MainProcess - query_execution.segment1 - list index out of range
2022-02-01 22:28:38,095 - INFO - MainProcess - query_execution.segment1 - list index out of range
2022-02-01 22:28:38,095 - INFO - MainProcess - query_execution.segment1 - list index out of range
2022-02-01 22:28:38,095 - INFO - MainProcess - query_execution.segment1 - list index out of range
2022-02-01 22:28:38,095 - INFO - MainProcess - query_execution.segment1 - list index out of range
2022-02-01 22:28:38,095 - INFO - MainProcess - query_execution.segment1 - list index out of range
2022-02-01 22:28:38,095 - INFO - MainProcess - query_execution.segment1 - list index out of range
2022-02-01 22:28:38,095 - INFO - MainProcess - query_execution.segment1 - list index out of range
2022-02-01 22:28:38,095 - INFO - MainProcess - query_execution.segment1 - list index out of range
2022-02-01 22:28:38,095 - INFO - MainProcess - query_execution.segment1 - list index out of range
2022-02-01 22:28:38,095 - INFO - MainProcess - query_execution.segment1 - list index out of range
2022-02-01 22:28:38,095 - INFO - MainProcess - query_execution.segment1 - list index out of range
2022-02-01 22:28:38,095 - INFO - MainProcess - query_execution.segment1 - list index out of range
2022-02-01 22:28:38,095 - INFO - MainProcess - query_execution.segment1 - list index out of range
2022-02-01 22:28:38,095 - INFO - MainProcess - query_execution.segment1 - list index out of range
2022-02-01 22:28:38,095 - INFO - MainProcess - query_execution.segment1 - list index out of range
2022-02-01 22:28:38,095 - INFO - MainProcess - query_execution.segment1 - list index out of range
2022-02-01 22:28:38,095 - INFO - MainProcess - query_execution.segment1 - list index out of range
2022-02-01 22:28:38,095 - INFO - MainProcess - query_execution.segment1 - list index out of range
2022-02-01 22:28:38,095 - INFO - MainProcess - query_execution.segment1 - list index out of range
2022-02-01 22:28:38,095 - INFO - MainProcess - query_execution.segment1 - list index out of range
2022-02-01 22:28:38,095 - INFO - MainProcess - query_execution.segment1 - list index out of range
2022-02-01 22:28:38,095 - INFO - MainProcess - query_execution.segment1 - list index out of range
2022-02-01 22:28:38,095 - INFO - MainProcess - query_execution.segment1 - list index out of range
2022-02-01 22:28:38,110 - INFO - MainProcess - query_execution.segment1 - list index out of range
2022-02-01 22:28:38,110 - INFO - MainProcess - query_execution.segment1 - list index out of range
2022-02-01 22:28:38,110 - INFO - MainProcess - query_execution.segment1 - list index out of range
2022-02-01 22:28:38,110 - INFO - MainProcess - query_execution.segment1 - list index out of range
2022-02-01 22:28:38,110 - INFO - MainProcess - query_execution.segment1 - list index out of range
2022-02-01 22:28:38,110 - INFO - MainProcess - query_execution.segment1 - list index out of range
2022-02-01 22:28:38,110 - INFO - MainProcess - query_execution.segment1 - list index out of range
2022-02-01 22:28:38,110 - INFO - MainProcess - query_execution.segment1 - list index out of range
2022-02-01 22:28:38,110 - INFO - MainProcess - query_execution.segment1 - list index out of range
2022-02-01 22:28:38,110 - INFO - MainProcess - query_execution.segment1 - list index out of range
2022-02-01 22:28:38,110 - INFO - MainProcess - query_execution.segment1 - list index out of range
2022-02-01 22:28:38,110 - INFO - MainProcess - query_execution.segment1 - list index out of range
2022-02-01 22:28:38,110 - INFO - MainProcess - query_execution.segment1 - list index out of range
2022-02-01 22:28:38,110 - INFO - MainProcess - query_execution.segment1 - list index out of range
2022-02-01 22:28:38,110 - INFO - MainProcess - query_execution.segment1 - list index out of range
2022-02-01 22:28:38,110 - INFO - MainProcess - query_execution.segment1 - list index out of range
2022-02-01 22:28:38,110 - INFO - MainProcess - query_execution.segment1 - list index out of range
2022-02-01 22:28:38,110 - INFO - MainProcess - query_execution.segment1 - list index out of range
2022-02-01 22:28:38,110 - INFO - MainProcess - query_execution.segment1 - list index out of range
2022-02-01 22:28:38,110 - INFO - MainProcess - query_execution.segment1 - list index out of range
2022-02-01 22:28:38,110 - INFO - MainProcess - query_execution.segment1 - list index out of range
2022-02-01 22:28:38,110 - INFO - MainProcess - query_execution.segment1 - list index out of range
2022-02-01 22:28:38,110 - INFO - MainProcess - query_execution.segment1 - list index out of range
2022-02-01 22:28:38,110 - INFO - MainProcess - query_execution.segment1 - list index out of range
2022-02-01 22:28:38,110 - INFO - MainProcess - query_execution.segment1 - list index out of range
2022-02-01 22:28:38,110 - INFO - MainProcess - query_execution.segment1 - list index out of range
2022-02-01 22:28:38,110 - INFO - MainProcess - query_execution.segment1 - list index out of range
2022-02-01 22:28:38,110 - INFO - MainProcess - query_execution.segment1 - list index out of range
2022-02-01 22:28:38,110 - INFO - MainProcess - query_execution.segment1 - list index out of range
2022-02-01 22:28:38,110 - INFO - MainProcess - query_execution.segment1 - list index out of range
2022-02-01 22:28:38,110 - INFO - MainProcess - query_execution.segment1 - list index out of range
2022-02-01 22:28:38,110 - INFO - MainProcess - query_execution.segment1 - list index out of range
2022-02-01 22:28:38,110 - INFO - MainProcess - query_execution.segment1 - list index out of range
2022-02-01 22:28:38,110 - INFO - MainProcess - query_execution.segment1 - list index out of range
2022-02-01 22:28:38,110 - INFO - MainProcess - query_execution.segment1 - list index out of range
2022-02-01 22:28:38,110 - INFO - MainProcess - query_execution.segment1 - list index out of range
2022-02-01 22:28:38,110 - INFO - MainProcess - query_execution.segment1 - list index out of range
2022-02-01 22:28:38,110 - INFO - MainProcess - query_execution.segment1 - list index out of range
2022-02-01 22:28:38,110 - INFO - MainProcess - query_execution.segment1 - list index out of range
2022-02-01 22:28:38,110 - INFO - MainProcess - query_execution.segment1 - list index out of range
2022-02-01 22:28:38,110 - INFO - MainProcess - query_execution.segment1 - list index out of range
2022-02-01 22:28:38,110 - INFO - MainProcess - query_execution.segment1 - list index out of range
2022-02-01 22:28:38,126 - INFO - MainProcess - query_execution.segment1 - list index out of range
2022-02-01 22:28:38,126 - INFO - MainProcess - query_execution.segment1 - list index out of range
2022-02-01 22:28:38,126 - INFO - MainProcess - query_execution.segment1 - list index out of range
2022-02-01 22:28:38,126 - INFO - MainProcess - query_execution.segment1 - list index out of range
2022-02-01 22:28:38,126 - INFO - MainProcess - query_execution.segment1 - list index out of range
2022-02-01 22:28:38,126 - INFO - MainProcess - query_execution.segment1 - list index out of range
2022-02-01 22:28:38,126 - INFO - MainProcess - query_execution.segment1 - list index out of range
2022-02-01 22:28:38,126 - INFO - MainProcess - query_execution.segment1 - list index out of range
2022-02-01 22:28:38,126 - INFO - MainProcess - query_execution.segment1 - list index out of range
2022-02-01 22:28:38,126 - INFO - MainProcess - query_execution.segment1 - list index out of range
2022-02-01 22:28:38,126 - INFO - MainProcess - query_execution.segment1 - list index out of range
2022-02-01 22:28:38,126 - INFO - MainProcess - query_execution.segment1 - list index out of range
2022-02-01 22:28:38,126 - INFO - MainProcess - query_execution.segment1 - list index out of range
2022-02-01 22:28:38,126 - INFO - MainProcess - query_execution.segment1 - list index out of range
2022-02-01 22:28:38,126 - INFO - MainProcess - query_execution.segment1 - list index out of range
2022-02-01 22:28:38,126 - INFO - MainProcess - query_execution.segment1 - list index out of range
2022-02-01 22:28:38,126 - INFO - MainProcess - query_execution.segment1 - list index out of range
2022-02-01 22:28:38,126 - INFO - MainProcess - query_execution.segment1 - list index out of range
2022-02-01 22:28:38,126 - INFO - MainProcess - query_execution.segment1 - list index out of range
2022-02-01 22:28:38,126 - INFO - MainProcess - query_execution.segment1 - list index out of range
2022-02-01 22:28:38,126 - INFO - MainProcess - query_execution.segment1 - list index out of range
2022-02-01 22:28:38,126 - INFO - MainProcess - query_execution.segment1 - list index out of range
2022-02-01 22:28:38,126 - INFO - MainProcess - query_execution.segment1 - list index out of range
2022-02-01 22:28:38,126 - INFO - MainProcess - query_execution.segment1 - list index out of range
2022-02-01 22:28:38,126 - INFO - MainProcess - query_execution.segment1 - list index out of range
2022-02-01 22:28:38,126 - INFO - MainProcess - query_execution.segment1 - list index out of range
2022-02-01 22:28:38,126 - INFO - MainProcess - query_execution.segment1 - list index out of range
2022-02-01 22:28:38,126 - INFO - MainProcess - query_execution.segment1 - list index out of range
2022-02-01 22:28:38,126 - INFO - MainProcess - query_execution.segment1 - list index out of range
2022-02-01 22:28:38,126 - INFO - MainProcess - query_execution.segment1 - list index out of range
2022-02-01 22:28:38,126 - INFO - MainProcess - query_execution.segment1 - list index out of range
2022-02-01 22:28:38,126 - INFO - MainProcess - query_execution.segment1 - list index out of range
2022-02-01 22:28:38,126 - INFO - MainProcess - query_execution.segment1 - list index out of range
2022-02-01 22:28:38,126 - INFO - MainProcess - query_execution.segment1 - list index out of range
2022-02-01 22:28:38,126 - INFO - MainProcess - query_execution.segment1 - list index out of range
2022-02-01 22:28:38,126 - INFO - MainProcess - query_execution.segment1 - list index out of range
2022-02-01 22:28:38,126 - INFO - MainProcess - query_execution.segment1 - list index out of range
2022-02-01 22:28:38,126 - INFO - MainProcess - query_execution.segment1 - list index out of range
2022-02-01 22:28:38,142 - INFO - MainProcess - query_execution.segment1 - list index out of range
2022-02-01 22:28:38,142 - INFO - MainProcess - query_execution.segment1 - list index out of range
2022-02-01 22:28:38,142 - INFO - MainProcess - query_execution.segment1 - list index out of range
2022-02-01 22:28:38,142 - INFO - MainProcess - query_execution.segment1 - list index out of range
2022-02-01 22:28:38,142 - INFO - MainProcess - query_execution.segment1 - list index out of range
2022-02-01 22:28:38,142 - INFO - MainProcess - query_execution.segment1 - list index out of range
2022-02-01 22:28:38,142 - INFO - MainProcess - query_execution.segment1 - list index out of range
2022-02-01 22:28:38,142 - INFO - MainProcess - query_execution.segment1 - list index out of range
2022-02-01 22:28:38,142 - INFO - MainProcess - query_execution.segment1 - list index out of range
2022-02-01 22:28:38,142 - INFO - MainProcess - query_execution.segment1 - list index out of range
2022-02-01 22:28:38,142 - INFO - MainProcess - query_execution.segment1 - list index out of range
2022-02-01 22:28:38,142 - INFO - MainProcess - query_execution.segment1 - list index out of range
2022-02-01 22:28:38,142 - INFO - MainProcess - query_execution.segment1 - list index out of range
2022-02-01 22:28:38,142 - INFO - MainProcess - query_execution.segment1 - list index out of range
2022-02-01 22:28:38,142 - INFO - MainProcess - query_execution.segment1 - list index out of range
2022-02-01 22:28:38,142 - INFO - MainProcess - query_execution.segment1 - list index out of range
2022-02-01 22:28:38,142 - INFO - MainProcess - query_execution.segment1 - list index out of range
2022-02-01 22:28:38,142 - INFO - MainProcess - query_execution.segment1 - list index out of range
2022-02-01 22:28:38,142 - INFO - MainProcess - query_execution.segment1 - list index out of range
2022-02-01 22:28:38,142 - INFO - MainProcess - query_execution.segment1 - list index out of range
2022-02-01 22:28:38,142 - INFO - MainProcess - query_execution.segment1 - list index out of range
2022-02-01 22:28:38,142 - INFO - MainProcess - query_execution.segment1 - list index out of range
2022-02-01 22:28:38,142 - INFO - MainProcess - query_execution.segment1 - list index out of range
2022-02-01 22:28:38,142 - INFO - MainProcess - query_execution.segment1 - list index out of range
2022-02-01 22:28:38,142 - INFO - MainProcess - query_execution.segment1 - list index out of range
2022-02-01 22:28:38,142 - INFO - MainProcess - query_execution.segment1 - list index out of range
2022-02-01 22:28:38,142 - INFO - MainProcess - query_execution.segment1 - list index out of range
2022-02-01 22:28:38,142 - INFO - MainProcess - query_execution.segment1 - list index out of range
2022-02-01 22:28:38,142 - INFO - MainProcess - query_execution.segment1 - list index out of range
2022-02-01 22:28:38,142 - INFO - MainProcess - query_execution.segment1 - list index out of range
2022-02-01 22:28:38,142 - INFO - MainProcess - query_execution.segment1 - list index out of range
2022-02-01 22:28:38,142 - INFO - MainProcess - query_execution.segment1 - list index out of range
2022-02-01 22:28:38,142 - INFO - MainProcess - query_execution.segment1 - list index out of range
2022-02-01 22:28:38,142 - INFO - MainProcess - query_execution.segment1 - list index out of range
2022-02-01 22:28:38,142 - INFO - MainProcess - query_execution.segment1 - list index out of range
2022-02-01 22:28:38,142 - INFO - MainProcess - query_execution.segment1 - list index out of range
2022-02-01 22:28:38,142 - INFO - MainProcess - query_execution.segment1 - list index out of range
2022-02-01 22:28:38,142 - INFO - MainProcess - query_execution.segment1 - list index out of range
2022-02-01 22:28:38,142 - INFO - MainProcess - query_execution.segment1 - list index out of range
2022-02-01 22:28:38,157 - INFO - MainProcess - query_execution.segment1 - list index out of range
2022-02-01 22:28:38,157 - INFO - MainProcess - query_execution.segment1 - list index out of range
2022-02-01 22:28:38,157 - INFO - MainProcess - query_execution.segment1 - list index out of range
2022-02-01 22:28:38,157 - INFO - MainProcess - query_execution.segment1 - list index out of range
2022-02-01 22:28:38,157 - INFO - MainProcess - query_execution.segment1 - list index out of range
2022-02-01 22:28:38,157 - INFO - MainProcess - query_execution.segment1 - list index out of range
2022-02-01 22:28:38,157 - INFO - MainProcess - query_execution.segment1 - list index out of range
2022-02-01 22:28:38,157 - INFO - MainProcess - query_execution.segment1 - list index out of range
2022-02-01 22:28:38,157 - INFO - MainProcess - query_execution.segment1 - list index out of range
2022-02-01 22:28:38,157 - INFO - MainProcess - query_execution.segment1 - list index out of range
2022-02-01 22:28:38,157 - INFO - MainProcess - query_execution.segment1 - list index out of range
2022-02-01 22:28:38,157 - INFO - MainProcess - query_execution.segment1 - list index out of range
2022-02-01 22:28:38,157 - INFO - MainProcess - query_execution.segment1 - list index out of range
2022-02-01 22:28:38,157 - INFO - MainProcess - query_execution.segment1 - list index out of range
2022-02-01 22:28:38,157 - INFO - MainProcess - query_execution.segment1 - list index out of range
2022-02-01 22:28:38,157 - INFO - MainProcess - query_execution.segment1 - list index out of range
2022-02-01 22:28:38,157 - INFO - MainProcess - query_execution.segment1 - list index out of range
2022-02-01 22:28:38,157 - INFO - MainProcess - query_execution.segment1 - list index out of range
2022-02-01 22:28:38,157 - INFO - MainProcess - query_execution.segment1 - list index out of range
2022-02-01 22:28:38,157 - INFO - MainProcess - query_execution.segment1 - list index out of range
2022-02-01 22:28:38,157 - INFO - MainProcess - query_execution.segment1 - list index out of range
2022-02-01 22:28:38,157 - INFO - MainProcess - query_execution.segment1 - list index out of range
2022-02-01 22:28:38,157 - INFO - MainProcess - query_execution.segment1 - list index out of range
2022-02-01 22:28:38,157 - INFO - MainProcess - query_execution.segment1 - list index out of range
2022-02-01 22:28:38,157 - INFO - MainProcess - query_execution.segment1 - list index out of range
2022-02-01 22:28:38,157 - INFO - MainProcess - query_execution.segment1 - list index out of range
2022-02-01 22:28:38,157 - INFO - MainProcess - query_execution.segment1 - list index out of range
2022-02-01 22:28:38,157 - INFO - MainProcess - query_execution.segment1 - list index out of range
2022-02-01 22:28:38,157 - INFO - MainProcess - query_execution.segment1 - list index out of range
2022-02-01 22:28:38,157 - INFO - MainProcess - query_execution.segment1 - list index out of range
2022-02-01 22:28:38,157 - INFO - MainProcess - query_execution.segment1 - list index out of range
2022-02-01 22:28:38,157 - INFO - MainProcess - query_execution.segment1 - list index out of range
2022-02-01 22:28:38,157 - INFO - MainProcess - query_execution.segment1 - list index out of range
2022-02-01 22:28:38,157 - INFO - MainProcess - query_execution.segment1 - list index out of range
2022-02-01 22:28:38,157 - INFO - MainProcess - query_execution.segment1 - list index out of range
2022-02-01 22:28:38,157 - INFO - MainProcess - query_execution.segment1 - list index out of range
2022-02-01 22:28:38,157 - INFO - MainProcess - query_execution.segment1 - list index out of range
2022-02-01 22:28:38,157 - INFO - MainProcess - query_execution.segment1 - list index out of range
2022-02-01 22:28:38,157 - INFO - MainProcess - query_execution.segment1 - list index out of range
2022-02-01 22:28:38,173 - INFO - MainProcess - query_execution.segment1 - list index out of range
2022-02-01 22:28:38,173 - INFO - MainProcess - query_execution.segment1 - list index out of range
2022-02-01 22:28:38,173 - INFO - MainProcess - query_execution.segment1 - list index out of range
2022-02-01 22:28:38,173 - INFO - MainProcess - query_execution.segment1 - list index out of range
2022-02-01 22:28:38,173 - INFO - MainProcess - query_execution.segment1 - list index out of range
2022-02-01 22:28:38,173 - INFO - MainProcess - query_execution.segment1 - list index out of range
2022-02-01 22:28:38,173 - INFO - MainProcess - query_execution.segment1 - list index out of range
2022-02-01 22:28:38,173 - INFO - MainProcess - query_execution.segment1 - list index out of range
2022-02-01 22:28:38,173 - INFO - MainProcess - query_execution.segment1 - list index out of range
2022-02-01 22:28:38,173 - INFO - MainProcess - query_execution.segment1 - list index out of range
2022-02-01 22:28:38,173 - INFO - MainProcess - query_execution.segment1 - list index out of range
2022-02-01 22:28:38,173 - INFO - MainProcess - query_execution.segment1 - list index out of range
2022-02-01 22:28:38,173 - INFO - MainProcess - query_execution.segment1 - list index out of range
2022-02-01 22:28:38,173 - INFO - MainProcess - query_execution.segment1 - list index out of range
2022-02-01 22:28:38,173 - INFO - MainProcess - query_execution.segment1 - list index out of range
2022-02-01 22:28:38,173 - INFO - MainProcess - query_execution.segment1 - list index out of range
2022-02-01 22:28:38,173 - INFO - MainProcess - query_execution.segment1 - list index out of range
2022-02-01 22:28:38,173 - INFO - MainProcess - query_execution.segment1 - list index out of range
2022-02-01 22:28:38,173 - INFO - MainProcess - query_execution.segment1 - list index out of range
2022-02-01 22:28:38,173 - INFO - MainProcess - query_execution.segment1 - list index out of range
2022-02-01 22:28:38,173 - INFO - MainProcess - query_execution.segment1 - list index out of range
2022-02-01 22:28:38,173 - INFO - MainProcess - query_execution.segment1 - list index out of range
2022-02-01 22:28:38,173 - INFO - MainProcess - query_execution.segment1 - list index out of range
2022-02-01 22:28:38,173 - INFO - MainProcess - query_execution.segment1 - list index out of range
2022-02-01 22:28:38,173 - INFO - MainProcess - query_execution.segment1 - list index out of range
2022-02-01 22:28:38,173 - INFO - MainProcess - query_execution.segment1 - list index out of range
2022-02-01 22:28:38,173 - INFO - MainProcess - query_execution.segment1 - list index out of range
2022-02-01 22:28:38,173 - INFO - MainProcess - query_execution.segment1 - list index out of range
2022-02-01 22:28:38,173 - INFO - MainProcess - query_execution.segment1 - list index out of range
2022-02-01 22:28:38,173 - INFO - MainProcess - query_execution.segment1 - list index out of range
2022-02-01 22:28:38,173 - INFO - MainProcess - query_execution.segment1 - list index out of range
2022-02-01 22:28:38,173 - INFO - MainProcess - query_execution.segment1 - list index out of range
2022-02-01 22:28:38,173 - INFO - MainProcess - query_execution.segment1 - list index out of range
2022-02-01 22:28:38,173 - INFO - MainProcess - query_execution.segment1 - list index out of range
2022-02-01 22:28:38,173 - INFO - MainProcess - query_execution.segment1 - list index out of range
2022-02-01 22:28:38,173 - INFO - MainProcess - query_execution.segment1 - list index out of range
2022-02-01 22:28:38,173 - INFO - MainProcess - query_execution.segment1 - list index out of range
2022-02-01 22:28:38,173 - INFO - MainProcess - query_execution.segment1 - list index out of range
2022-02-01 22:28:38,173 - INFO - MainProcess - query_execution.segment1 - list index out of range
2022-02-01 22:28:38,188 - INFO - MainProcess - query_execution.segment1 - list index out of range
2022-02-01 22:28:38,188 - INFO - MainProcess - query_execution.segment1 - list index out of range
2022-02-01 22:28:38,188 - INFO - MainProcess - query_execution.segment1 - list index out of range
2022-02-01 22:28:38,188 - INFO - MainProcess - query_execution.segment1 - list index out of range
2022-02-01 22:28:38,188 - INFO - MainProcess - query_execution.segment1 - list index out of range
2022-02-01 22:28:38,188 - INFO - MainProcess - query_execution.segment1 - list index out of range
2022-02-01 22:28:38,188 - INFO - MainProcess - query_execution.segment1 - list index out of range
2022-02-01 22:28:38,188 - INFO - MainProcess - query_execution.segment1 - list index out of range
2022-02-01 22:28:38,188 - INFO - MainProcess - query_execution.segment1 - list index out of range
2022-02-01 22:28:38,188 - INFO - MainProcess - query_execution.segment1 - list index out of range
2022-02-01 22:28:38,188 - INFO - MainProcess - query_execution.segment1 - list index out of range
2022-02-01 22:28:38,188 - INFO - MainProcess - query_execution.segment1 - list index out of range
2022-02-01 22:28:38,188 - INFO - MainProcess - query_execution.segment1 - list index out of range
2022-02-01 22:28:38,188 - INFO - MainProcess - query_execution.segment1 - list index out of range
2022-02-01 22:28:38,188 - INFO - MainProcess - query_execution.segment1 - list index out of range
2022-02-01 22:28:38,188 - INFO - MainProcess - query_execution.segment1 - list index out of range
2022-02-01 22:28:38,188 - INFO - MainProcess - query_execution.segment1 - list index out of range
2022-02-01 22:28:38,188 - INFO - MainProcess - query_execution.segment1 - list index out of range
2022-02-01 22:28:38,188 - INFO - MainProcess - query_execution.segment1 - list index out of range
2022-02-01 22:28:38,188 - INFO - MainProcess - query_execution.segment1 - list index out of range
2022-02-01 22:28:38,188 - INFO - MainProcess - query_execution.segment1 - list index out of range
2022-02-01 22:28:38,188 - INFO - MainProcess - query_execution.segment1 - list index out of range
2022-02-01 22:28:38,188 - INFO - MainProcess - query_execution.segment1 - list index out of range
2022-02-01 22:28:38,188 - INFO - MainProcess - query_execution.segment1 - list index out of range
2022-02-01 22:28:38,188 - INFO - MainProcess - query_execution.segment1 - list index out of range
2022-02-01 22:28:38,188 - INFO - MainProcess - query_execution.segment1 - list index out of range
2022-02-01 22:28:38,188 - INFO - MainProcess - query_execution.segment1 - list index out of range
2022-02-01 22:28:38,188 - INFO - MainProcess - query_execution.segment1 - list index out of range
2022-02-01 22:28:38,188 - INFO - MainProcess - query_execution.segment1 - list index out of range
2022-02-01 22:28:38,188 - INFO - MainProcess - query_execution.segment1 - list index out of range
2022-02-01 22:28:38,188 - INFO - MainProcess - query_execution.segment1 - list index out of range
2022-02-01 22:28:38,188 - INFO - MainProcess - query_execution.segment1 - list index out of range
2022-02-01 22:28:38,188 - INFO - MainProcess - query_execution.segment1 - list index out of range
2022-02-01 22:28:38,188 - INFO - MainProcess - query_execution.segment1 - list index out of range
2022-02-01 22:28:38,188 - INFO - MainProcess - query_execution.segment1 - list index out of range
2022-02-01 22:28:38,188 - INFO - MainProcess - query_execution.segment1 - list index out of range
2022-02-01 22:28:38,188 - INFO - MainProcess - query_execution.segment1 - list index out of range
2022-02-01 22:28:38,188 - INFO - MainProcess - query_execution.segment1 - list index out of range
2022-02-01 22:28:38,188 - INFO - MainProcess - query_execution.segment1 - list index out of range
2022-02-01 22:28:38,188 - INFO - MainProcess - query_execution.segment1 - list index out of range
2022-02-01 22:28:38,204 - INFO - MainProcess - query_execution.segment1 - list index out of range
2022-02-01 22:28:38,204 - INFO - MainProcess - query_execution.segment1 - list index out of range
2022-02-01 22:28:38,204 - INFO - MainProcess - query_execution.segment1 - list index out of range
2022-02-01 22:28:38,204 - INFO - MainProcess - query_execution.segment1 - list index out of range
2022-02-01 22:28:38,204 - INFO - MainProcess - query_execution.segment1 - list index out of range
2022-02-01 22:28:38,204 - INFO - MainProcess - query_execution.segment1 - list index out of range
2022-02-01 22:28:38,204 - INFO - MainProcess - query_execution.segment1 - list index out of range
2022-02-01 22:28:38,204 - INFO - MainProcess - query_execution.segment1 - list index out of range
2022-02-01 22:28:38,204 - INFO - MainProcess - query_execution.segment1 - list index out of range
2022-02-01 22:28:38,204 - INFO - MainProcess - query_execution.segment1 - list index out of range
2022-02-01 22:28:38,204 - INFO - MainProcess - query_execution.segment1 - list index out of range
2022-02-01 22:28:38,204 - INFO - MainProcess - query_execution.segment1 - list index out of range
2022-02-01 22:28:38,204 - INFO - MainProcess - query_execution.segment1 - list index out of range
2022-02-01 22:28:38,204 - INFO - MainProcess - query_execution.segment1 - list index out of range
2022-02-01 22:28:38,204 - INFO - MainProcess - query_execution.segment1 - list index out of range
2022-02-01 22:28:38,204 - INFO - MainProcess - query_execution.segment1 - list index out of range
2022-02-01 22:28:38,204 - INFO - MainProcess - query_execution.segment1 - list index out of range
2022-02-01 22:28:38,204 - INFO - MainProcess - query_execution.segment1 - list index out of range
2022-02-01 22:28:38,204 - INFO - MainProcess - query_execution.segment1 - list index out of range
2022-02-01 22:28:38,204 - INFO - MainProcess - query_execution.segment1 - list index out of range
2022-02-01 22:28:38,204 - INFO - MainProcess - query_execution.segment1 - list index out of range
2022-02-01 22:28:38,204 - INFO - MainProcess - query_execution.segment1 - list index out of range
2022-02-01 22:28:38,204 - INFO - MainProcess - query_execution.segment1 - list index out of range
2022-02-01 22:28:38,204 - INFO - MainProcess - query_execution.segment1 - list index out of range
2022-02-01 22:28:38,204 - INFO - MainProcess - query_execution.segment1 - list index out of range
2022-02-01 22:28:38,204 - INFO - MainProcess - query_execution.segment1 - list index out of range
2022-02-01 22:28:38,204 - INFO - MainProcess - query_execution.segment1 - list index out of range
2022-02-01 22:28:38,204 - INFO - MainProcess - query_execution.segment1 - list index out of range
2022-02-01 22:28:38,204 - INFO - MainProcess - query_execution.segment1 - list index out of range
2022-02-01 22:28:38,204 - INFO - MainProcess - query_execution.segment1 - list index out of range
2022-02-01 22:28:38,204 - INFO - MainProcess - query_execution.segment1 - list index out of range
2022-02-01 22:28:38,204 - INFO - MainProcess - query_execution.segment1 - list index out of range
2022-02-01 22:28:38,204 - INFO - MainProcess - query_execution.segment1 - list index out of range
2022-02-01 22:28:38,204 - INFO - MainProcess - query_execution.segment1 - list index out of range
2022-02-01 22:28:38,204 - INFO - MainProcess - query_execution.segment1 - list index out of range
2022-02-01 22:28:38,204 - INFO - MainProcess - query_execution.segment1 - list index out of range
2022-02-01 22:28:38,204 - INFO - MainProcess - query_execution.segment1 - list index out of range
2022-02-01 22:28:38,204 - INFO - MainProcess - query_execution.segment1 - list index out of range
2022-02-01 22:28:38,204 - INFO - MainProcess - query_execution.segment1 - list index out of range
2022-02-01 22:28:38,220 - INFO - MainProcess - query_execution.segment1 - list index out of range
2022-02-01 22:28:38,220 - INFO - MainProcess - query_execution.segment1 - list index out of range
2022-02-01 22:28:38,220 - INFO - MainProcess - query_execution.segment1 - list index out of range
2022-02-01 22:28:38,220 - INFO - MainProcess - query_execution.segment1 - list index out of range
2022-02-01 22:28:38,220 - INFO - MainProcess - query_execution.segment1 - list index out of range
2022-02-01 22:28:38,220 - INFO - MainProcess - query_execution.segment1 - list index out of range
2022-02-01 22:28:38,220 - INFO - MainProcess - query_execution.segment1 - list index out of range
2022-02-01 22:28:38,220 - INFO - MainProcess - query_execution.segment1 - list index out of range
2022-02-01 22:28:38,220 - INFO - MainProcess - query_execution.segment1 - list index out of range
2022-02-01 22:28:38,220 - INFO - MainProcess - query_execution.segment1 - list index out of range
2022-02-01 22:28:38,220 - INFO - MainProcess - query_execution.segment1 - list index out of range
2022-02-01 22:28:38,220 - INFO - MainProcess - query_execution.segment1 - list index out of range
2022-02-01 22:28:38,220 - INFO - MainProcess - query_execution.segment1 - list index out of range
2022-02-01 22:28:38,220 - INFO - MainProcess - query_execution.segment1 - list index out of range
2022-02-01 22:28:38,220 - INFO - MainProcess - query_execution.segment1 - list index out of range
2022-02-01 22:28:38,220 - INFO - MainProcess - query_execution.segment1 - list index out of range
2022-02-01 22:28:38,220 - INFO - MainProcess - query_execution.segment1 - list index out of range
2022-02-01 22:28:38,220 - INFO - MainProcess - query_execution.segment1 - list index out of range
2022-02-01 22:28:38,220 - INFO - MainProcess - query_execution.segment1 - list index out of range
2022-02-01 22:28:38,220 - INFO - MainProcess - query_execution.segment1 - list index out of range
2022-02-01 22:28:38,220 - INFO - MainProcess - query_execution.segment1 - list index out of range
2022-02-01 22:28:38,220 - INFO - MainProcess - query_execution.segment1 - list index out of range
2022-02-01 22:28:38,220 - INFO - MainProcess - query_execution.segment1 - list index out of range
2022-02-01 22:28:38,220 - INFO - MainProcess - query_execution.segment1 - list index out of range
2022-02-01 22:28:38,220 - INFO - MainProcess - query_execution.segment1 - list index out of range
2022-02-01 22:28:38,220 - INFO - MainProcess - query_execution.segment1 - list index out of range
2022-02-01 22:28:38,220 - INFO - MainProcess - query_execution.segment1 - list index out of range
2022-02-01 22:28:38,220 - INFO - MainProcess - query_execution.segment1 - list index out of range
2022-02-01 22:28:38,220 - INFO - MainProcess - query_execution.segment1 - list index out of range
2022-02-01 22:28:38,220 - INFO - MainProcess - query_execution.segment1 - list index out of range
2022-02-01 22:28:38,220 - INFO - MainProcess - query_execution.segment1 - list index out of range
2022-02-01 22:28:38,220 - INFO - MainProcess - query_execution.segment1 - list index out of range
2022-02-01 22:28:38,220 - INFO - MainProcess - query_execution.segment1 - list index out of range
2022-02-01 22:28:38,220 - INFO - MainProcess - query_execution.segment1 - list index out of range
2022-02-01 22:28:38,220 - INFO - MainProcess - query_execution.segment1 - list index out of range
2022-02-01 22:28:38,220 - INFO - MainProcess - query_execution.segment1 - list index out of range
2022-02-01 22:28:38,220 - INFO - MainProcess - query_execution.segment1 - list index out of range
2022-02-01 22:28:38,220 - INFO - MainProcess - query_execution.segment1 - list index out of range
2022-02-01 22:28:38,220 - INFO - MainProcess - query_execution.segment1 - list index out of range
2022-02-01 22:28:38,220 - INFO - MainProcess - query_execution.segment1 - list index out of range
2022-02-01 22:28:38,220 - INFO - MainProcess - query_execution.segment1 - list index out of range
2022-02-01 22:28:38,220 - INFO - MainProcess - query_execution.segment1 - list index out of range
2022-02-01 22:28:38,235 - INFO - MainProcess - query_execution.segment1 - list index out of range
2022-02-01 22:28:38,235 - INFO - MainProcess - query_execution.segment1 - list index out of range
2022-02-01 22:28:38,235 - INFO - MainProcess - query_execution.segment1 - list index out of range
2022-02-01 22:28:38,235 - INFO - MainProcess - query_execution.segment1 - list index out of range
2022-02-01 22:28:38,235 - INFO - MainProcess - query_execution.segment1 - list index out of range
2022-02-01 22:28:38,235 - INFO - MainProcess - query_execution.segment1 - list index out of range
2022-02-01 22:28:38,235 - INFO - MainProcess - query_execution.segment1 - list index out of range
2022-02-01 22:28:38,235 - INFO - MainProcess - query_execution.segment1 - list index out of range
2022-02-01 22:28:38,235 - INFO - MainProcess - query_execution.segment1 - list index out of range
2022-02-01 22:28:38,235 - INFO - MainProcess - query_execution.segment1 - list index out of range
2022-02-01 22:28:38,235 - INFO - MainProcess - query_execution.segment1 - list index out of range
2022-02-01 22:28:38,235 - INFO - MainProcess - query_execution.segment1 - list index out of range
2022-02-01 22:28:38,235 - INFO - MainProcess - query_execution.segment1 - list index out of range
2022-02-01 22:28:38,235 - INFO - MainProcess - query_execution.segment1 - list index out of range
2022-02-01 22:28:38,235 - INFO - MainProcess - query_execution.segment1 - list index out of range
2022-02-01 22:28:38,235 - INFO - MainProcess - query_execution.segment1 - list index out of range
2022-02-01 22:28:38,235 - INFO - MainProcess - query_execution.segment1 - list index out of range
2022-02-01 22:28:38,235 - INFO - MainProcess - query_execution.segment1 - list index out of range
2022-02-01 22:28:38,235 - INFO - MainProcess - query_execution.segment1 - list index out of range
2022-02-01 22:28:38,235 - INFO - MainProcess - query_execution.segment1 - list index out of range
2022-02-01 22:28:38,235 - INFO - MainProcess - query_execution.segment1 - list index out of range
2022-02-01 22:28:38,235 - INFO - MainProcess - query_execution.segment1 - list index out of range
2022-02-01 22:28:38,235 - INFO - MainProcess - query_execution.segment1 - list index out of range
2022-02-01 22:28:38,235 - INFO - MainProcess - query_execution.segment1 - list index out of range
2022-02-01 22:28:38,235 - INFO - MainProcess - query_execution.segment1 - list index out of range
2022-02-01 22:28:38,235 - INFO - MainProcess - query_execution.segment1 - list index out of range
2022-02-01 22:28:38,235 - INFO - MainProcess - query_execution.segment1 - list index out of range
2022-02-01 22:28:38,235 - INFO - MainProcess - query_execution.segment1 - list index out of range
2022-02-01 22:28:38,235 - INFO - MainProcess - query_execution.segment1 - list index out of range
2022-02-01 22:28:38,235 - INFO - MainProcess - query_execution.segment1 - list index out of range
2022-02-01 22:28:38,235 - INFO - MainProcess - query_execution.segment1 - list index out of range
2022-02-01 22:28:38,235 - INFO - MainProcess - query_execution.segment1 - list index out of range
2022-02-01 22:28:38,235 - INFO - MainProcess - query_execution.segment1 - list index out of range
2022-02-01 22:28:38,235 - INFO - MainProcess - query_execution.segment1 - list index out of range
