2022-02-01 22:19:19,414 - DEBUG - MainProcess - root - configuration loaded
2022-02-01 22:19:19,492 - INFO - MainProcess - connection.connect_db - CONNECTION SUCCESSFULLY source
2022-02-01 22:19:19,507 - INFO - MainProcess - connection.connect_db - CONNECTION SUCCESSFULLY destination
2022-02-01 22:19:19,507 - INFO - MainProcess - query_execution.segment1 - segment1 table data validation START
2022-02-01 22:19:20,662 - INFO - MainProcess - query_execution.segment1 - list index out of range
2022-02-01 22:19:20,662 - INFO - MainProcess - query_execution.segment1 - list index out of range
2022-02-01 22:19:20,662 - INFO - MainProcess - query_execution.segment1 - list index out of range
2022-02-01 22:19:20,662 - INFO - MainProcess - query_execution.segment1 - list index out of range
2022-02-01 22:19:20,662 - INFO - MainProcess - query_execution.segment1 - list index out of range
2022-02-01 22:19:20,662 - INFO - MainProcess - query_execution.segment1 - list index out of range
2022-02-01 22:19:20,662 - INFO - MainProcess - query_execution.segment1 - list index out of range
2022-02-01 22:19:20,662 - INFO - MainProcess - query_execution.segment1 - list index out of range
2022-02-01 22:19:20,662 - INFO - MainProcess - query_execution.segment1 - list index out of range
2022-02-01 22:19:20,662 - INFO - MainProcess - query_execution.segment1 - list index out of range
2022-02-01 22:19:20,662 - INFO - MainProcess - query_execution.segment1 - list index out of range
2022-02-01 22:19:20,662 - INFO - MainProcess - query_execution.segment1 - list index out of range
2022-02-01 22:19:20,662 - INFO - MainProcess - query_execution.segment1 - list index out of range
2022-02-01 22:19:20,662 - INFO - MainProcess - query_execution.segment1 - list index out of range
2022-02-01 22:19:20,662 - INFO - MainProcess - query_execution.segment1 - list index out of range
2022-02-01 22:19:20,677 - INFO - MainProcess - query_execution.segment1 - list index out of range
2022-02-01 22:19:20,677 - INFO - MainProcess - query_execution.segment1 - list index out of range
2022-02-01 22:19:20,677 - INFO - MainProcess - query_execution.segment1 - list index out of range
2022-02-01 22:19:20,677 - INFO - MainProcess - query_execution.segment1 - list index out of range
2022-02-01 22:19:20,677 - INFO - MainProcess - query_execution.segment1 - list index out of range
2022-02-01 22:19:20,677 - INFO - MainProcess - query_execution.segment1 - list index out of range
2022-02-01 22:19:20,677 - INFO - MainProcess - query_execution.segment1 - list index out of range
2022-02-01 22:19:20,677 - INFO - MainProcess - query_execution.segment1 - list index out of range
2022-02-01 22:19:20,677 - INFO - MainProcess - query_execution.segment1 - list index out of range
2022-02-01 22:19:20,677 - INFO - MainProcess - query_execution.segment1 - list index out of range
2022-02-01 22:19:20,677 - INFO - MainProcess - query_execution.segment1 - list index out of range
2022-02-01 22:19:20,677 - INFO - MainProcess - query_execution.segment1 - list index out of range
2022-02-01 22:19:20,677 - INFO - MainProcess - query_execution.segment1 - list index out of range
2022-02-01 22:19:20,677 - INFO - MainProcess - query_execution.segment1 - list index out of range
2022-02-01 22:19:20,677 - INFO - MainProcess - query_execution.segment1 - list index out of range
2022-02-01 22:19:20,677 - INFO - MainProcess - query_execution.segment1 - list index out of range
2022-02-01 22:19:20,677 - INFO - MainProcess - query_execution.segment1 - list index out of range
2022-02-01 22:19:20,677 - INFO - MainProcess - query_execution.segment1 - list index out of range
2022-02-01 22:19:20,677 - INFO - MainProcess - query_execution.segment1 - list index out of range
2022-02-01 22:19:20,677 - INFO - MainProcess - query_execution.segment1 - list index out of range
2022-02-01 22:19:20,677 - INFO - MainProcess - query_execution.segment1 - list index out of range
2022-02-01 22:19:20,677 - INFO - MainProcess - query_execution.segment1 - list index out of range
2022-02-01 22:19:20,677 - INFO - MainProcess - query_execution.segment1 - list index out of range
2022-02-01 22:19:20,677 - INFO - MainProcess - query_execution.segment1 - list index out of range
2022-02-01 22:19:20,677 - INFO - MainProcess - query_execution.segment1 - list index out of range
2022-02-01 22:19:20,677 - INFO - MainProcess - query_execution.segment1 - list index out of range
2022-02-01 22:19:20,677 - INFO - MainProcess - query_execution.segment1 - list index out of range
2022-02-01 22:19:20,677 - INFO - MainProcess - query_execution.segment1 - list index out of range
2022-02-01 22:19:20,677 - INFO - MainProcess - query_execution.segment1 - list index out of range
2022-02-01 22:19:20,677 - INFO - MainProcess - query_execution.segment1 - list index out of range
2022-02-01 22:19:20,677 - INFO - MainProcess - query_execution.segment1 - list index out of range
2022-02-01 22:19:20,677 - INFO - MainProcess - query_execution.segment1 - list index out of range
2022-02-01 22:19:20,677 - INFO - MainProcess - query_execution.segment1 - list index out of range
2022-02-01 22:19:20,677 - INFO - MainProcess - query_execution.segment1 - list index out of range
2022-02-01 22:19:20,677 - INFO - MainProcess - query_execution.segment1 - list index out of range
2022-02-01 22:19:20,677 - INFO - MainProcess - query_execution.segment1 - list index out of range
2022-02-01 22:19:20,677 - INFO - MainProcess - query_execution.segment1 - list index out of range
2022-02-01 22:19:20,677 - INFO - MainProcess - query_execution.segment1 - list index out of range
2022-02-01 22:19:20,677 - INFO - MainProcess - query_execution.segment1 - list index out of range
2022-02-01 22:19:20,677 - INFO - MainProcess - query_execution.segment1 - list index out of range
2022-02-01 22:19:20,677 - INFO - MainProcess - query_execution.segment1 - list index out of range
2022-02-01 22:19:20,677 - INFO - MainProcess - query_execution.segment1 - list index out of range
2022-02-01 22:19:20,677 - INFO - MainProcess - query_execution.segment1 - list index out of range
2022-02-01 22:19:20,677 - INFO - MainProcess - query_execution.segment1 - list index out of range
2022-02-01 22:19:20,677 - INFO - MainProcess - query_execution.segment1 - list index out of range
2022-02-01 22:19:20,677 - INFO - MainProcess - query_execution.segment1 - list index out of range
2022-02-01 22:19:20,677 - INFO - MainProcess - query_execution.segment1 - list index out of range
2022-02-01 22:19:20,693 - INFO - MainProcess - query_execution.segment1 - list index out of range
2022-02-01 22:19:20,693 - INFO - MainProcess - query_execution.segment1 - list index out of range
2022-02-01 22:19:20,693 - INFO - MainProcess - query_execution.segment1 - list index out of range
2022-02-01 22:19:20,693 - INFO - MainProcess - query_execution.segment1 - list index out of range
2022-02-01 22:19:20,693 - INFO - MainProcess - query_execution.segment1 - list index out of range
2022-02-01 22:19:20,693 - INFO - MainProcess - query_execution.segment1 - list index out of range
2022-02-01 22:19:20,693 - INFO - MainProcess - query_execution.segment1 - list index out of range
2022-02-01 22:19:20,693 - INFO - MainProcess - query_execution.segment1 - list index out of range
2022-02-01 22:19:20,693 - INFO - MainProcess - query_execution.segment1 - list index out of range
2022-02-01 22:19:20,693 - INFO - MainProcess - query_execution.segment1 - list index out of range
2022-02-01 22:19:20,693 - INFO - MainProcess - query_execution.segment1 - list index out of range
2022-02-01 22:19:20,693 - INFO - MainProcess - query_execution.segment1 - list index out of range
2022-02-01 22:19:20,693 - INFO - MainProcess - query_execution.segment1 - list index out of range
2022-02-01 22:19:20,693 - INFO - MainProcess - query_execution.segment1 - list index out of range
2022-02-01 22:19:20,693 - INFO - MainProcess - query_execution.segment1 - list index out of range
2022-02-01 22:19:20,693 - INFO - MainProcess - query_execution.segment1 - list index out of range
2022-02-01 22:19:20,693 - INFO - MainProcess - query_execution.segment1 - list index out of range
2022-02-01 22:19:20,693 - INFO - MainProcess - query_execution.segment1 - list index out of range
2022-02-01 22:19:20,693 - INFO - MainProcess - query_execution.segment1 - list index out of range
2022-02-01 22:19:20,693 - INFO - MainProcess - query_execution.segment1 - list index out of range
2022-02-01 22:19:20,693 - INFO - MainProcess - query_execution.segment1 - list index out of range
2022-02-01 22:19:20,693 - INFO - MainProcess - query_execution.segment1 - list index out of range
2022-02-01 22:19:20,693 - INFO - MainProcess - query_execution.segment1 - list index out of range
2022-02-01 22:19:20,693 - INFO - MainProcess - query_execution.segment1 - list index out of range
2022-02-01 22:19:20,693 - INFO - MainProcess - query_execution.segment1 - list index out of range
2022-02-01 22:19:20,693 - INFO - MainProcess - query_execution.segment1 - list index out of range
2022-02-01 22:19:20,693 - INFO - MainProcess - query_execution.segment1 - list index out of range
2022-02-01 22:19:20,693 - INFO - MainProcess - query_execution.segment1 - list index out of range
2022-02-01 22:19:20,693 - INFO - MainProcess - query_execution.segment1 - list index out of range
2022-02-01 22:19:20,693 - INFO - MainProcess - query_execution.segment1 - list index out of range
2022-02-01 22:19:20,693 - INFO - MainProcess - query_execution.segment1 - list index out of range
2022-02-01 22:19:20,693 - INFO - MainProcess - query_execution.segment1 - list index out of range
2022-02-01 22:19:20,693 - INFO - MainProcess - query_execution.segment1 - list index out of range
2022-02-01 22:19:20,693 - INFO - MainProcess - query_execution.segment1 - list index out of range
2022-02-01 22:19:20,693 - INFO - MainProcess - query_execution.segment1 - list index out of range
2022-02-01 22:19:20,693 - INFO - MainProcess - query_execution.segment1 - list index out of range
2022-02-01 22:19:20,693 - INFO - MainProcess - query_execution.segment1 - list index out of range
2022-02-01 22:19:20,693 - INFO - MainProcess - query_execution.segment1 - list index out of range
2022-02-01 22:19:20,693 - INFO - MainProcess - query_execution.segment1 - list index out of range
2022-02-01 22:19:20,693 - INFO - MainProcess - query_execution.segment1 - list index out of range
2022-02-01 22:19:20,693 - INFO - MainProcess - query_execution.segment1 - list index out of range
2022-02-01 22:19:20,693 - INFO - MainProcess - query_execution.segment1 - list index out of range
2022-02-01 22:19:20,708 - INFO - MainProcess - query_execution.segment1 - list index out of range
2022-02-01 22:19:20,708 - INFO - MainProcess - query_execution.segment1 - list index out of range
2022-02-01 22:19:20,708 - INFO - MainProcess - query_execution.segment1 - list index out of range
2022-02-01 22:19:20,708 - INFO - MainProcess - query_execution.segment1 - list index out of range
2022-02-01 22:19:20,708 - INFO - MainProcess - query_execution.segment1 - list index out of range
2022-02-01 22:19:20,708 - INFO - MainProcess - query_execution.segment1 - list index out of range
2022-02-01 22:19:20,708 - INFO - MainProcess - query_execution.segment1 - list index out of range
2022-02-01 22:19:20,708 - INFO - MainProcess - query_execution.segment1 - list index out of range
2022-02-01 22:19:20,708 - INFO - MainProcess - query_execution.segment1 - list index out of range
2022-02-01 22:19:20,708 - INFO - MainProcess - query_execution.segment1 - list index out of range
2022-02-01 22:19:20,708 - INFO - MainProcess - query_execution.segment1 - list index out of range
2022-02-01 22:19:20,708 - INFO - MainProcess - query_execution.segment1 - list index out of range
2022-02-01 22:19:20,708 - INFO - MainProcess - query_execution.segment1 - list index out of range
2022-02-01 22:19:20,708 - INFO - MainProcess - query_execution.segment1 - list index out of range
2022-02-01 22:19:20,708 - INFO - MainProcess - query_execution.segment1 - list index out of range
2022-02-01 22:19:20,708 - INFO - MainProcess - query_execution.segment1 - list index out of range
2022-02-01 22:19:20,708 - INFO - MainProcess - query_execution.segment1 - list index out of range
2022-02-01 22:19:20,708 - INFO - MainProcess - query_execution.segment1 - list index out of range
2022-02-01 22:19:20,708 - INFO - MainProcess - query_execution.segment1 - list index out of range
2022-02-01 22:19:20,708 - INFO - MainProcess - query_execution.segment1 - list index out of range
2022-02-01 22:19:20,708 - INFO - MainProcess - query_execution.segment1 - list index out of range
2022-02-01 22:19:20,708 - INFO - MainProcess - query_execution.segment1 - list index out of range
2022-02-01 22:19:20,708 - INFO - MainProcess - query_execution.segment1 - list index out of range
2022-02-01 22:19:20,708 - INFO - MainProcess - query_execution.segment1 - list index out of range
2022-02-01 22:19:20,708 - INFO - MainProcess - query_execution.segment1 - list index out of range
2022-02-01 22:19:20,708 - INFO - MainProcess - query_execution.segment1 - list index out of range
2022-02-01 22:19:20,708 - INFO - MainProcess - query_execution.segment1 - list index out of range
2022-02-01 22:19:20,708 - INFO - MainProcess - query_execution.segment1 - list index out of range
2022-02-01 22:19:20,708 - INFO - MainProcess - query_execution.segment1 - list index out of range
2022-02-01 22:19:20,708 - INFO - MainProcess - query_execution.segment1 - list index out of range
2022-02-01 22:19:20,708 - INFO - MainProcess - query_execution.segment1 - list index out of range
2022-02-01 22:19:20,708 - INFO - MainProcess - query_execution.segment1 - list index out of range
2022-02-01 22:19:20,708 - INFO - MainProcess - query_execution.segment1 - list index out of range
2022-02-01 22:19:20,708 - INFO - MainProcess - query_execution.segment1 - list index out of range
2022-02-01 22:19:20,708 - INFO - MainProcess - query_execution.segment1 - list index out of range
2022-02-01 22:19:20,708 - INFO - MainProcess - query_execution.segment1 - list index out of range
2022-02-01 22:19:20,708 - INFO - MainProcess - query_execution.segment1 - list index out of range
2022-02-01 22:19:20,708 - INFO - MainProcess - query_execution.segment1 - list index out of range
2022-02-01 22:19:20,708 - INFO - MainProcess - query_execution.segment1 - list index out of range
2022-02-01 22:19:20,708 - INFO - MainProcess - query_execution.segment1 - list index out of range
2022-02-01 22:19:20,708 - INFO - MainProcess - query_execution.segment1 - list index out of range
2022-02-01 22:19:20,708 - INFO - MainProcess - query_execution.segment1 - list index out of range
2022-02-01 22:19:20,724 - INFO - MainProcess - query_execution.segment1 - list index out of range
2022-02-01 22:19:20,724 - INFO - MainProcess - query_execution.segment1 - list index out of range
2022-02-01 22:19:20,724 - INFO - MainProcess - query_execution.segment1 - list index out of range
2022-02-01 22:19:20,724 - INFO - MainProcess - query_execution.segment1 - list index out of range
2022-02-01 22:19:20,724 - INFO - MainProcess - query_execution.segment1 - list index out of range
2022-02-01 22:19:20,724 - INFO - MainProcess - query_execution.segment1 - list index out of range
2022-02-01 22:19:20,724 - INFO - MainProcess - query_execution.segment1 - list index out of range
2022-02-01 22:19:20,724 - INFO - MainProcess - query_execution.segment1 - list index out of range
2022-02-01 22:19:20,724 - INFO - MainProcess - query_execution.segment1 - list index out of range
2022-02-01 22:19:20,724 - INFO - MainProcess - query_execution.segment1 - list index out of range
2022-02-01 22:19:20,724 - INFO - MainProcess - query_execution.segment1 - list index out of range
2022-02-01 22:19:20,724 - INFO - MainProcess - query_execution.segment1 - list index out of range
2022-02-01 22:19:20,724 - INFO - MainProcess - query_execution.segment1 - list index out of range
2022-02-01 22:19:20,724 - INFO - MainProcess - query_execution.segment1 - list index out of range
2022-02-01 22:19:20,724 - INFO - MainProcess - query_execution.segment1 - list index out of range
2022-02-01 22:19:20,724 - INFO - MainProcess - query_execution.segment1 - list index out of range
2022-02-01 22:19:20,724 - INFO - MainProcess - query_execution.segment1 - list index out of range
2022-02-01 22:19:20,724 - INFO - MainProcess - query_execution.segment1 - list index out of range
2022-02-01 22:19:20,724 - INFO - MainProcess - query_execution.segment1 - list index out of range
2022-02-01 22:19:20,724 - INFO - MainProcess - query_execution.segment1 - list index out of range
2022-02-01 22:19:20,724 - INFO - MainProcess - query_execution.segment1 - list index out of range
2022-02-01 22:19:20,724 - INFO - MainProcess - query_execution.segment1 - list index out of range
2022-02-01 22:19:20,724 - INFO - MainProcess - query_execution.segment1 - list index out of range
2022-02-01 22:19:20,724 - INFO - MainProcess - query_execution.segment1 - list index out of range
2022-02-01 22:19:20,724 - INFO - MainProcess - query_execution.segment1 - list index out of range
2022-02-01 22:19:20,724 - INFO - MainProcess - query_execution.segment1 - list index out of range
2022-02-01 22:19:20,724 - INFO - MainProcess - query_execution.segment1 - list index out of range
2022-02-01 22:19:20,724 - INFO - MainProcess - query_execution.segment1 - list index out of range
2022-02-01 22:19:20,724 - INFO - MainProcess - query_execution.segment1 - list index out of range
2022-02-01 22:19:20,724 - INFO - MainProcess - query_execution.segment1 - list index out of range
2022-02-01 22:19:20,724 - INFO - MainProcess - query_execution.segment1 - list index out of range
2022-02-01 22:19:20,724 - INFO - MainProcess - query_execution.segment1 - list index out of range
2022-02-01 22:19:20,724 - INFO - MainProcess - query_execution.segment1 - list index out of range
2022-02-01 22:19:20,724 - INFO - MainProcess - query_execution.segment1 - list index out of range
2022-02-01 22:19:20,724 - INFO - MainProcess - query_execution.segment1 - list index out of range
2022-02-01 22:19:20,724 - INFO - MainProcess - query_execution.segment1 - list index out of range
2022-02-01 22:19:20,724 - INFO - MainProcess - query_execution.segment1 - list index out of range
2022-02-01 22:19:20,724 - INFO - MainProcess - query_execution.segment1 - list index out of range
2022-02-01 22:19:20,724 - INFO - MainProcess - query_execution.segment1 - list index out of range
2022-02-01 22:19:20,724 - INFO - MainProcess - query_execution.segment1 - list index out of range
2022-02-01 22:19:20,724 - INFO - MainProcess - query_execution.segment1 - list index out of range
2022-02-01 22:19:20,724 - INFO - MainProcess - query_execution.segment1 - list index out of range
2022-02-01 22:19:20,740 - INFO - MainProcess - query_execution.segment1 - list index out of range
2022-02-01 22:19:20,740 - INFO - MainProcess - query_execution.segment1 - list index out of range
2022-02-01 22:19:20,740 - INFO - MainProcess - query_execution.segment1 - list index out of range
2022-02-01 22:19:20,740 - INFO - MainProcess - query_execution.segment1 - list index out of range
2022-02-01 22:19:20,740 - INFO - MainProcess - query_execution.segment1 - list index out of range
2022-02-01 22:19:20,740 - INFO - MainProcess - query_execution.segment1 - list index out of range
2022-02-01 22:19:20,740 - INFO - MainProcess - query_execution.segment1 - list index out of range
2022-02-01 22:19:20,740 - INFO - MainProcess - query_execution.segment1 - list index out of range
2022-02-01 22:19:20,740 - INFO - MainProcess - query_execution.segment1 - list index out of range
2022-02-01 22:19:20,740 - INFO - MainProcess - query_execution.segment1 - list index out of range
2022-02-01 22:19:20,740 - INFO - MainProcess - query_execution.segment1 - list index out of range
2022-02-01 22:19:20,740 - INFO - MainProcess - query_execution.segment1 - list index out of range
2022-02-01 22:19:20,740 - INFO - MainProcess - query_execution.segment1 - list index out of range
2022-02-01 22:19:20,740 - INFO - MainProcess - query_execution.segment1 - list index out of range
2022-02-01 22:19:20,740 - INFO - MainProcess - query_execution.segment1 - list index out of range
2022-02-01 22:19:20,740 - INFO - MainProcess - query_execution.segment1 - list index out of range
2022-02-01 22:19:20,740 - INFO - MainProcess - query_execution.segment1 - list index out of range
2022-02-01 22:19:20,740 - INFO - MainProcess - query_execution.segment1 - list index out of range
2022-02-01 22:19:20,740 - INFO - MainProcess - query_execution.segment1 - list index out of range
2022-02-01 22:19:20,740 - INFO - MainProcess - query_execution.segment1 - list index out of range
2022-02-01 22:19:20,740 - INFO - MainProcess - query_execution.segment1 - list index out of range
2022-02-01 22:19:20,740 - INFO - MainProcess - query_execution.segment1 - list index out of range
2022-02-01 22:19:20,740 - INFO - MainProcess - query_execution.segment1 - list index out of range
2022-02-01 22:19:20,740 - INFO - MainProcess - query_execution.segment1 - list index out of range
2022-02-01 22:19:20,740 - INFO - MainProcess - query_execution.segment1 - list index out of range
2022-02-01 22:19:20,740 - INFO - MainProcess - query_execution.segment1 - list index out of range
2022-02-01 22:19:20,740 - INFO - MainProcess - query_execution.segment1 - list index out of range
2022-02-01 22:19:20,740 - INFO - MainProcess - query_execution.segment1 - list index out of range
2022-02-01 22:19:20,740 - INFO - MainProcess - query_execution.segment1 - list index out of range
2022-02-01 22:19:20,740 - INFO - MainProcess - query_execution.segment1 - list index out of range
2022-02-01 22:19:20,740 - INFO - MainProcess - query_execution.segment1 - list index out of range
2022-02-01 22:19:20,740 - INFO - MainProcess - query_execution.segment1 - list index out of range
2022-02-01 22:19:20,740 - INFO - MainProcess - query_execution.segment1 - list index out of range
2022-02-01 22:19:20,740 - INFO - MainProcess - query_execution.segment1 - list index out of range
2022-02-01 22:19:20,740 - INFO - MainProcess - query_execution.segment1 - list index out of range
2022-02-01 22:19:20,740 - INFO - MainProcess - query_execution.segment1 - list index out of range
2022-02-01 22:19:20,740 - INFO - MainProcess - query_execution.segment1 - list index out of range
2022-02-01 22:19:20,740 - INFO - MainProcess - query_execution.segment1 - list index out of range
2022-02-01 22:19:20,740 - INFO - MainProcess - query_execution.segment1 - list index out of range
2022-02-01 22:19:20,740 - INFO - MainProcess - query_execution.segment1 - list index out of range
2022-02-01 22:19:20,740 - INFO - MainProcess - query_execution.segment1 - list index out of range
2022-02-01 22:19:20,740 - INFO - MainProcess - query_execution.segment1 - list index out of range
2022-02-01 22:19:20,755 - INFO - MainProcess - query_execution.segment1 - list index out of range
2022-02-01 22:19:20,755 - INFO - MainProcess - query_execution.segment1 - list index out of range
2022-02-01 22:19:20,755 - INFO - MainProcess - query_execution.segment1 - list index out of range
2022-02-01 22:19:20,755 - INFO - MainProcess - query_execution.segment1 - list index out of range
2022-02-01 22:19:20,755 - INFO - MainProcess - query_execution.segment1 - list index out of range
2022-02-01 22:19:20,755 - INFO - MainProcess - query_execution.segment1 - list index out of range
2022-02-01 22:19:20,755 - INFO - MainProcess - query_execution.segment1 - list index out of range
2022-02-01 22:19:20,755 - INFO - MainProcess - query_execution.segment1 - list index out of range
2022-02-01 22:19:20,755 - INFO - MainProcess - query_execution.segment1 - list index out of range
2022-02-01 22:19:20,755 - INFO - MainProcess - query_execution.segment1 - list index out of range
2022-02-01 22:19:20,755 - INFO - MainProcess - query_execution.segment1 - list index out of range
2022-02-01 22:19:20,755 - INFO - MainProcess - query_execution.segment1 - list index out of range
2022-02-01 22:19:20,755 - INFO - MainProcess - query_execution.segment1 - list index out of range
2022-02-01 22:19:20,755 - INFO - MainProcess - query_execution.segment1 - list index out of range
2022-02-01 22:19:20,755 - INFO - MainProcess - query_execution.segment1 - list index out of range
2022-02-01 22:19:20,755 - INFO - MainProcess - query_execution.segment1 - list index out of range
2022-02-01 22:19:20,755 - INFO - MainProcess - query_execution.segment1 - list index out of range
2022-02-01 22:19:20,755 - INFO - MainProcess - query_execution.segment1 - list index out of range
2022-02-01 22:19:20,755 - INFO - MainProcess - query_execution.segment1 - list index out of range
2022-02-01 22:19:20,755 - INFO - MainProcess - query_execution.segment1 - list index out of range
2022-02-01 22:19:20,755 - INFO - MainProcess - query_execution.segment1 - list index out of range
2022-02-01 22:19:20,755 - INFO - MainProcess - query_execution.segment1 - list index out of range
2022-02-01 22:19:20,755 - INFO - MainProcess - query_execution.segment1 - list index out of range
2022-02-01 22:19:20,755 - INFO - MainProcess - query_execution.segment1 - list index out of range
2022-02-01 22:19:20,755 - INFO - MainProcess - query_execution.segment1 - list index out of range
2022-02-01 22:19:20,755 - INFO - MainProcess - query_execution.segment1 - list index out of range
2022-02-01 22:19:20,755 - INFO - MainProcess - query_execution.segment1 - list index out of range
2022-02-01 22:19:20,755 - INFO - MainProcess - query_execution.segment1 - list index out of range
2022-02-01 22:19:20,755 - INFO - MainProcess - query_execution.segment1 - list index out of range
2022-02-01 22:19:20,755 - INFO - MainProcess - query_execution.segment1 - list index out of range
2022-02-01 22:19:20,755 - INFO - MainProcess - query_execution.segment1 - list index out of range
2022-02-01 22:19:20,755 - INFO - MainProcess - query_execution.segment1 - list index out of range
2022-02-01 22:19:20,755 - INFO - MainProcess - query_execution.segment1 - list index out of range
2022-02-01 22:19:20,755 - INFO - MainProcess - query_execution.segment1 - list index out of range
2022-02-01 22:19:20,755 - INFO - MainProcess - query_execution.segment1 - list index out of range
2022-02-01 22:19:20,755 - INFO - MainProcess - query_execution.segment1 - list index out of range
2022-02-01 22:19:20,755 - INFO - MainProcess - query_execution.segment1 - list index out of range
2022-02-01 22:19:20,755 - INFO - MainProcess - query_execution.segment1 - list index out of range
2022-02-01 22:19:20,755 - INFO - MainProcess - query_execution.segment1 - list index out of range
2022-02-01 22:19:20,755 - INFO - MainProcess - query_execution.segment1 - list index out of range
2022-02-01 22:19:20,755 - INFO - MainProcess - query_execution.segment1 - list index out of range
2022-02-01 22:19:20,755 - INFO - MainProcess - query_execution.segment1 - list index out of range
2022-02-01 22:19:20,771 - INFO - MainProcess - query_execution.segment1 - list index out of range
2022-02-01 22:19:20,771 - INFO - MainProcess - query_execution.segment1 - list index out of range
2022-02-01 22:19:20,771 - INFO - MainProcess - query_execution.segment1 - list index out of range
2022-02-01 22:19:20,771 - INFO - MainProcess - query_execution.segment1 - list index out of range
2022-02-01 22:19:20,771 - INFO - MainProcess - query_execution.segment1 - list index out of range
2022-02-01 22:19:20,771 - INFO - MainProcess - query_execution.segment1 - list index out of range
2022-02-01 22:19:20,771 - INFO - MainProcess - query_execution.segment1 - list index out of range
2022-02-01 22:19:20,771 - INFO - MainProcess - query_execution.segment1 - list index out of range
2022-02-01 22:19:20,771 - INFO - MainProcess - query_execution.segment1 - list index out of range
2022-02-01 22:19:20,771 - INFO - MainProcess - query_execution.segment1 - list index out of range
2022-02-01 22:19:20,771 - INFO - MainProcess - query_execution.segment1 - list index out of range
2022-02-01 22:19:20,771 - INFO - MainProcess - query_execution.segment1 - list index out of range
2022-02-01 22:19:20,771 - INFO - MainProcess - query_execution.segment1 - list index out of range
2022-02-01 22:19:20,771 - INFO - MainProcess - query_execution.segment1 - list index out of range
2022-02-01 22:19:20,771 - INFO - MainProcess - query_execution.segment1 - list index out of range
2022-02-01 22:19:20,771 - INFO - MainProcess - query_execution.segment1 - list index out of range
2022-02-01 22:19:20,771 - INFO - MainProcess - query_execution.segment1 - list index out of range
2022-02-01 22:19:20,771 - INFO - MainProcess - query_execution.segment1 - list index out of range
2022-02-01 22:19:20,771 - INFO - MainProcess - query_execution.segment1 - list index out of range
2022-02-01 22:19:20,771 - INFO - MainProcess - query_execution.segment1 - list index out of range
2022-02-01 22:19:20,771 - INFO - MainProcess - query_execution.segment1 - list index out of range
2022-02-01 22:19:20,771 - INFO - MainProcess - query_execution.segment1 - list index out of range
2022-02-01 22:19:20,771 - INFO - MainProcess - query_execution.segment1 - list index out of range
2022-02-01 22:19:20,771 - INFO - MainProcess - query_execution.segment1 - list index out of range
2022-02-01 22:19:20,771 - INFO - MainProcess - query_execution.segment1 - list index out of range
2022-02-01 22:19:20,771 - INFO - MainProcess - query_execution.segment1 - list index out of range
2022-02-01 22:19:20,771 - INFO - MainProcess - query_execution.segment1 - list index out of range
2022-02-01 22:19:20,771 - INFO - MainProcess - query_execution.segment1 - list index out of range
2022-02-01 22:19:20,771 - INFO - MainProcess - query_execution.segment1 - list index out of range
2022-02-01 22:19:20,771 - INFO - MainProcess - query_execution.segment1 - list index out of range
2022-02-01 22:19:20,771 - INFO - MainProcess - query_execution.segment1 - list index out of range
2022-02-01 22:19:20,771 - INFO - MainProcess - query_execution.segment1 - list index out of range
2022-02-01 22:19:20,771 - INFO - MainProcess - query_execution.segment1 - list index out of range
2022-02-01 22:19:20,771 - INFO - MainProcess - query_execution.segment1 - list index out of range
2022-02-01 22:19:20,771 - INFO - MainProcess - query_execution.segment1 - list index out of range
2022-02-01 22:19:20,771 - INFO - MainProcess - query_execution.segment1 - list index out of range
2022-02-01 22:19:20,771 - INFO - MainProcess - query_execution.segment1 - list index out of range
2022-02-01 22:19:20,771 - INFO - MainProcess - query_execution.segment1 - list index out of range
2022-02-01 22:19:20,771 - INFO - MainProcess - query_execution.segment1 - list index out of range
2022-02-01 22:19:20,771 - INFO - MainProcess - query_execution.segment1 - list index out of range
2022-02-01 22:19:20,771 - INFO - MainProcess - query_execution.segment1 - list index out of range
2022-02-01 22:19:20,771 - INFO - MainProcess - query_execution.segment1 - list index out of range
2022-02-01 22:19:20,786 - INFO - MainProcess - query_execution.segment1 - list index out of range
2022-02-01 22:19:20,786 - INFO - MainProcess - query_execution.segment1 - list index out of range
2022-02-01 22:19:20,786 - INFO - MainProcess - query_execution.segment1 - list index out of range
2022-02-01 22:19:20,786 - INFO - MainProcess - query_execution.segment1 - list index out of range
2022-02-01 22:19:20,786 - INFO - MainProcess - query_execution.segment1 - list index out of range
2022-02-01 22:19:20,786 - INFO - MainProcess - query_execution.segment1 - list index out of range
2022-02-01 22:19:20,786 - INFO - MainProcess - query_execution.segment1 - list index out of range
2022-02-01 22:19:20,786 - INFO - MainProcess - query_execution.segment1 - list index out of range
2022-02-01 22:19:20,786 - INFO - MainProcess - query_execution.segment1 - list index out of range
2022-02-01 22:19:20,786 - INFO - MainProcess - query_execution.segment1 - list index out of range
2022-02-01 22:19:20,786 - INFO - MainProcess - query_execution.segment1 - list index out of range
2022-02-01 22:19:20,786 - INFO - MainProcess - query_execution.segment1 - list index out of range
2022-02-01 22:19:20,786 - INFO - MainProcess - query_execution.segment1 - list index out of range
2022-02-01 22:19:20,786 - INFO - MainProcess - query_execution.segment1 - list index out of range
2022-02-01 22:19:20,786 - INFO - MainProcess - query_execution.segment1 - list index out of range
2022-02-01 22:19:20,786 - INFO - MainProcess - query_execution.segment1 - list index out of range
2022-02-01 22:19:20,786 - INFO - MainProcess - query_execution.segment1 - list index out of range
2022-02-01 22:19:20,786 - INFO - MainProcess - query_execution.segment1 - list index out of range
2022-02-01 22:19:20,786 - INFO - MainProcess - query_execution.segment1 - list index out of range
2022-02-01 22:19:20,786 - INFO - MainProcess - query_execution.segment1 - list index out of range
2022-02-01 22:19:20,786 - INFO - MainProcess - query_execution.segment1 - list index out of range
2022-02-01 22:19:20,786 - INFO - MainProcess - query_execution.segment1 - list index out of range
2022-02-01 22:19:20,786 - INFO - MainProcess - query_execution.segment1 - list index out of range
2022-02-01 22:19:20,786 - INFO - MainProcess - query_execution.segment1 - list index out of range
2022-02-01 22:19:20,786 - INFO - MainProcess - query_execution.segment1 - list index out of range
2022-02-01 22:19:20,786 - INFO - MainProcess - query_execution.segment1 - list index out of range
2022-02-01 22:19:20,786 - INFO - MainProcess - query_execution.segment1 - list index out of range
2022-02-01 22:19:20,786 - INFO - MainProcess - query_execution.segment1 - list index out of range
2022-02-01 22:19:20,786 - INFO - MainProcess - query_execution.segment1 - list index out of range
2022-02-01 22:19:20,786 - INFO - MainProcess - query_execution.segment1 - list index out of range
2022-02-01 22:19:20,786 - INFO - MainProcess - query_execution.segment1 - list index out of range
2022-02-01 22:19:20,786 - INFO - MainProcess - query_execution.segment1 - list index out of range
2022-02-01 22:19:20,786 - INFO - MainProcess - query_execution.segment1 - list index out of range
2022-02-01 22:19:20,786 - INFO - MainProcess - query_execution.segment1 - list index out of range
2022-02-01 22:19:20,786 - INFO - MainProcess - query_execution.segment1 - list index out of range
2022-02-01 22:19:20,786 - INFO - MainProcess - query_execution.segment1 - list index out of range
2022-02-01 22:19:20,786 - INFO - MainProcess - query_execution.segment1 - list index out of range
2022-02-01 22:19:20,786 - INFO - MainProcess - query_execution.segment1 - list index out of range
2022-02-01 22:19:20,786 - INFO - MainProcess - query_execution.segment1 - list index out of range
2022-02-01 22:19:20,786 - INFO - MainProcess - query_execution.segment1 - list index out of range
2022-02-01 22:19:20,786 - INFO - MainProcess - query_execution.segment1 - list index out of range
2022-02-01 22:19:20,786 - INFO - MainProcess - query_execution.segment1 - list index out of range
2022-02-01 22:19:20,802 - INFO - MainProcess - query_execution.segment1 - list index out of range
2022-02-01 22:19:20,802 - INFO - MainProcess - query_execution.segment1 - list index out of range
2022-02-01 22:19:20,802 - INFO - MainProcess - query_execution.segment1 - list index out of range
2022-02-01 22:19:20,802 - INFO - MainProcess - query_execution.segment1 - list index out of range
2022-02-01 22:19:20,802 - INFO - MainProcess - query_execution.segment1 - list index out of range
2022-02-01 22:19:20,802 - INFO - MainProcess - query_execution.segment1 - list index out of range
2022-02-01 22:19:20,802 - INFO - MainProcess - query_execution.segment1 - list index out of range
2022-02-01 22:19:20,802 - INFO - MainProcess - query_execution.segment1 - list index out of range
2022-02-01 22:19:20,802 - INFO - MainProcess - query_execution.segment1 - list index out of range
2022-02-01 22:19:20,802 - INFO - MainProcess - query_execution.segment1 - list index out of range
2022-02-01 22:19:20,802 - INFO - MainProcess - query_execution.segment1 - list index out of range
2022-02-01 22:19:20,802 - INFO - MainProcess - query_execution.segment1 - list index out of range
2022-02-01 22:19:20,802 - INFO - MainProcess - query_execution.segment1 - list index out of range
2022-02-01 22:19:20,802 - INFO - MainProcess - query_execution.segment1 - list index out of range
2022-02-01 22:19:20,802 - INFO - MainProcess - query_execution.segment1 - list index out of range
2022-02-01 22:19:20,802 - INFO - MainProcess - query_execution.segment1 - list index out of range
2022-02-01 22:19:20,802 - INFO - MainProcess - query_execution.segment1 - list index out of range
2022-02-01 22:19:20,802 - INFO - MainProcess - query_execution.segment1 - list index out of range
2022-02-01 22:19:20,802 - INFO - MainProcess - query_execution.segment1 - list index out of range
2022-02-01 22:19:20,802 - INFO - MainProcess - query_execution.segment1 - list index out of range
2022-02-01 22:19:20,802 - INFO - MainProcess - query_execution.segment1 - list index out of range
2022-02-01 22:19:20,802 - INFO - MainProcess - query_execution.segment1 - list index out of range
2022-02-01 22:19:20,802 - INFO - MainProcess - query_execution.segment1 - list index out of range
2022-02-01 22:19:20,802 - INFO - MainProcess - query_execution.segment1 - list index out of range
2022-02-01 22:19:20,802 - INFO - MainProcess - query_execution.segment1 - list index out of range
2022-02-01 22:19:20,802 - INFO - MainProcess - query_execution.segment1 - list index out of range
2022-02-01 22:19:20,802 - INFO - MainProcess - query_execution.segment1 - list index out of range
2022-02-01 22:19:20,802 - INFO - MainProcess - query_execution.segment1 - list index out of range
2022-02-01 22:19:20,802 - INFO - MainProcess - query_execution.segment1 - list index out of range
2022-02-01 22:19:20,802 - INFO - MainProcess - query_execution.segment1 - list index out of range
2022-02-01 22:19:20,802 - INFO - MainProcess - query_execution.segment1 - list index out of range
2022-02-01 22:19:20,802 - INFO - MainProcess - query_execution.segment1 - list index out of range
2022-02-01 22:19:20,802 - INFO - MainProcess - query_execution.segment1 - list index out of range
2022-02-01 22:19:20,802 - INFO - MainProcess - query_execution.segment1 - list index out of range
2022-02-01 22:19:20,802 - INFO - MainProcess - query_execution.segment1 - list index out of range
2022-02-01 22:19:20,802 - INFO - MainProcess - query_execution.segment1 - list index out of range
2022-02-01 22:19:20,802 - INFO - MainProcess - query_execution.segment1 - list index out of range
2022-02-01 22:19:20,802 - INFO - MainProcess - query_execution.segment1 - list index out of range
2022-02-01 22:19:20,802 - INFO - MainProcess - query_execution.segment1 - list index out of range
2022-02-01 22:19:20,802 - INFO - MainProcess - query_execution.segment1 - list index out of range
2022-02-01 22:19:20,802 - INFO - MainProcess - query_execution.segment1 - list index out of range
2022-02-01 22:19:20,802 - INFO - MainProcess - query_execution.segment1 - list index out of range
2022-02-01 22:19:20,818 - INFO - MainProcess - query_execution.segment1 - list index out of range
2022-02-01 22:19:20,818 - INFO - MainProcess - query_execution.segment1 - list index out of range
2022-02-01 22:19:20,818 - INFO - MainProcess - query_execution.segment1 - list index out of range
2022-02-01 22:19:20,818 - INFO - MainProcess - query_execution.segment1 - list index out of range
2022-02-01 22:19:20,818 - INFO - MainProcess - query_execution.segment1 - list index out of range
2022-02-01 22:19:20,818 - INFO - MainProcess - query_execution.segment1 - list index out of range
2022-02-01 22:19:20,818 - INFO - MainProcess - query_execution.segment1 - list index out of range
2022-02-01 22:19:20,818 - INFO - MainProcess - query_execution.segment1 - list index out of range
2022-02-01 22:19:20,818 - INFO - MainProcess - query_execution.segment1 - list index out of range
2022-02-01 22:19:20,818 - INFO - MainProcess - query_execution.segment1 - list index out of range
2022-02-01 22:19:20,818 - INFO - MainProcess - query_execution.segment1 - list index out of range
2022-02-01 22:19:20,818 - INFO - MainProcess - query_execution.segment1 - list index out of range
2022-02-01 22:19:20,818 - INFO - MainProcess - query_execution.segment1 - list index out of range
2022-02-01 22:19:20,818 - INFO - MainProcess - query_execution.segment1 - list index out of range
2022-02-01 22:19:20,818 - INFO - MainProcess - query_execution.segment1 - list index out of range
2022-02-01 22:19:20,818 - INFO - MainProcess - query_execution.segment1 - list index out of range
2022-02-01 22:19:20,818 - INFO - MainProcess - query_execution.segment1 - list index out of range
2022-02-01 22:19:20,818 - INFO - MainProcess - query_execution.segment1 - list index out of range
2022-02-01 22:19:20,818 - INFO - MainProcess - query_execution.segment1 - list index out of range
2022-02-01 22:19:20,818 - INFO - MainProcess - query_execution.segment1 - list index out of range
2022-02-01 22:19:20,818 - INFO - MainProcess - query_execution.segment1 - list index out of range
2022-02-01 22:19:20,818 - INFO - MainProcess - query_execution.segment1 - list index out of range
2022-02-01 22:19:20,818 - INFO - MainProcess - query_execution.segment1 - list index out of range
2022-02-01 22:19:20,818 - INFO - MainProcess - query_execution.segment1 - list index out of range
2022-02-01 22:19:20,818 - INFO - MainProcess - query_execution.segment1 - list index out of range
2022-02-01 22:19:20,818 - INFO - MainProcess - query_execution.segment1 - list index out of range
2022-02-01 22:19:20,818 - INFO - MainProcess - query_execution.segment1 - list index out of range
2022-02-01 22:19:20,818 - INFO - MainProcess - query_execution.segment1 - list index out of range
2022-02-01 22:19:20,818 - INFO - MainProcess - query_execution.segment1 - list index out of range
2022-02-01 22:19:20,818 - INFO - MainProcess - query_execution.segment1 - list index out of range
2022-02-01 22:19:20,818 - INFO - MainProcess - query_execution.segment1 - list index out of range
2022-02-01 22:19:20,818 - INFO - MainProcess - query_execution.segment1 - list index out of range
2022-02-01 22:19:20,818 - INFO - MainProcess - query_execution.segment1 - list index out of range
2022-02-01 22:19:20,818 - INFO - MainProcess - query_execution.segment1 - list index out of range
2022-02-01 22:19:20,818 - INFO - MainProcess - query_execution.segment1 - list index out of range
2022-02-01 22:19:20,818 - INFO - MainProcess - query_execution.segment1 - list index out of range
2022-02-01 22:19:20,818 - INFO - MainProcess - query_execution.segment1 - list index out of range
2022-02-01 22:19:20,818 - INFO - MainProcess - query_execution.segment1 - list index out of range
2022-02-01 22:19:20,818 - INFO - MainProcess - query_execution.segment1 - list index out of range
2022-02-01 22:19:20,818 - INFO - MainProcess - query_execution.segment1 - list index out of range
2022-02-01 22:19:20,818 - INFO - MainProcess - query_execution.segment1 - list index out of range
2022-02-01 22:19:20,818 - INFO - MainProcess - query_execution.segment1 - list index out of range
2022-02-01 22:19:20,833 - INFO - MainProcess - query_execution.segment1 - list index out of range
2022-02-01 22:19:20,833 - INFO - MainProcess - query_execution.segment1 - list index out of range
2022-02-01 22:19:20,833 - INFO - MainProcess - query_execution.segment1 - list index out of range
2022-02-01 22:19:20,833 - INFO - MainProcess - query_execution.segment1 - list index out of range
2022-02-01 22:19:20,849 - INFO - MainProcess - query_execution.segment1 - list index out of range
2022-02-01 22:19:20,849 - INFO - MainProcess - query_execution.segment1 - list index out of range
2022-02-01 22:19:20,849 - INFO - MainProcess - query_execution.segment1 - list index out of range
2022-02-01 22:19:20,849 - INFO - MainProcess - query_execution.segment1 - list index out of range
2022-02-01 22:19:20,849 - INFO - MainProcess - query_execution.segment1 - list index out of range
2022-02-01 22:19:20,849 - INFO - MainProcess - query_execution.segment1 - list index out of range
2022-02-01 22:19:20,849 - INFO - MainProcess - query_execution.segment1 - list index out of range
2022-02-01 22:19:20,849 - INFO - MainProcess - query_execution.segment1 - list index out of range
2022-02-01 22:19:20,849 - INFO - MainProcess - query_execution.segment1 - list index out of range
2022-02-01 22:19:20,849 - INFO - MainProcess - query_execution.segment1 - list index out of range
2022-02-01 22:19:20,849 - INFO - MainProcess - query_execution.segment1 - list index out of range
2022-02-01 22:19:20,864 - INFO - MainProcess - query_execution.segment1 - list index out of range
2022-02-01 22:19:20,864 - INFO - MainProcess - query_execution.segment1 - list index out of range
2022-02-01 22:19:20,864 - INFO - MainProcess - query_execution.segment1 - list index out of range
2022-02-01 22:19:20,864 - INFO - MainProcess - query_execution.segment1 - list index out of range
2022-02-01 22:19:20,864 - INFO - MainProcess - query_execution.segment1 - list index out of range
2022-02-01 22:19:20,864 - INFO - MainProcess - query_execution.segment1 - list index out of range
2022-02-01 22:19:20,864 - INFO - MainProcess - query_execution.segment1 - list index out of range
2022-02-01 22:19:20,864 - INFO - MainProcess - query_execution.segment1 - list index out of range
2022-02-01 22:19:20,864 - INFO - MainProcess - query_execution.segment1 - list index out of range
2022-02-01 22:19:20,864 - INFO - MainProcess - query_execution.segment1 - list index out of range
2022-02-01 22:19:20,864 - INFO - MainProcess - query_execution.segment1 - list index out of range
2022-02-01 22:19:20,864 - INFO - MainProcess - query_execution.segment1 - list index out of range
2022-02-01 22:19:20,864 - INFO - MainProcess - query_execution.segment1 - list index out of range
2022-02-01 22:19:20,864 - INFO - MainProcess - query_execution.segment1 - list index out of range
2022-02-01 22:19:20,864 - INFO - MainProcess - query_execution.segment1 - list index out of range
2022-02-01 22:19:20,864 - INFO - MainProcess - query_execution.segment1 - list index out of range
2022-02-01 22:19:20,864 - INFO - MainProcess - query_execution.segment1 - list index out of range
2022-02-01 22:19:20,864 - INFO - MainProcess - query_execution.segment1 - list index out of range
2022-02-01 22:19:20,864 - INFO - MainProcess - query_execution.segment1 - list index out of range
2022-02-01 22:19:20,864 - INFO - MainProcess - query_execution.segment1 - list index out of range
2022-02-01 22:19:20,864 - INFO - MainProcess - query_execution.segment1 - list index out of range
2022-02-01 22:19:20,864 - INFO - MainProcess - query_execution.segment1 - list index out of range
2022-02-01 22:19:20,864 - INFO - MainProcess - query_execution.segment1 - list index out of range
2022-02-01 22:19:20,864 - INFO - MainProcess - query_execution.segment1 - list index out of range
2022-02-01 22:19:20,864 - INFO - MainProcess - query_execution.segment1 - list index out of range
2022-02-01 22:19:20,864 - INFO - MainProcess - query_execution.segment1 - list index out of range
2022-02-01 22:19:20,864 - INFO - MainProcess - query_execution.segment1 - list index out of range
2022-02-01 22:19:20,864 - INFO - MainProcess - query_execution.segment1 - list index out of range
2022-02-01 22:19:20,864 - INFO - MainProcess - query_execution.segment1 - list index out of range
2022-02-01 22:19:20,864 - INFO - MainProcess - query_execution.segment1 - list index out of range
2022-02-01 22:19:20,864 - INFO - MainProcess - query_execution.segment1 - list index out of range
2022-02-01 22:19:20,864 - INFO - MainProcess - query_execution.segment1 - list index out of range
2022-02-01 22:19:20,864 - INFO - MainProcess - query_execution.segment1 - list index out of range
2022-02-01 22:19:20,864 - INFO - MainProcess - query_execution.segment1 - list index out of range
2022-02-01 22:19:20,864 - INFO - MainProcess - query_execution.segment1 - list index out of range
2022-02-01 22:19:20,864 - INFO - MainProcess - query_execution.segment1 - list index out of range
2022-02-01 22:19:20,864 - INFO - MainProcess - query_execution.segment1 - list index out of range
2022-02-01 22:19:20,864 - INFO - MainProcess - query_execution.segment1 - list index out of range
2022-02-01 22:19:20,864 - INFO - MainProcess - query_execution.segment1 - list index out of range
2022-02-01 22:19:20,864 - INFO - MainProcess - query_execution.segment1 - list index out of range
2022-02-01 22:19:20,864 - INFO - MainProcess - query_execution.segment1 - list index out of range
2022-02-01 22:19:20,864 - INFO - MainProcess - query_execution.segment1 - list index out of range
2022-02-01 22:19:20,880 - INFO - MainProcess - query_execution.segment1 - list index out of range
2022-02-01 22:19:20,880 - INFO - MainProcess - query_execution.segment1 - list index out of range
2022-02-01 22:19:20,880 - INFO - MainProcess - query_execution.segment1 - list index out of range
2022-02-01 22:19:20,880 - INFO - MainProcess - query_execution.segment1 - list index out of range
2022-02-01 22:19:20,880 - INFO - MainProcess - query_execution.segment1 - list index out of range
2022-02-01 22:19:20,880 - INFO - MainProcess - query_execution.segment1 - list index out of range
2022-02-01 22:19:20,880 - INFO - MainProcess - query_execution.segment1 - list index out of range
2022-02-01 22:19:20,880 - INFO - MainProcess - query_execution.segment1 - list index out of range
2022-02-01 22:19:20,880 - INFO - MainProcess - query_execution.segment1 - list index out of range
2022-02-01 22:19:20,880 - INFO - MainProcess - query_execution.segment1 - list index out of range
2022-02-01 22:19:20,880 - INFO - MainProcess - query_execution.segment1 - list index out of range
2022-02-01 22:19:20,880 - INFO - MainProcess - query_execution.segment1 - list index out of range
2022-02-01 22:19:20,880 - INFO - MainProcess - query_execution.segment1 - list index out of range
2022-02-01 22:19:20,880 - INFO - MainProcess - query_execution.segment1 - list index out of range
2022-02-01 22:19:20,880 - INFO - MainProcess - query_execution.segment1 - list index out of range
2022-02-01 22:19:20,880 - INFO - MainProcess - query_execution.segment1 - list index out of range
2022-02-01 22:19:20,880 - INFO - MainProcess - query_execution.segment1 - list index out of range
2022-02-01 22:19:20,880 - INFO - MainProcess - query_execution.segment1 - list index out of range
2022-02-01 22:19:20,880 - INFO - MainProcess - query_execution.segment1 - list index out of range
2022-02-01 22:19:20,880 - INFO - MainProcess - query_execution.segment1 - list index out of range
2022-02-01 22:19:20,880 - INFO - MainProcess - query_execution.segment1 - list index out of range
2022-02-01 22:19:20,880 - INFO - MainProcess - query_execution.segment1 - list index out of range
2022-02-01 22:19:20,880 - INFO - MainProcess - query_execution.segment1 - list index out of range
2022-02-01 22:19:20,880 - INFO - MainProcess - query_execution.segment1 - list index out of range
2022-02-01 22:19:20,880 - INFO - MainProcess - query_execution.segment1 - list index out of range
2022-02-01 22:19:20,880 - INFO - MainProcess - query_execution.segment1 - list index out of range
2022-02-01 22:19:20,880 - INFO - MainProcess - query_execution.segment1 - list index out of range
2022-02-01 22:19:20,880 - INFO - MainProcess - query_execution.segment1 - list index out of range
2022-02-01 22:19:20,880 - INFO - MainProcess - query_execution.segment1 - list index out of range
2022-02-01 22:19:20,880 - INFO - MainProcess - query_execution.segment1 - list index out of range
2022-02-01 22:19:20,880 - INFO - MainProcess - query_execution.segment1 - list index out of range
2022-02-01 22:19:20,880 - INFO - MainProcess - query_execution.segment1 - list index out of range
2022-02-01 22:19:20,880 - INFO - MainProcess - query_execution.segment1 - list index out of range
2022-02-01 22:19:20,880 - INFO - MainProcess - query_execution.segment1 - list index out of range
2022-02-01 22:19:20,880 - INFO - MainProcess - query_execution.segment1 - list index out of range
2022-02-01 22:19:20,880 - INFO - MainProcess - query_execution.segment1 - list index out of range
2022-02-01 22:19:20,880 - INFO - MainProcess - query_execution.segment1 - list index out of range
2022-02-01 22:19:20,880 - INFO - MainProcess - query_execution.segment1 - list index out of range
2022-02-01 22:19:20,880 - INFO - MainProcess - query_execution.segment1 - list index out of range
2022-02-01 22:19:20,880 - INFO - MainProcess - query_execution.segment1 - list index out of range
2022-02-01 22:19:20,880 - INFO - MainProcess - query_execution.segment1 - list index out of range
2022-02-01 22:19:20,880 - INFO - MainProcess - query_execution.segment1 - list index out of range
2022-02-01 22:19:20,896 - INFO - MainProcess - query_execution.segment1 - list index out of range
2022-02-01 22:19:20,896 - INFO - MainProcess - query_execution.segment1 - list index out of range
2022-02-01 22:19:20,896 - INFO - MainProcess - query_execution.segment1 - list index out of range
2022-02-01 22:19:20,896 - INFO - MainProcess - query_execution.segment1 - list index out of range
2022-02-01 22:19:20,896 - INFO - MainProcess - query_execution.segment1 - list index out of range
2022-02-01 22:19:20,896 - INFO - MainProcess - query_execution.segment1 - list index out of range
2022-02-01 22:19:20,896 - INFO - MainProcess - query_execution.segment1 - list index out of range
2022-02-01 22:19:20,896 - INFO - MainProcess - query_execution.segment1 - list index out of range
2022-02-01 22:19:20,896 - INFO - MainProcess - query_execution.segment1 - list index out of range
2022-02-01 22:19:20,896 - INFO - MainProcess - query_execution.segment1 - list index out of range
2022-02-01 22:19:20,896 - INFO - MainProcess - query_execution.segment1 - list index out of range
2022-02-01 22:19:20,896 - INFO - MainProcess - query_execution.segment1 - list index out of range
2022-02-01 22:19:20,896 - INFO - MainProcess - query_execution.segment1 - list index out of range
2022-02-01 22:19:20,896 - INFO - MainProcess - query_execution.segment1 - list index out of range
2022-02-01 22:19:20,896 - INFO - MainProcess - query_execution.segment1 - list index out of range
2022-02-01 22:19:20,896 - INFO - MainProcess - query_execution.segment1 - list index out of range
2022-02-01 22:19:20,896 - INFO - MainProcess - query_execution.segment1 - list index out of range
2022-02-01 22:19:20,896 - INFO - MainProcess - query_execution.segment1 - list index out of range
2022-02-01 22:19:20,896 - INFO - MainProcess - query_execution.segment1 - list index out of range
2022-02-01 22:19:20,896 - INFO - MainProcess - query_execution.segment1 - list index out of range
2022-02-01 22:19:20,896 - INFO - MainProcess - query_execution.segment1 - list index out of range
2022-02-01 22:19:20,896 - INFO - MainProcess - query_execution.segment1 - list index out of range
2022-02-01 22:19:20,896 - INFO - MainProcess - query_execution.segment1 - list index out of range
2022-02-01 22:19:20,896 - INFO - MainProcess - query_execution.segment1 - list index out of range
2022-02-01 22:19:20,896 - INFO - MainProcess - query_execution.segment1 - list index out of range
2022-02-01 22:19:20,896 - INFO - MainProcess - query_execution.segment1 - list index out of range
2022-02-01 22:19:20,896 - INFO - MainProcess - query_execution.segment1 - list index out of range
2022-02-01 22:19:20,896 - INFO - MainProcess - query_execution.segment1 - list index out of range
2022-02-01 22:19:20,896 - INFO - MainProcess - query_execution.segment1 - list index out of range
2022-02-01 22:19:20,896 - INFO - MainProcess - query_execution.segment1 - list index out of range
2022-02-01 22:19:20,896 - INFO - MainProcess - query_execution.segment1 - list index out of range
2022-02-01 22:19:20,896 - INFO - MainProcess - query_execution.segment1 - list index out of range
2022-02-01 22:19:20,896 - INFO - MainProcess - query_execution.segment1 - list index out of range
2022-02-01 22:19:20,896 - INFO - MainProcess - query_execution.segment1 - list index out of range
2022-02-01 22:19:20,896 - INFO - MainProcess - query_execution.segment1 - list index out of range
2022-02-01 22:19:20,896 - INFO - MainProcess - query_execution.segment1 - list index out of range
2022-02-01 22:19:20,896 - INFO - MainProcess - query_execution.segment1 - list index out of range
2022-02-01 22:19:20,896 - INFO - MainProcess - query_execution.segment1 - list index out of range
2022-02-01 22:19:20,896 - INFO - MainProcess - query_execution.segment1 - list index out of range
2022-02-01 22:19:20,896 - INFO - MainProcess - query_execution.segment1 - list index out of range
2022-02-01 22:19:20,896 - INFO - MainProcess - query_execution.segment1 - list index out of range
2022-02-01 22:19:20,911 - INFO - MainProcess - query_execution.segment1 - list index out of range
2022-02-01 22:19:20,911 - INFO - MainProcess - query_execution.segment1 - list index out of range
2022-02-01 22:19:20,911 - INFO - MainProcess - query_execution.segment1 - list index out of range
2022-02-01 22:19:20,911 - INFO - MainProcess - query_execution.segment1 - list index out of range
2022-02-01 22:19:20,911 - INFO - MainProcess - query_execution.segment1 - list index out of range
2022-02-01 22:19:20,911 - INFO - MainProcess - query_execution.segment1 - list index out of range
2022-02-01 22:19:20,911 - INFO - MainProcess - query_execution.segment1 - list index out of range
2022-02-01 22:19:20,911 - INFO - MainProcess - query_execution.segment1 - list index out of range
2022-02-01 22:19:20,911 - INFO - MainProcess - query_execution.segment1 - list index out of range
2022-02-01 22:19:20,911 - INFO - MainProcess - query_execution.segment1 - list index out of range
2022-02-01 22:19:20,911 - INFO - MainProcess - query_execution.segment1 - list index out of range
2022-02-01 22:19:20,911 - INFO - MainProcess - query_execution.segment1 - list index out of range
2022-02-01 22:19:20,911 - INFO - MainProcess - query_execution.segment1 - list index out of range
2022-02-01 22:19:20,911 - INFO - MainProcess - query_execution.segment1 - list index out of range
2022-02-01 22:19:20,911 - INFO - MainProcess - query_execution.segment1 - list index out of range
2022-02-01 22:19:20,911 - INFO - MainProcess - query_execution.segment1 - list index out of range
2022-02-01 22:19:20,911 - INFO - MainProcess - query_execution.segment1 - list index out of range
2022-02-01 22:19:20,911 - INFO - MainProcess - query_execution.segment1 - list index out of range
2022-02-01 22:19:20,911 - INFO - MainProcess - query_execution.segment1 - list index out of range
2022-02-01 22:19:20,911 - INFO - MainProcess - query_execution.segment1 - list index out of range
2022-02-01 22:19:20,911 - INFO - MainProcess - query_execution.segment1 - list index out of range
2022-02-01 22:19:20,911 - INFO - MainProcess - query_execution.segment1 - list index out of range
2022-02-01 22:19:20,911 - INFO - MainProcess - query_execution.segment1 - list index out of range
2022-02-01 22:19:20,911 - INFO - MainProcess - query_execution.segment1 - list index out of range
2022-02-01 22:19:20,911 - INFO - MainProcess - query_execution.segment1 - list index out of range
2022-02-01 22:19:20,911 - INFO - MainProcess - query_execution.segment1 - list index out of range
2022-02-01 22:19:20,911 - INFO - MainProcess - query_execution.segment1 - list index out of range
2022-02-01 22:19:20,911 - INFO - MainProcess - query_execution.segment1 - list index out of range
2022-02-01 22:19:20,911 - INFO - MainProcess - query_execution.segment1 - list index out of range
2022-02-01 22:19:20,911 - INFO - MainProcess - query_execution.segment1 - list index out of range
2022-02-01 22:19:20,911 - INFO - MainProcess - query_execution.segment1 - list index out of range
2022-02-01 22:19:20,911 - INFO - MainProcess - query_execution.segment1 - list index out of range
2022-02-01 22:19:20,911 - INFO - MainProcess - query_execution.segment1 - list index out of range
2022-02-01 22:19:20,911 - INFO - MainProcess - query_execution.segment1 - list index out of range
2022-02-01 22:19:20,911 - INFO - MainProcess - query_execution.segment1 - list index out of range
2022-02-01 22:19:20,911 - INFO - MainProcess - query_execution.segment1 - list index out of range
2022-02-01 22:19:20,911 - INFO - MainProcess - query_execution.segment1 - list index out of range
2022-02-01 22:19:20,911 - INFO - MainProcess - query_execution.segment1 - list index out of range
2022-02-01 22:19:20,911 - INFO - MainProcess - query_execution.segment1 - list index out of range
2022-02-01 22:19:20,911 - INFO - MainProcess - query_execution.segment1 - list index out of range
2022-02-01 22:19:20,911 - INFO - MainProcess - query_execution.segment1 - list index out of range
2022-02-01 22:19:20,911 - INFO - MainProcess - query_execution.segment1 - list index out of range
2022-02-01 22:19:20,927 - INFO - MainProcess - query_execution.segment1 - list index out of range
2022-02-01 22:19:20,927 - INFO - MainProcess - query_execution.segment1 - list index out of range
2022-02-01 22:19:20,927 - INFO - MainProcess - query_execution.segment1 - list index out of range
2022-02-01 22:19:20,927 - INFO - MainProcess - query_execution.segment1 - list index out of range
2022-02-01 22:19:20,927 - INFO - MainProcess - query_execution.segment1 - list index out of range
2022-02-01 22:19:20,927 - INFO - MainProcess - query_execution.segment1 - list index out of range
2022-02-01 22:19:20,927 - INFO - MainProcess - query_execution.segment1 - list index out of range
2022-02-01 22:19:20,927 - INFO - MainProcess - query_execution.segment1 - list index out of range
2022-02-01 22:19:20,927 - INFO - MainProcess - query_execution.segment1 - list index out of range
2022-02-01 22:19:20,927 - INFO - MainProcess - query_execution.segment1 - list index out of range
2022-02-01 22:19:20,927 - INFO - MainProcess - query_execution.segment1 - list index out of range
2022-02-01 22:19:20,927 - INFO - MainProcess - query_execution.segment1 - list index out of range
2022-02-01 22:19:20,927 - INFO - MainProcess - query_execution.segment1 - list index out of range
2022-02-01 22:19:20,927 - INFO - MainProcess - query_execution.segment1 - list index out of range
2022-02-01 22:19:20,927 - INFO - MainProcess - query_execution.segment1 - list index out of range
2022-02-01 22:19:20,927 - INFO - MainProcess - query_execution.segment1 - list index out of range
2022-02-01 22:19:20,927 - INFO - MainProcess - query_execution.segment1 - list index out of range
2022-02-01 22:19:20,927 - INFO - MainProcess - query_execution.segment1 - list index out of range
2022-02-01 22:19:20,927 - INFO - MainProcess - query_execution.segment1 - list index out of range
2022-02-01 22:19:20,927 - INFO - MainProcess - query_execution.segment1 - list index out of range
2022-02-01 22:19:20,927 - INFO - MainProcess - query_execution.segment1 - list index out of range
2022-02-01 22:19:20,927 - INFO - MainProcess - query_execution.segment1 - list index out of range
2022-02-01 22:19:20,927 - INFO - MainProcess - query_execution.segment1 - list index out of range
2022-02-01 22:19:20,927 - INFO - MainProcess - query_execution.segment1 - list index out of range
2022-02-01 22:19:20,927 - INFO - MainProcess - query_execution.segment1 - list index out of range
2022-02-01 22:19:20,927 - INFO - MainProcess - query_execution.segment1 - list index out of range
2022-02-01 22:19:20,927 - INFO - MainProcess - query_execution.segment1 - list index out of range
2022-02-01 22:19:20,927 - INFO - MainProcess - query_execution.segment1 - list index out of range
2022-02-01 22:19:20,927 - INFO - MainProcess - query_execution.segment1 - list index out of range
2022-02-01 22:19:20,927 - INFO - MainProcess - query_execution.segment1 - list index out of range
2022-02-01 22:19:20,927 - INFO - MainProcess - query_execution.segment1 - list index out of range
2022-02-01 22:19:20,927 - INFO - MainProcess - query_execution.segment1 - list index out of range
2022-02-01 22:19:20,927 - INFO - MainProcess - query_execution.segment1 - list index out of range
2022-02-01 22:19:20,927 - INFO - MainProcess - query_execution.segment1 - list index out of range
2022-02-01 22:19:20,927 - INFO - MainProcess - query_execution.segment1 - list index out of range
2022-02-01 22:19:20,927 - INFO - MainProcess - query_execution.segment1 - list index out of range
2022-02-01 22:19:20,927 - INFO - MainProcess - query_execution.segment1 - list index out of range
2022-02-01 22:19:20,927 - INFO - MainProcess - query_execution.segment1 - list index out of range
2022-02-01 22:19:20,927 - INFO - MainProcess - query_execution.segment1 - list index out of range
2022-02-01 22:19:20,927 - INFO - MainProcess - query_execution.segment1 - list index out of range
2022-02-01 22:19:20,927 - INFO - MainProcess - query_execution.segment1 - list index out of range
2022-02-01 22:19:20,927 - INFO - MainProcess - query_execution.segment1 - list index out of range
2022-02-01 22:19:20,942 - INFO - MainProcess - query_execution.segment1 - list index out of range
2022-02-01 22:19:20,942 - INFO - MainProcess - query_execution.segment1 - list index out of range
2022-02-01 22:19:20,942 - INFO - MainProcess - query_execution.segment1 - list index out of range
2022-02-01 22:19:20,942 - INFO - MainProcess - query_execution.segment1 - list index out of range
2022-02-01 22:19:20,942 - INFO - MainProcess - query_execution.segment1 - list index out of range
2022-02-01 22:19:20,942 - INFO - MainProcess - query_execution.segment1 - list index out of range
2022-02-01 22:19:20,942 - INFO - MainProcess - query_execution.segment1 - list index out of range
2022-02-01 22:19:20,942 - INFO - MainProcess - query_execution.segment1 - list index out of range
2022-02-01 22:19:20,942 - INFO - MainProcess - query_execution.segment1 - list index out of range
2022-02-01 22:19:20,942 - INFO - MainProcess - query_execution.segment1 - list index out of range
2022-02-01 22:19:20,942 - INFO - MainProcess - query_execution.segment1 - list index out of range
2022-02-01 22:19:20,942 - INFO - MainProcess - query_execution.segment1 - list index out of range
2022-02-01 22:19:20,942 - INFO - MainProcess - query_execution.segment1 - list index out of range
2022-02-01 22:19:20,942 - INFO - MainProcess - query_execution.segment1 - list index out of range
2022-02-01 22:19:20,942 - INFO - MainProcess - query_execution.segment1 - list index out of range
2022-02-01 22:19:20,942 - INFO - MainProcess - query_execution.segment1 - list index out of range
2022-02-01 22:19:20,942 - INFO - MainProcess - query_execution.segment1 - list index out of range
2022-02-01 22:19:20,942 - INFO - MainProcess - query_execution.segment1 - list index out of range
2022-02-01 22:19:20,942 - INFO - MainProcess - query_execution.segment1 - list index out of range
2022-02-01 22:19:20,942 - INFO - MainProcess - query_execution.segment1 - list index out of range
2022-02-01 22:19:20,942 - INFO - MainProcess - query_execution.segment1 - list index out of range
2022-02-01 22:19:20,942 - INFO - MainProcess - query_execution.segment1 - list index out of range
2022-02-01 22:19:20,942 - INFO - MainProcess - query_execution.segment1 - list index out of range
2022-02-01 22:19:20,942 - INFO - MainProcess - query_execution.segment1 - list index out of range
2022-02-01 22:19:20,942 - INFO - MainProcess - query_execution.segment1 - list index out of range
2022-02-01 22:19:20,942 - INFO - MainProcess - query_execution.segment1 - list index out of range
2022-02-01 22:19:20,942 - INFO - MainProcess - query_execution.segment1 - list index out of range
2022-02-01 22:19:20,942 - INFO - MainProcess - query_execution.segment1 - list index out of range
2022-02-01 22:19:20,942 - INFO - MainProcess - query_execution.segment1 - list index out of range
2022-02-01 22:19:20,942 - INFO - MainProcess - query_execution.segment1 - list index out of range
2022-02-01 22:19:20,942 - INFO - MainProcess - query_execution.segment1 - list index out of range
2022-02-01 22:19:20,942 - INFO - MainProcess - query_execution.segment1 - list index out of range
2022-02-01 22:19:20,942 - INFO - MainProcess - query_execution.segment1 - list index out of range
2022-02-01 22:19:20,942 - INFO - MainProcess - query_execution.segment1 - list index out of range
2022-02-01 22:19:20,942 - INFO - MainProcess - query_execution.segment1 - list index out of range
2022-02-01 22:19:20,942 - INFO - MainProcess - query_execution.segment1 - list index out of range
2022-02-01 22:19:20,942 - INFO - MainProcess - query_execution.segment1 - list index out of range
2022-02-01 22:19:20,942 - INFO - MainProcess - query_execution.segment1 - list index out of range
2022-02-01 22:19:20,942 - INFO - MainProcess - query_execution.segment1 - list index out of range
2022-02-01 22:19:20,942 - INFO - MainProcess - query_execution.segment1 - list index out of range
2022-02-01 22:19:20,942 - INFO - MainProcess - query_execution.segment1 - list index out of range
2022-02-01 22:19:20,942 - INFO - MainProcess - query_execution.segment1 - list index out of range
2022-02-01 22:19:20,958 - INFO - MainProcess - query_execution.segment1 - list index out of range
2022-02-01 22:19:20,958 - INFO - MainProcess - query_execution.segment1 - list index out of range
2022-02-01 22:19:20,958 - INFO - MainProcess - query_execution.segment1 - list index out of range
2022-02-01 22:19:20,958 - INFO - MainProcess - query_execution.segment1 - list index out of range
2022-02-01 22:19:20,958 - INFO - MainProcess - query_execution.segment1 - list index out of range
2022-02-01 22:19:20,958 - INFO - MainProcess - query_execution.segment1 - list index out of range
2022-02-01 22:19:20,958 - INFO - MainProcess - query_execution.segment1 - list index out of range
2022-02-01 22:19:20,958 - INFO - MainProcess - query_execution.segment1 - list index out of range
2022-02-01 22:19:20,958 - INFO - MainProcess - query_execution.segment1 - list index out of range
2022-02-01 22:19:20,958 - INFO - MainProcess - query_execution.segment1 - list index out of range
2022-02-01 22:19:20,958 - INFO - MainProcess - query_execution.segment1 - list index out of range
2022-02-01 22:19:20,958 - INFO - MainProcess - query_execution.segment1 - list index out of range
2022-02-01 22:19:20,958 - INFO - MainProcess - query_execution.segment1 - list index out of range
2022-02-01 22:19:20,958 - INFO - MainProcess - query_execution.segment1 - list index out of range
2022-02-01 22:19:20,958 - INFO - MainProcess - query_execution.segment1 - list index out of range
2022-02-01 22:19:20,958 - INFO - MainProcess - query_execution.segment1 - list index out of range
2022-02-01 22:19:20,958 - INFO - MainProcess - query_execution.segment1 - list index out of range
2022-02-01 22:19:20,958 - INFO - MainProcess - query_execution.segment1 - list index out of range
2022-02-01 22:19:20,958 - INFO - MainProcess - query_execution.segment1 - list index out of range
2022-02-01 22:19:20,958 - INFO - MainProcess - query_execution.segment1 - list index out of range
2022-02-01 22:19:20,958 - INFO - MainProcess - query_execution.segment1 - list index out of range
2022-02-01 22:19:20,958 - INFO - MainProcess - query_execution.segment1 - list index out of range
2022-02-01 22:19:20,958 - INFO - MainProcess - query_execution.segment1 - list index out of range
2022-02-01 22:19:20,958 - INFO - MainProcess - query_execution.segment1 - list index out of range
2022-02-01 22:19:20,958 - INFO - MainProcess - query_execution.segment1 - list index out of range
2022-02-01 22:19:20,958 - INFO - MainProcess - query_execution.segment1 - list index out of range
2022-02-01 22:19:20,958 - INFO - MainProcess - query_execution.segment1 - list index out of range
2022-02-01 22:19:20,958 - INFO - MainProcess - query_execution.segment1 - list index out of range
2022-02-01 22:19:20,958 - INFO - MainProcess - query_execution.segment1 - list index out of range
2022-02-01 22:19:20,958 - INFO - MainProcess - query_execution.segment1 - list index out of range
2022-02-01 22:19:20,958 - INFO - MainProcess - query_execution.segment1 - list index out of range
2022-02-01 22:19:20,958 - INFO - MainProcess - query_execution.segment1 - list index out of range
2022-02-01 22:19:20,958 - INFO - MainProcess - query_execution.segment1 - list index out of range
2022-02-01 22:19:20,958 - INFO - MainProcess - query_execution.segment1 - list index out of range
2022-02-01 22:19:20,958 - INFO - MainProcess - query_execution.segment1 - list index out of range
2022-02-01 22:19:20,958 - INFO - MainProcess - query_execution.segment1 - list index out of range
2022-02-01 22:19:20,958 - INFO - MainProcess - query_execution.segment1 - list index out of range
2022-02-01 22:19:20,958 - INFO - MainProcess - query_execution.segment1 - list index out of range
2022-02-01 22:19:20,958 - INFO - MainProcess - query_execution.segment1 - list index out of range
2022-02-01 22:19:20,958 - INFO - MainProcess - query_execution.segment1 - list index out of range
2022-02-01 22:19:20,958 - INFO - MainProcess - query_execution.segment1 - list index out of range
2022-02-01 22:19:20,958 - INFO - MainProcess - query_execution.segment1 - list index out of range
2022-02-01 22:19:20,974 - INFO - MainProcess - query_execution.segment1 - list index out of range
2022-02-01 22:19:20,974 - INFO - MainProcess - query_execution.segment1 - list index out of range
2022-02-01 22:19:20,974 - INFO - MainProcess - query_execution.segment1 - list index out of range
2022-02-01 22:19:20,974 - INFO - MainProcess - query_execution.segment1 - list index out of range
2022-02-01 22:19:20,974 - INFO - MainProcess - query_execution.segment1 - list index out of range
2022-02-01 22:19:20,974 - INFO - MainProcess - query_execution.segment1 - list index out of range
2022-02-01 22:19:20,974 - INFO - MainProcess - query_execution.segment1 - list index out of range
2022-02-01 22:19:20,974 - INFO - MainProcess - query_execution.segment1 - list index out of range
2022-02-01 22:19:20,974 - INFO - MainProcess - query_execution.segment1 - list index out of range
2022-02-01 22:19:20,974 - INFO - MainProcess - query_execution.segment1 - list index out of range
2022-02-01 22:19:20,974 - INFO - MainProcess - query_execution.segment1 - list index out of range
2022-02-01 22:19:20,974 - INFO - MainProcess - query_execution.segment1 - list index out of range
2022-02-01 22:19:20,974 - INFO - MainProcess - query_execution.segment1 - list index out of range
2022-02-01 22:19:20,974 - INFO - MainProcess - query_execution.segment1 - list index out of range
2022-02-01 22:19:20,974 - INFO - MainProcess - query_execution.segment1 - list index out of range
2022-02-01 22:19:20,974 - INFO - MainProcess - query_execution.segment1 - list index out of range
2022-02-01 22:19:20,974 - INFO - MainProcess - query_execution.segment1 - list index out of range
2022-02-01 22:19:20,974 - INFO - MainProcess - query_execution.segment1 - list index out of range
2022-02-01 22:19:20,974 - INFO - MainProcess - query_execution.segment1 - list index out of range
2022-02-01 22:19:20,974 - INFO - MainProcess - query_execution.segment1 - list index out of range
2022-02-01 22:19:20,974 - INFO - MainProcess - query_execution.segment1 - list index out of range
2022-02-01 22:19:20,974 - INFO - MainProcess - query_execution.segment1 - list index out of range
2022-02-01 22:19:20,974 - INFO - MainProcess - query_execution.segment1 - list index out of range
2022-02-01 22:19:20,974 - INFO - MainProcess - query_execution.segment1 - list index out of range
2022-02-01 22:19:20,974 - INFO - MainProcess - query_execution.segment1 - list index out of range
2022-02-01 22:19:20,974 - INFO - MainProcess - query_execution.segment1 - list index out of range
2022-02-01 22:19:20,974 - INFO - MainProcess - query_execution.segment1 - list index out of range
2022-02-01 22:19:20,974 - INFO - MainProcess - query_execution.segment1 - list index out of range
2022-02-01 22:19:20,974 - INFO - MainProcess - query_execution.segment1 - list index out of range
2022-02-01 22:19:20,974 - INFO - MainProcess - query_execution.segment1 - list index out of range
2022-02-01 22:19:20,974 - INFO - MainProcess - query_execution.segment1 - list index out of range
2022-02-01 22:19:20,974 - INFO - MainProcess - query_execution.segment1 - list index out of range
2022-02-01 22:19:20,974 - INFO - MainProcess - query_execution.segment1 - list index out of range
2022-02-01 22:19:20,974 - INFO - MainProcess - query_execution.segment1 - list index out of range
2022-02-01 22:19:20,974 - INFO - MainProcess - query_execution.segment1 - list index out of range
2022-02-01 22:19:20,974 - INFO - MainProcess - query_execution.segment1 - list index out of range
2022-02-01 22:19:20,974 - INFO - MainProcess - query_execution.segment1 - list index out of range
2022-02-01 22:19:20,974 - INFO - MainProcess - query_execution.segment1 - list index out of range
2022-02-01 22:19:20,974 - INFO - MainProcess - query_execution.segment1 - list index out of range
2022-02-01 22:19:20,974 - INFO - MainProcess - query_execution.segment1 - list index out of range
2022-02-01 22:19:20,974 - INFO - MainProcess - query_execution.segment1 - list index out of range
2022-02-01 22:19:20,974 - INFO - MainProcess - query_execution.segment1 - list index out of range
2022-02-01 22:19:20,989 - INFO - MainProcess - query_execution.segment1 - list index out of range
2022-02-01 22:19:20,989 - INFO - MainProcess - query_execution.segment1 - list index out of range
2022-02-01 22:19:20,989 - INFO - MainProcess - query_execution.segment1 - list index out of range
2022-02-01 22:19:20,989 - INFO - MainProcess - query_execution.segment1 - list index out of range
2022-02-01 22:19:20,989 - INFO - MainProcess - query_execution.segment1 - list index out of range
2022-02-01 22:19:20,989 - INFO - MainProcess - query_execution.segment1 - list index out of range
2022-02-01 22:19:20,989 - INFO - MainProcess - query_execution.segment1 - list index out of range
2022-02-01 22:19:20,989 - INFO - MainProcess - query_execution.segment1 - list index out of range
2022-02-01 22:19:20,989 - INFO - MainProcess - query_execution.segment1 - list index out of range
2022-02-01 22:19:20,989 - INFO - MainProcess - query_execution.segment1 - list index out of range
2022-02-01 22:19:20,989 - INFO - MainProcess - query_execution.segment1 - list index out of range
2022-02-01 22:19:20,989 - INFO - MainProcess - query_execution.segment1 - list index out of range
2022-02-01 22:19:20,989 - INFO - MainProcess - query_execution.segment1 - list index out of range
2022-02-01 22:19:20,989 - INFO - MainProcess - query_execution.segment1 - list index out of range
2022-02-01 22:19:20,989 - INFO - MainProcess - query_execution.segment1 - list index out of range
2022-02-01 22:19:20,989 - INFO - MainProcess - query_execution.segment1 - list index out of range
2022-02-01 22:19:20,989 - INFO - MainProcess - query_execution.segment1 - list index out of range
2022-02-01 22:19:20,989 - INFO - MainProcess - query_execution.segment1 - list index out of range
2022-02-01 22:19:20,989 - INFO - MainProcess - query_execution.segment1 - list index out of range
2022-02-01 22:19:20,989 - INFO - MainProcess - query_execution.segment1 - list index out of range
2022-02-01 22:19:20,989 - INFO - MainProcess - query_execution.segment1 - list index out of range
2022-02-01 22:19:20,989 - INFO - MainProcess - query_execution.segment1 - list index out of range
2022-02-01 22:19:20,989 - INFO - MainProcess - query_execution.segment1 - list index out of range
2022-02-01 22:19:20,989 - INFO - MainProcess - query_execution.segment1 - list index out of range
2022-02-01 22:19:20,989 - INFO - MainProcess - query_execution.segment1 - list index out of range
2022-02-01 22:19:20,989 - INFO - MainProcess - query_execution.segment1 - list index out of range
2022-02-01 22:19:20,989 - INFO - MainProcess - query_execution.segment1 - list index out of range
2022-02-01 22:19:20,989 - INFO - MainProcess - query_execution.segment1 - list index out of range
2022-02-01 22:19:20,989 - INFO - MainProcess - query_execution.segment1 - list index out of range
2022-02-01 22:19:20,989 - INFO - MainProcess - query_execution.segment1 - list index out of range
2022-02-01 22:19:20,989 - INFO - MainProcess - query_execution.segment1 - list index out of range
2022-02-01 22:19:20,989 - INFO - MainProcess - query_execution.segment1 - list index out of range
2022-02-01 22:19:20,989 - INFO - MainProcess - query_execution.segment1 - list index out of range
2022-02-01 22:19:20,989 - INFO - MainProcess - query_execution.segment1 - list index out of range
2022-02-01 22:19:20,989 - INFO - MainProcess - query_execution.segment1 - list index out of range
2022-02-01 22:19:20,989 - INFO - MainProcess - query_execution.segment1 - list index out of range
2022-02-01 22:19:20,989 - INFO - MainProcess - query_execution.segment1 - list index out of range
2022-02-01 22:19:20,989 - INFO - MainProcess - query_execution.segment1 - list index out of range
2022-02-01 22:19:20,989 - INFO - MainProcess - query_execution.segment1 - list index out of range
2022-02-01 22:19:20,989 - INFO - MainProcess - query_execution.segment1 - list index out of range
2022-02-01 22:19:20,989 - INFO - MainProcess - query_execution.segment1 - list index out of range
2022-02-01 22:19:20,989 - INFO - MainProcess - query_execution.segment1 - list index out of range
2022-02-01 22:19:21,005 - INFO - MainProcess - query_execution.segment1 - list index out of range
2022-02-01 22:19:21,005 - INFO - MainProcess - query_execution.segment1 - list index out of range
2022-02-01 22:19:21,005 - INFO - MainProcess - query_execution.segment1 - list index out of range
2022-02-01 22:19:21,005 - INFO - MainProcess - query_execution.segment1 - list index out of range
2022-02-01 22:19:21,005 - INFO - MainProcess - query_execution.segment1 - list index out of range
2022-02-01 22:19:21,005 - INFO - MainProcess - query_execution.segment1 - list index out of range
2022-02-01 22:19:21,005 - INFO - MainProcess - query_execution.segment1 - list index out of range
2022-02-01 22:19:21,005 - INFO - MainProcess - query_execution.segment1 - list index out of range
2022-02-01 22:19:21,005 - INFO - MainProcess - query_execution.segment1 - list index out of range
2022-02-01 22:19:21,005 - INFO - MainProcess - query_execution.segment1 - list index out of range
2022-02-01 22:19:21,005 - INFO - MainProcess - query_execution.segment1 - list index out of range
2022-02-01 22:19:21,005 - INFO - MainProcess - query_execution.segment1 - list index out of range
2022-02-01 22:19:21,005 - INFO - MainProcess - query_execution.segment1 - list index out of range
2022-02-01 22:19:21,005 - INFO - MainProcess - query_execution.segment1 - list index out of range
2022-02-01 22:19:21,005 - INFO - MainProcess - query_execution.segment1 - list index out of range
2022-02-01 22:19:21,005 - INFO - MainProcess - query_execution.segment1 - list index out of range
2022-02-01 22:19:21,005 - INFO - MainProcess - query_execution.segment1 - list index out of range
2022-02-01 22:19:21,005 - INFO - MainProcess - query_execution.segment1 - list index out of range
2022-02-01 22:19:21,005 - INFO - MainProcess - query_execution.segment1 - list index out of range
2022-02-01 22:19:21,005 - INFO - MainProcess - query_execution.segment1 - list index out of range
2022-02-01 22:19:21,005 - INFO - MainProcess - query_execution.segment1 - list index out of range
2022-02-01 22:19:21,005 - INFO - MainProcess - query_execution.segment1 - list index out of range
2022-02-01 22:19:21,005 - INFO - MainProcess - query_execution.segment1 - list index out of range
2022-02-01 22:19:21,005 - INFO - MainProcess - query_execution.segment1 - list index out of range
2022-02-01 22:19:21,005 - INFO - MainProcess - query_execution.segment1 - list index out of range
2022-02-01 22:19:21,005 - INFO - MainProcess - query_execution.segment1 - list index out of range
2022-02-01 22:19:21,005 - INFO - MainProcess - query_execution.segment1 - list index out of range
2022-02-01 22:19:21,005 - INFO - MainProcess - query_execution.segment1 - list index out of range
2022-02-01 22:19:21,005 - INFO - MainProcess - query_execution.segment1 - list index out of range
2022-02-01 22:19:21,005 - INFO - MainProcess - query_execution.segment1 - list index out of range
2022-02-01 22:19:21,005 - INFO - MainProcess - query_execution.segment1 - list index out of range
2022-02-01 22:19:21,005 - INFO - MainProcess - query_execution.segment1 - list index out of range
2022-02-01 22:19:21,005 - INFO - MainProcess - query_execution.segment1 - list index out of range
2022-02-01 22:19:21,005 - INFO - MainProcess - query_execution.segment1 - list index out of range
2022-02-01 22:19:21,005 - INFO - MainProcess - query_execution.segment1 - list index out of range
2022-02-01 22:19:21,005 - INFO - MainProcess - query_execution.segment1 - list index out of range
2022-02-01 22:19:21,005 - INFO - MainProcess - query_execution.segment1 - list index out of range
2022-02-01 22:19:21,005 - INFO - MainProcess - query_execution.segment1 - list index out of range
2022-02-01 22:19:21,005 - INFO - MainProcess - query_execution.segment1 - list index out of range
2022-02-01 22:19:21,005 - INFO - MainProcess - query_execution.segment1 - list index out of range
2022-02-01 22:19:21,005 - INFO - MainProcess - query_execution.segment1 - list index out of range
2022-02-01 22:19:21,005 - INFO - MainProcess - query_execution.segment1 - list index out of range
2022-02-01 22:19:21,020 - INFO - MainProcess - query_execution.segment1 - list index out of range
2022-02-01 22:19:21,020 - INFO - MainProcess - query_execution.segment1 - list index out of range
2022-02-01 22:19:21,020 - INFO - MainProcess - query_execution.segment1 - list index out of range
2022-02-01 22:19:21,020 - INFO - MainProcess - query_execution.segment1 - list index out of range
2022-02-01 22:19:21,020 - INFO - MainProcess - query_execution.segment1 - list index out of range
2022-02-01 22:19:21,020 - INFO - MainProcess - query_execution.segment1 - list index out of range
2022-02-01 22:19:21,020 - INFO - MainProcess - query_execution.segment1 - list index out of range
2022-02-01 22:19:21,020 - INFO - MainProcess - query_execution.segment1 - list index out of range
2022-02-01 22:19:21,020 - INFO - MainProcess - query_execution.segment1 - list index out of range
2022-02-01 22:19:21,020 - INFO - MainProcess - query_execution.segment1 - list index out of range
2022-02-01 22:19:21,020 - INFO - MainProcess - query_execution.segment1 - list index out of range
2022-02-01 22:19:21,020 - INFO - MainProcess - query_execution.segment1 - list index out of range
2022-02-01 22:19:21,020 - INFO - MainProcess - query_execution.segment1 - list index out of range
2022-02-01 22:19:21,020 - INFO - MainProcess - query_execution.segment1 - list index out of range
