2022-02-01 22:17:14,068 - DEBUG - MainProcess - root - configuration loaded
2022-02-01 22:17:14,161 - INFO - MainProcess - connection.connect_db - CONNECTION SUCCESSFULLY source
2022-02-01 22:17:14,161 - INFO - MainProcess - connection.connect_db - CONNECTION SUCCESSFULLY destination
2022-02-01 22:17:14,161 - INFO - MainProcess - query_execution.segment1 - segment1 table data validation START
2022-02-01 22:17:15,456 - INFO - MainProcess - query_execution.segment1 - list index out of range
2022-02-01 22:17:15,456 - INFO - MainProcess - query_execution.segment1 - list index out of range
2022-02-01 22:17:15,456 - INFO - MainProcess - query_execution.segment1 - list index out of range
2022-02-01 22:17:15,456 - INFO - MainProcess - query_execution.segment1 - list index out of range
2022-02-01 22:17:15,456 - INFO - MainProcess - query_execution.segment1 - list index out of range
2022-02-01 22:17:15,456 - INFO - MainProcess - query_execution.segment1 - list index out of range
2022-02-01 22:17:15,456 - INFO - MainProcess - query_execution.segment1 - list index out of range
2022-02-01 22:17:15,456 - INFO - MainProcess - query_execution.segment1 - list index out of range
2022-02-01 22:17:15,456 - INFO - MainProcess - query_execution.segment1 - list index out of range
2022-02-01 22:17:15,456 - INFO - MainProcess - query_execution.segment1 - list index out of range
2022-02-01 22:17:15,456 - INFO - MainProcess - query_execution.segment1 - list index out of range
2022-02-01 22:17:15,456 - INFO - MainProcess - query_execution.segment1 - list index out of range
2022-02-01 22:17:15,456 - INFO - MainProcess - query_execution.segment1 - list index out of range
2022-02-01 22:17:15,456 - INFO - MainProcess - query_execution.segment1 - list index out of range
2022-02-01 22:17:15,456 - INFO - MainProcess - query_execution.segment1 - list index out of range
2022-02-01 22:17:15,456 - INFO - MainProcess - query_execution.segment1 - list index out of range
2022-02-01 22:17:15,456 - INFO - MainProcess - query_execution.segment1 - list index out of range
2022-02-01 22:17:15,456 - INFO - MainProcess - query_execution.segment1 - list index out of range
2022-02-01 22:17:15,456 - INFO - MainProcess - query_execution.segment1 - list index out of range
2022-02-01 22:17:15,456 - INFO - MainProcess - query_execution.segment1 - list index out of range
2022-02-01 22:17:15,456 - INFO - MainProcess - query_execution.segment1 - list index out of range
2022-02-01 22:17:15,456 - INFO - MainProcess - query_execution.segment1 - list index out of range
2022-02-01 22:17:15,456 - INFO - MainProcess - query_execution.segment1 - list index out of range
2022-02-01 22:17:15,456 - INFO - MainProcess - query_execution.segment1 - list index out of range
2022-02-01 22:17:15,456 - INFO - MainProcess - query_execution.segment1 - list index out of range
2022-02-01 22:17:15,456 - INFO - MainProcess - query_execution.segment1 - list index out of range
2022-02-01 22:17:15,456 - INFO - MainProcess - query_execution.segment1 - list index out of range
2022-02-01 22:17:15,456 - INFO - MainProcess - query_execution.segment1 - list index out of range
2022-02-01 22:17:15,456 - INFO - MainProcess - query_execution.segment1 - list index out of range
2022-02-01 22:17:15,456 - INFO - MainProcess - query_execution.segment1 - list index out of range
2022-02-01 22:17:15,456 - INFO - MainProcess - query_execution.segment1 - list index out of range
2022-02-01 22:17:15,456 - INFO - MainProcess - query_execution.segment1 - list index out of range
2022-02-01 22:17:15,456 - INFO - MainProcess - query_execution.segment1 - list index out of range
2022-02-01 22:17:15,456 - INFO - MainProcess - query_execution.segment1 - list index out of range
2022-02-01 22:17:15,456 - INFO - MainProcess - query_execution.segment1 - list index out of range
2022-02-01 22:17:15,456 - INFO - MainProcess - query_execution.segment1 - list index out of range
2022-02-01 22:17:15,456 - INFO - MainProcess - query_execution.segment1 - list index out of range
2022-02-01 22:17:15,456 - INFO - MainProcess - query_execution.segment1 - list index out of range
2022-02-01 22:17:15,456 - INFO - MainProcess - query_execution.segment1 - list index out of range
2022-02-01 22:17:15,456 - INFO - MainProcess - query_execution.segment1 - list index out of range
2022-02-01 22:17:15,456 - INFO - MainProcess - query_execution.segment1 - list index out of range
2022-02-01 22:17:15,456 - INFO - MainProcess - query_execution.segment1 - list index out of range
2022-02-01 22:17:15,472 - INFO - MainProcess - query_execution.segment1 - list index out of range
2022-02-01 22:17:15,472 - INFO - MainProcess - query_execution.segment1 - list index out of range
2022-02-01 22:17:15,472 - INFO - MainProcess - query_execution.segment1 - list index out of range
2022-02-01 22:17:15,472 - INFO - MainProcess - query_execution.segment1 - list index out of range
2022-02-01 22:17:15,472 - INFO - MainProcess - query_execution.segment1 - list index out of range
2022-02-01 22:17:15,472 - INFO - MainProcess - query_execution.segment1 - list index out of range
2022-02-01 22:17:15,472 - INFO - MainProcess - query_execution.segment1 - list index out of range
2022-02-01 22:17:15,472 - INFO - MainProcess - query_execution.segment1 - list index out of range
2022-02-01 22:17:15,472 - INFO - MainProcess - query_execution.segment1 - list index out of range
2022-02-01 22:17:15,472 - INFO - MainProcess - query_execution.segment1 - list index out of range
2022-02-01 22:17:15,472 - INFO - MainProcess - query_execution.segment1 - list index out of range
2022-02-01 22:17:15,472 - INFO - MainProcess - query_execution.segment1 - list index out of range
2022-02-01 22:17:15,472 - INFO - MainProcess - query_execution.segment1 - list index out of range
2022-02-01 22:17:15,472 - INFO - MainProcess - query_execution.segment1 - list index out of range
2022-02-01 22:17:15,472 - INFO - MainProcess - query_execution.segment1 - list index out of range
2022-02-01 22:17:15,472 - INFO - MainProcess - query_execution.segment1 - list index out of range
2022-02-01 22:17:15,472 - INFO - MainProcess - query_execution.segment1 - list index out of range
2022-02-01 22:17:15,472 - INFO - MainProcess - query_execution.segment1 - list index out of range
2022-02-01 22:17:15,472 - INFO - MainProcess - query_execution.segment1 - list index out of range
2022-02-01 22:17:15,472 - INFO - MainProcess - query_execution.segment1 - list index out of range
2022-02-01 22:17:15,472 - INFO - MainProcess - query_execution.segment1 - list index out of range
2022-02-01 22:17:15,472 - INFO - MainProcess - query_execution.segment1 - list index out of range
2022-02-01 22:17:15,472 - INFO - MainProcess - query_execution.segment1 - list index out of range
2022-02-01 22:17:15,472 - INFO - MainProcess - query_execution.segment1 - list index out of range
2022-02-01 22:17:15,472 - INFO - MainProcess - query_execution.segment1 - list index out of range
2022-02-01 22:17:15,472 - INFO - MainProcess - query_execution.segment1 - list index out of range
2022-02-01 22:17:15,472 - INFO - MainProcess - query_execution.segment1 - list index out of range
2022-02-01 22:17:15,472 - INFO - MainProcess - query_execution.segment1 - list index out of range
2022-02-01 22:17:15,472 - INFO - MainProcess - query_execution.segment1 - list index out of range
2022-02-01 22:17:15,472 - INFO - MainProcess - query_execution.segment1 - list index out of range
2022-02-01 22:17:15,472 - INFO - MainProcess - query_execution.segment1 - list index out of range
2022-02-01 22:17:15,472 - INFO - MainProcess - query_execution.segment1 - list index out of range
2022-02-01 22:17:15,472 - INFO - MainProcess - query_execution.segment1 - list index out of range
2022-02-01 22:17:15,472 - INFO - MainProcess - query_execution.segment1 - list index out of range
2022-02-01 22:17:15,472 - INFO - MainProcess - query_execution.segment1 - list index out of range
2022-02-01 22:17:15,472 - INFO - MainProcess - query_execution.segment1 - list index out of range
2022-02-01 22:17:15,472 - INFO - MainProcess - query_execution.segment1 - list index out of range
2022-02-01 22:17:15,472 - INFO - MainProcess - query_execution.segment1 - list index out of range
2022-02-01 22:17:15,472 - INFO - MainProcess - query_execution.segment1 - list index out of range
2022-02-01 22:17:15,487 - INFO - MainProcess - query_execution.segment1 - list index out of range
2022-02-01 22:17:15,487 - INFO - MainProcess - query_execution.segment1 - list index out of range
2022-02-01 22:17:15,487 - INFO - MainProcess - query_execution.segment1 - list index out of range
2022-02-01 22:17:15,487 - INFO - MainProcess - query_execution.segment1 - list index out of range
2022-02-01 22:17:15,487 - INFO - MainProcess - query_execution.segment1 - list index out of range
2022-02-01 22:17:15,487 - INFO - MainProcess - query_execution.segment1 - list index out of range
2022-02-01 22:17:15,487 - INFO - MainProcess - query_execution.segment1 - list index out of range
2022-02-01 22:17:15,487 - INFO - MainProcess - query_execution.segment1 - list index out of range
2022-02-01 22:17:15,487 - INFO - MainProcess - query_execution.segment1 - list index out of range
2022-02-01 22:17:15,487 - INFO - MainProcess - query_execution.segment1 - list index out of range
2022-02-01 22:17:15,487 - INFO - MainProcess - query_execution.segment1 - list index out of range
2022-02-01 22:17:15,487 - INFO - MainProcess - query_execution.segment1 - list index out of range
2022-02-01 22:17:15,487 - INFO - MainProcess - query_execution.segment1 - list index out of range
2022-02-01 22:17:15,487 - INFO - MainProcess - query_execution.segment1 - list index out of range
2022-02-01 22:17:15,487 - INFO - MainProcess - query_execution.segment1 - list index out of range
2022-02-01 22:17:15,487 - INFO - MainProcess - query_execution.segment1 - list index out of range
2022-02-01 22:17:15,487 - INFO - MainProcess - query_execution.segment1 - list index out of range
2022-02-01 22:17:15,487 - INFO - MainProcess - query_execution.segment1 - list index out of range
2022-02-01 22:17:15,487 - INFO - MainProcess - query_execution.segment1 - list index out of range
2022-02-01 22:17:15,487 - INFO - MainProcess - query_execution.segment1 - list index out of range
2022-02-01 22:17:15,487 - INFO - MainProcess - query_execution.segment1 - list index out of range
2022-02-01 22:17:15,487 - INFO - MainProcess - query_execution.segment1 - list index out of range
2022-02-01 22:17:15,487 - INFO - MainProcess - query_execution.segment1 - list index out of range
2022-02-01 22:17:15,487 - INFO - MainProcess - query_execution.segment1 - list index out of range
2022-02-01 22:17:15,487 - INFO - MainProcess - query_execution.segment1 - list index out of range
2022-02-01 22:17:15,487 - INFO - MainProcess - query_execution.segment1 - list index out of range
2022-02-01 22:17:15,487 - INFO - MainProcess - query_execution.segment1 - list index out of range
2022-02-01 22:17:15,487 - INFO - MainProcess - query_execution.segment1 - list index out of range
2022-02-01 22:17:15,487 - INFO - MainProcess - query_execution.segment1 - list index out of range
2022-02-01 22:17:15,487 - INFO - MainProcess - query_execution.segment1 - list index out of range
2022-02-01 22:17:15,487 - INFO - MainProcess - query_execution.segment1 - list index out of range
2022-02-01 22:17:15,487 - INFO - MainProcess - query_execution.segment1 - list index out of range
2022-02-01 22:17:15,487 - INFO - MainProcess - query_execution.segment1 - list index out of range
2022-02-01 22:17:15,487 - INFO - MainProcess - query_execution.segment1 - list index out of range
2022-02-01 22:17:15,487 - INFO - MainProcess - query_execution.segment1 - list index out of range
2022-02-01 22:17:15,487 - INFO - MainProcess - query_execution.segment1 - list index out of range
2022-02-01 22:17:15,487 - INFO - MainProcess - query_execution.segment1 - list index out of range
2022-02-01 22:17:15,487 - INFO - MainProcess - query_execution.segment1 - list index out of range
2022-02-01 22:17:15,487 - INFO - MainProcess - query_execution.segment1 - list index out of range
2022-02-01 22:17:15,487 - INFO - MainProcess - query_execution.segment1 - list index out of range
2022-02-01 22:17:15,487 - INFO - MainProcess - query_execution.segment1 - list index out of range
2022-02-01 22:17:15,487 - INFO - MainProcess - query_execution.segment1 - list index out of range
2022-02-01 22:17:15,503 - INFO - MainProcess - query_execution.segment1 - list index out of range
2022-02-01 22:17:15,503 - INFO - MainProcess - query_execution.segment1 - list index out of range
2022-02-01 22:17:15,503 - INFO - MainProcess - query_execution.segment1 - list index out of range
2022-02-01 22:17:15,503 - INFO - MainProcess - query_execution.segment1 - list index out of range
2022-02-01 22:17:15,503 - INFO - MainProcess - query_execution.segment1 - list index out of range
2022-02-01 22:17:15,503 - INFO - MainProcess - query_execution.segment1 - list index out of range
2022-02-01 22:17:15,503 - INFO - MainProcess - query_execution.segment1 - list index out of range
2022-02-01 22:17:15,503 - INFO - MainProcess - query_execution.segment1 - list index out of range
2022-02-01 22:17:15,503 - INFO - MainProcess - query_execution.segment1 - list index out of range
2022-02-01 22:17:15,503 - INFO - MainProcess - query_execution.segment1 - list index out of range
2022-02-01 22:17:15,503 - INFO - MainProcess - query_execution.segment1 - list index out of range
2022-02-01 22:17:15,503 - INFO - MainProcess - query_execution.segment1 - list index out of range
2022-02-01 22:17:15,503 - INFO - MainProcess - query_execution.segment1 - list index out of range
2022-02-01 22:17:15,503 - INFO - MainProcess - query_execution.segment1 - list index out of range
2022-02-01 22:17:15,503 - INFO - MainProcess - query_execution.segment1 - list index out of range
2022-02-01 22:17:15,503 - INFO - MainProcess - query_execution.segment1 - list index out of range
2022-02-01 22:17:15,503 - INFO - MainProcess - query_execution.segment1 - list index out of range
2022-02-01 22:17:15,503 - INFO - MainProcess - query_execution.segment1 - list index out of range
2022-02-01 22:17:15,503 - INFO - MainProcess - query_execution.segment1 - list index out of range
2022-02-01 22:17:15,503 - INFO - MainProcess - query_execution.segment1 - list index out of range
2022-02-01 22:17:15,503 - INFO - MainProcess - query_execution.segment1 - list index out of range
2022-02-01 22:17:15,503 - INFO - MainProcess - query_execution.segment1 - list index out of range
2022-02-01 22:17:15,503 - INFO - MainProcess - query_execution.segment1 - list index out of range
2022-02-01 22:17:15,503 - INFO - MainProcess - query_execution.segment1 - list index out of range
2022-02-01 22:17:15,503 - INFO - MainProcess - query_execution.segment1 - list index out of range
2022-02-01 22:17:15,503 - INFO - MainProcess - query_execution.segment1 - list index out of range
2022-02-01 22:17:15,503 - INFO - MainProcess - query_execution.segment1 - list index out of range
2022-02-01 22:17:15,503 - INFO - MainProcess - query_execution.segment1 - list index out of range
2022-02-01 22:17:15,503 - INFO - MainProcess - query_execution.segment1 - list index out of range
2022-02-01 22:17:15,503 - INFO - MainProcess - query_execution.segment1 - list index out of range
2022-02-01 22:17:15,503 - INFO - MainProcess - query_execution.segment1 - list index out of range
2022-02-01 22:17:15,503 - INFO - MainProcess - query_execution.segment1 - list index out of range
2022-02-01 22:17:15,503 - INFO - MainProcess - query_execution.segment1 - list index out of range
2022-02-01 22:17:15,503 - INFO - MainProcess - query_execution.segment1 - list index out of range
2022-02-01 22:17:15,503 - INFO - MainProcess - query_execution.segment1 - list index out of range
2022-02-01 22:17:15,503 - INFO - MainProcess - query_execution.segment1 - list index out of range
2022-02-01 22:17:15,503 - INFO - MainProcess - query_execution.segment1 - list index out of range
2022-02-01 22:17:15,503 - INFO - MainProcess - query_execution.segment1 - list index out of range
2022-02-01 22:17:15,503 - INFO - MainProcess - query_execution.segment1 - list index out of range
2022-02-01 22:17:15,503 - INFO - MainProcess - query_execution.segment1 - list index out of range
2022-02-01 22:17:15,503 - INFO - MainProcess - query_execution.segment1 - list index out of range
2022-02-01 22:17:15,503 - INFO - MainProcess - query_execution.segment1 - list index out of range
2022-02-01 22:17:15,518 - INFO - MainProcess - query_execution.segment1 - list index out of range
2022-02-01 22:17:15,518 - INFO - MainProcess - query_execution.segment1 - list index out of range
2022-02-01 22:17:15,518 - INFO - MainProcess - query_execution.segment1 - list index out of range
2022-02-01 22:17:15,518 - INFO - MainProcess - query_execution.segment1 - list index out of range
2022-02-01 22:17:15,518 - INFO - MainProcess - query_execution.segment1 - list index out of range
2022-02-01 22:17:15,518 - INFO - MainProcess - query_execution.segment1 - list index out of range
2022-02-01 22:17:15,518 - INFO - MainProcess - query_execution.segment1 - list index out of range
2022-02-01 22:17:15,518 - INFO - MainProcess - query_execution.segment1 - list index out of range
2022-02-01 22:17:15,518 - INFO - MainProcess - query_execution.segment1 - list index out of range
2022-02-01 22:17:15,518 - INFO - MainProcess - query_execution.segment1 - list index out of range
2022-02-01 22:17:15,518 - INFO - MainProcess - query_execution.segment1 - list index out of range
2022-02-01 22:17:15,518 - INFO - MainProcess - query_execution.segment1 - list index out of range
2022-02-01 22:17:15,518 - INFO - MainProcess - query_execution.segment1 - list index out of range
2022-02-01 22:17:15,518 - INFO - MainProcess - query_execution.segment1 - list index out of range
2022-02-01 22:17:15,518 - INFO - MainProcess - query_execution.segment1 - list index out of range
2022-02-01 22:17:15,518 - INFO - MainProcess - query_execution.segment1 - list index out of range
2022-02-01 22:17:15,518 - INFO - MainProcess - query_execution.segment1 - list index out of range
2022-02-01 22:17:15,518 - INFO - MainProcess - query_execution.segment1 - list index out of range
2022-02-01 22:17:15,518 - INFO - MainProcess - query_execution.segment1 - list index out of range
2022-02-01 22:17:15,518 - INFO - MainProcess - query_execution.segment1 - list index out of range
2022-02-01 22:17:15,518 - INFO - MainProcess - query_execution.segment1 - list index out of range
2022-02-01 22:17:15,518 - INFO - MainProcess - query_execution.segment1 - list index out of range
2022-02-01 22:17:15,518 - INFO - MainProcess - query_execution.segment1 - list index out of range
2022-02-01 22:17:15,518 - INFO - MainProcess - query_execution.segment1 - list index out of range
2022-02-01 22:17:15,518 - INFO - MainProcess - query_execution.segment1 - list index out of range
2022-02-01 22:17:15,518 - INFO - MainProcess - query_execution.segment1 - list index out of range
2022-02-01 22:17:15,518 - INFO - MainProcess - query_execution.segment1 - list index out of range
2022-02-01 22:17:15,518 - INFO - MainProcess - query_execution.segment1 - list index out of range
2022-02-01 22:17:15,518 - INFO - MainProcess - query_execution.segment1 - list index out of range
2022-02-01 22:17:15,518 - INFO - MainProcess - query_execution.segment1 - list index out of range
2022-02-01 22:17:15,518 - INFO - MainProcess - query_execution.segment1 - list index out of range
2022-02-01 22:17:15,518 - INFO - MainProcess - query_execution.segment1 - list index out of range
2022-02-01 22:17:15,518 - INFO - MainProcess - query_execution.segment1 - list index out of range
2022-02-01 22:17:15,518 - INFO - MainProcess - query_execution.segment1 - list index out of range
2022-02-01 22:17:15,518 - INFO - MainProcess - query_execution.segment1 - list index out of range
2022-02-01 22:17:15,518 - INFO - MainProcess - query_execution.segment1 - list index out of range
2022-02-01 22:17:15,518 - INFO - MainProcess - query_execution.segment1 - list index out of range
2022-02-01 22:17:15,518 - INFO - MainProcess - query_execution.segment1 - list index out of range
2022-02-01 22:17:15,518 - INFO - MainProcess - query_execution.segment1 - list index out of range
2022-02-01 22:17:15,518 - INFO - MainProcess - query_execution.segment1 - list index out of range
2022-02-01 22:17:15,518 - INFO - MainProcess - query_execution.segment1 - list index out of range
2022-02-01 22:17:15,518 - INFO - MainProcess - query_execution.segment1 - list index out of range
2022-02-01 22:17:15,534 - INFO - MainProcess - query_execution.segment1 - list index out of range
2022-02-01 22:17:15,534 - INFO - MainProcess - query_execution.segment1 - list index out of range
2022-02-01 22:17:15,534 - INFO - MainProcess - query_execution.segment1 - list index out of range
2022-02-01 22:17:15,534 - INFO - MainProcess - query_execution.segment1 - list index out of range
2022-02-01 22:17:15,534 - INFO - MainProcess - query_execution.segment1 - list index out of range
2022-02-01 22:17:15,534 - INFO - MainProcess - query_execution.segment1 - list index out of range
2022-02-01 22:17:15,534 - INFO - MainProcess - query_execution.segment1 - list index out of range
2022-02-01 22:17:15,534 - INFO - MainProcess - query_execution.segment1 - list index out of range
2022-02-01 22:17:15,534 - INFO - MainProcess - query_execution.segment1 - list index out of range
2022-02-01 22:17:15,534 - INFO - MainProcess - query_execution.segment1 - list index out of range
2022-02-01 22:17:15,534 - INFO - MainProcess - query_execution.segment1 - list index out of range
2022-02-01 22:17:15,534 - INFO - MainProcess - query_execution.segment1 - list index out of range
2022-02-01 22:17:15,534 - INFO - MainProcess - query_execution.segment1 - list index out of range
2022-02-01 22:17:15,534 - INFO - MainProcess - query_execution.segment1 - list index out of range
2022-02-01 22:17:15,534 - INFO - MainProcess - query_execution.segment1 - list index out of range
2022-02-01 22:17:15,534 - INFO - MainProcess - query_execution.segment1 - list index out of range
2022-02-01 22:17:15,534 - INFO - MainProcess - query_execution.segment1 - list index out of range
2022-02-01 22:17:15,534 - INFO - MainProcess - query_execution.segment1 - list index out of range
2022-02-01 22:17:15,534 - INFO - MainProcess - query_execution.segment1 - list index out of range
2022-02-01 22:17:15,534 - INFO - MainProcess - query_execution.segment1 - list index out of range
2022-02-01 22:17:15,534 - INFO - MainProcess - query_execution.segment1 - list index out of range
2022-02-01 22:17:15,534 - INFO - MainProcess - query_execution.segment1 - list index out of range
2022-02-01 22:17:15,534 - INFO - MainProcess - query_execution.segment1 - list index out of range
2022-02-01 22:17:15,534 - INFO - MainProcess - query_execution.segment1 - list index out of range
2022-02-01 22:17:15,534 - INFO - MainProcess - query_execution.segment1 - list index out of range
2022-02-01 22:17:15,534 - INFO - MainProcess - query_execution.segment1 - list index out of range
2022-02-01 22:17:15,534 - INFO - MainProcess - query_execution.segment1 - list index out of range
2022-02-01 22:17:15,534 - INFO - MainProcess - query_execution.segment1 - list index out of range
2022-02-01 22:17:15,534 - INFO - MainProcess - query_execution.segment1 - list index out of range
2022-02-01 22:17:15,534 - INFO - MainProcess - query_execution.segment1 - list index out of range
2022-02-01 22:17:15,534 - INFO - MainProcess - query_execution.segment1 - list index out of range
2022-02-01 22:17:15,534 - INFO - MainProcess - query_execution.segment1 - list index out of range
2022-02-01 22:17:15,534 - INFO - MainProcess - query_execution.segment1 - list index out of range
2022-02-01 22:17:15,534 - INFO - MainProcess - query_execution.segment1 - list index out of range
2022-02-01 22:17:15,534 - INFO - MainProcess - query_execution.segment1 - list index out of range
2022-02-01 22:17:15,534 - INFO - MainProcess - query_execution.segment1 - list index out of range
2022-02-01 22:17:15,534 - INFO - MainProcess - query_execution.segment1 - list index out of range
2022-02-01 22:17:15,534 - INFO - MainProcess - query_execution.segment1 - list index out of range
2022-02-01 22:17:15,534 - INFO - MainProcess - query_execution.segment1 - list index out of range
2022-02-01 22:17:15,534 - INFO - MainProcess - query_execution.segment1 - list index out of range
2022-02-01 22:17:15,534 - INFO - MainProcess - query_execution.segment1 - list index out of range
2022-02-01 22:17:15,534 - INFO - MainProcess - query_execution.segment1 - list index out of range
2022-02-01 22:17:15,550 - INFO - MainProcess - query_execution.segment1 - list index out of range
2022-02-01 22:17:15,550 - INFO - MainProcess - query_execution.segment1 - list index out of range
2022-02-01 22:17:15,550 - INFO - MainProcess - query_execution.segment1 - list index out of range
2022-02-01 22:17:15,550 - INFO - MainProcess - query_execution.segment1 - list index out of range
2022-02-01 22:17:15,550 - INFO - MainProcess - query_execution.segment1 - list index out of range
2022-02-01 22:17:15,550 - INFO - MainProcess - query_execution.segment1 - list index out of range
2022-02-01 22:17:15,550 - INFO - MainProcess - query_execution.segment1 - list index out of range
2022-02-01 22:17:15,550 - INFO - MainProcess - query_execution.segment1 - list index out of range
2022-02-01 22:17:15,550 - INFO - MainProcess - query_execution.segment1 - list index out of range
2022-02-01 22:17:15,550 - INFO - MainProcess - query_execution.segment1 - list index out of range
2022-02-01 22:17:15,550 - INFO - MainProcess - query_execution.segment1 - list index out of range
2022-02-01 22:17:15,550 - INFO - MainProcess - query_execution.segment1 - list index out of range
2022-02-01 22:17:15,550 - INFO - MainProcess - query_execution.segment1 - list index out of range
2022-02-01 22:17:15,550 - INFO - MainProcess - query_execution.segment1 - list index out of range
2022-02-01 22:17:15,550 - INFO - MainProcess - query_execution.segment1 - list index out of range
2022-02-01 22:17:15,550 - INFO - MainProcess - query_execution.segment1 - list index out of range
2022-02-01 22:17:15,550 - INFO - MainProcess - query_execution.segment1 - list index out of range
2022-02-01 22:17:15,550 - INFO - MainProcess - query_execution.segment1 - list index out of range
2022-02-01 22:17:15,550 - INFO - MainProcess - query_execution.segment1 - list index out of range
2022-02-01 22:17:15,550 - INFO - MainProcess - query_execution.segment1 - list index out of range
2022-02-01 22:17:15,550 - INFO - MainProcess - query_execution.segment1 - list index out of range
2022-02-01 22:17:15,550 - INFO - MainProcess - query_execution.segment1 - list index out of range
2022-02-01 22:17:15,550 - INFO - MainProcess - query_execution.segment1 - list index out of range
2022-02-01 22:17:15,550 - INFO - MainProcess - query_execution.segment1 - list index out of range
2022-02-01 22:17:15,550 - INFO - MainProcess - query_execution.segment1 - list index out of range
2022-02-01 22:17:15,550 - INFO - MainProcess - query_execution.segment1 - list index out of range
2022-02-01 22:17:15,550 - INFO - MainProcess - query_execution.segment1 - list index out of range
2022-02-01 22:17:15,550 - INFO - MainProcess - query_execution.segment1 - list index out of range
2022-02-01 22:17:15,550 - INFO - MainProcess - query_execution.segment1 - list index out of range
2022-02-01 22:17:15,550 - INFO - MainProcess - query_execution.segment1 - list index out of range
2022-02-01 22:17:15,550 - INFO - MainProcess - query_execution.segment1 - list index out of range
2022-02-01 22:17:15,550 - INFO - MainProcess - query_execution.segment1 - list index out of range
2022-02-01 22:17:15,550 - INFO - MainProcess - query_execution.segment1 - list index out of range
2022-02-01 22:17:15,550 - INFO - MainProcess - query_execution.segment1 - list index out of range
2022-02-01 22:17:15,550 - INFO - MainProcess - query_execution.segment1 - list index out of range
2022-02-01 22:17:15,550 - INFO - MainProcess - query_execution.segment1 - list index out of range
2022-02-01 22:17:15,550 - INFO - MainProcess - query_execution.segment1 - list index out of range
2022-02-01 22:17:15,550 - INFO - MainProcess - query_execution.segment1 - list index out of range
2022-02-01 22:17:15,550 - INFO - MainProcess - query_execution.segment1 - list index out of range
2022-02-01 22:17:15,550 - INFO - MainProcess - query_execution.segment1 - list index out of range
2022-02-01 22:17:15,550 - INFO - MainProcess - query_execution.segment1 - list index out of range
2022-02-01 22:17:15,550 - INFO - MainProcess - query_execution.segment1 - list index out of range
2022-02-01 22:17:15,565 - INFO - MainProcess - query_execution.segment1 - list index out of range
2022-02-01 22:17:15,565 - INFO - MainProcess - query_execution.segment1 - list index out of range
2022-02-01 22:17:15,565 - INFO - MainProcess - query_execution.segment1 - list index out of range
2022-02-01 22:17:15,565 - INFO - MainProcess - query_execution.segment1 - list index out of range
2022-02-01 22:17:15,565 - INFO - MainProcess - query_execution.segment1 - list index out of range
2022-02-01 22:17:15,565 - INFO - MainProcess - query_execution.segment1 - list index out of range
2022-02-01 22:17:15,565 - INFO - MainProcess - query_execution.segment1 - list index out of range
2022-02-01 22:17:15,565 - INFO - MainProcess - query_execution.segment1 - list index out of range
2022-02-01 22:17:15,565 - INFO - MainProcess - query_execution.segment1 - list index out of range
2022-02-01 22:17:15,565 - INFO - MainProcess - query_execution.segment1 - list index out of range
2022-02-01 22:17:15,565 - INFO - MainProcess - query_execution.segment1 - list index out of range
2022-02-01 22:17:15,565 - INFO - MainProcess - query_execution.segment1 - list index out of range
2022-02-01 22:17:15,565 - INFO - MainProcess - query_execution.segment1 - list index out of range
2022-02-01 22:17:15,565 - INFO - MainProcess - query_execution.segment1 - list index out of range
2022-02-01 22:17:15,565 - INFO - MainProcess - query_execution.segment1 - list index out of range
2022-02-01 22:17:15,565 - INFO - MainProcess - query_execution.segment1 - list index out of range
2022-02-01 22:17:15,565 - INFO - MainProcess - query_execution.segment1 - list index out of range
2022-02-01 22:17:15,565 - INFO - MainProcess - query_execution.segment1 - list index out of range
2022-02-01 22:17:15,565 - INFO - MainProcess - query_execution.segment1 - list index out of range
2022-02-01 22:17:15,565 - INFO - MainProcess - query_execution.segment1 - list index out of range
2022-02-01 22:17:15,565 - INFO - MainProcess - query_execution.segment1 - list index out of range
2022-02-01 22:17:15,565 - INFO - MainProcess - query_execution.segment1 - list index out of range
2022-02-01 22:17:15,565 - INFO - MainProcess - query_execution.segment1 - list index out of range
2022-02-01 22:17:15,565 - INFO - MainProcess - query_execution.segment1 - list index out of range
2022-02-01 22:17:15,565 - INFO - MainProcess - query_execution.segment1 - list index out of range
2022-02-01 22:17:15,565 - INFO - MainProcess - query_execution.segment1 - list index out of range
2022-02-01 22:17:15,565 - INFO - MainProcess - query_execution.segment1 - list index out of range
2022-02-01 22:17:15,565 - INFO - MainProcess - query_execution.segment1 - list index out of range
2022-02-01 22:17:15,565 - INFO - MainProcess - query_execution.segment1 - list index out of range
2022-02-01 22:17:15,565 - INFO - MainProcess - query_execution.segment1 - list index out of range
2022-02-01 22:17:15,565 - INFO - MainProcess - query_execution.segment1 - list index out of range
2022-02-01 22:17:15,565 - INFO - MainProcess - query_execution.segment1 - list index out of range
2022-02-01 22:17:15,565 - INFO - MainProcess - query_execution.segment1 - list index out of range
2022-02-01 22:17:15,565 - INFO - MainProcess - query_execution.segment1 - list index out of range
2022-02-01 22:17:15,565 - INFO - MainProcess - query_execution.segment1 - list index out of range
2022-02-01 22:17:15,565 - INFO - MainProcess - query_execution.segment1 - list index out of range
2022-02-01 22:17:15,565 - INFO - MainProcess - query_execution.segment1 - list index out of range
2022-02-01 22:17:15,565 - INFO - MainProcess - query_execution.segment1 - list index out of range
2022-02-01 22:17:15,565 - INFO - MainProcess - query_execution.segment1 - list index out of range
2022-02-01 22:17:15,565 - INFO - MainProcess - query_execution.segment1 - list index out of range
2022-02-01 22:17:15,565 - INFO - MainProcess - query_execution.segment1 - list index out of range
2022-02-01 22:17:15,565 - INFO - MainProcess - query_execution.segment1 - list index out of range
2022-02-01 22:17:15,581 - INFO - MainProcess - query_execution.segment1 - list index out of range
2022-02-01 22:17:15,581 - INFO - MainProcess - query_execution.segment1 - list index out of range
2022-02-01 22:17:15,581 - INFO - MainProcess - query_execution.segment1 - list index out of range
2022-02-01 22:17:15,581 - INFO - MainProcess - query_execution.segment1 - list index out of range
2022-02-01 22:17:15,581 - INFO - MainProcess - query_execution.segment1 - list index out of range
2022-02-01 22:17:15,581 - INFO - MainProcess - query_execution.segment1 - list index out of range
2022-02-01 22:17:15,581 - INFO - MainProcess - query_execution.segment1 - list index out of range
2022-02-01 22:17:15,581 - INFO - MainProcess - query_execution.segment1 - list index out of range
2022-02-01 22:17:15,581 - INFO - MainProcess - query_execution.segment1 - list index out of range
2022-02-01 22:17:15,581 - INFO - MainProcess - query_execution.segment1 - list index out of range
2022-02-01 22:17:15,581 - INFO - MainProcess - query_execution.segment1 - list index out of range
2022-02-01 22:17:15,581 - INFO - MainProcess - query_execution.segment1 - list index out of range
2022-02-01 22:17:15,581 - INFO - MainProcess - query_execution.segment1 - list index out of range
2022-02-01 22:17:15,581 - INFO - MainProcess - query_execution.segment1 - list index out of range
2022-02-01 22:17:15,581 - INFO - MainProcess - query_execution.segment1 - list index out of range
2022-02-01 22:17:15,581 - INFO - MainProcess - query_execution.segment1 - list index out of range
2022-02-01 22:17:15,581 - INFO - MainProcess - query_execution.segment1 - list index out of range
2022-02-01 22:17:15,581 - INFO - MainProcess - query_execution.segment1 - list index out of range
2022-02-01 22:17:15,581 - INFO - MainProcess - query_execution.segment1 - list index out of range
2022-02-01 22:17:15,581 - INFO - MainProcess - query_execution.segment1 - list index out of range
2022-02-01 22:17:15,581 - INFO - MainProcess - query_execution.segment1 - list index out of range
2022-02-01 22:17:15,581 - INFO - MainProcess - query_execution.segment1 - list index out of range
2022-02-01 22:17:15,581 - INFO - MainProcess - query_execution.segment1 - list index out of range
2022-02-01 22:17:15,581 - INFO - MainProcess - query_execution.segment1 - list index out of range
2022-02-01 22:17:15,581 - INFO - MainProcess - query_execution.segment1 - list index out of range
2022-02-01 22:17:15,581 - INFO - MainProcess - query_execution.segment1 - list index out of range
2022-02-01 22:17:15,581 - INFO - MainProcess - query_execution.segment1 - list index out of range
2022-02-01 22:17:15,581 - INFO - MainProcess - query_execution.segment1 - list index out of range
2022-02-01 22:17:15,581 - INFO - MainProcess - query_execution.segment1 - list index out of range
2022-02-01 22:17:15,581 - INFO - MainProcess - query_execution.segment1 - list index out of range
2022-02-01 22:17:15,581 - INFO - MainProcess - query_execution.segment1 - list index out of range
2022-02-01 22:17:15,581 - INFO - MainProcess - query_execution.segment1 - list index out of range
2022-02-01 22:17:15,581 - INFO - MainProcess - query_execution.segment1 - list index out of range
2022-02-01 22:17:15,581 - INFO - MainProcess - query_execution.segment1 - list index out of range
2022-02-01 22:17:15,581 - INFO - MainProcess - query_execution.segment1 - list index out of range
2022-02-01 22:17:15,581 - INFO - MainProcess - query_execution.segment1 - list index out of range
2022-02-01 22:17:15,581 - INFO - MainProcess - query_execution.segment1 - list index out of range
2022-02-01 22:17:15,581 - INFO - MainProcess - query_execution.segment1 - list index out of range
2022-02-01 22:17:15,581 - INFO - MainProcess - query_execution.segment1 - list index out of range
2022-02-01 22:17:15,581 - INFO - MainProcess - query_execution.segment1 - list index out of range
2022-02-01 22:17:15,581 - INFO - MainProcess - query_execution.segment1 - list index out of range
2022-02-01 22:17:15,581 - INFO - MainProcess - query_execution.segment1 - list index out of range
2022-02-01 22:17:15,596 - INFO - MainProcess - query_execution.segment1 - list index out of range
2022-02-01 22:17:15,596 - INFO - MainProcess - query_execution.segment1 - list index out of range
2022-02-01 22:17:15,596 - INFO - MainProcess - query_execution.segment1 - list index out of range
2022-02-01 22:17:15,596 - INFO - MainProcess - query_execution.segment1 - list index out of range
2022-02-01 22:17:15,596 - INFO - MainProcess - query_execution.segment1 - list index out of range
2022-02-01 22:17:15,596 - INFO - MainProcess - query_execution.segment1 - list index out of range
2022-02-01 22:17:15,596 - INFO - MainProcess - query_execution.segment1 - list index out of range
2022-02-01 22:17:15,596 - INFO - MainProcess - query_execution.segment1 - list index out of range
2022-02-01 22:17:15,596 - INFO - MainProcess - query_execution.segment1 - list index out of range
2022-02-01 22:17:15,596 - INFO - MainProcess - query_execution.segment1 - list index out of range
2022-02-01 22:17:15,596 - INFO - MainProcess - query_execution.segment1 - list index out of range
2022-02-01 22:17:15,596 - INFO - MainProcess - query_execution.segment1 - list index out of range
2022-02-01 22:17:15,596 - INFO - MainProcess - query_execution.segment1 - list index out of range
2022-02-01 22:17:15,596 - INFO - MainProcess - query_execution.segment1 - list index out of range
2022-02-01 22:17:15,596 - INFO - MainProcess - query_execution.segment1 - list index out of range
2022-02-01 22:17:15,596 - INFO - MainProcess - query_execution.segment1 - list index out of range
2022-02-01 22:17:15,596 - INFO - MainProcess - query_execution.segment1 - list index out of range
2022-02-01 22:17:15,596 - INFO - MainProcess - query_execution.segment1 - list index out of range
2022-02-01 22:17:15,596 - INFO - MainProcess - query_execution.segment1 - list index out of range
2022-02-01 22:17:15,596 - INFO - MainProcess - query_execution.segment1 - list index out of range
2022-02-01 22:17:15,596 - INFO - MainProcess - query_execution.segment1 - list index out of range
2022-02-01 22:17:15,596 - INFO - MainProcess - query_execution.segment1 - list index out of range
2022-02-01 22:17:15,596 - INFO - MainProcess - query_execution.segment1 - list index out of range
2022-02-01 22:17:15,596 - INFO - MainProcess - query_execution.segment1 - list index out of range
2022-02-01 22:17:15,596 - INFO - MainProcess - query_execution.segment1 - list index out of range
2022-02-01 22:17:15,596 - INFO - MainProcess - query_execution.segment1 - list index out of range
2022-02-01 22:17:15,596 - INFO - MainProcess - query_execution.segment1 - list index out of range
2022-02-01 22:17:15,596 - INFO - MainProcess - query_execution.segment1 - list index out of range
2022-02-01 22:17:15,596 - INFO - MainProcess - query_execution.segment1 - list index out of range
2022-02-01 22:17:15,596 - INFO - MainProcess - query_execution.segment1 - list index out of range
2022-02-01 22:17:15,596 - INFO - MainProcess - query_execution.segment1 - list index out of range
2022-02-01 22:17:15,596 - INFO - MainProcess - query_execution.segment1 - list index out of range
2022-02-01 22:17:15,596 - INFO - MainProcess - query_execution.segment1 - list index out of range
2022-02-01 22:17:15,596 - INFO - MainProcess - query_execution.segment1 - list index out of range
2022-02-01 22:17:15,596 - INFO - MainProcess - query_execution.segment1 - list index out of range
2022-02-01 22:17:15,596 - INFO - MainProcess - query_execution.segment1 - list index out of range
2022-02-01 22:17:15,596 - INFO - MainProcess - query_execution.segment1 - list index out of range
2022-02-01 22:17:15,596 - INFO - MainProcess - query_execution.segment1 - list index out of range
2022-02-01 22:17:15,596 - INFO - MainProcess - query_execution.segment1 - list index out of range
2022-02-01 22:17:15,596 - INFO - MainProcess - query_execution.segment1 - list index out of range
2022-02-01 22:17:15,596 - INFO - MainProcess - query_execution.segment1 - list index out of range
2022-02-01 22:17:15,596 - INFO - MainProcess - query_execution.segment1 - list index out of range
2022-02-01 22:17:15,612 - INFO - MainProcess - query_execution.segment1 - list index out of range
2022-02-01 22:17:15,612 - INFO - MainProcess - query_execution.segment1 - list index out of range
2022-02-01 22:17:15,612 - INFO - MainProcess - query_execution.segment1 - list index out of range
2022-02-01 22:17:15,612 - INFO - MainProcess - query_execution.segment1 - list index out of range
2022-02-01 22:17:15,612 - INFO - MainProcess - query_execution.segment1 - list index out of range
2022-02-01 22:17:15,612 - INFO - MainProcess - query_execution.segment1 - list index out of range
2022-02-01 22:17:15,612 - INFO - MainProcess - query_execution.segment1 - list index out of range
2022-02-01 22:17:15,612 - INFO - MainProcess - query_execution.segment1 - list index out of range
2022-02-01 22:17:15,612 - INFO - MainProcess - query_execution.segment1 - list index out of range
2022-02-01 22:17:15,612 - INFO - MainProcess - query_execution.segment1 - list index out of range
2022-02-01 22:17:15,612 - INFO - MainProcess - query_execution.segment1 - list index out of range
2022-02-01 22:17:15,612 - INFO - MainProcess - query_execution.segment1 - list index out of range
2022-02-01 22:17:15,612 - INFO - MainProcess - query_execution.segment1 - list index out of range
2022-02-01 22:17:15,612 - INFO - MainProcess - query_execution.segment1 - list index out of range
2022-02-01 22:17:15,612 - INFO - MainProcess - query_execution.segment1 - list index out of range
2022-02-01 22:17:15,612 - INFO - MainProcess - query_execution.segment1 - list index out of range
2022-02-01 22:17:15,612 - INFO - MainProcess - query_execution.segment1 - list index out of range
2022-02-01 22:17:15,612 - INFO - MainProcess - query_execution.segment1 - list index out of range
2022-02-01 22:17:15,612 - INFO - MainProcess - query_execution.segment1 - list index out of range
2022-02-01 22:17:15,612 - INFO - MainProcess - query_execution.segment1 - list index out of range
2022-02-01 22:17:15,612 - INFO - MainProcess - query_execution.segment1 - list index out of range
2022-02-01 22:17:15,612 - INFO - MainProcess - query_execution.segment1 - list index out of range
2022-02-01 22:17:15,612 - INFO - MainProcess - query_execution.segment1 - list index out of range
2022-02-01 22:17:15,612 - INFO - MainProcess - query_execution.segment1 - list index out of range
2022-02-01 22:17:15,612 - INFO - MainProcess - query_execution.segment1 - list index out of range
2022-02-01 22:17:15,612 - INFO - MainProcess - query_execution.segment1 - list index out of range
2022-02-01 22:17:15,612 - INFO - MainProcess - query_execution.segment1 - list index out of range
2022-02-01 22:17:15,628 - INFO - MainProcess - query_execution.segment1 - list index out of range
2022-02-01 22:17:15,628 - INFO - MainProcess - query_execution.segment1 - list index out of range
2022-02-01 22:17:15,628 - INFO - MainProcess - query_execution.segment1 - list index out of range
2022-02-01 22:17:15,628 - INFO - MainProcess - query_execution.segment1 - list index out of range
2022-02-01 22:17:15,628 - INFO - MainProcess - query_execution.segment1 - list index out of range
2022-02-01 22:17:15,628 - INFO - MainProcess - query_execution.segment1 - list index out of range
2022-02-01 22:17:15,628 - INFO - MainProcess - query_execution.segment1 - list index out of range
2022-02-01 22:17:15,628 - INFO - MainProcess - query_execution.segment1 - list index out of range
2022-02-01 22:17:15,628 - INFO - MainProcess - query_execution.segment1 - list index out of range
2022-02-01 22:17:15,643 - INFO - MainProcess - query_execution.segment1 - list index out of range
2022-02-01 22:17:15,643 - INFO - MainProcess - query_execution.segment1 - list index out of range
2022-02-01 22:17:15,643 - INFO - MainProcess - query_execution.segment1 - list index out of range
2022-02-01 22:17:15,643 - INFO - MainProcess - query_execution.segment1 - list index out of range
2022-02-01 22:17:15,643 - INFO - MainProcess - query_execution.segment1 - list index out of range
2022-02-01 22:17:15,643 - INFO - MainProcess - query_execution.segment1 - list index out of range
2022-02-01 22:17:15,643 - INFO - MainProcess - query_execution.segment1 - list index out of range
2022-02-01 22:17:15,643 - INFO - MainProcess - query_execution.segment1 - list index out of range
2022-02-01 22:17:15,643 - INFO - MainProcess - query_execution.segment1 - list index out of range
2022-02-01 22:17:15,643 - INFO - MainProcess - query_execution.segment1 - list index out of range
2022-02-01 22:17:15,643 - INFO - MainProcess - query_execution.segment1 - list index out of range
2022-02-01 22:17:15,643 - INFO - MainProcess - query_execution.segment1 - list index out of range
2022-02-01 22:17:15,643 - INFO - MainProcess - query_execution.segment1 - list index out of range
2022-02-01 22:17:15,643 - INFO - MainProcess - query_execution.segment1 - list index out of range
2022-02-01 22:17:15,643 - INFO - MainProcess - query_execution.segment1 - list index out of range
2022-02-01 22:17:15,643 - INFO - MainProcess - query_execution.segment1 - list index out of range
2022-02-01 22:17:15,643 - INFO - MainProcess - query_execution.segment1 - list index out of range
2022-02-01 22:17:15,643 - INFO - MainProcess - query_execution.segment1 - list index out of range
2022-02-01 22:17:15,643 - INFO - MainProcess - query_execution.segment1 - list index out of range
2022-02-01 22:17:15,643 - INFO - MainProcess - query_execution.segment1 - list index out of range
2022-02-01 22:17:15,643 - INFO - MainProcess - query_execution.segment1 - list index out of range
2022-02-01 22:17:15,643 - INFO - MainProcess - query_execution.segment1 - list index out of range
2022-02-01 22:17:15,643 - INFO - MainProcess - query_execution.segment1 - list index out of range
2022-02-01 22:17:15,643 - INFO - MainProcess - query_execution.segment1 - list index out of range
2022-02-01 22:17:15,643 - INFO - MainProcess - query_execution.segment1 - list index out of range
2022-02-01 22:17:15,643 - INFO - MainProcess - query_execution.segment1 - list index out of range
2022-02-01 22:17:15,643 - INFO - MainProcess - query_execution.segment1 - list index out of range
2022-02-01 22:17:15,643 - INFO - MainProcess - query_execution.segment1 - list index out of range
2022-02-01 22:17:15,643 - INFO - MainProcess - query_execution.segment1 - list index out of range
2022-02-01 22:17:15,643 - INFO - MainProcess - query_execution.segment1 - list index out of range
2022-02-01 22:17:15,643 - INFO - MainProcess - query_execution.segment1 - list index out of range
2022-02-01 22:17:15,643 - INFO - MainProcess - query_execution.segment1 - list index out of range
2022-02-01 22:17:15,643 - INFO - MainProcess - query_execution.segment1 - list index out of range
2022-02-01 22:17:15,643 - INFO - MainProcess - query_execution.segment1 - list index out of range
2022-02-01 22:17:15,643 - INFO - MainProcess - query_execution.segment1 - list index out of range
2022-02-01 22:17:15,643 - INFO - MainProcess - query_execution.segment1 - list index out of range
2022-02-01 22:17:15,643 - INFO - MainProcess - query_execution.segment1 - list index out of range
2022-02-01 22:17:15,643 - INFO - MainProcess - query_execution.segment1 - list index out of range
2022-02-01 22:17:15,643 - INFO - MainProcess - query_execution.segment1 - list index out of range
2022-02-01 22:17:15,643 - INFO - MainProcess - query_execution.segment1 - list index out of range
2022-02-01 22:17:15,643 - INFO - MainProcess - query_execution.segment1 - list index out of range
2022-02-01 22:17:15,659 - INFO - MainProcess - query_execution.segment1 - list index out of range
2022-02-01 22:17:15,659 - INFO - MainProcess - query_execution.segment1 - list index out of range
2022-02-01 22:17:15,659 - INFO - MainProcess - query_execution.segment1 - list index out of range
2022-02-01 22:17:15,659 - INFO - MainProcess - query_execution.segment1 - list index out of range
2022-02-01 22:17:15,659 - INFO - MainProcess - query_execution.segment1 - list index out of range
2022-02-01 22:17:15,659 - INFO - MainProcess - query_execution.segment1 - list index out of range
2022-02-01 22:17:15,659 - INFO - MainProcess - query_execution.segment1 - list index out of range
2022-02-01 22:17:15,659 - INFO - MainProcess - query_execution.segment1 - list index out of range
2022-02-01 22:17:15,659 - INFO - MainProcess - query_execution.segment1 - list index out of range
2022-02-01 22:17:15,659 - INFO - MainProcess - query_execution.segment1 - list index out of range
2022-02-01 22:17:15,659 - INFO - MainProcess - query_execution.segment1 - list index out of range
2022-02-01 22:17:15,659 - INFO - MainProcess - query_execution.segment1 - list index out of range
2022-02-01 22:17:15,659 - INFO - MainProcess - query_execution.segment1 - list index out of range
2022-02-01 22:17:15,659 - INFO - MainProcess - query_execution.segment1 - list index out of range
2022-02-01 22:17:15,659 - INFO - MainProcess - query_execution.segment1 - list index out of range
2022-02-01 22:17:15,659 - INFO - MainProcess - query_execution.segment1 - list index out of range
2022-02-01 22:17:15,659 - INFO - MainProcess - query_execution.segment1 - list index out of range
2022-02-01 22:17:15,659 - INFO - MainProcess - query_execution.segment1 - list index out of range
2022-02-01 22:17:15,659 - INFO - MainProcess - query_execution.segment1 - list index out of range
2022-02-01 22:17:15,659 - INFO - MainProcess - query_execution.segment1 - list index out of range
2022-02-01 22:17:15,659 - INFO - MainProcess - query_execution.segment1 - list index out of range
2022-02-01 22:17:15,659 - INFO - MainProcess - query_execution.segment1 - list index out of range
2022-02-01 22:17:15,659 - INFO - MainProcess - query_execution.segment1 - list index out of range
2022-02-01 22:17:15,659 - INFO - MainProcess - query_execution.segment1 - list index out of range
2022-02-01 22:17:15,659 - INFO - MainProcess - query_execution.segment1 - list index out of range
2022-02-01 22:17:15,659 - INFO - MainProcess - query_execution.segment1 - list index out of range
2022-02-01 22:17:15,659 - INFO - MainProcess - query_execution.segment1 - list index out of range
2022-02-01 22:17:15,659 - INFO - MainProcess - query_execution.segment1 - list index out of range
2022-02-01 22:17:15,659 - INFO - MainProcess - query_execution.segment1 - list index out of range
2022-02-01 22:17:15,659 - INFO - MainProcess - query_execution.segment1 - list index out of range
2022-02-01 22:17:15,659 - INFO - MainProcess - query_execution.segment1 - list index out of range
2022-02-01 22:17:15,659 - INFO - MainProcess - query_execution.segment1 - list index out of range
2022-02-01 22:17:15,659 - INFO - MainProcess - query_execution.segment1 - list index out of range
2022-02-01 22:17:15,659 - INFO - MainProcess - query_execution.segment1 - list index out of range
2022-02-01 22:17:15,659 - INFO - MainProcess - query_execution.segment1 - list index out of range
2022-02-01 22:17:15,659 - INFO - MainProcess - query_execution.segment1 - list index out of range
2022-02-01 22:17:15,659 - INFO - MainProcess - query_execution.segment1 - list index out of range
2022-02-01 22:17:15,659 - INFO - MainProcess - query_execution.segment1 - list index out of range
2022-02-01 22:17:15,659 - INFO - MainProcess - query_execution.segment1 - list index out of range
2022-02-01 22:17:15,659 - INFO - MainProcess - query_execution.segment1 - list index out of range
2022-02-01 22:17:15,659 - INFO - MainProcess - query_execution.segment1 - list index out of range
2022-02-01 22:17:15,659 - INFO - MainProcess - query_execution.segment1 - list index out of range
2022-02-01 22:17:15,674 - INFO - MainProcess - query_execution.segment1 - list index out of range
2022-02-01 22:17:15,674 - INFO - MainProcess - query_execution.segment1 - list index out of range
2022-02-01 22:17:15,674 - INFO - MainProcess - query_execution.segment1 - list index out of range
2022-02-01 22:17:15,674 - INFO - MainProcess - query_execution.segment1 - list index out of range
2022-02-01 22:17:15,674 - INFO - MainProcess - query_execution.segment1 - list index out of range
2022-02-01 22:17:15,674 - INFO - MainProcess - query_execution.segment1 - list index out of range
2022-02-01 22:17:15,674 - INFO - MainProcess - query_execution.segment1 - list index out of range
2022-02-01 22:17:15,674 - INFO - MainProcess - query_execution.segment1 - list index out of range
2022-02-01 22:17:15,674 - INFO - MainProcess - query_execution.segment1 - list index out of range
2022-02-01 22:17:15,674 - INFO - MainProcess - query_execution.segment1 - list index out of range
2022-02-01 22:17:15,674 - INFO - MainProcess - query_execution.segment1 - list index out of range
2022-02-01 22:17:15,674 - INFO - MainProcess - query_execution.segment1 - list index out of range
2022-02-01 22:17:15,674 - INFO - MainProcess - query_execution.segment1 - list index out of range
2022-02-01 22:17:15,674 - INFO - MainProcess - query_execution.segment1 - list index out of range
2022-02-01 22:17:15,674 - INFO - MainProcess - query_execution.segment1 - list index out of range
2022-02-01 22:17:15,674 - INFO - MainProcess - query_execution.segment1 - list index out of range
2022-02-01 22:17:15,674 - INFO - MainProcess - query_execution.segment1 - list index out of range
2022-02-01 22:17:15,674 - INFO - MainProcess - query_execution.segment1 - list index out of range
2022-02-01 22:17:15,674 - INFO - MainProcess - query_execution.segment1 - list index out of range
2022-02-01 22:17:15,674 - INFO - MainProcess - query_execution.segment1 - list index out of range
2022-02-01 22:17:15,674 - INFO - MainProcess - query_execution.segment1 - list index out of range
2022-02-01 22:17:15,674 - INFO - MainProcess - query_execution.segment1 - list index out of range
2022-02-01 22:17:15,674 - INFO - MainProcess - query_execution.segment1 - list index out of range
2022-02-01 22:17:15,674 - INFO - MainProcess - query_execution.segment1 - list index out of range
2022-02-01 22:17:15,674 - INFO - MainProcess - query_execution.segment1 - list index out of range
2022-02-01 22:17:15,674 - INFO - MainProcess - query_execution.segment1 - list index out of range
2022-02-01 22:17:15,674 - INFO - MainProcess - query_execution.segment1 - list index out of range
2022-02-01 22:17:15,674 - INFO - MainProcess - query_execution.segment1 - list index out of range
2022-02-01 22:17:15,674 - INFO - MainProcess - query_execution.segment1 - list index out of range
2022-02-01 22:17:15,674 - INFO - MainProcess - query_execution.segment1 - list index out of range
2022-02-01 22:17:15,674 - INFO - MainProcess - query_execution.segment1 - list index out of range
2022-02-01 22:17:15,674 - INFO - MainProcess - query_execution.segment1 - list index out of range
2022-02-01 22:17:15,674 - INFO - MainProcess - query_execution.segment1 - list index out of range
2022-02-01 22:17:15,674 - INFO - MainProcess - query_execution.segment1 - list index out of range
2022-02-01 22:17:15,674 - INFO - MainProcess - query_execution.segment1 - list index out of range
2022-02-01 22:17:15,674 - INFO - MainProcess - query_execution.segment1 - list index out of range
2022-02-01 22:17:15,674 - INFO - MainProcess - query_execution.segment1 - list index out of range
2022-02-01 22:17:15,674 - INFO - MainProcess - query_execution.segment1 - list index out of range
2022-02-01 22:17:15,674 - INFO - MainProcess - query_execution.segment1 - list index out of range
2022-02-01 22:17:15,674 - INFO - MainProcess - query_execution.segment1 - list index out of range
2022-02-01 22:17:15,674 - INFO - MainProcess - query_execution.segment1 - list index out of range
2022-02-01 22:17:15,674 - INFO - MainProcess - query_execution.segment1 - list index out of range
2022-02-01 22:17:15,690 - INFO - MainProcess - query_execution.segment1 - list index out of range
2022-02-01 22:17:15,690 - INFO - MainProcess - query_execution.segment1 - list index out of range
2022-02-01 22:17:15,690 - INFO - MainProcess - query_execution.segment1 - list index out of range
2022-02-01 22:17:15,690 - INFO - MainProcess - query_execution.segment1 - list index out of range
2022-02-01 22:17:15,690 - INFO - MainProcess - query_execution.segment1 - list index out of range
2022-02-01 22:17:15,690 - INFO - MainProcess - query_execution.segment1 - list index out of range
2022-02-01 22:17:15,690 - INFO - MainProcess - query_execution.segment1 - list index out of range
2022-02-01 22:17:15,690 - INFO - MainProcess - query_execution.segment1 - list index out of range
2022-02-01 22:17:15,690 - INFO - MainProcess - query_execution.segment1 - list index out of range
2022-02-01 22:17:15,690 - INFO - MainProcess - query_execution.segment1 - list index out of range
2022-02-01 22:17:15,690 - INFO - MainProcess - query_execution.segment1 - list index out of range
2022-02-01 22:17:15,690 - INFO - MainProcess - query_execution.segment1 - list index out of range
2022-02-01 22:17:15,690 - INFO - MainProcess - query_execution.segment1 - list index out of range
2022-02-01 22:17:15,690 - INFO - MainProcess - query_execution.segment1 - list index out of range
2022-02-01 22:17:15,690 - INFO - MainProcess - query_execution.segment1 - list index out of range
2022-02-01 22:17:15,690 - INFO - MainProcess - query_execution.segment1 - list index out of range
2022-02-01 22:17:15,690 - INFO - MainProcess - query_execution.segment1 - list index out of range
2022-02-01 22:17:15,690 - INFO - MainProcess - query_execution.segment1 - list index out of range
2022-02-01 22:17:15,690 - INFO - MainProcess - query_execution.segment1 - list index out of range
2022-02-01 22:17:15,690 - INFO - MainProcess - query_execution.segment1 - list index out of range
2022-02-01 22:17:15,690 - INFO - MainProcess - query_execution.segment1 - list index out of range
2022-02-01 22:17:15,690 - INFO - MainProcess - query_execution.segment1 - list index out of range
2022-02-01 22:17:15,690 - INFO - MainProcess - query_execution.segment1 - list index out of range
2022-02-01 22:17:15,690 - INFO - MainProcess - query_execution.segment1 - list index out of range
2022-02-01 22:17:15,690 - INFO - MainProcess - query_execution.segment1 - list index out of range
2022-02-01 22:17:15,690 - INFO - MainProcess - query_execution.segment1 - list index out of range
2022-02-01 22:17:15,690 - INFO - MainProcess - query_execution.segment1 - list index out of range
2022-02-01 22:17:15,690 - INFO - MainProcess - query_execution.segment1 - list index out of range
2022-02-01 22:17:15,690 - INFO - MainProcess - query_execution.segment1 - list index out of range
2022-02-01 22:17:15,690 - INFO - MainProcess - query_execution.segment1 - list index out of range
2022-02-01 22:17:15,690 - INFO - MainProcess - query_execution.segment1 - list index out of range
2022-02-01 22:17:15,690 - INFO - MainProcess - query_execution.segment1 - list index out of range
2022-02-01 22:17:15,690 - INFO - MainProcess - query_execution.segment1 - list index out of range
2022-02-01 22:17:15,690 - INFO - MainProcess - query_execution.segment1 - list index out of range
2022-02-01 22:17:15,690 - INFO - MainProcess - query_execution.segment1 - list index out of range
2022-02-01 22:17:15,690 - INFO - MainProcess - query_execution.segment1 - list index out of range
2022-02-01 22:17:15,690 - INFO - MainProcess - query_execution.segment1 - list index out of range
2022-02-01 22:17:15,690 - INFO - MainProcess - query_execution.segment1 - list index out of range
2022-02-01 22:17:15,690 - INFO - MainProcess - query_execution.segment1 - list index out of range
2022-02-01 22:17:15,690 - INFO - MainProcess - query_execution.segment1 - list index out of range
2022-02-01 22:17:15,690 - INFO - MainProcess - query_execution.segment1 - list index out of range
2022-02-01 22:17:15,690 - INFO - MainProcess - query_execution.segment1 - list index out of range
2022-02-01 22:17:15,706 - INFO - MainProcess - query_execution.segment1 - list index out of range
2022-02-01 22:17:15,706 - INFO - MainProcess - query_execution.segment1 - list index out of range
2022-02-01 22:17:15,706 - INFO - MainProcess - query_execution.segment1 - list index out of range
2022-02-01 22:17:15,706 - INFO - MainProcess - query_execution.segment1 - list index out of range
2022-02-01 22:17:15,706 - INFO - MainProcess - query_execution.segment1 - list index out of range
2022-02-01 22:17:15,706 - INFO - MainProcess - query_execution.segment1 - list index out of range
2022-02-01 22:17:15,706 - INFO - MainProcess - query_execution.segment1 - list index out of range
2022-02-01 22:17:15,706 - INFO - MainProcess - query_execution.segment1 - list index out of range
2022-02-01 22:17:15,706 - INFO - MainProcess - query_execution.segment1 - list index out of range
2022-02-01 22:17:15,706 - INFO - MainProcess - query_execution.segment1 - list index out of range
2022-02-01 22:17:15,706 - INFO - MainProcess - query_execution.segment1 - list index out of range
2022-02-01 22:17:15,706 - INFO - MainProcess - query_execution.segment1 - list index out of range
2022-02-01 22:17:15,706 - INFO - MainProcess - query_execution.segment1 - list index out of range
2022-02-01 22:17:15,706 - INFO - MainProcess - query_execution.segment1 - list index out of range
2022-02-01 22:17:15,706 - INFO - MainProcess - query_execution.segment1 - list index out of range
2022-02-01 22:17:15,706 - INFO - MainProcess - query_execution.segment1 - list index out of range
2022-02-01 22:17:15,706 - INFO - MainProcess - query_execution.segment1 - list index out of range
2022-02-01 22:17:15,706 - INFO - MainProcess - query_execution.segment1 - list index out of range
2022-02-01 22:17:15,706 - INFO - MainProcess - query_execution.segment1 - list index out of range
2022-02-01 22:17:15,706 - INFO - MainProcess - query_execution.segment1 - list index out of range
2022-02-01 22:17:15,706 - INFO - MainProcess - query_execution.segment1 - list index out of range
2022-02-01 22:17:15,706 - INFO - MainProcess - query_execution.segment1 - list index out of range
2022-02-01 22:17:15,706 - INFO - MainProcess - query_execution.segment1 - list index out of range
2022-02-01 22:17:15,706 - INFO - MainProcess - query_execution.segment1 - list index out of range
2022-02-01 22:17:15,706 - INFO - MainProcess - query_execution.segment1 - list index out of range
2022-02-01 22:17:15,706 - INFO - MainProcess - query_execution.segment1 - list index out of range
2022-02-01 22:17:15,706 - INFO - MainProcess - query_execution.segment1 - list index out of range
2022-02-01 22:17:15,706 - INFO - MainProcess - query_execution.segment1 - list index out of range
2022-02-01 22:17:15,706 - INFO - MainProcess - query_execution.segment1 - list index out of range
2022-02-01 22:17:15,706 - INFO - MainProcess - query_execution.segment1 - list index out of range
2022-02-01 22:17:15,706 - INFO - MainProcess - query_execution.segment1 - list index out of range
2022-02-01 22:17:15,706 - INFO - MainProcess - query_execution.segment1 - list index out of range
2022-02-01 22:17:15,706 - INFO - MainProcess - query_execution.segment1 - list index out of range
2022-02-01 22:17:15,706 - INFO - MainProcess - query_execution.segment1 - list index out of range
2022-02-01 22:17:15,706 - INFO - MainProcess - query_execution.segment1 - list index out of range
2022-02-01 22:17:15,706 - INFO - MainProcess - query_execution.segment1 - list index out of range
2022-02-01 22:17:15,706 - INFO - MainProcess - query_execution.segment1 - list index out of range
2022-02-01 22:17:15,706 - INFO - MainProcess - query_execution.segment1 - list index out of range
2022-02-01 22:17:15,706 - INFO - MainProcess - query_execution.segment1 - list index out of range
2022-02-01 22:17:15,706 - INFO - MainProcess - query_execution.segment1 - list index out of range
2022-02-01 22:17:15,706 - INFO - MainProcess - query_execution.segment1 - list index out of range
2022-02-01 22:17:15,706 - INFO - MainProcess - query_execution.segment1 - list index out of range
2022-02-01 22:17:15,721 - INFO - MainProcess - query_execution.segment1 - list index out of range
2022-02-01 22:17:15,721 - INFO - MainProcess - query_execution.segment1 - list index out of range
2022-02-01 22:17:15,721 - INFO - MainProcess - query_execution.segment1 - list index out of range
2022-02-01 22:17:15,721 - INFO - MainProcess - query_execution.segment1 - list index out of range
2022-02-01 22:17:15,721 - INFO - MainProcess - query_execution.segment1 - list index out of range
2022-02-01 22:17:15,721 - INFO - MainProcess - query_execution.segment1 - list index out of range
2022-02-01 22:17:15,721 - INFO - MainProcess - query_execution.segment1 - list index out of range
2022-02-01 22:17:15,721 - INFO - MainProcess - query_execution.segment1 - list index out of range
2022-02-01 22:17:15,721 - INFO - MainProcess - query_execution.segment1 - list index out of range
2022-02-01 22:17:15,721 - INFO - MainProcess - query_execution.segment1 - list index out of range
2022-02-01 22:17:15,721 - INFO - MainProcess - query_execution.segment1 - list index out of range
2022-02-01 22:17:15,721 - INFO - MainProcess - query_execution.segment1 - list index out of range
2022-02-01 22:17:15,721 - INFO - MainProcess - query_execution.segment1 - list index out of range
2022-02-01 22:17:15,721 - INFO - MainProcess - query_execution.segment1 - list index out of range
2022-02-01 22:17:15,721 - INFO - MainProcess - query_execution.segment1 - list index out of range
2022-02-01 22:17:15,721 - INFO - MainProcess - query_execution.segment1 - list index out of range
2022-02-01 22:17:15,721 - INFO - MainProcess - query_execution.segment1 - list index out of range
2022-02-01 22:17:15,721 - INFO - MainProcess - query_execution.segment1 - list index out of range
2022-02-01 22:17:15,721 - INFO - MainProcess - query_execution.segment1 - list index out of range
2022-02-01 22:17:15,721 - INFO - MainProcess - query_execution.segment1 - list index out of range
2022-02-01 22:17:15,721 - INFO - MainProcess - query_execution.segment1 - list index out of range
2022-02-01 22:17:15,721 - INFO - MainProcess - query_execution.segment1 - list index out of range
2022-02-01 22:17:15,721 - INFO - MainProcess - query_execution.segment1 - list index out of range
2022-02-01 22:17:15,721 - INFO - MainProcess - query_execution.segment1 - list index out of range
2022-02-01 22:17:15,721 - INFO - MainProcess - query_execution.segment1 - list index out of range
2022-02-01 22:17:15,721 - INFO - MainProcess - query_execution.segment1 - list index out of range
2022-02-01 22:17:15,721 - INFO - MainProcess - query_execution.segment1 - list index out of range
2022-02-01 22:17:15,721 - INFO - MainProcess - query_execution.segment1 - list index out of range
2022-02-01 22:17:15,721 - INFO - MainProcess - query_execution.segment1 - list index out of range
2022-02-01 22:17:15,721 - INFO - MainProcess - query_execution.segment1 - list index out of range
2022-02-01 22:17:15,721 - INFO - MainProcess - query_execution.segment1 - list index out of range
2022-02-01 22:17:15,721 - INFO - MainProcess - query_execution.segment1 - list index out of range
2022-02-01 22:17:15,721 - INFO - MainProcess - query_execution.segment1 - list index out of range
2022-02-01 22:17:15,721 - INFO - MainProcess - query_execution.segment1 - list index out of range
2022-02-01 22:17:15,721 - INFO - MainProcess - query_execution.segment1 - list index out of range
2022-02-01 22:17:15,721 - INFO - MainProcess - query_execution.segment1 - list index out of range
2022-02-01 22:17:15,721 - INFO - MainProcess - query_execution.segment1 - list index out of range
2022-02-01 22:17:15,721 - INFO - MainProcess - query_execution.segment1 - list index out of range
2022-02-01 22:17:15,721 - INFO - MainProcess - query_execution.segment1 - list index out of range
2022-02-01 22:17:15,721 - INFO - MainProcess - query_execution.segment1 - list index out of range
2022-02-01 22:17:15,721 - INFO - MainProcess - query_execution.segment1 - list index out of range
2022-02-01 22:17:15,721 - INFO - MainProcess - query_execution.segment1 - list index out of range
2022-02-01 22:17:15,737 - INFO - MainProcess - query_execution.segment1 - list index out of range
2022-02-01 22:17:15,737 - INFO - MainProcess - query_execution.segment1 - list index out of range
2022-02-01 22:17:15,737 - INFO - MainProcess - query_execution.segment1 - list index out of range
2022-02-01 22:17:15,737 - INFO - MainProcess - query_execution.segment1 - list index out of range
2022-02-01 22:17:15,737 - INFO - MainProcess - query_execution.segment1 - list index out of range
2022-02-01 22:17:15,737 - INFO - MainProcess - query_execution.segment1 - list index out of range
2022-02-01 22:17:15,737 - INFO - MainProcess - query_execution.segment1 - list index out of range
2022-02-01 22:17:15,737 - INFO - MainProcess - query_execution.segment1 - list index out of range
2022-02-01 22:17:15,737 - INFO - MainProcess - query_execution.segment1 - list index out of range
2022-02-01 22:17:15,737 - INFO - MainProcess - query_execution.segment1 - list index out of range
2022-02-01 22:17:15,737 - INFO - MainProcess - query_execution.segment1 - list index out of range
2022-02-01 22:17:15,737 - INFO - MainProcess - query_execution.segment1 - list index out of range
2022-02-01 22:17:15,737 - INFO - MainProcess - query_execution.segment1 - list index out of range
2022-02-01 22:17:15,737 - INFO - MainProcess - query_execution.segment1 - list index out of range
2022-02-01 22:17:15,737 - INFO - MainProcess - query_execution.segment1 - list index out of range
2022-02-01 22:17:15,737 - INFO - MainProcess - query_execution.segment1 - list index out of range
2022-02-01 22:17:15,737 - INFO - MainProcess - query_execution.segment1 - list index out of range
2022-02-01 22:17:15,737 - INFO - MainProcess - query_execution.segment1 - list index out of range
2022-02-01 22:17:15,737 - INFO - MainProcess - query_execution.segment1 - list index out of range
2022-02-01 22:17:15,737 - INFO - MainProcess - query_execution.segment1 - list index out of range
2022-02-01 22:17:15,737 - INFO - MainProcess - query_execution.segment1 - list index out of range
2022-02-01 22:17:15,737 - INFO - MainProcess - query_execution.segment1 - list index out of range
2022-02-01 22:17:15,737 - INFO - MainProcess - query_execution.segment1 - list index out of range
2022-02-01 22:17:15,737 - INFO - MainProcess - query_execution.segment1 - list index out of range
2022-02-01 22:17:15,737 - INFO - MainProcess - query_execution.segment1 - list index out of range
2022-02-01 22:17:15,737 - INFO - MainProcess - query_execution.segment1 - list index out of range
2022-02-01 22:17:15,737 - INFO - MainProcess - query_execution.segment1 - list index out of range
2022-02-01 22:17:15,737 - INFO - MainProcess - query_execution.segment1 - list index out of range
2022-02-01 22:17:15,737 - INFO - MainProcess - query_execution.segment1 - list index out of range
2022-02-01 22:17:15,737 - INFO - MainProcess - query_execution.segment1 - list index out of range
2022-02-01 22:17:15,737 - INFO - MainProcess - query_execution.segment1 - list index out of range
2022-02-01 22:17:15,737 - INFO - MainProcess - query_execution.segment1 - list index out of range
2022-02-01 22:17:15,737 - INFO - MainProcess - query_execution.segment1 - list index out of range
2022-02-01 22:17:15,737 - INFO - MainProcess - query_execution.segment1 - list index out of range
2022-02-01 22:17:15,737 - INFO - MainProcess - query_execution.segment1 - list index out of range
2022-02-01 22:17:15,737 - INFO - MainProcess - query_execution.segment1 - list index out of range
2022-02-01 22:17:15,737 - INFO - MainProcess - query_execution.segment1 - list index out of range
2022-02-01 22:17:15,737 - INFO - MainProcess - query_execution.segment1 - list index out of range
2022-02-01 22:17:15,737 - INFO - MainProcess - query_execution.segment1 - list index out of range
2022-02-01 22:17:15,737 - INFO - MainProcess - query_execution.segment1 - list index out of range
2022-02-01 22:17:15,737 - INFO - MainProcess - query_execution.segment1 - list index out of range
2022-02-01 22:17:15,737 - INFO - MainProcess - query_execution.segment1 - list index out of range
2022-02-01 22:17:15,752 - INFO - MainProcess - query_execution.segment1 - list index out of range
2022-02-01 22:17:15,752 - INFO - MainProcess - query_execution.segment1 - list index out of range
2022-02-01 22:17:15,752 - INFO - MainProcess - query_execution.segment1 - list index out of range
2022-02-01 22:17:15,752 - INFO - MainProcess - query_execution.segment1 - list index out of range
2022-02-01 22:17:15,752 - INFO - MainProcess - query_execution.segment1 - list index out of range
2022-02-01 22:17:15,752 - INFO - MainProcess - query_execution.segment1 - list index out of range
2022-02-01 22:17:15,752 - INFO - MainProcess - query_execution.segment1 - list index out of range
2022-02-01 22:17:15,752 - INFO - MainProcess - query_execution.segment1 - list index out of range
2022-02-01 22:17:15,752 - INFO - MainProcess - query_execution.segment1 - list index out of range
2022-02-01 22:17:15,752 - INFO - MainProcess - query_execution.segment1 - list index out of range
2022-02-01 22:17:15,752 - INFO - MainProcess - query_execution.segment1 - list index out of range
2022-02-01 22:17:15,752 - INFO - MainProcess - query_execution.segment1 - list index out of range
2022-02-01 22:17:15,752 - INFO - MainProcess - query_execution.segment1 - list index out of range
2022-02-01 22:17:15,752 - INFO - MainProcess - query_execution.segment1 - list index out of range
2022-02-01 22:17:15,752 - INFO - MainProcess - query_execution.segment1 - list index out of range
2022-02-01 22:17:15,752 - INFO - MainProcess - query_execution.segment1 - list index out of range
2022-02-01 22:17:15,752 - INFO - MainProcess - query_execution.segment1 - list index out of range
2022-02-01 22:17:15,752 - INFO - MainProcess - query_execution.segment1 - list index out of range
2022-02-01 22:17:15,752 - INFO - MainProcess - query_execution.segment1 - list index out of range
2022-02-01 22:17:15,752 - INFO - MainProcess - query_execution.segment1 - list index out of range
2022-02-01 22:17:15,752 - INFO - MainProcess - query_execution.segment1 - list index out of range
2022-02-01 22:17:15,752 - INFO - MainProcess - query_execution.segment1 - list index out of range
2022-02-01 22:17:15,752 - INFO - MainProcess - query_execution.segment1 - list index out of range
2022-02-01 22:17:15,752 - INFO - MainProcess - query_execution.segment1 - list index out of range
2022-02-01 22:17:15,752 - INFO - MainProcess - query_execution.segment1 - list index out of range
2022-02-01 22:17:15,752 - INFO - MainProcess - query_execution.segment1 - list index out of range
2022-02-01 22:17:15,752 - INFO - MainProcess - query_execution.segment1 - list index out of range
2022-02-01 22:17:15,752 - INFO - MainProcess - query_execution.segment1 - list index out of range
2022-02-01 22:17:15,752 - INFO - MainProcess - query_execution.segment1 - list index out of range
2022-02-01 22:17:15,752 - INFO - MainProcess - query_execution.segment1 - list index out of range
2022-02-01 22:17:15,752 - INFO - MainProcess - query_execution.segment1 - list index out of range
2022-02-01 22:17:15,752 - INFO - MainProcess - query_execution.segment1 - list index out of range
2022-02-01 22:17:15,752 - INFO - MainProcess - query_execution.segment1 - list index out of range
2022-02-01 22:17:15,752 - INFO - MainProcess - query_execution.segment1 - list index out of range
2022-02-01 22:17:15,752 - INFO - MainProcess - query_execution.segment1 - list index out of range
2022-02-01 22:17:15,752 - INFO - MainProcess - query_execution.segment1 - list index out of range
2022-02-01 22:17:15,752 - INFO - MainProcess - query_execution.segment1 - list index out of range
2022-02-01 22:17:15,752 - INFO - MainProcess - query_execution.segment1 - list index out of range
2022-02-01 22:17:15,752 - INFO - MainProcess - query_execution.segment1 - list index out of range
2022-02-01 22:17:15,752 - INFO - MainProcess - query_execution.segment1 - list index out of range
2022-02-01 22:17:15,752 - INFO - MainProcess - query_execution.segment1 - list index out of range
2022-02-01 22:17:15,752 - INFO - MainProcess - query_execution.segment1 - list index out of range
2022-02-01 22:17:15,768 - INFO - MainProcess - query_execution.segment1 - list index out of range
2022-02-01 22:17:15,768 - INFO - MainProcess - query_execution.segment1 - list index out of range
2022-02-01 22:17:15,768 - INFO - MainProcess - query_execution.segment1 - list index out of range
2022-02-01 22:17:15,768 - INFO - MainProcess - query_execution.segment1 - list index out of range
2022-02-01 22:17:15,768 - INFO - MainProcess - query_execution.segment1 - list index out of range
2022-02-01 22:17:15,768 - INFO - MainProcess - query_execution.segment1 - list index out of range
2022-02-01 22:17:15,768 - INFO - MainProcess - query_execution.segment1 - list index out of range
2022-02-01 22:17:15,768 - INFO - MainProcess - query_execution.segment1 - list index out of range
2022-02-01 22:17:15,768 - INFO - MainProcess - query_execution.segment1 - list index out of range
2022-02-01 22:17:15,768 - INFO - MainProcess - query_execution.segment1 - list index out of range
2022-02-01 22:17:15,768 - INFO - MainProcess - query_execution.segment1 - list index out of range
2022-02-01 22:17:15,768 - INFO - MainProcess - query_execution.segment1 - list index out of range
2022-02-01 22:17:15,768 - INFO - MainProcess - query_execution.segment1 - list index out of range
2022-02-01 22:17:15,768 - INFO - MainProcess - query_execution.segment1 - list index out of range
2022-02-01 22:17:15,768 - INFO - MainProcess - query_execution.segment1 - list index out of range
2022-02-01 22:17:15,768 - INFO - MainProcess - query_execution.segment1 - list index out of range
2022-02-01 22:17:15,768 - INFO - MainProcess - query_execution.segment1 - list index out of range
2022-02-01 22:17:15,768 - INFO - MainProcess - query_execution.segment1 - list index out of range
2022-02-01 22:17:15,768 - INFO - MainProcess - query_execution.segment1 - list index out of range
2022-02-01 22:17:15,768 - INFO - MainProcess - query_execution.segment1 - list index out of range
2022-02-01 22:17:15,768 - INFO - MainProcess - query_execution.segment1 - list index out of range
2022-02-01 22:17:15,768 - INFO - MainProcess - query_execution.segment1 - list index out of range
2022-02-01 22:17:15,768 - INFO - MainProcess - query_execution.segment1 - list index out of range
2022-02-01 22:17:15,768 - INFO - MainProcess - query_execution.segment1 - list index out of range
2022-02-01 22:17:15,768 - INFO - MainProcess - query_execution.segment1 - list index out of range
2022-02-01 22:17:15,768 - INFO - MainProcess - query_execution.segment1 - list index out of range
2022-02-01 22:17:15,768 - INFO - MainProcess - query_execution.segment1 - list index out of range
2022-02-01 22:17:15,768 - INFO - MainProcess - query_execution.segment1 - list index out of range
2022-02-01 22:17:15,768 - INFO - MainProcess - query_execution.segment1 - list index out of range
2022-02-01 22:17:15,768 - INFO - MainProcess - query_execution.segment1 - list index out of range
2022-02-01 22:17:15,768 - INFO - MainProcess - query_execution.segment1 - list index out of range
2022-02-01 22:17:15,768 - INFO - MainProcess - query_execution.segment1 - list index out of range
2022-02-01 22:17:15,768 - INFO - MainProcess - query_execution.segment1 - list index out of range
2022-02-01 22:17:15,768 - INFO - MainProcess - query_execution.segment1 - list index out of range
2022-02-01 22:17:15,768 - INFO - MainProcess - query_execution.segment1 - list index out of range
2022-02-01 22:17:15,768 - INFO - MainProcess - query_execution.segment1 - list index out of range
2022-02-01 22:17:15,768 - INFO - MainProcess - query_execution.segment1 - list index out of range
2022-02-01 22:17:15,768 - INFO - MainProcess - query_execution.segment1 - list index out of range
2022-02-01 22:17:15,768 - INFO - MainProcess - query_execution.segment1 - list index out of range
2022-02-01 22:17:15,768 - INFO - MainProcess - query_execution.segment1 - list index out of range
2022-02-01 22:17:15,768 - INFO - MainProcess - query_execution.segment1 - list index out of range
2022-02-01 22:17:15,768 - INFO - MainProcess - query_execution.segment1 - list index out of range
2022-02-01 22:17:15,784 - INFO - MainProcess - query_execution.segment1 - list index out of range
2022-02-01 22:17:15,784 - INFO - MainProcess - query_execution.segment1 - list index out of range
2022-02-01 22:17:15,784 - INFO - MainProcess - query_execution.segment1 - list index out of range
2022-02-01 22:17:15,784 - INFO - MainProcess - query_execution.segment1 - list index out of range
2022-02-01 22:17:15,784 - INFO - MainProcess - query_execution.segment1 - list index out of range
2022-02-01 22:17:15,784 - INFO - MainProcess - query_execution.segment1 - list index out of range
2022-02-01 22:17:15,784 - INFO - MainProcess - query_execution.segment1 - list index out of range
2022-02-01 22:17:15,784 - INFO - MainProcess - query_execution.segment1 - list index out of range
2022-02-01 22:17:15,784 - INFO - MainProcess - query_execution.segment1 - list index out of range
2022-02-01 22:17:15,784 - INFO - MainProcess - query_execution.segment1 - list index out of range
2022-02-01 22:17:15,784 - INFO - MainProcess - query_execution.segment1 - list index out of range
2022-02-01 22:17:15,784 - INFO - MainProcess - query_execution.segment1 - list index out of range
2022-02-01 22:17:15,784 - INFO - MainProcess - query_execution.segment1 - list index out of range
2022-02-01 22:17:15,784 - INFO - MainProcess - query_execution.segment1 - list index out of range
2022-02-01 22:17:15,784 - INFO - MainProcess - query_execution.segment1 - list index out of range
2022-02-01 22:17:15,784 - INFO - MainProcess - query_execution.segment1 - list index out of range
2022-02-01 22:17:15,784 - INFO - MainProcess - query_execution.segment1 - list index out of range
2022-02-01 22:17:15,784 - INFO - MainProcess - query_execution.segment1 - list index out of range
2022-02-01 22:17:15,784 - INFO - MainProcess - query_execution.segment1 - list index out of range
2022-02-01 22:17:15,784 - INFO - MainProcess - query_execution.segment1 - list index out of range
2022-02-01 22:17:15,784 - INFO - MainProcess - query_execution.segment1 - list index out of range
2022-02-01 22:17:15,784 - INFO - MainProcess - query_execution.segment1 - list index out of range
2022-02-01 22:17:15,784 - INFO - MainProcess - query_execution.segment1 - list index out of range
2022-02-01 22:17:15,784 - INFO - MainProcess - query_execution.segment1 - list index out of range
2022-02-01 22:17:15,784 - INFO - MainProcess - query_execution.segment1 - list index out of range
2022-02-01 22:17:15,784 - INFO - MainProcess - query_execution.segment1 - list index out of range
2022-02-01 22:17:15,784 - INFO - MainProcess - query_execution.segment1 - list index out of range
2022-02-01 22:17:15,784 - INFO - MainProcess - query_execution.segment1 - list index out of range
2022-02-01 22:17:15,784 - INFO - MainProcess - query_execution.segment1 - list index out of range
2022-02-01 22:17:15,784 - INFO - MainProcess - query_execution.segment1 - list index out of range
2022-02-01 22:17:15,784 - INFO - MainProcess - query_execution.segment1 - list index out of range
2022-02-01 22:17:15,784 - INFO - MainProcess - query_execution.segment1 - list index out of range
2022-02-01 22:17:15,784 - INFO - MainProcess - query_execution.segment1 - list index out of range
2022-02-01 22:17:15,784 - INFO - MainProcess - query_execution.segment1 - list index out of range
2022-02-01 22:17:15,784 - INFO - MainProcess - query_execution.segment1 - list index out of range
2022-02-01 22:17:15,784 - INFO - MainProcess - query_execution.segment1 - list index out of range
2022-02-01 22:17:15,784 - INFO - MainProcess - query_execution.segment1 - list index out of range
2022-02-01 22:17:15,784 - INFO - MainProcess - query_execution.segment1 - list index out of range
2022-02-01 22:17:15,784 - INFO - MainProcess - query_execution.segment1 - list index out of range
2022-02-01 22:17:15,784 - INFO - MainProcess - query_execution.segment1 - list index out of range
2022-02-01 22:17:15,784 - INFO - MainProcess - query_execution.segment1 - list index out of range
2022-02-01 22:17:15,784 - INFO - MainProcess - query_execution.segment1 - list index out of range
2022-02-01 22:17:15,799 - INFO - MainProcess - query_execution.segment1 - list index out of range
2022-02-01 22:17:15,799 - INFO - MainProcess - query_execution.segment1 - list index out of range
2022-02-01 22:17:15,799 - INFO - MainProcess - query_execution.segment1 - list index out of range
2022-02-01 22:17:15,799 - INFO - MainProcess - query_execution.segment1 - list index out of range
2022-02-01 22:17:15,799 - INFO - MainProcess - query_execution.segment1 - list index out of range
2022-02-01 22:17:15,799 - INFO - MainProcess - query_execution.segment1 - list index out of range
2022-02-01 22:17:15,799 - INFO - MainProcess - query_execution.segment1 - list index out of range
2022-02-01 22:17:15,799 - INFO - MainProcess - query_execution.segment1 - list index out of range
2022-02-01 22:17:15,799 - INFO - MainProcess - query_execution.segment1 - list index out of range
2022-02-01 22:17:15,799 - INFO - MainProcess - query_execution.segment1 - list index out of range
2022-02-01 22:17:15,799 - INFO - MainProcess - query_execution.segment1 - list index out of range
2022-02-01 22:17:15,799 - INFO - MainProcess - query_execution.segment1 - list index out of range
2022-02-01 22:17:15,799 - INFO - MainProcess - query_execution.segment1 - list index out of range
2022-02-01 22:17:15,799 - INFO - MainProcess - query_execution.segment1 - list index out of range
2022-02-01 22:17:15,799 - INFO - MainProcess - query_execution.segment1 - list index out of range
2022-02-01 22:17:15,799 - INFO - MainProcess - query_execution.segment1 - list index out of range
